<?xml version="1.0" encoding="UTF-8"?>
<testsuites>
	<testsuite errors="0" failures="0" file="test_app.py" name="test_app.AppTestCase-20230126170212" skipped="0" tests="2" time="0.099" timestamp="2023-01-26T17:02:12">
		<testcase classname="test_app.AppTestCase" file="tests/test_app.py" line="11" name="test_app_exists" time="0.058" timestamp="2023-01-26T17:02:12">
			<system-out>
<![CDATA[]]>			</system-out>
			<system-err>
<![CDATA[]]>			</system-err>
		</testcase>
		<testcase classname="test_app.AppTestCase" file="tests/test_app.py" line="14" name="test_app_is_testing" time="0.041" timestamp="2023-01-26T17:02:12">
			<system-out>
<![CDATA[]]>			</system-out>
			<system-err>
<![CDATA[]]>			</system-err>
		</testcase>
	</testsuite>
	<testsuite errors="0" failures="0" file="test_app.py" name="test_app.RouteIndexTestCase-20230126170212" skipped="0" tests="1" time="0.059" timestamp="2023-01-26T17:02:12">
		<testcase classname="test_app.RouteIndexTestCase" file="tests/test_app.py" line="19" name="test_index_route" time="0.059" timestamp="2023-01-26T17:02:12">
			<system-out>
<![CDATA[]]>			</system-out>
			<system-err>
<![CDATA[]]>			</system-err>
		</testcase>
	</testsuite>
	<testsuite errors="0" failures="0" file="test_app.py" name="test_app.RouteMetaTestCase-20230126170212" skipped="0" tests="2" time="10.157" timestamp="2023-01-26T17:02:22">
		<testcase classname="test_app.RouteMetaTestCase" file="tests/test_app.py" line="54" name="test_meta_healthcheck_canary_failure_db" time="10.056" timestamp="2023-01-26T17:02:22">
			<system-out>
<![CDATA[]]>			</system-out>
			<system-err>
<![CDATA[]]>			</system-err>
		</testcase>
		<testcase classname="test_app.RouteMetaTestCase" file="tests/test_app.py" line="36" name="test_meta_healthcheck_canary_success" time="0.101" timestamp="2023-01-26T17:02:22">
			<system-out>
<![CDATA[]]>			</system-out>
			<system-err>
<![CDATA[]]>			</system-err>
		</testcase>
	</testsuite>
	<testsuite errors="0" failures="0" file="test_commands.py" name="test_commands.ImportCommandTestCase-20230126170212" skipped="1" tests="3" time="0.816" timestamp="2023-01-26T17:02:23">
		<testcase classname="test_commands.ImportCommandTestCase" file="tests/test_commands.py" line="26" name="test_import_categories_from_file" time="0.296" timestamp="2023-01-26T17:02:23">
			<system-out>
<![CDATA[]]>			</system-out>
			<system-err>
<![CDATA[INFO  [alembic.runtime.migration] Context impl PostgresqlImpl.
INFO  [alembic.runtime.migration] Will assume transactional DDL.
INFO  [alembic.runtime.migration] Running upgrade  -> d919f20fe946, Adding Project entity
INFO  [alembic.runtime.migration] Running upgrade d919f20fe946 -> 631f964e665f, Adding Person and Participant entities
INFO  [alembic.runtime.migration] Running upgrade 631f964e665f -> a5b753b898f5, Adding Grant and Allocation entities
INFO  [alembic.runtime.migration] Running upgrade a5b753b898f5 -> 0576cef39dd8, Adding Organisation entity
INFO  [alembic.runtime.migration] Running upgrade 0576cef39dd8 -> fe26d37d220f, Adding category entities
INFO  [alembic.runtime.migration] Running upgrade fe26d37d220f -> c2f46d74fb33, Making Organisation optional
INFO  [alembic.runtime.migration] Running upgrade c2f46d74fb33 -> 0da61d9681b1, empty message
INFO  [alembic.runtime.migration] Running upgrade 0da61d9681b1 -> 5ac27507f77e, empty message
INFO  [alembic.runtime.migration] Running upgrade 5ac27507f77e -> 03eddf0b8e79, empty message
INFO  [alembic.runtime.migration] Context impl PostgresqlImpl.
INFO  [alembic.runtime.migration] Will assume transactional DDL.
INFO  [alembic.runtime.migration] Running downgrade 03eddf0b8e79 -> 5ac27507f77e, empty message
INFO  [alembic.runtime.migration] Running downgrade 5ac27507f77e -> 0da61d9681b1, empty message
INFO  [alembic.runtime.migration] Running downgrade 0da61d9681b1 -> c2f46d74fb33, empty message
INFO  [alembic.runtime.migration] Running downgrade c2f46d74fb33 -> fe26d37d220f, Making Organisation optional
INFO  [alembic.runtime.migration] Running downgrade fe26d37d220f -> 0576cef39dd8, Adding category entities
INFO  [alembic.runtime.migration] Running downgrade 0576cef39dd8 -> a5b753b898f5, Adding Organisation entity
INFO  [alembic.runtime.migration] Running downgrade a5b753b898f5 -> 631f964e665f, Adding Grant and Allocation entities
INFO  [alembic.runtime.migration] Running downgrade 631f964e665f -> d919f20fe946, Adding Person and Participant entities
INFO  [alembic.runtime.migration] Running downgrade d919f20fe946 -> , Adding Project entity
]]>			</system-err>
		</testcase>
		<testcase classname="test_commands.ImportCommandTestCase" file="tests/test_commands.py" line="30" name="test_import_organisations_from_file" time="0.226" timestamp="2023-01-26T17:02:23">
			<system-out>
<![CDATA[]]>			</system-out>
			<system-err>
<![CDATA[INFO  [alembic.runtime.migration] Context impl PostgresqlImpl.
INFO  [alembic.runtime.migration] Will assume transactional DDL.
INFO  [alembic.runtime.migration] Running upgrade  -> d919f20fe946, Adding Project entity
INFO  [alembic.runtime.migration] Running upgrade d919f20fe946 -> 631f964e665f, Adding Person and Participant entities
INFO  [alembic.runtime.migration] Running upgrade 631f964e665f -> a5b753b898f5, Adding Grant and Allocation entities
INFO  [alembic.runtime.migration] Running upgrade a5b753b898f5 -> 0576cef39dd8, Adding Organisation entity
INFO  [alembic.runtime.migration] Running upgrade 0576cef39dd8 -> fe26d37d220f, Adding category entities
INFO  [alembic.runtime.migration] Running upgrade fe26d37d220f -> c2f46d74fb33, Making Organisation optional
INFO  [alembic.runtime.migration] Running upgrade c2f46d74fb33 -> 0da61d9681b1, empty message
INFO  [alembic.runtime.migration] Running upgrade 0da61d9681b1 -> 5ac27507f77e, empty message
INFO  [alembic.runtime.migration] Running upgrade 5ac27507f77e -> 03eddf0b8e79, empty message
INFO  [alembic.runtime.migration] Context impl PostgresqlImpl.
INFO  [alembic.runtime.migration] Will assume transactional DDL.
INFO  [alembic.runtime.migration] Running downgrade 03eddf0b8e79 -> 5ac27507f77e, empty message
INFO  [alembic.runtime.migration] Running downgrade 5ac27507f77e -> 0da61d9681b1, empty message
INFO  [alembic.runtime.migration] Running downgrade 0da61d9681b1 -> c2f46d74fb33, empty message
INFO  [alembic.runtime.migration] Running downgrade c2f46d74fb33 -> fe26d37d220f, Making Organisation optional
INFO  [alembic.runtime.migration] Running downgrade fe26d37d220f -> 0576cef39dd8, Adding category entities
INFO  [alembic.runtime.migration] Running downgrade 0576cef39dd8 -> a5b753b898f5, Adding Organisation entity
INFO  [alembic.runtime.migration] Running downgrade a5b753b898f5 -> 631f964e665f, Adding Grant and Allocation entities
INFO  [alembic.runtime.migration] Running downgrade 631f964e665f -> d919f20fe946, Adding Person and Participant entities
INFO  [alembic.runtime.migration] Running downgrade d919f20fe946 -> , Adding Project entity
]]>			</system-err>
		</testcase>
		<testcase classname="test_commands.ImportCommandTestCase" file="tests/test_commands.py" line="34" name="test_import_grant_from_gtr" time="0.294" timestamp="2023-01-26T17:02:23">
			<skipped message="We know this works, running manually works just fine. However due to the way the program outputs the result, itâ€™s not easy to test with assertIn. Equally testing that the record exists in the database is also not working for some unknown reason. This test will be re-instated later but for now we need to progress" type="skip"/>
			<system-out>
<![CDATA[]]>			</system-out>
			<system-err>
<![CDATA[INFO  [alembic.runtime.migration] Context impl PostgresqlImpl.
INFO  [alembic.runtime.migration] Will assume transactional DDL.
INFO  [alembic.runtime.migration] Running upgrade  -> d919f20fe946, Adding Project entity
INFO  [alembic.runtime.migration] Running upgrade d919f20fe946 -> 631f964e665f, Adding Person and Participant entities
INFO  [alembic.runtime.migration] Running upgrade 631f964e665f -> a5b753b898f5, Adding Grant and Allocation entities
INFO  [alembic.runtime.migration] Running upgrade a5b753b898f5 -> 0576cef39dd8, Adding Organisation entity
INFO  [alembic.runtime.migration] Running upgrade 0576cef39dd8 -> fe26d37d220f, Adding category entities
INFO  [alembic.runtime.migration] Running upgrade fe26d37d220f -> c2f46d74fb33, Making Organisation optional
INFO  [alembic.runtime.migration] Running upgrade c2f46d74fb33 -> 0da61d9681b1, empty message
INFO  [alembic.runtime.migration] Running upgrade 0da61d9681b1 -> 5ac27507f77e, empty message
INFO  [alembic.runtime.migration] Running upgrade 5ac27507f77e -> 03eddf0b8e79, empty message
INFO  [alembic.runtime.migration] Context impl PostgresqlImpl.
INFO  [alembic.runtime.migration] Will assume transactional DDL.
INFO  [alembic.runtime.migration] Running downgrade 03eddf0b8e79 -> 5ac27507f77e, empty message
INFO  [alembic.runtime.migration] Running downgrade 5ac27507f77e -> 0da61d9681b1, empty message
INFO  [alembic.runtime.migration] Running downgrade 0da61d9681b1 -> c2f46d74fb33, empty message
INFO  [alembic.runtime.migration] Running downgrade c2f46d74fb33 -> fe26d37d220f, Making Organisation optional
INFO  [alembic.runtime.migration] Running downgrade fe26d37d220f -> 0576cef39dd8, Adding category entities
INFO  [alembic.runtime.migration] Running downgrade 0576cef39dd8 -> a5b753b898f5, Adding Organisation entity
INFO  [alembic.runtime.migration] Running downgrade a5b753b898f5 -> 631f964e665f, Adding Grant and Allocation entities
INFO  [alembic.runtime.migration] Running downgrade 631f964e665f -> d919f20fe946, Adding Person and Participant entities
INFO  [alembic.runtime.migration] Running downgrade d919f20fe946 -> , Adding Project entity
]]>			</system-err>
		</testcase>
	</testsuite>
	<testsuite errors="0" failures="0" file="test_commands.py" name="test_commands.InbuiltCommandsTestCase-20230126170212" skipped="0" tests="1" time="0.224" timestamp="2023-01-26T17:02:23">
		<testcase classname="test_commands.InbuiltCommandsTestCase" file="tests/test_commands.py" line="6" name="test_help" time="0.224" timestamp="2023-01-26T17:02:23">
			<system-out>
<![CDATA[]]>			</system-out>
			<system-err>
<![CDATA[INFO  [alembic.runtime.migration] Context impl PostgresqlImpl.
INFO  [alembic.runtime.migration] Will assume transactional DDL.
INFO  [alembic.runtime.migration] Running upgrade  -> d919f20fe946, Adding Project entity
INFO  [alembic.runtime.migration] Running upgrade d919f20fe946 -> 631f964e665f, Adding Person and Participant entities
INFO  [alembic.runtime.migration] Running upgrade 631f964e665f -> a5b753b898f5, Adding Grant and Allocation entities
INFO  [alembic.runtime.migration] Running upgrade a5b753b898f5 -> 0576cef39dd8, Adding Organisation entity
INFO  [alembic.runtime.migration] Running upgrade 0576cef39dd8 -> fe26d37d220f, Adding category entities
INFO  [alembic.runtime.migration] Running upgrade fe26d37d220f -> c2f46d74fb33, Making Organisation optional
INFO  [alembic.runtime.migration] Running upgrade c2f46d74fb33 -> 0da61d9681b1, empty message
INFO  [alembic.runtime.migration] Running upgrade 0da61d9681b1 -> 5ac27507f77e, empty message
INFO  [alembic.runtime.migration] Running upgrade 5ac27507f77e -> 03eddf0b8e79, empty message
INFO  [alembic.runtime.migration] Context impl PostgresqlImpl.
INFO  [alembic.runtime.migration] Will assume transactional DDL.
INFO  [alembic.runtime.migration] Running downgrade 03eddf0b8e79 -> 5ac27507f77e, empty message
INFO  [alembic.runtime.migration] Running downgrade 5ac27507f77e -> 0da61d9681b1, empty message
INFO  [alembic.runtime.migration] Running downgrade 0da61d9681b1 -> c2f46d74fb33, empty message
INFO  [alembic.runtime.migration] Running downgrade c2f46d74fb33 -> fe26d37d220f, Making Organisation optional
INFO  [alembic.runtime.migration] Running downgrade fe26d37d220f -> 0576cef39dd8, Adding category entities
INFO  [alembic.runtime.migration] Running downgrade 0576cef39dd8 -> a5b753b898f5, Adding Organisation entity
INFO  [alembic.runtime.migration] Running downgrade a5b753b898f5 -> 631f964e665f, Adding Grant and Allocation entities
INFO  [alembic.runtime.migration] Running downgrade 631f964e665f -> d919f20fe946, Adding Person and Participant entities
INFO  [alembic.runtime.migration] Running downgrade d919f20fe946 -> , Adding Project entity
]]>			</system-err>
		</testcase>
	</testsuite>
	<testsuite errors="0" failures="0" file="test_commands.py" name="test_commands.SeedingCommandTestCase-20230126170212" skipped="0" tests="2" time="2.605" timestamp="2023-01-26T17:02:26">
		<testcase classname="test_commands.SeedingCommandTestCase" file="tests/test_commands.py" line="12" name="test_seeding_predictable" time="0.397" timestamp="2023-01-26T17:02:24">
			<system-out>
<![CDATA[]]>			</system-out>
			<system-err>
<![CDATA[INFO  [alembic.runtime.migration] Context impl PostgresqlImpl.
INFO  [alembic.runtime.migration] Will assume transactional DDL.
INFO  [alembic.runtime.migration] Running upgrade  -> d919f20fe946, Adding Project entity
INFO  [alembic.runtime.migration] Running upgrade d919f20fe946 -> 631f964e665f, Adding Person and Participant entities
INFO  [alembic.runtime.migration] Running upgrade 631f964e665f -> a5b753b898f5, Adding Grant and Allocation entities
INFO  [alembic.runtime.migration] Running upgrade a5b753b898f5 -> 0576cef39dd8, Adding Organisation entity
INFO  [alembic.runtime.migration] Running upgrade 0576cef39dd8 -> fe26d37d220f, Adding category entities
INFO  [alembic.runtime.migration] Running upgrade fe26d37d220f -> c2f46d74fb33, Making Organisation optional
INFO  [alembic.runtime.migration] Running upgrade c2f46d74fb33 -> 0da61d9681b1, empty message
INFO  [alembic.runtime.migration] Running upgrade 0da61d9681b1 -> 5ac27507f77e, empty message
INFO  [alembic.runtime.migration] Running upgrade 5ac27507f77e -> 03eddf0b8e79, empty message
INFO  [alembic.runtime.migration] Context impl PostgresqlImpl.
INFO  [alembic.runtime.migration] Will assume transactional DDL.
INFO  [alembic.runtime.migration] Running downgrade 03eddf0b8e79 -> 5ac27507f77e, empty message
INFO  [alembic.runtime.migration] Running downgrade 5ac27507f77e -> 0da61d9681b1, empty message
INFO  [alembic.runtime.migration] Running downgrade 0da61d9681b1 -> c2f46d74fb33, empty message
INFO  [alembic.runtime.migration] Running downgrade c2f46d74fb33 -> fe26d37d220f, Making Organisation optional
INFO  [alembic.runtime.migration] Running downgrade fe26d37d220f -> 0576cef39dd8, Adding category entities
INFO  [alembic.runtime.migration] Running downgrade 0576cef39dd8 -> a5b753b898f5, Adding Organisation entity
INFO  [alembic.runtime.migration] Running downgrade a5b753b898f5 -> 631f964e665f, Adding Grant and Allocation entities
INFO  [alembic.runtime.migration] Running downgrade 631f964e665f -> d919f20fe946, Adding Person and Participant entities
INFO  [alembic.runtime.migration] Running downgrade d919f20fe946 -> , Adding Project entity
]]>			</system-err>
		</testcase>
		<testcase classname="test_commands.SeedingCommandTestCase" file="tests/test_commands.py" line="16" name="test_seeding_random" time="2.208" timestamp="2023-01-26T17:02:26">
			<system-out>
<![CDATA[]]>			</system-out>
			<system-err>
<![CDATA[INFO  [alembic.runtime.migration] Context impl PostgresqlImpl.
INFO  [alembic.runtime.migration] Will assume transactional DDL.
INFO  [alembic.runtime.migration] Running upgrade  -> d919f20fe946, Adding Project entity
INFO  [alembic.runtime.migration] Running upgrade d919f20fe946 -> 631f964e665f, Adding Person and Participant entities
INFO  [alembic.runtime.migration] Running upgrade 631f964e665f -> a5b753b898f5, Adding Grant and Allocation entities
INFO  [alembic.runtime.migration] Running upgrade a5b753b898f5 -> 0576cef39dd8, Adding Organisation entity
INFO  [alembic.runtime.migration] Running upgrade 0576cef39dd8 -> fe26d37d220f, Adding category entities
INFO  [alembic.runtime.migration] Running upgrade fe26d37d220f -> c2f46d74fb33, Making Organisation optional
INFO  [alembic.runtime.migration] Running upgrade c2f46d74fb33 -> 0da61d9681b1, empty message
INFO  [alembic.runtime.migration] Running upgrade 0da61d9681b1 -> 5ac27507f77e, empty message
INFO  [alembic.runtime.migration] Running upgrade 5ac27507f77e -> 03eddf0b8e79, empty message
INFO  [alembic.runtime.migration] Context impl PostgresqlImpl.
INFO  [alembic.runtime.migration] Will assume transactional DDL.
INFO  [alembic.runtime.migration] Running downgrade 03eddf0b8e79 -> 5ac27507f77e, empty message
INFO  [alembic.runtime.migration] Running downgrade 5ac27507f77e -> 0da61d9681b1, empty message
INFO  [alembic.runtime.migration] Running downgrade 0da61d9681b1 -> c2f46d74fb33, empty message
INFO  [alembic.runtime.migration] Running downgrade c2f46d74fb33 -> fe26d37d220f, Making Organisation optional
INFO  [alembic.runtime.migration] Running downgrade fe26d37d220f -> 0576cef39dd8, Adding category entities
INFO  [alembic.runtime.migration] Running downgrade 0576cef39dd8 -> a5b753b898f5, Adding Organisation entity
INFO  [alembic.runtime.migration] Running downgrade a5b753b898f5 -> 631f964e665f, Adding Grant and Allocation entities
INFO  [alembic.runtime.migration] Running downgrade 631f964e665f -> d919f20fe946, Adding Person and Participant entities
INFO  [alembic.runtime.migration] Running downgrade d919f20fe946 -> , Adding Project entity
]]>			</system-err>
		</testcase>
	</testsuite>
	<testsuite errors="0" failures="0" file="test_resource_allocations.py" name="test_resource_allocations.PeopleResourceTestCase-20230126170212" skipped="0" tests="7" time="2.518" timestamp="2023-01-26T17:02:29">
		<testcase classname="test_resource_allocations.PeopleResourceTestCase" file="tests/test_resource_allocations.py" line="414" name="test_allocations_detail" time="0.347" timestamp="2023-01-26T17:02:26">
			<system-out>
<![CDATA[]]>			</system-out>
			<system-err>
<![CDATA[INFO  [alembic.runtime.migration] Context impl PostgresqlImpl.
INFO  [alembic.runtime.migration] Will assume transactional DDL.
INFO  [alembic.runtime.migration] Running upgrade  -> d919f20fe946, Adding Project entity
INFO  [alembic.runtime.migration] Running upgrade d919f20fe946 -> 631f964e665f, Adding Person and Participant entities
INFO  [alembic.runtime.migration] Running upgrade 631f964e665f -> a5b753b898f5, Adding Grant and Allocation entities
INFO  [alembic.runtime.migration] Running upgrade a5b753b898f5 -> 0576cef39dd8, Adding Organisation entity
INFO  [alembic.runtime.migration] Running upgrade 0576cef39dd8 -> fe26d37d220f, Adding category entities
INFO  [alembic.runtime.migration] Running upgrade fe26d37d220f -> c2f46d74fb33, Making Organisation optional
INFO  [alembic.runtime.migration] Running upgrade c2f46d74fb33 -> 0da61d9681b1, empty message
INFO  [alembic.runtime.migration] Running upgrade 0da61d9681b1 -> 5ac27507f77e, empty message
INFO  [alembic.runtime.migration] Running upgrade 5ac27507f77e -> 03eddf0b8e79, empty message
INFO  [alembic.runtime.migration] Context impl PostgresqlImpl.
INFO  [alembic.runtime.migration] Will assume transactional DDL.
INFO  [alembic.runtime.migration] Running downgrade 03eddf0b8e79 -> 5ac27507f77e, empty message
INFO  [alembic.runtime.migration] Running downgrade 5ac27507f77e -> 0da61d9681b1, empty message
INFO  [alembic.runtime.migration] Running downgrade 0da61d9681b1 -> c2f46d74fb33, empty message
INFO  [alembic.runtime.migration] Running downgrade c2f46d74fb33 -> fe26d37d220f, Making Organisation optional
INFO  [alembic.runtime.migration] Running downgrade fe26d37d220f -> 0576cef39dd8, Adding category entities
INFO  [alembic.runtime.migration] Running downgrade 0576cef39dd8 -> a5b753b898f5, Adding Organisation entity
INFO  [alembic.runtime.migration] Running downgrade a5b753b898f5 -> 631f964e665f, Adding Grant and Allocation entities
INFO  [alembic.runtime.migration] Running downgrade 631f964e665f -> d919f20fe946, Adding Person and Participant entities
INFO  [alembic.runtime.migration] Running downgrade d919f20fe946 -> , Adding Project entity
]]>			</system-err>
		</testcase>
		<testcase classname="test_resource_allocations.PeopleResourceTestCase" file="tests/test_resource_allocations.py" line="728" name="test_allocations_grants" time="0.381" timestamp="2023-01-26T17:02:27">
			<system-out>
<![CDATA[]]>			</system-out>
			<system-err>
<![CDATA[INFO  [alembic.runtime.migration] Context impl PostgresqlImpl.
INFO  [alembic.runtime.migration] Will assume transactional DDL.
INFO  [alembic.runtime.migration] Running upgrade  -> d919f20fe946, Adding Project entity
INFO  [alembic.runtime.migration] Running upgrade d919f20fe946 -> 631f964e665f, Adding Person and Participant entities
INFO  [alembic.runtime.migration] Running upgrade 631f964e665f -> a5b753b898f5, Adding Grant and Allocation entities
INFO  [alembic.runtime.migration] Running upgrade a5b753b898f5 -> 0576cef39dd8, Adding Organisation entity
INFO  [alembic.runtime.migration] Running upgrade 0576cef39dd8 -> fe26d37d220f, Adding category entities
INFO  [alembic.runtime.migration] Running upgrade fe26d37d220f -> c2f46d74fb33, Making Organisation optional
INFO  [alembic.runtime.migration] Running upgrade c2f46d74fb33 -> 0da61d9681b1, empty message
INFO  [alembic.runtime.migration] Running upgrade 0da61d9681b1 -> 5ac27507f77e, empty message
INFO  [alembic.runtime.migration] Running upgrade 5ac27507f77e -> 03eddf0b8e79, empty message
INFO  [alembic.runtime.migration] Context impl PostgresqlImpl.
INFO  [alembic.runtime.migration] Will assume transactional DDL.
INFO  [alembic.runtime.migration] Running downgrade 03eddf0b8e79 -> 5ac27507f77e, empty message
INFO  [alembic.runtime.migration] Running downgrade 5ac27507f77e -> 0da61d9681b1, empty message
INFO  [alembic.runtime.migration] Running downgrade 0da61d9681b1 -> c2f46d74fb33, empty message
INFO  [alembic.runtime.migration] Running downgrade c2f46d74fb33 -> fe26d37d220f, Making Organisation optional
INFO  [alembic.runtime.migration] Running downgrade fe26d37d220f -> 0576cef39dd8, Adding category entities
INFO  [alembic.runtime.migration] Running downgrade 0576cef39dd8 -> a5b753b898f5, Adding Organisation entity
INFO  [alembic.runtime.migration] Running downgrade a5b753b898f5 -> 631f964e665f, Adding Grant and Allocation entities
INFO  [alembic.runtime.migration] Running downgrade 631f964e665f -> d919f20fe946, Adding Person and Participant entities
INFO  [alembic.runtime.migration] Running downgrade d919f20fe946 -> , Adding Project entity
]]>			</system-err>
		</testcase>
		<testcase classname="test_resource_allocations.PeopleResourceTestCase" file="tests/test_resource_allocations.py" line="9" name="test_allocations_list" time="0.378" timestamp="2023-01-26T17:02:27">
			<system-out>
<![CDATA[]]>			</system-out>
			<system-err>
<![CDATA[INFO  [alembic.runtime.migration] Context impl PostgresqlImpl.
INFO  [alembic.runtime.migration] Will assume transactional DDL.
INFO  [alembic.runtime.migration] Running upgrade  -> d919f20fe946, Adding Project entity
INFO  [alembic.runtime.migration] Running upgrade d919f20fe946 -> 631f964e665f, Adding Person and Participant entities
INFO  [alembic.runtime.migration] Running upgrade 631f964e665f -> a5b753b898f5, Adding Grant and Allocation entities
INFO  [alembic.runtime.migration] Running upgrade a5b753b898f5 -> 0576cef39dd8, Adding Organisation entity
INFO  [alembic.runtime.migration] Running upgrade 0576cef39dd8 -> fe26d37d220f, Adding category entities
INFO  [alembic.runtime.migration] Running upgrade fe26d37d220f -> c2f46d74fb33, Making Organisation optional
INFO  [alembic.runtime.migration] Running upgrade c2f46d74fb33 -> 0da61d9681b1, empty message
INFO  [alembic.runtime.migration] Running upgrade 0da61d9681b1 -> 5ac27507f77e, empty message
INFO  [alembic.runtime.migration] Running upgrade 5ac27507f77e -> 03eddf0b8e79, empty message
INFO  [alembic.runtime.migration] Context impl PostgresqlImpl.
INFO  [alembic.runtime.migration] Will assume transactional DDL.
INFO  [alembic.runtime.migration] Running downgrade 03eddf0b8e79 -> 5ac27507f77e, empty message
INFO  [alembic.runtime.migration] Running downgrade 5ac27507f77e -> 0da61d9681b1, empty message
INFO  [alembic.runtime.migration] Running downgrade 0da61d9681b1 -> c2f46d74fb33, empty message
INFO  [alembic.runtime.migration] Running downgrade c2f46d74fb33 -> fe26d37d220f, Making Organisation optional
INFO  [alembic.runtime.migration] Running downgrade fe26d37d220f -> 0576cef39dd8, Adding category entities
INFO  [alembic.runtime.migration] Running downgrade 0576cef39dd8 -> a5b753b898f5, Adding Organisation entity
INFO  [alembic.runtime.migration] Running downgrade a5b753b898f5 -> 631f964e665f, Adding Grant and Allocation entities
INFO  [alembic.runtime.migration] Running downgrade 631f964e665f -> d919f20fe946, Adding Person and Participant entities
INFO  [alembic.runtime.migration] Running downgrade d919f20fe946 -> , Adding Project entity
]]>			</system-err>
		</testcase>
		<testcase classname="test_resource_allocations.PeopleResourceTestCase" file="tests/test_resource_allocations.py" line="835" name="test_allocations_projects" time="0.352" timestamp="2023-01-26T17:02:28">
			<system-out>
<![CDATA[]]>			</system-out>
			<system-err>
<![CDATA[INFO  [alembic.runtime.migration] Context impl PostgresqlImpl.
INFO  [alembic.runtime.migration] Will assume transactional DDL.
INFO  [alembic.runtime.migration] Running upgrade  -> d919f20fe946, Adding Project entity
INFO  [alembic.runtime.migration] Running upgrade d919f20fe946 -> 631f964e665f, Adding Person and Participant entities
INFO  [alembic.runtime.migration] Running upgrade 631f964e665f -> a5b753b898f5, Adding Grant and Allocation entities
INFO  [alembic.runtime.migration] Running upgrade a5b753b898f5 -> 0576cef39dd8, Adding Organisation entity
INFO  [alembic.runtime.migration] Running upgrade 0576cef39dd8 -> fe26d37d220f, Adding category entities
INFO  [alembic.runtime.migration] Running upgrade fe26d37d220f -> c2f46d74fb33, Making Organisation optional
INFO  [alembic.runtime.migration] Running upgrade c2f46d74fb33 -> 0da61d9681b1, empty message
INFO  [alembic.runtime.migration] Running upgrade 0da61d9681b1 -> 5ac27507f77e, empty message
INFO  [alembic.runtime.migration] Running upgrade 5ac27507f77e -> 03eddf0b8e79, empty message
INFO  [alembic.runtime.migration] Context impl PostgresqlImpl.
INFO  [alembic.runtime.migration] Will assume transactional DDL.
INFO  [alembic.runtime.migration] Running downgrade 03eddf0b8e79 -> 5ac27507f77e, empty message
INFO  [alembic.runtime.migration] Running downgrade 5ac27507f77e -> 0da61d9681b1, empty message
INFO  [alembic.runtime.migration] Running downgrade 0da61d9681b1 -> c2f46d74fb33, empty message
INFO  [alembic.runtime.migration] Running downgrade c2f46d74fb33 -> fe26d37d220f, Making Organisation optional
INFO  [alembic.runtime.migration] Running downgrade fe26d37d220f -> 0576cef39dd8, Adding category entities
INFO  [alembic.runtime.migration] Running downgrade 0576cef39dd8 -> a5b753b898f5, Adding Organisation entity
INFO  [alembic.runtime.migration] Running downgrade a5b753b898f5 -> 631f964e665f, Adding Grant and Allocation entities
INFO  [alembic.runtime.migration] Running downgrade 631f964e665f -> d919f20fe946, Adding Person and Participant entities
INFO  [alembic.runtime.migration] Running downgrade d919f20fe946 -> , Adding Project entity
]]>			</system-err>
		</testcase>
		<testcase classname="test_resource_allocations.PeopleResourceTestCase" file="tests/test_resource_allocations.py" line="684" name="test_allocations_relationship_grants" time="0.340" timestamp="2023-01-26T17:02:28">
			<system-out>
<![CDATA[]]>			</system-out>
			<system-err>
<![CDATA[INFO  [alembic.runtime.migration] Context impl PostgresqlImpl.
INFO  [alembic.runtime.migration] Will assume transactional DDL.
INFO  [alembic.runtime.migration] Running upgrade  -> d919f20fe946, Adding Project entity
INFO  [alembic.runtime.migration] Running upgrade d919f20fe946 -> 631f964e665f, Adding Person and Participant entities
INFO  [alembic.runtime.migration] Running upgrade 631f964e665f -> a5b753b898f5, Adding Grant and Allocation entities
INFO  [alembic.runtime.migration] Running upgrade a5b753b898f5 -> 0576cef39dd8, Adding Organisation entity
INFO  [alembic.runtime.migration] Running upgrade 0576cef39dd8 -> fe26d37d220f, Adding category entities
INFO  [alembic.runtime.migration] Running upgrade fe26d37d220f -> c2f46d74fb33, Making Organisation optional
INFO  [alembic.runtime.migration] Running upgrade c2f46d74fb33 -> 0da61d9681b1, empty message
INFO  [alembic.runtime.migration] Running upgrade 0da61d9681b1 -> 5ac27507f77e, empty message
INFO  [alembic.runtime.migration] Running upgrade 5ac27507f77e -> 03eddf0b8e79, empty message
INFO  [alembic.runtime.migration] Context impl PostgresqlImpl.
INFO  [alembic.runtime.migration] Will assume transactional DDL.
INFO  [alembic.runtime.migration] Running downgrade 03eddf0b8e79 -> 5ac27507f77e, empty message
INFO  [alembic.runtime.migration] Running downgrade 5ac27507f77e -> 0da61d9681b1, empty message
INFO  [alembic.runtime.migration] Running downgrade 0da61d9681b1 -> c2f46d74fb33, empty message
INFO  [alembic.runtime.migration] Running downgrade c2f46d74fb33 -> fe26d37d220f, Making Organisation optional
INFO  [alembic.runtime.migration] Running downgrade fe26d37d220f -> 0576cef39dd8, Adding category entities
INFO  [alembic.runtime.migration] Running downgrade 0576cef39dd8 -> a5b753b898f5, Adding Organisation entity
INFO  [alembic.runtime.migration] Running downgrade a5b753b898f5 -> 631f964e665f, Adding Grant and Allocation entities
INFO  [alembic.runtime.migration] Running downgrade 631f964e665f -> d919f20fe946, Adding Person and Participant entities
INFO  [alembic.runtime.migration] Running downgrade d919f20fe946 -> , Adding Project entity
]]>			</system-err>
		</testcase>
		<testcase classname="test_resource_allocations.PeopleResourceTestCase" file="tests/test_resource_allocations.py" line="706" name="test_allocations_relationship_projects" time="0.358" timestamp="2023-01-26T17:02:28">
			<system-out>
<![CDATA[]]>			</system-out>
			<system-err>
<![CDATA[INFO  [alembic.runtime.migration] Context impl PostgresqlImpl.
INFO  [alembic.runtime.migration] Will assume transactional DDL.
INFO  [alembic.runtime.migration] Running upgrade  -> d919f20fe946, Adding Project entity
INFO  [alembic.runtime.migration] Running upgrade d919f20fe946 -> 631f964e665f, Adding Person and Participant entities
INFO  [alembic.runtime.migration] Running upgrade 631f964e665f -> a5b753b898f5, Adding Grant and Allocation entities
INFO  [alembic.runtime.migration] Running upgrade a5b753b898f5 -> 0576cef39dd8, Adding Organisation entity
INFO  [alembic.runtime.migration] Running upgrade 0576cef39dd8 -> fe26d37d220f, Adding category entities
INFO  [alembic.runtime.migration] Running upgrade fe26d37d220f -> c2f46d74fb33, Making Organisation optional
INFO  [alembic.runtime.migration] Running upgrade c2f46d74fb33 -> 0da61d9681b1, empty message
INFO  [alembic.runtime.migration] Running upgrade 0da61d9681b1 -> 5ac27507f77e, empty message
INFO  [alembic.runtime.migration] Running upgrade 5ac27507f77e -> 03eddf0b8e79, empty message
INFO  [alembic.runtime.migration] Context impl PostgresqlImpl.
INFO  [alembic.runtime.migration] Will assume transactional DDL.
INFO  [alembic.runtime.migration] Running downgrade 03eddf0b8e79 -> 5ac27507f77e, empty message
INFO  [alembic.runtime.migration] Running downgrade 5ac27507f77e -> 0da61d9681b1, empty message
INFO  [alembic.runtime.migration] Running downgrade 0da61d9681b1 -> c2f46d74fb33, empty message
INFO  [alembic.runtime.migration] Running downgrade c2f46d74fb33 -> fe26d37d220f, Making Organisation optional
INFO  [alembic.runtime.migration] Running downgrade fe26d37d220f -> 0576cef39dd8, Adding category entities
INFO  [alembic.runtime.migration] Running downgrade 0576cef39dd8 -> a5b753b898f5, Adding Organisation entity
INFO  [alembic.runtime.migration] Running downgrade a5b753b898f5 -> 631f964e665f, Adding Grant and Allocation entities
INFO  [alembic.runtime.migration] Running downgrade 631f964e665f -> d919f20fe946, Adding Person and Participant entities
INFO  [alembic.runtime.migration] Running downgrade d919f20fe946 -> , Adding Project entity
]]>			</system-err>
		</testcase>
		<testcase classname="test_resource_allocations.PeopleResourceTestCase" file="tests/test_resource_allocations.py" line="667" name="test_allocations_single_missing_unknown_id" time="0.362" timestamp="2023-01-26T17:02:29">
			<system-out>
<![CDATA[]]>			</system-out>
			<system-err>
<![CDATA[INFO  [alembic.runtime.migration] Context impl PostgresqlImpl.
INFO  [alembic.runtime.migration] Will assume transactional DDL.
INFO  [alembic.runtime.migration] Running upgrade  -> d919f20fe946, Adding Project entity
INFO  [alembic.runtime.migration] Running upgrade d919f20fe946 -> 631f964e665f, Adding Person and Participant entities
INFO  [alembic.runtime.migration] Running upgrade 631f964e665f -> a5b753b898f5, Adding Grant and Allocation entities
INFO  [alembic.runtime.migration] Running upgrade a5b753b898f5 -> 0576cef39dd8, Adding Organisation entity
INFO  [alembic.runtime.migration] Running upgrade 0576cef39dd8 -> fe26d37d220f, Adding category entities
INFO  [alembic.runtime.migration] Running upgrade fe26d37d220f -> c2f46d74fb33, Making Organisation optional
INFO  [alembic.runtime.migration] Running upgrade c2f46d74fb33 -> 0da61d9681b1, empty message
INFO  [alembic.runtime.migration] Running upgrade 0da61d9681b1 -> 5ac27507f77e, empty message
INFO  [alembic.runtime.migration] Running upgrade 5ac27507f77e -> 03eddf0b8e79, empty message
INFO  [alembic.runtime.migration] Context impl PostgresqlImpl.
INFO  [alembic.runtime.migration] Will assume transactional DDL.
INFO  [alembic.runtime.migration] Running downgrade 03eddf0b8e79 -> 5ac27507f77e, empty message
INFO  [alembic.runtime.migration] Running downgrade 5ac27507f77e -> 0da61d9681b1, empty message
INFO  [alembic.runtime.migration] Running downgrade 0da61d9681b1 -> c2f46d74fb33, empty message
INFO  [alembic.runtime.migration] Running downgrade c2f46d74fb33 -> fe26d37d220f, Making Organisation optional
INFO  [alembic.runtime.migration] Running downgrade fe26d37d220f -> 0576cef39dd8, Adding category entities
INFO  [alembic.runtime.migration] Running downgrade 0576cef39dd8 -> a5b753b898f5, Adding Organisation entity
INFO  [alembic.runtime.migration] Running downgrade a5b753b898f5 -> 631f964e665f, Adding Grant and Allocation entities
INFO  [alembic.runtime.migration] Running downgrade 631f964e665f -> d919f20fe946, Adding Person and Participant entities
INFO  [alembic.runtime.migration] Running downgrade d919f20fe946 -> , Adding Project entity
]]>			</system-err>
		</testcase>
	</testsuite>
	<testsuite errors="0" failures="0" file="test_resource_categorisations.py" name="test_resource_categorisations.CategorisationsResourceTestCase-20230126170212" skipped="0" tests="7" time="2.612" timestamp="2023-01-26T17:02:31">
		<testcase classname="test_resource_categorisations.CategorisationsResourceTestCase" file="tests/test_resource_categorisations.py" line="1068" name="test_categorisations_categories" time="0.364" timestamp="2023-01-26T17:02:29">
			<system-out>
<![CDATA[]]>			</system-out>
			<system-err>
<![CDATA[INFO  [alembic.runtime.migration] Context impl PostgresqlImpl.
INFO  [alembic.runtime.migration] Will assume transactional DDL.
INFO  [alembic.runtime.migration] Running upgrade  -> d919f20fe946, Adding Project entity
INFO  [alembic.runtime.migration] Running upgrade d919f20fe946 -> 631f964e665f, Adding Person and Participant entities
INFO  [alembic.runtime.migration] Running upgrade 631f964e665f -> a5b753b898f5, Adding Grant and Allocation entities
INFO  [alembic.runtime.migration] Running upgrade a5b753b898f5 -> 0576cef39dd8, Adding Organisation entity
INFO  [alembic.runtime.migration] Running upgrade 0576cef39dd8 -> fe26d37d220f, Adding category entities
INFO  [alembic.runtime.migration] Running upgrade fe26d37d220f -> c2f46d74fb33, Making Organisation optional
INFO  [alembic.runtime.migration] Running upgrade c2f46d74fb33 -> 0da61d9681b1, empty message
INFO  [alembic.runtime.migration] Running upgrade 0da61d9681b1 -> 5ac27507f77e, empty message
INFO  [alembic.runtime.migration] Running upgrade 5ac27507f77e -> 03eddf0b8e79, empty message
INFO  [alembic.runtime.migration] Context impl PostgresqlImpl.
INFO  [alembic.runtime.migration] Will assume transactional DDL.
INFO  [alembic.runtime.migration] Running downgrade 03eddf0b8e79 -> 5ac27507f77e, empty message
INFO  [alembic.runtime.migration] Running downgrade 5ac27507f77e -> 0da61d9681b1, empty message
INFO  [alembic.runtime.migration] Running downgrade 0da61d9681b1 -> c2f46d74fb33, empty message
INFO  [alembic.runtime.migration] Running downgrade c2f46d74fb33 -> fe26d37d220f, Making Organisation optional
INFO  [alembic.runtime.migration] Running downgrade fe26d37d220f -> 0576cef39dd8, Adding category entities
INFO  [alembic.runtime.migration] Running downgrade 0576cef39dd8 -> a5b753b898f5, Adding Organisation entity
INFO  [alembic.runtime.migration] Running downgrade a5b753b898f5 -> 631f964e665f, Adding Grant and Allocation entities
INFO  [alembic.runtime.migration] Running downgrade 631f964e665f -> d919f20fe946, Adding Person and Participant entities
INFO  [alembic.runtime.migration] Running downgrade d919f20fe946 -> , Adding Project entity
]]>			</system-err>
		</testcase>
		<testcase classname="test_resource_categorisations.CategorisationsResourceTestCase" file="tests/test_resource_categorisations.py" line="550" name="test_categorisations_detail" time="0.391" timestamp="2023-01-26T17:02:29">
			<system-out>
<![CDATA[]]>			</system-out>
			<system-err>
<![CDATA[INFO  [alembic.runtime.migration] Context impl PostgresqlImpl.
INFO  [alembic.runtime.migration] Will assume transactional DDL.
INFO  [alembic.runtime.migration] Running upgrade  -> d919f20fe946, Adding Project entity
INFO  [alembic.runtime.migration] Running upgrade d919f20fe946 -> 631f964e665f, Adding Person and Participant entities
INFO  [alembic.runtime.migration] Running upgrade 631f964e665f -> a5b753b898f5, Adding Grant and Allocation entities
INFO  [alembic.runtime.migration] Running upgrade a5b753b898f5 -> 0576cef39dd8, Adding Organisation entity
INFO  [alembic.runtime.migration] Running upgrade 0576cef39dd8 -> fe26d37d220f, Adding category entities
INFO  [alembic.runtime.migration] Running upgrade fe26d37d220f -> c2f46d74fb33, Making Organisation optional
INFO  [alembic.runtime.migration] Running upgrade c2f46d74fb33 -> 0da61d9681b1, empty message
INFO  [alembic.runtime.migration] Running upgrade 0da61d9681b1 -> 5ac27507f77e, empty message
INFO  [alembic.runtime.migration] Running upgrade 5ac27507f77e -> 03eddf0b8e79, empty message
INFO  [alembic.runtime.migration] Context impl PostgresqlImpl.
INFO  [alembic.runtime.migration] Will assume transactional DDL.
INFO  [alembic.runtime.migration] Running downgrade 03eddf0b8e79 -> 5ac27507f77e, empty message
INFO  [alembic.runtime.migration] Running downgrade 5ac27507f77e -> 0da61d9681b1, empty message
INFO  [alembic.runtime.migration] Running downgrade 0da61d9681b1 -> c2f46d74fb33, empty message
INFO  [alembic.runtime.migration] Running downgrade c2f46d74fb33 -> fe26d37d220f, Making Organisation optional
INFO  [alembic.runtime.migration] Running downgrade fe26d37d220f -> 0576cef39dd8, Adding category entities
INFO  [alembic.runtime.migration] Running downgrade 0576cef39dd8 -> a5b753b898f5, Adding Organisation entity
INFO  [alembic.runtime.migration] Running downgrade a5b753b898f5 -> 631f964e665f, Adding Grant and Allocation entities
INFO  [alembic.runtime.migration] Running downgrade 631f964e665f -> d919f20fe946, Adding Person and Participant entities
INFO  [alembic.runtime.migration] Running downgrade d919f20fe946 -> , Adding Project entity
]]>			</system-err>
		</testcase>
		<testcase classname="test_resource_categorisations.CategorisationsResourceTestCase" file="tests/test_resource_categorisations.py" line="9" name="test_categorisations_list" time="0.424" timestamp="2023-01-26T17:02:30">
			<system-out>
<![CDATA[]]>			</system-out>
			<system-err>
<![CDATA[INFO  [alembic.runtime.migration] Context impl PostgresqlImpl.
INFO  [alembic.runtime.migration] Will assume transactional DDL.
INFO  [alembic.runtime.migration] Running upgrade  -> d919f20fe946, Adding Project entity
INFO  [alembic.runtime.migration] Running upgrade d919f20fe946 -> 631f964e665f, Adding Person and Participant entities
INFO  [alembic.runtime.migration] Running upgrade 631f964e665f -> a5b753b898f5, Adding Grant and Allocation entities
INFO  [alembic.runtime.migration] Running upgrade a5b753b898f5 -> 0576cef39dd8, Adding Organisation entity
INFO  [alembic.runtime.migration] Running upgrade 0576cef39dd8 -> fe26d37d220f, Adding category entities
INFO  [alembic.runtime.migration] Running upgrade fe26d37d220f -> c2f46d74fb33, Making Organisation optional
INFO  [alembic.runtime.migration] Running upgrade c2f46d74fb33 -> 0da61d9681b1, empty message
INFO  [alembic.runtime.migration] Running upgrade 0da61d9681b1 -> 5ac27507f77e, empty message
INFO  [alembic.runtime.migration] Running upgrade 5ac27507f77e -> 03eddf0b8e79, empty message
INFO  [alembic.runtime.migration] Context impl PostgresqlImpl.
INFO  [alembic.runtime.migration] Will assume transactional DDL.
INFO  [alembic.runtime.migration] Running downgrade 03eddf0b8e79 -> 5ac27507f77e, empty message
INFO  [alembic.runtime.migration] Running downgrade 5ac27507f77e -> 0da61d9681b1, empty message
INFO  [alembic.runtime.migration] Running downgrade 0da61d9681b1 -> c2f46d74fb33, empty message
INFO  [alembic.runtime.migration] Running downgrade c2f46d74fb33 -> fe26d37d220f, Making Organisation optional
INFO  [alembic.runtime.migration] Running downgrade fe26d37d220f -> 0576cef39dd8, Adding category entities
INFO  [alembic.runtime.migration] Running downgrade 0576cef39dd8 -> a5b753b898f5, Adding Organisation entity
INFO  [alembic.runtime.migration] Running downgrade a5b753b898f5 -> 631f964e665f, Adding Grant and Allocation entities
INFO  [alembic.runtime.migration] Running downgrade 631f964e665f -> d919f20fe946, Adding Person and Participant entities
INFO  [alembic.runtime.migration] Running downgrade d919f20fe946 -> , Adding Project entity
]]>			</system-err>
		</testcase>
		<testcase classname="test_resource_categorisations.CategorisationsResourceTestCase" file="tests/test_resource_categorisations.py" line="941" name="test_categorisations_projects" time="0.364" timestamp="2023-01-26T17:02:30">
			<system-out>
<![CDATA[]]>			</system-out>
			<system-err>
<![CDATA[INFO  [alembic.runtime.migration] Context impl PostgresqlImpl.
INFO  [alembic.runtime.migration] Will assume transactional DDL.
INFO  [alembic.runtime.migration] Running upgrade  -> d919f20fe946, Adding Project entity
INFO  [alembic.runtime.migration] Running upgrade d919f20fe946 -> 631f964e665f, Adding Person and Participant entities
INFO  [alembic.runtime.migration] Running upgrade 631f964e665f -> a5b753b898f5, Adding Grant and Allocation entities
INFO  [alembic.runtime.migration] Running upgrade a5b753b898f5 -> 0576cef39dd8, Adding Organisation entity
INFO  [alembic.runtime.migration] Running upgrade 0576cef39dd8 -> fe26d37d220f, Adding category entities
INFO  [alembic.runtime.migration] Running upgrade fe26d37d220f -> c2f46d74fb33, Making Organisation optional
INFO  [alembic.runtime.migration] Running upgrade c2f46d74fb33 -> 0da61d9681b1, empty message
INFO  [alembic.runtime.migration] Running upgrade 0da61d9681b1 -> 5ac27507f77e, empty message
INFO  [alembic.runtime.migration] Running upgrade 5ac27507f77e -> 03eddf0b8e79, empty message
INFO  [alembic.runtime.migration] Context impl PostgresqlImpl.
INFO  [alembic.runtime.migration] Will assume transactional DDL.
INFO  [alembic.runtime.migration] Running downgrade 03eddf0b8e79 -> 5ac27507f77e, empty message
INFO  [alembic.runtime.migration] Running downgrade 5ac27507f77e -> 0da61d9681b1, empty message
INFO  [alembic.runtime.migration] Running downgrade 0da61d9681b1 -> c2f46d74fb33, empty message
INFO  [alembic.runtime.migration] Running downgrade c2f46d74fb33 -> fe26d37d220f, Making Organisation optional
INFO  [alembic.runtime.migration] Running downgrade fe26d37d220f -> 0576cef39dd8, Adding category entities
INFO  [alembic.runtime.migration] Running downgrade 0576cef39dd8 -> a5b753b898f5, Adding Organisation entity
INFO  [alembic.runtime.migration] Running downgrade a5b753b898f5 -> 631f964e665f, Adding Grant and Allocation entities
INFO  [alembic.runtime.migration] Running downgrade 631f964e665f -> d919f20fe946, Adding Person and Participant entities
INFO  [alembic.runtime.migration] Running downgrade d919f20fe946 -> , Adding Project entity
]]>			</system-err>
		</testcase>
		<testcase classname="test_resource_categorisations.CategorisationsResourceTestCase" file="tests/test_resource_categorisations.py" line="919" name="test_categorisations_relationship_categories" time="0.333" timestamp="2023-01-26T17:02:30">
			<system-out>
<![CDATA[]]>			</system-out>
			<system-err>
<![CDATA[INFO  [alembic.runtime.migration] Context impl PostgresqlImpl.
INFO  [alembic.runtime.migration] Will assume transactional DDL.
INFO  [alembic.runtime.migration] Running upgrade  -> d919f20fe946, Adding Project entity
INFO  [alembic.runtime.migration] Running upgrade d919f20fe946 -> 631f964e665f, Adding Person and Participant entities
INFO  [alembic.runtime.migration] Running upgrade 631f964e665f -> a5b753b898f5, Adding Grant and Allocation entities
INFO  [alembic.runtime.migration] Running upgrade a5b753b898f5 -> 0576cef39dd8, Adding Organisation entity
INFO  [alembic.runtime.migration] Running upgrade 0576cef39dd8 -> fe26d37d220f, Adding category entities
INFO  [alembic.runtime.migration] Running upgrade fe26d37d220f -> c2f46d74fb33, Making Organisation optional
INFO  [alembic.runtime.migration] Running upgrade c2f46d74fb33 -> 0da61d9681b1, empty message
INFO  [alembic.runtime.migration] Running upgrade 0da61d9681b1 -> 5ac27507f77e, empty message
INFO  [alembic.runtime.migration] Running upgrade 5ac27507f77e -> 03eddf0b8e79, empty message
INFO  [alembic.runtime.migration] Context impl PostgresqlImpl.
INFO  [alembic.runtime.migration] Will assume transactional DDL.
INFO  [alembic.runtime.migration] Running downgrade 03eddf0b8e79 -> 5ac27507f77e, empty message
INFO  [alembic.runtime.migration] Running downgrade 5ac27507f77e -> 0da61d9681b1, empty message
INFO  [alembic.runtime.migration] Running downgrade 0da61d9681b1 -> c2f46d74fb33, empty message
INFO  [alembic.runtime.migration] Running downgrade c2f46d74fb33 -> fe26d37d220f, Making Organisation optional
INFO  [alembic.runtime.migration] Running downgrade fe26d37d220f -> 0576cef39dd8, Adding category entities
INFO  [alembic.runtime.migration] Running downgrade 0576cef39dd8 -> a5b753b898f5, Adding Organisation entity
INFO  [alembic.runtime.migration] Running downgrade a5b753b898f5 -> 631f964e665f, Adding Grant and Allocation entities
INFO  [alembic.runtime.migration] Running downgrade 631f964e665f -> d919f20fe946, Adding Person and Participant entities
INFO  [alembic.runtime.migration] Running downgrade d919f20fe946 -> , Adding Project entity
]]>			</system-err>
		</testcase>
		<testcase classname="test_resource_categorisations.CategorisationsResourceTestCase" file="tests/test_resource_categorisations.py" line="897" name="test_categorisations_relationship_projects" time="0.393" timestamp="2023-01-26T17:02:31">
			<system-out>
<![CDATA[]]>			</system-out>
			<system-err>
<![CDATA[INFO  [alembic.runtime.migration] Context impl PostgresqlImpl.
INFO  [alembic.runtime.migration] Will assume transactional DDL.
INFO  [alembic.runtime.migration] Running upgrade  -> d919f20fe946, Adding Project entity
INFO  [alembic.runtime.migration] Running upgrade d919f20fe946 -> 631f964e665f, Adding Person and Participant entities
INFO  [alembic.runtime.migration] Running upgrade 631f964e665f -> a5b753b898f5, Adding Grant and Allocation entities
INFO  [alembic.runtime.migration] Running upgrade a5b753b898f5 -> 0576cef39dd8, Adding Organisation entity
INFO  [alembic.runtime.migration] Running upgrade 0576cef39dd8 -> fe26d37d220f, Adding category entities
INFO  [alembic.runtime.migration] Running upgrade fe26d37d220f -> c2f46d74fb33, Making Organisation optional
INFO  [alembic.runtime.migration] Running upgrade c2f46d74fb33 -> 0da61d9681b1, empty message
INFO  [alembic.runtime.migration] Running upgrade 0da61d9681b1 -> 5ac27507f77e, empty message
INFO  [alembic.runtime.migration] Running upgrade 5ac27507f77e -> 03eddf0b8e79, empty message
INFO  [alembic.runtime.migration] Context impl PostgresqlImpl.
INFO  [alembic.runtime.migration] Will assume transactional DDL.
INFO  [alembic.runtime.migration] Running downgrade 03eddf0b8e79 -> 5ac27507f77e, empty message
INFO  [alembic.runtime.migration] Running downgrade 5ac27507f77e -> 0da61d9681b1, empty message
INFO  [alembic.runtime.migration] Running downgrade 0da61d9681b1 -> c2f46d74fb33, empty message
INFO  [alembic.runtime.migration] Running downgrade c2f46d74fb33 -> fe26d37d220f, Making Organisation optional
INFO  [alembic.runtime.migration] Running downgrade fe26d37d220f -> 0576cef39dd8, Adding category entities
INFO  [alembic.runtime.migration] Running downgrade 0576cef39dd8 -> a5b753b898f5, Adding Organisation entity
INFO  [alembic.runtime.migration] Running downgrade a5b753b898f5 -> 631f964e665f, Adding Grant and Allocation entities
INFO  [alembic.runtime.migration] Running downgrade 631f964e665f -> d919f20fe946, Adding Person and Participant entities
INFO  [alembic.runtime.migration] Running downgrade d919f20fe946 -> , Adding Project entity
]]>			</system-err>
		</testcase>
		<testcase classname="test_resource_categorisations.CategorisationsResourceTestCase" file="tests/test_resource_categorisations.py" line="880" name="test_categorisations_single_missing_unknown_id" time="0.343" timestamp="2023-01-26T17:02:31">
			<system-out>
<![CDATA[]]>			</system-out>
			<system-err>
<![CDATA[INFO  [alembic.runtime.migration] Context impl PostgresqlImpl.
INFO  [alembic.runtime.migration] Will assume transactional DDL.
INFO  [alembic.runtime.migration] Running upgrade  -> d919f20fe946, Adding Project entity
INFO  [alembic.runtime.migration] Running upgrade d919f20fe946 -> 631f964e665f, Adding Person and Participant entities
INFO  [alembic.runtime.migration] Running upgrade 631f964e665f -> a5b753b898f5, Adding Grant and Allocation entities
INFO  [alembic.runtime.migration] Running upgrade a5b753b898f5 -> 0576cef39dd8, Adding Organisation entity
INFO  [alembic.runtime.migration] Running upgrade 0576cef39dd8 -> fe26d37d220f, Adding category entities
INFO  [alembic.runtime.migration] Running upgrade fe26d37d220f -> c2f46d74fb33, Making Organisation optional
INFO  [alembic.runtime.migration] Running upgrade c2f46d74fb33 -> 0da61d9681b1, empty message
INFO  [alembic.runtime.migration] Running upgrade 0da61d9681b1 -> 5ac27507f77e, empty message
INFO  [alembic.runtime.migration] Running upgrade 5ac27507f77e -> 03eddf0b8e79, empty message
INFO  [alembic.runtime.migration] Context impl PostgresqlImpl.
INFO  [alembic.runtime.migration] Will assume transactional DDL.
INFO  [alembic.runtime.migration] Running downgrade 03eddf0b8e79 -> 5ac27507f77e, empty message
INFO  [alembic.runtime.migration] Running downgrade 5ac27507f77e -> 0da61d9681b1, empty message
INFO  [alembic.runtime.migration] Running downgrade 0da61d9681b1 -> c2f46d74fb33, empty message
INFO  [alembic.runtime.migration] Running downgrade c2f46d74fb33 -> fe26d37d220f, Making Organisation optional
INFO  [alembic.runtime.migration] Running downgrade fe26d37d220f -> 0576cef39dd8, Adding category entities
INFO  [alembic.runtime.migration] Running downgrade 0576cef39dd8 -> a5b753b898f5, Adding Organisation entity
INFO  [alembic.runtime.migration] Running downgrade a5b753b898f5 -> 631f964e665f, Adding Grant and Allocation entities
INFO  [alembic.runtime.migration] Running downgrade 631f964e665f -> d919f20fe946, Adding Person and Participant entities
INFO  [alembic.runtime.migration] Running downgrade d919f20fe946 -> , Adding Project entity
]]>			</system-err>
		</testcase>
	</testsuite>
	<testsuite errors="0" failures="0" file="test_resource_category_schemes.py" name="test_resource_category_schemes.CategorySchemesResourceTestCase-20230126170212" skipped="0" tests="5" time="1.808" timestamp="2023-01-26T17:02:33">
		<testcase classname="test_resource_category_schemes.CategorySchemesResourceTestCase" file="tests/test_resource_category_schemes.py" line="1118" name="test_category_scheme_category_terms" time="0.374" timestamp="2023-01-26T17:02:32">
			<system-out>
<![CDATA[]]>			</system-out>
			<system-err>
<![CDATA[INFO  [alembic.runtime.migration] Context impl PostgresqlImpl.
INFO  [alembic.runtime.migration] Will assume transactional DDL.
INFO  [alembic.runtime.migration] Running upgrade  -> d919f20fe946, Adding Project entity
INFO  [alembic.runtime.migration] Running upgrade d919f20fe946 -> 631f964e665f, Adding Person and Participant entities
INFO  [alembic.runtime.migration] Running upgrade 631f964e665f -> a5b753b898f5, Adding Grant and Allocation entities
INFO  [alembic.runtime.migration] Running upgrade a5b753b898f5 -> 0576cef39dd8, Adding Organisation entity
INFO  [alembic.runtime.migration] Running upgrade 0576cef39dd8 -> fe26d37d220f, Adding category entities
INFO  [alembic.runtime.migration] Running upgrade fe26d37d220f -> c2f46d74fb33, Making Organisation optional
INFO  [alembic.runtime.migration] Running upgrade c2f46d74fb33 -> 0da61d9681b1, empty message
INFO  [alembic.runtime.migration] Running upgrade 0da61d9681b1 -> 5ac27507f77e, empty message
INFO  [alembic.runtime.migration] Running upgrade 5ac27507f77e -> 03eddf0b8e79, empty message
INFO  [alembic.runtime.migration] Context impl PostgresqlImpl.
INFO  [alembic.runtime.migration] Will assume transactional DDL.
INFO  [alembic.runtime.migration] Running downgrade 03eddf0b8e79 -> 5ac27507f77e, empty message
INFO  [alembic.runtime.migration] Running downgrade 5ac27507f77e -> 0da61d9681b1, empty message
INFO  [alembic.runtime.migration] Running downgrade 0da61d9681b1 -> c2f46d74fb33, empty message
INFO  [alembic.runtime.migration] Running downgrade c2f46d74fb33 -> fe26d37d220f, Making Organisation optional
INFO  [alembic.runtime.migration] Running downgrade fe26d37d220f -> 0576cef39dd8, Adding category entities
INFO  [alembic.runtime.migration] Running downgrade 0576cef39dd8 -> a5b753b898f5, Adding Organisation entity
INFO  [alembic.runtime.migration] Running downgrade a5b753b898f5 -> 631f964e665f, Adding Grant and Allocation entities
INFO  [alembic.runtime.migration] Running downgrade 631f964e665f -> d919f20fe946, Adding Person and Participant entities
INFO  [alembic.runtime.migration] Running downgrade d919f20fe946 -> , Adding Project entity
]]>			</system-err>
		</testcase>
		<testcase classname="test_resource_category_schemes.CategorySchemesResourceTestCase" file="tests/test_resource_category_schemes.py" line="661" name="test_category_scheme_detail" time="0.342" timestamp="2023-01-26T17:02:32">
			<system-out>
<![CDATA[]]>			</system-out>
			<system-err>
<![CDATA[INFO  [alembic.runtime.migration] Context impl PostgresqlImpl.
INFO  [alembic.runtime.migration] Will assume transactional DDL.
INFO  [alembic.runtime.migration] Running upgrade  -> d919f20fe946, Adding Project entity
INFO  [alembic.runtime.migration] Running upgrade d919f20fe946 -> 631f964e665f, Adding Person and Participant entities
INFO  [alembic.runtime.migration] Running upgrade 631f964e665f -> a5b753b898f5, Adding Grant and Allocation entities
INFO  [alembic.runtime.migration] Running upgrade a5b753b898f5 -> 0576cef39dd8, Adding Organisation entity
INFO  [alembic.runtime.migration] Running upgrade 0576cef39dd8 -> fe26d37d220f, Adding category entities
INFO  [alembic.runtime.migration] Running upgrade fe26d37d220f -> c2f46d74fb33, Making Organisation optional
INFO  [alembic.runtime.migration] Running upgrade c2f46d74fb33 -> 0da61d9681b1, empty message
INFO  [alembic.runtime.migration] Running upgrade 0da61d9681b1 -> 5ac27507f77e, empty message
INFO  [alembic.runtime.migration] Running upgrade 5ac27507f77e -> 03eddf0b8e79, empty message
INFO  [alembic.runtime.migration] Context impl PostgresqlImpl.
INFO  [alembic.runtime.migration] Will assume transactional DDL.
INFO  [alembic.runtime.migration] Running downgrade 03eddf0b8e79 -> 5ac27507f77e, empty message
INFO  [alembic.runtime.migration] Running downgrade 5ac27507f77e -> 0da61d9681b1, empty message
INFO  [alembic.runtime.migration] Running downgrade 0da61d9681b1 -> c2f46d74fb33, empty message
INFO  [alembic.runtime.migration] Running downgrade c2f46d74fb33 -> fe26d37d220f, Making Organisation optional
INFO  [alembic.runtime.migration] Running downgrade fe26d37d220f -> 0576cef39dd8, Adding category entities
INFO  [alembic.runtime.migration] Running downgrade 0576cef39dd8 -> a5b753b898f5, Adding Organisation entity
INFO  [alembic.runtime.migration] Running downgrade a5b753b898f5 -> 631f964e665f, Adding Grant and Allocation entities
INFO  [alembic.runtime.migration] Running downgrade 631f964e665f -> d919f20fe946, Adding Person and Participant entities
INFO  [alembic.runtime.migration] Running downgrade d919f20fe946 -> , Adding Project entity
]]>			</system-err>
		</testcase>
		<testcase classname="test_resource_category_schemes.CategorySchemesResourceTestCase" file="tests/test_resource_category_schemes.py" line="9" name="test_category_scheme_list" time="0.334" timestamp="2023-01-26T17:02:32">
			<system-out>
<![CDATA[]]>			</system-out>
			<system-err>
<![CDATA[INFO  [alembic.runtime.migration] Context impl PostgresqlImpl.
INFO  [alembic.runtime.migration] Will assume transactional DDL.
INFO  [alembic.runtime.migration] Running upgrade  -> d919f20fe946, Adding Project entity
INFO  [alembic.runtime.migration] Running upgrade d919f20fe946 -> 631f964e665f, Adding Person and Participant entities
INFO  [alembic.runtime.migration] Running upgrade 631f964e665f -> a5b753b898f5, Adding Grant and Allocation entities
INFO  [alembic.runtime.migration] Running upgrade a5b753b898f5 -> 0576cef39dd8, Adding Organisation entity
INFO  [alembic.runtime.migration] Running upgrade 0576cef39dd8 -> fe26d37d220f, Adding category entities
INFO  [alembic.runtime.migration] Running upgrade fe26d37d220f -> c2f46d74fb33, Making Organisation optional
INFO  [alembic.runtime.migration] Running upgrade c2f46d74fb33 -> 0da61d9681b1, empty message
INFO  [alembic.runtime.migration] Running upgrade 0da61d9681b1 -> 5ac27507f77e, empty message
INFO  [alembic.runtime.migration] Running upgrade 5ac27507f77e -> 03eddf0b8e79, empty message
INFO  [alembic.runtime.migration] Context impl PostgresqlImpl.
INFO  [alembic.runtime.migration] Will assume transactional DDL.
INFO  [alembic.runtime.migration] Running downgrade 03eddf0b8e79 -> 5ac27507f77e, empty message
INFO  [alembic.runtime.migration] Running downgrade 5ac27507f77e -> 0da61d9681b1, empty message
INFO  [alembic.runtime.migration] Running downgrade 0da61d9681b1 -> c2f46d74fb33, empty message
INFO  [alembic.runtime.migration] Running downgrade c2f46d74fb33 -> fe26d37d220f, Making Organisation optional
INFO  [alembic.runtime.migration] Running downgrade fe26d37d220f -> 0576cef39dd8, Adding category entities
INFO  [alembic.runtime.migration] Running downgrade 0576cef39dd8 -> a5b753b898f5, Adding Organisation entity
INFO  [alembic.runtime.migration] Running downgrade a5b753b898f5 -> 631f964e665f, Adding Grant and Allocation entities
INFO  [alembic.runtime.migration] Running downgrade 631f964e665f -> d919f20fe946, Adding Person and Participant entities
INFO  [alembic.runtime.migration] Running downgrade d919f20fe946 -> , Adding Project entity
]]>			</system-err>
		</testcase>
		<testcase classname="test_resource_category_schemes.CategorySchemesResourceTestCase" file="tests/test_resource_category_schemes.py" line="1082" name="test_category_scheme_relationship_category_terms" time="0.338" timestamp="2023-01-26T17:02:33">
			<system-out>
<![CDATA[]]>			</system-out>
			<system-err>
<![CDATA[INFO  [alembic.runtime.migration] Context impl PostgresqlImpl.
INFO  [alembic.runtime.migration] Will assume transactional DDL.
INFO  [alembic.runtime.migration] Running upgrade  -> d919f20fe946, Adding Project entity
INFO  [alembic.runtime.migration] Running upgrade d919f20fe946 -> 631f964e665f, Adding Person and Participant entities
INFO  [alembic.runtime.migration] Running upgrade 631f964e665f -> a5b753b898f5, Adding Grant and Allocation entities
INFO  [alembic.runtime.migration] Running upgrade a5b753b898f5 -> 0576cef39dd8, Adding Organisation entity
INFO  [alembic.runtime.migration] Running upgrade 0576cef39dd8 -> fe26d37d220f, Adding category entities
INFO  [alembic.runtime.migration] Running upgrade fe26d37d220f -> c2f46d74fb33, Making Organisation optional
INFO  [alembic.runtime.migration] Running upgrade c2f46d74fb33 -> 0da61d9681b1, empty message
INFO  [alembic.runtime.migration] Running upgrade 0da61d9681b1 -> 5ac27507f77e, empty message
INFO  [alembic.runtime.migration] Running upgrade 5ac27507f77e -> 03eddf0b8e79, empty message
INFO  [alembic.runtime.migration] Context impl PostgresqlImpl.
INFO  [alembic.runtime.migration] Will assume transactional DDL.
INFO  [alembic.runtime.migration] Running downgrade 03eddf0b8e79 -> 5ac27507f77e, empty message
INFO  [alembic.runtime.migration] Running downgrade 5ac27507f77e -> 0da61d9681b1, empty message
INFO  [alembic.runtime.migration] Running downgrade 0da61d9681b1 -> c2f46d74fb33, empty message
INFO  [alembic.runtime.migration] Running downgrade c2f46d74fb33 -> fe26d37d220f, Making Organisation optional
INFO  [alembic.runtime.migration] Running downgrade fe26d37d220f -> 0576cef39dd8, Adding category entities
INFO  [alembic.runtime.migration] Running downgrade 0576cef39dd8 -> a5b753b898f5, Adding Organisation entity
INFO  [alembic.runtime.migration] Running downgrade a5b753b898f5 -> 631f964e665f, Adding Grant and Allocation entities
INFO  [alembic.runtime.migration] Running downgrade 631f964e665f -> d919f20fe946, Adding Person and Participant entities
INFO  [alembic.runtime.migration] Running downgrade d919f20fe946 -> , Adding Project entity
]]>			</system-err>
		</testcase>
		<testcase classname="test_resource_category_schemes.CategorySchemesResourceTestCase" file="tests/test_resource_category_schemes.py" line="1065" name="test_category_scheme_single_missing_unknown_id" time="0.420" timestamp="2023-01-26T17:02:33">
			<system-out>
<![CDATA[]]>			</system-out>
			<system-err>
<![CDATA[INFO  [alembic.runtime.migration] Context impl PostgresqlImpl.
INFO  [alembic.runtime.migration] Will assume transactional DDL.
INFO  [alembic.runtime.migration] Running upgrade  -> d919f20fe946, Adding Project entity
INFO  [alembic.runtime.migration] Running upgrade d919f20fe946 -> 631f964e665f, Adding Person and Participant entities
INFO  [alembic.runtime.migration] Running upgrade 631f964e665f -> a5b753b898f5, Adding Grant and Allocation entities
INFO  [alembic.runtime.migration] Running upgrade a5b753b898f5 -> 0576cef39dd8, Adding Organisation entity
INFO  [alembic.runtime.migration] Running upgrade 0576cef39dd8 -> fe26d37d220f, Adding category entities
INFO  [alembic.runtime.migration] Running upgrade fe26d37d220f -> c2f46d74fb33, Making Organisation optional
INFO  [alembic.runtime.migration] Running upgrade c2f46d74fb33 -> 0da61d9681b1, empty message
INFO  [alembic.runtime.migration] Running upgrade 0da61d9681b1 -> 5ac27507f77e, empty message
INFO  [alembic.runtime.migration] Running upgrade 5ac27507f77e -> 03eddf0b8e79, empty message
INFO  [alembic.runtime.migration] Context impl PostgresqlImpl.
INFO  [alembic.runtime.migration] Will assume transactional DDL.
INFO  [alembic.runtime.migration] Running downgrade 03eddf0b8e79 -> 5ac27507f77e, empty message
INFO  [alembic.runtime.migration] Running downgrade 5ac27507f77e -> 0da61d9681b1, empty message
INFO  [alembic.runtime.migration] Running downgrade 0da61d9681b1 -> c2f46d74fb33, empty message
INFO  [alembic.runtime.migration] Running downgrade c2f46d74fb33 -> fe26d37d220f, Making Organisation optional
INFO  [alembic.runtime.migration] Running downgrade fe26d37d220f -> 0576cef39dd8, Adding category entities
INFO  [alembic.runtime.migration] Running downgrade 0576cef39dd8 -> a5b753b898f5, Adding Organisation entity
INFO  [alembic.runtime.migration] Running downgrade a5b753b898f5 -> 631f964e665f, Adding Grant and Allocation entities
INFO  [alembic.runtime.migration] Running downgrade 631f964e665f -> d919f20fe946, Adding Person and Participant entities
INFO  [alembic.runtime.migration] Running downgrade d919f20fe946 -> , Adding Project entity
]]>			</system-err>
		</testcase>
	</testsuite>
	<testsuite errors="0" failures="0" file="test_resource_category_terms.py" name="test_resource_category_terms.CategoryTermsResourceTestCase-20230126170212" skipped="0" tests="9" time="3.301" timestamp="2023-01-26T17:02:36">
		<testcase classname="test_resource_category_terms.CategoryTermsResourceTestCase" file="tests/test_resource_category_terms.py" line="802" name="test_category_term_categorisations" time="0.328" timestamp="2023-01-26T17:02:33">
			<system-out>
<![CDATA[]]>			</system-out>
			<system-err>
<![CDATA[INFO  [alembic.runtime.migration] Context impl PostgresqlImpl.
INFO  [alembic.runtime.migration] Will assume transactional DDL.
INFO  [alembic.runtime.migration] Running upgrade  -> d919f20fe946, Adding Project entity
INFO  [alembic.runtime.migration] Running upgrade d919f20fe946 -> 631f964e665f, Adding Person and Participant entities
INFO  [alembic.runtime.migration] Running upgrade 631f964e665f -> a5b753b898f5, Adding Grant and Allocation entities
INFO  [alembic.runtime.migration] Running upgrade a5b753b898f5 -> 0576cef39dd8, Adding Organisation entity
INFO  [alembic.runtime.migration] Running upgrade 0576cef39dd8 -> fe26d37d220f, Adding category entities
INFO  [alembic.runtime.migration] Running upgrade fe26d37d220f -> c2f46d74fb33, Making Organisation optional
INFO  [alembic.runtime.migration] Running upgrade c2f46d74fb33 -> 0da61d9681b1, empty message
INFO  [alembic.runtime.migration] Running upgrade 0da61d9681b1 -> 5ac27507f77e, empty message
INFO  [alembic.runtime.migration] Running upgrade 5ac27507f77e -> 03eddf0b8e79, empty message
INFO  [alembic.runtime.migration] Context impl PostgresqlImpl.
INFO  [alembic.runtime.migration] Will assume transactional DDL.
INFO  [alembic.runtime.migration] Running downgrade 03eddf0b8e79 -> 5ac27507f77e, empty message
INFO  [alembic.runtime.migration] Running downgrade 5ac27507f77e -> 0da61d9681b1, empty message
INFO  [alembic.runtime.migration] Running downgrade 0da61d9681b1 -> c2f46d74fb33, empty message
INFO  [alembic.runtime.migration] Running downgrade c2f46d74fb33 -> fe26d37d220f, Making Organisation optional
INFO  [alembic.runtime.migration] Running downgrade fe26d37d220f -> 0576cef39dd8, Adding category entities
INFO  [alembic.runtime.migration] Running downgrade 0576cef39dd8 -> a5b753b898f5, Adding Organisation entity
INFO  [alembic.runtime.migration] Running downgrade a5b753b898f5 -> 631f964e665f, Adding Grant and Allocation entities
INFO  [alembic.runtime.migration] Running downgrade 631f964e665f -> d919f20fe946, Adding Person and Participant entities
INFO  [alembic.runtime.migration] Running downgrade d919f20fe946 -> , Adding Project entity
]]>			</system-err>
		</testcase>
		<testcase classname="test_resource_category_terms.CategoryTermsResourceTestCase" file="tests/test_resource_category_terms.py" line="743" name="test_category_term_category_schemes" time="0.399" timestamp="2023-01-26T17:02:34">
			<system-out>
<![CDATA[]]>			</system-out>
			<system-err>
<![CDATA[INFO  [alembic.runtime.migration] Context impl PostgresqlImpl.
INFO  [alembic.runtime.migration] Will assume transactional DDL.
INFO  [alembic.runtime.migration] Running upgrade  -> d919f20fe946, Adding Project entity
INFO  [alembic.runtime.migration] Running upgrade d919f20fe946 -> 631f964e665f, Adding Person and Participant entities
INFO  [alembic.runtime.migration] Running upgrade 631f964e665f -> a5b753b898f5, Adding Grant and Allocation entities
INFO  [alembic.runtime.migration] Running upgrade a5b753b898f5 -> 0576cef39dd8, Adding Organisation entity
INFO  [alembic.runtime.migration] Running upgrade 0576cef39dd8 -> fe26d37d220f, Adding category entities
INFO  [alembic.runtime.migration] Running upgrade fe26d37d220f -> c2f46d74fb33, Making Organisation optional
INFO  [alembic.runtime.migration] Running upgrade c2f46d74fb33 -> 0da61d9681b1, empty message
INFO  [alembic.runtime.migration] Running upgrade 0da61d9681b1 -> 5ac27507f77e, empty message
INFO  [alembic.runtime.migration] Running upgrade 5ac27507f77e -> 03eddf0b8e79, empty message
INFO  [alembic.runtime.migration] Context impl PostgresqlImpl.
INFO  [alembic.runtime.migration] Will assume transactional DDL.
INFO  [alembic.runtime.migration] Running downgrade 03eddf0b8e79 -> 5ac27507f77e, empty message
INFO  [alembic.runtime.migration] Running downgrade 5ac27507f77e -> 0da61d9681b1, empty message
INFO  [alembic.runtime.migration] Running downgrade 0da61d9681b1 -> c2f46d74fb33, empty message
INFO  [alembic.runtime.migration] Running downgrade c2f46d74fb33 -> fe26d37d220f, Making Organisation optional
INFO  [alembic.runtime.migration] Running downgrade fe26d37d220f -> 0576cef39dd8, Adding category entities
INFO  [alembic.runtime.migration] Running downgrade 0576cef39dd8 -> a5b753b898f5, Adding Organisation entity
INFO  [alembic.runtime.migration] Running downgrade a5b753b898f5 -> 631f964e665f, Adding Grant and Allocation entities
INFO  [alembic.runtime.migration] Running downgrade 631f964e665f -> d919f20fe946, Adding Person and Participant entities
INFO  [alembic.runtime.migration] Running downgrade d919f20fe946 -> , Adding Project entity
]]>			</system-err>
		</testcase>
		<testcase classname="test_resource_category_terms.CategoryTermsResourceTestCase" file="tests/test_resource_category_terms.py" line="252" name="test_category_term_detail" time="0.352" timestamp="2023-01-26T17:02:34">
			<system-out>
<![CDATA[]]>			</system-out>
			<system-err>
<![CDATA[INFO  [alembic.runtime.migration] Context impl PostgresqlImpl.
INFO  [alembic.runtime.migration] Will assume transactional DDL.
INFO  [alembic.runtime.migration] Running upgrade  -> d919f20fe946, Adding Project entity
INFO  [alembic.runtime.migration] Running upgrade d919f20fe946 -> 631f964e665f, Adding Person and Participant entities
INFO  [alembic.runtime.migration] Running upgrade 631f964e665f -> a5b753b898f5, Adding Grant and Allocation entities
INFO  [alembic.runtime.migration] Running upgrade a5b753b898f5 -> 0576cef39dd8, Adding Organisation entity
INFO  [alembic.runtime.migration] Running upgrade 0576cef39dd8 -> fe26d37d220f, Adding category entities
INFO  [alembic.runtime.migration] Running upgrade fe26d37d220f -> c2f46d74fb33, Making Organisation optional
INFO  [alembic.runtime.migration] Running upgrade c2f46d74fb33 -> 0da61d9681b1, empty message
INFO  [alembic.runtime.migration] Running upgrade 0da61d9681b1 -> 5ac27507f77e, empty message
INFO  [alembic.runtime.migration] Running upgrade 5ac27507f77e -> 03eddf0b8e79, empty message
INFO  [alembic.runtime.migration] Context impl PostgresqlImpl.
INFO  [alembic.runtime.migration] Will assume transactional DDL.
INFO  [alembic.runtime.migration] Running downgrade 03eddf0b8e79 -> 5ac27507f77e, empty message
INFO  [alembic.runtime.migration] Running downgrade 5ac27507f77e -> 0da61d9681b1, empty message
INFO  [alembic.runtime.migration] Running downgrade 0da61d9681b1 -> c2f46d74fb33, empty message
INFO  [alembic.runtime.migration] Running downgrade c2f46d74fb33 -> fe26d37d220f, Making Organisation optional
INFO  [alembic.runtime.migration] Running downgrade fe26d37d220f -> 0576cef39dd8, Adding category entities
INFO  [alembic.runtime.migration] Running downgrade 0576cef39dd8 -> a5b753b898f5, Adding Organisation entity
INFO  [alembic.runtime.migration] Running downgrade a5b753b898f5 -> 631f964e665f, Adding Grant and Allocation entities
INFO  [alembic.runtime.migration] Running downgrade 631f964e665f -> d919f20fe946, Adding Person and Participant entities
INFO  [alembic.runtime.migration] Running downgrade d919f20fe946 -> , Adding Project entity
]]>			</system-err>
		</testcase>
		<testcase classname="test_resource_category_terms.CategoryTermsResourceTestCase" file="tests/test_resource_category_terms.py" line="9" name="test_category_term_list" time="0.372" timestamp="2023-01-26T17:02:34">
			<system-out>
<![CDATA[]]>			</system-out>
			<system-err>
<![CDATA[INFO  [alembic.runtime.migration] Context impl PostgresqlImpl.
INFO  [alembic.runtime.migration] Will assume transactional DDL.
INFO  [alembic.runtime.migration] Running upgrade  -> d919f20fe946, Adding Project entity
INFO  [alembic.runtime.migration] Running upgrade d919f20fe946 -> 631f964e665f, Adding Person and Participant entities
INFO  [alembic.runtime.migration] Running upgrade 631f964e665f -> a5b753b898f5, Adding Grant and Allocation entities
INFO  [alembic.runtime.migration] Running upgrade a5b753b898f5 -> 0576cef39dd8, Adding Organisation entity
INFO  [alembic.runtime.migration] Running upgrade 0576cef39dd8 -> fe26d37d220f, Adding category entities
INFO  [alembic.runtime.migration] Running upgrade fe26d37d220f -> c2f46d74fb33, Making Organisation optional
INFO  [alembic.runtime.migration] Running upgrade c2f46d74fb33 -> 0da61d9681b1, empty message
INFO  [alembic.runtime.migration] Running upgrade 0da61d9681b1 -> 5ac27507f77e, empty message
INFO  [alembic.runtime.migration] Running upgrade 5ac27507f77e -> 03eddf0b8e79, empty message
INFO  [alembic.runtime.migration] Context impl PostgresqlImpl.
INFO  [alembic.runtime.migration] Will assume transactional DDL.
INFO  [alembic.runtime.migration] Running downgrade 03eddf0b8e79 -> 5ac27507f77e, empty message
INFO  [alembic.runtime.migration] Running downgrade 5ac27507f77e -> 0da61d9681b1, empty message
INFO  [alembic.runtime.migration] Running downgrade 0da61d9681b1 -> c2f46d74fb33, empty message
INFO  [alembic.runtime.migration] Running downgrade c2f46d74fb33 -> fe26d37d220f, Making Organisation optional
INFO  [alembic.runtime.migration] Running downgrade fe26d37d220f -> 0576cef39dd8, Adding category entities
INFO  [alembic.runtime.migration] Running downgrade 0576cef39dd8 -> a5b753b898f5, Adding Organisation entity
INFO  [alembic.runtime.migration] Running downgrade a5b753b898f5 -> 631f964e665f, Adding Grant and Allocation entities
INFO  [alembic.runtime.migration] Running downgrade 631f964e665f -> d919f20fe946, Adding Person and Participant entities
INFO  [alembic.runtime.migration] Running downgrade d919f20fe946 -> , Adding Project entity
]]>			</system-err>
		</testcase>
		<testcase classname="test_resource_category_terms.CategoryTermsResourceTestCase" file="tests/test_resource_category_terms.py" line="667" name="test_category_term_parent_category_terms" time="0.365" timestamp="2023-01-26T17:02:35">
			<system-out>
<![CDATA[]]>			</system-out>
			<system-err>
<![CDATA[INFO  [alembic.runtime.migration] Context impl PostgresqlImpl.
INFO  [alembic.runtime.migration] Will assume transactional DDL.
INFO  [alembic.runtime.migration] Running upgrade  -> d919f20fe946, Adding Project entity
INFO  [alembic.runtime.migration] Running upgrade d919f20fe946 -> 631f964e665f, Adding Person and Participant entities
INFO  [alembic.runtime.migration] Running upgrade 631f964e665f -> a5b753b898f5, Adding Grant and Allocation entities
INFO  [alembic.runtime.migration] Running upgrade a5b753b898f5 -> 0576cef39dd8, Adding Organisation entity
INFO  [alembic.runtime.migration] Running upgrade 0576cef39dd8 -> fe26d37d220f, Adding category entities
INFO  [alembic.runtime.migration] Running upgrade fe26d37d220f -> c2f46d74fb33, Making Organisation optional
INFO  [alembic.runtime.migration] Running upgrade c2f46d74fb33 -> 0da61d9681b1, empty message
INFO  [alembic.runtime.migration] Running upgrade 0da61d9681b1 -> 5ac27507f77e, empty message
INFO  [alembic.runtime.migration] Running upgrade 5ac27507f77e -> 03eddf0b8e79, empty message
INFO  [alembic.runtime.migration] Context impl PostgresqlImpl.
INFO  [alembic.runtime.migration] Will assume transactional DDL.
INFO  [alembic.runtime.migration] Running downgrade 03eddf0b8e79 -> 5ac27507f77e, empty message
INFO  [alembic.runtime.migration] Running downgrade 5ac27507f77e -> 0da61d9681b1, empty message
INFO  [alembic.runtime.migration] Running downgrade 0da61d9681b1 -> c2f46d74fb33, empty message
INFO  [alembic.runtime.migration] Running downgrade c2f46d74fb33 -> fe26d37d220f, Making Organisation optional
INFO  [alembic.runtime.migration] Running downgrade fe26d37d220f -> 0576cef39dd8, Adding category entities
INFO  [alembic.runtime.migration] Running downgrade 0576cef39dd8 -> a5b753b898f5, Adding Organisation entity
INFO  [alembic.runtime.migration] Running downgrade a5b753b898f5 -> 631f964e665f, Adding Grant and Allocation entities
INFO  [alembic.runtime.migration] Running downgrade 631f964e665f -> d919f20fe946, Adding Person and Participant entities
INFO  [alembic.runtime.migration] Running downgrade d919f20fe946 -> , Adding Project entity
]]>			</system-err>
		</testcase>
		<testcase classname="test_resource_category_terms.CategoryTermsResourceTestCase" file="tests/test_resource_category_terms.py" line="643" name="test_category_term_relationship_categorisations" time="0.357" timestamp="2023-01-26T17:02:35">
			<system-out>
<![CDATA[]]>			</system-out>
			<system-err>
<![CDATA[INFO  [alembic.runtime.migration] Context impl PostgresqlImpl.
INFO  [alembic.runtime.migration] Will assume transactional DDL.
INFO  [alembic.runtime.migration] Running upgrade  -> d919f20fe946, Adding Project entity
INFO  [alembic.runtime.migration] Running upgrade d919f20fe946 -> 631f964e665f, Adding Person and Participant entities
INFO  [alembic.runtime.migration] Running upgrade 631f964e665f -> a5b753b898f5, Adding Grant and Allocation entities
INFO  [alembic.runtime.migration] Running upgrade a5b753b898f5 -> 0576cef39dd8, Adding Organisation entity
INFO  [alembic.runtime.migration] Running upgrade 0576cef39dd8 -> fe26d37d220f, Adding category entities
INFO  [alembic.runtime.migration] Running upgrade fe26d37d220f -> c2f46d74fb33, Making Organisation optional
INFO  [alembic.runtime.migration] Running upgrade c2f46d74fb33 -> 0da61d9681b1, empty message
INFO  [alembic.runtime.migration] Running upgrade 0da61d9681b1 -> 5ac27507f77e, empty message
INFO  [alembic.runtime.migration] Running upgrade 5ac27507f77e -> 03eddf0b8e79, empty message
INFO  [alembic.runtime.migration] Context impl PostgresqlImpl.
INFO  [alembic.runtime.migration] Will assume transactional DDL.
INFO  [alembic.runtime.migration] Running downgrade 03eddf0b8e79 -> 5ac27507f77e, empty message
INFO  [alembic.runtime.migration] Running downgrade 5ac27507f77e -> 0da61d9681b1, empty message
INFO  [alembic.runtime.migration] Running downgrade 0da61d9681b1 -> c2f46d74fb33, empty message
INFO  [alembic.runtime.migration] Running downgrade c2f46d74fb33 -> fe26d37d220f, Making Organisation optional
INFO  [alembic.runtime.migration] Running downgrade fe26d37d220f -> 0576cef39dd8, Adding category entities
INFO  [alembic.runtime.migration] Running downgrade 0576cef39dd8 -> a5b753b898f5, Adding Organisation entity
INFO  [alembic.runtime.migration] Running downgrade a5b753b898f5 -> 631f964e665f, Adding Grant and Allocation entities
INFO  [alembic.runtime.migration] Running downgrade 631f964e665f -> d919f20fe946, Adding Person and Participant entities
INFO  [alembic.runtime.migration] Running downgrade d919f20fe946 -> , Adding Project entity
]]>			</system-err>
		</testcase>
		<testcase classname="test_resource_category_terms.CategoryTermsResourceTestCase" file="tests/test_resource_category_terms.py" line="621" name="test_category_term_relationship_category_schemes" time="0.373" timestamp="2023-01-26T17:02:36">
			<system-out>
<![CDATA[]]>			</system-out>
			<system-err>
<![CDATA[INFO  [alembic.runtime.migration] Context impl PostgresqlImpl.
INFO  [alembic.runtime.migration] Will assume transactional DDL.
INFO  [alembic.runtime.migration] Running upgrade  -> d919f20fe946, Adding Project entity
INFO  [alembic.runtime.migration] Running upgrade d919f20fe946 -> 631f964e665f, Adding Person and Participant entities
INFO  [alembic.runtime.migration] Running upgrade 631f964e665f -> a5b753b898f5, Adding Grant and Allocation entities
INFO  [alembic.runtime.migration] Running upgrade a5b753b898f5 -> 0576cef39dd8, Adding Organisation entity
INFO  [alembic.runtime.migration] Running upgrade 0576cef39dd8 -> fe26d37d220f, Adding category entities
INFO  [alembic.runtime.migration] Running upgrade fe26d37d220f -> c2f46d74fb33, Making Organisation optional
INFO  [alembic.runtime.migration] Running upgrade c2f46d74fb33 -> 0da61d9681b1, empty message
INFO  [alembic.runtime.migration] Running upgrade 0da61d9681b1 -> 5ac27507f77e, empty message
INFO  [alembic.runtime.migration] Running upgrade 5ac27507f77e -> 03eddf0b8e79, empty message
INFO  [alembic.runtime.migration] Context impl PostgresqlImpl.
INFO  [alembic.runtime.migration] Will assume transactional DDL.
INFO  [alembic.runtime.migration] Running downgrade 03eddf0b8e79 -> 5ac27507f77e, empty message
INFO  [alembic.runtime.migration] Running downgrade 5ac27507f77e -> 0da61d9681b1, empty message
INFO  [alembic.runtime.migration] Running downgrade 0da61d9681b1 -> c2f46d74fb33, empty message
INFO  [alembic.runtime.migration] Running downgrade c2f46d74fb33 -> fe26d37d220f, Making Organisation optional
INFO  [alembic.runtime.migration] Running downgrade fe26d37d220f -> 0576cef39dd8, Adding category entities
INFO  [alembic.runtime.migration] Running downgrade 0576cef39dd8 -> a5b753b898f5, Adding Organisation entity
INFO  [alembic.runtime.migration] Running downgrade a5b753b898f5 -> 631f964e665f, Adding Grant and Allocation entities
INFO  [alembic.runtime.migration] Running downgrade 631f964e665f -> d919f20fe946, Adding Person and Participant entities
INFO  [alembic.runtime.migration] Running downgrade d919f20fe946 -> , Adding Project entity
]]>			</system-err>
		</testcase>
		<testcase classname="test_resource_category_terms.CategoryTermsResourceTestCase" file="tests/test_resource_category_terms.py" line="599" name="test_category_term_relationship_parent_category_terms" time="0.354" timestamp="2023-01-26T17:02:36">
			<system-out>
<![CDATA[]]>			</system-out>
			<system-err>
<![CDATA[INFO  [alembic.runtime.migration] Context impl PostgresqlImpl.
INFO  [alembic.runtime.migration] Will assume transactional DDL.
INFO  [alembic.runtime.migration] Running upgrade  -> d919f20fe946, Adding Project entity
INFO  [alembic.runtime.migration] Running upgrade d919f20fe946 -> 631f964e665f, Adding Person and Participant entities
INFO  [alembic.runtime.migration] Running upgrade 631f964e665f -> a5b753b898f5, Adding Grant and Allocation entities
INFO  [alembic.runtime.migration] Running upgrade a5b753b898f5 -> 0576cef39dd8, Adding Organisation entity
INFO  [alembic.runtime.migration] Running upgrade 0576cef39dd8 -> fe26d37d220f, Adding category entities
INFO  [alembic.runtime.migration] Running upgrade fe26d37d220f -> c2f46d74fb33, Making Organisation optional
INFO  [alembic.runtime.migration] Running upgrade c2f46d74fb33 -> 0da61d9681b1, empty message
INFO  [alembic.runtime.migration] Running upgrade 0da61d9681b1 -> 5ac27507f77e, empty message
INFO  [alembic.runtime.migration] Running upgrade 5ac27507f77e -> 03eddf0b8e79, empty message
INFO  [alembic.runtime.migration] Context impl PostgresqlImpl.
INFO  [alembic.runtime.migration] Will assume transactional DDL.
INFO  [alembic.runtime.migration] Running downgrade 03eddf0b8e79 -> 5ac27507f77e, empty message
INFO  [alembic.runtime.migration] Running downgrade 5ac27507f77e -> 0da61d9681b1, empty message
INFO  [alembic.runtime.migration] Running downgrade 0da61d9681b1 -> c2f46d74fb33, empty message
INFO  [alembic.runtime.migration] Running downgrade c2f46d74fb33 -> fe26d37d220f, Making Organisation optional
INFO  [alembic.runtime.migration] Running downgrade fe26d37d220f -> 0576cef39dd8, Adding category entities
INFO  [alembic.runtime.migration] Running downgrade 0576cef39dd8 -> a5b753b898f5, Adding Organisation entity
INFO  [alembic.runtime.migration] Running downgrade a5b753b898f5 -> 631f964e665f, Adding Grant and Allocation entities
INFO  [alembic.runtime.migration] Running downgrade 631f964e665f -> d919f20fe946, Adding Person and Participant entities
INFO  [alembic.runtime.migration] Running downgrade d919f20fe946 -> , Adding Project entity
]]>			</system-err>
		</testcase>
		<testcase classname="test_resource_category_terms.CategoryTermsResourceTestCase" file="tests/test_resource_category_terms.py" line="582" name="test_category_term_single_missing_unknown_id" time="0.402" timestamp="2023-01-26T17:02:36">
			<system-out>
<![CDATA[]]>			</system-out>
			<system-err>
<![CDATA[INFO  [alembic.runtime.migration] Context impl PostgresqlImpl.
INFO  [alembic.runtime.migration] Will assume transactional DDL.
INFO  [alembic.runtime.migration] Running upgrade  -> d919f20fe946, Adding Project entity
INFO  [alembic.runtime.migration] Running upgrade d919f20fe946 -> 631f964e665f, Adding Person and Participant entities
INFO  [alembic.runtime.migration] Running upgrade 631f964e665f -> a5b753b898f5, Adding Grant and Allocation entities
INFO  [alembic.runtime.migration] Running upgrade a5b753b898f5 -> 0576cef39dd8, Adding Organisation entity
INFO  [alembic.runtime.migration] Running upgrade 0576cef39dd8 -> fe26d37d220f, Adding category entities
INFO  [alembic.runtime.migration] Running upgrade fe26d37d220f -> c2f46d74fb33, Making Organisation optional
INFO  [alembic.runtime.migration] Running upgrade c2f46d74fb33 -> 0da61d9681b1, empty message
INFO  [alembic.runtime.migration] Running upgrade 0da61d9681b1 -> 5ac27507f77e, empty message
INFO  [alembic.runtime.migration] Running upgrade 5ac27507f77e -> 03eddf0b8e79, empty message
INFO  [alembic.runtime.migration] Context impl PostgresqlImpl.
INFO  [alembic.runtime.migration] Will assume transactional DDL.
INFO  [alembic.runtime.migration] Running downgrade 03eddf0b8e79 -> 5ac27507f77e, empty message
INFO  [alembic.runtime.migration] Running downgrade 5ac27507f77e -> 0da61d9681b1, empty message
INFO  [alembic.runtime.migration] Running downgrade 0da61d9681b1 -> c2f46d74fb33, empty message
INFO  [alembic.runtime.migration] Running downgrade c2f46d74fb33 -> fe26d37d220f, Making Organisation optional
INFO  [alembic.runtime.migration] Running downgrade fe26d37d220f -> 0576cef39dd8, Adding category entities
INFO  [alembic.runtime.migration] Running downgrade 0576cef39dd8 -> a5b753b898f5, Adding Organisation entity
INFO  [alembic.runtime.migration] Running downgrade a5b753b898f5 -> 631f964e665f, Adding Grant and Allocation entities
INFO  [alembic.runtime.migration] Running downgrade 631f964e665f -> d919f20fe946, Adding Person and Participant entities
INFO  [alembic.runtime.migration] Running downgrade d919f20fe946 -> , Adding Project entity
]]>			</system-err>
		</testcase>
	</testsuite>
	<testsuite errors="0" failures="0" file="test_resource_grants.py" name="test_resource_grants.GrantsResourceTestCase-20230126170212" skipped="0" tests="7" time="2.563" timestamp="2023-01-26T17:02:39">
		<testcase classname="test_resource_grants.GrantsResourceTestCase" file="tests/test_resource_grants.py" line="844" name="test_grants_allocations" time="0.367" timestamp="2023-01-26T17:02:37">
			<system-out>
<![CDATA[]]>			</system-out>
			<system-err>
<![CDATA[INFO  [alembic.runtime.migration] Context impl PostgresqlImpl.
INFO  [alembic.runtime.migration] Will assume transactional DDL.
INFO  [alembic.runtime.migration] Running upgrade  -> d919f20fe946, Adding Project entity
INFO  [alembic.runtime.migration] Running upgrade d919f20fe946 -> 631f964e665f, Adding Person and Participant entities
INFO  [alembic.runtime.migration] Running upgrade 631f964e665f -> a5b753b898f5, Adding Grant and Allocation entities
INFO  [alembic.runtime.migration] Running upgrade a5b753b898f5 -> 0576cef39dd8, Adding Organisation entity
INFO  [alembic.runtime.migration] Running upgrade 0576cef39dd8 -> fe26d37d220f, Adding category entities
INFO  [alembic.runtime.migration] Running upgrade fe26d37d220f -> c2f46d74fb33, Making Organisation optional
INFO  [alembic.runtime.migration] Running upgrade c2f46d74fb33 -> 0da61d9681b1, empty message
INFO  [alembic.runtime.migration] Running upgrade 0da61d9681b1 -> 5ac27507f77e, empty message
INFO  [alembic.runtime.migration] Running upgrade 5ac27507f77e -> 03eddf0b8e79, empty message
INFO  [alembic.runtime.migration] Context impl PostgresqlImpl.
INFO  [alembic.runtime.migration] Will assume transactional DDL.
INFO  [alembic.runtime.migration] Running downgrade 03eddf0b8e79 -> 5ac27507f77e, empty message
INFO  [alembic.runtime.migration] Running downgrade 5ac27507f77e -> 0da61d9681b1, empty message
INFO  [alembic.runtime.migration] Running downgrade 0da61d9681b1 -> c2f46d74fb33, empty message
INFO  [alembic.runtime.migration] Running downgrade c2f46d74fb33 -> fe26d37d220f, Making Organisation optional
INFO  [alembic.runtime.migration] Running downgrade fe26d37d220f -> 0576cef39dd8, Adding category entities
INFO  [alembic.runtime.migration] Running downgrade 0576cef39dd8 -> a5b753b898f5, Adding Organisation entity
INFO  [alembic.runtime.migration] Running downgrade a5b753b898f5 -> 631f964e665f, Adding Grant and Allocation entities
INFO  [alembic.runtime.migration] Running downgrade 631f964e665f -> d919f20fe946, Adding Person and Participant entities
INFO  [alembic.runtime.migration] Running downgrade d919f20fe946 -> , Adding Project entity
]]>			</system-err>
		</testcase>
		<testcase classname="test_resource_grants.GrantsResourceTestCase" file="tests/test_resource_grants.py" line="490" name="test_grants_detail" time="0.396" timestamp="2023-01-26T17:02:37">
			<system-out>
<![CDATA[]]>			</system-out>
			<system-err>
<![CDATA[INFO  [alembic.runtime.migration] Context impl PostgresqlImpl.
INFO  [alembic.runtime.migration] Will assume transactional DDL.
INFO  [alembic.runtime.migration] Running upgrade  -> d919f20fe946, Adding Project entity
INFO  [alembic.runtime.migration] Running upgrade d919f20fe946 -> 631f964e665f, Adding Person and Participant entities
INFO  [alembic.runtime.migration] Running upgrade 631f964e665f -> a5b753b898f5, Adding Grant and Allocation entities
INFO  [alembic.runtime.migration] Running upgrade a5b753b898f5 -> 0576cef39dd8, Adding Organisation entity
INFO  [alembic.runtime.migration] Running upgrade 0576cef39dd8 -> fe26d37d220f, Adding category entities
INFO  [alembic.runtime.migration] Running upgrade fe26d37d220f -> c2f46d74fb33, Making Organisation optional
INFO  [alembic.runtime.migration] Running upgrade c2f46d74fb33 -> 0da61d9681b1, empty message
INFO  [alembic.runtime.migration] Running upgrade 0da61d9681b1 -> 5ac27507f77e, empty message
INFO  [alembic.runtime.migration] Running upgrade 5ac27507f77e -> 03eddf0b8e79, empty message
INFO  [alembic.runtime.migration] Context impl PostgresqlImpl.
INFO  [alembic.runtime.migration] Will assume transactional DDL.
INFO  [alembic.runtime.migration] Running downgrade 03eddf0b8e79 -> 5ac27507f77e, empty message
INFO  [alembic.runtime.migration] Running downgrade 5ac27507f77e -> 0da61d9681b1, empty message
INFO  [alembic.runtime.migration] Running downgrade 0da61d9681b1 -> c2f46d74fb33, empty message
INFO  [alembic.runtime.migration] Running downgrade c2f46d74fb33 -> fe26d37d220f, Making Organisation optional
INFO  [alembic.runtime.migration] Running downgrade fe26d37d220f -> 0576cef39dd8, Adding category entities
INFO  [alembic.runtime.migration] Running downgrade 0576cef39dd8 -> a5b753b898f5, Adding Organisation entity
INFO  [alembic.runtime.migration] Running downgrade a5b753b898f5 -> 631f964e665f, Adding Grant and Allocation entities
INFO  [alembic.runtime.migration] Running downgrade 631f964e665f -> d919f20fe946, Adding Person and Participant entities
INFO  [alembic.runtime.migration] Running downgrade d919f20fe946 -> , Adding Project entity
]]>			</system-err>
		</testcase>
		<testcase classname="test_resource_grants.GrantsResourceTestCase" file="tests/test_resource_grants.py" line="9" name="test_grants_list" time="0.404" timestamp="2023-01-26T17:02:38">
			<system-out>
<![CDATA[]]>			</system-out>
			<system-err>
<![CDATA[INFO  [alembic.runtime.migration] Context impl PostgresqlImpl.
INFO  [alembic.runtime.migration] Will assume transactional DDL.
INFO  [alembic.runtime.migration] Running upgrade  -> d919f20fe946, Adding Project entity
INFO  [alembic.runtime.migration] Running upgrade d919f20fe946 -> 631f964e665f, Adding Person and Participant entities
INFO  [alembic.runtime.migration] Running upgrade 631f964e665f -> a5b753b898f5, Adding Grant and Allocation entities
INFO  [alembic.runtime.migration] Running upgrade a5b753b898f5 -> 0576cef39dd8, Adding Organisation entity
INFO  [alembic.runtime.migration] Running upgrade 0576cef39dd8 -> fe26d37d220f, Adding category entities
INFO  [alembic.runtime.migration] Running upgrade fe26d37d220f -> c2f46d74fb33, Making Organisation optional
INFO  [alembic.runtime.migration] Running upgrade c2f46d74fb33 -> 0da61d9681b1, empty message
INFO  [alembic.runtime.migration] Running upgrade 0da61d9681b1 -> 5ac27507f77e, empty message
INFO  [alembic.runtime.migration] Running upgrade 5ac27507f77e -> 03eddf0b8e79, empty message
INFO  [alembic.runtime.migration] Context impl PostgresqlImpl.
INFO  [alembic.runtime.migration] Will assume transactional DDL.
INFO  [alembic.runtime.migration] Running downgrade 03eddf0b8e79 -> 5ac27507f77e, empty message
INFO  [alembic.runtime.migration] Running downgrade 5ac27507f77e -> 0da61d9681b1, empty message
INFO  [alembic.runtime.migration] Running downgrade 0da61d9681b1 -> c2f46d74fb33, empty message
INFO  [alembic.runtime.migration] Running downgrade c2f46d74fb33 -> fe26d37d220f, Making Organisation optional
INFO  [alembic.runtime.migration] Running downgrade fe26d37d220f -> 0576cef39dd8, Adding category entities
INFO  [alembic.runtime.migration] Running downgrade 0576cef39dd8 -> a5b753b898f5, Adding Organisation entity
INFO  [alembic.runtime.migration] Running downgrade a5b753b898f5 -> 631f964e665f, Adding Grant and Allocation entities
INFO  [alembic.runtime.migration] Running downgrade 631f964e665f -> d919f20fe946, Adding Person and Participant entities
INFO  [alembic.runtime.migration] Running downgrade d919f20fe946 -> , Adding Project entity
]]>			</system-err>
		</testcase>
		<testcase classname="test_resource_grants.GrantsResourceTestCase" file="tests/test_resource_grants.py" line="892" name="test_grants_organisations" time="0.380" timestamp="2023-01-26T17:02:38">
			<system-out>
<![CDATA[]]>			</system-out>
			<system-err>
<![CDATA[INFO  [alembic.runtime.migration] Context impl PostgresqlImpl.
INFO  [alembic.runtime.migration] Will assume transactional DDL.
INFO  [alembic.runtime.migration] Running upgrade  -> d919f20fe946, Adding Project entity
INFO  [alembic.runtime.migration] Running upgrade d919f20fe946 -> 631f964e665f, Adding Person and Participant entities
INFO  [alembic.runtime.migration] Running upgrade 631f964e665f -> a5b753b898f5, Adding Grant and Allocation entities
INFO  [alembic.runtime.migration] Running upgrade a5b753b898f5 -> 0576cef39dd8, Adding Organisation entity
INFO  [alembic.runtime.migration] Running upgrade 0576cef39dd8 -> fe26d37d220f, Adding category entities
INFO  [alembic.runtime.migration] Running upgrade fe26d37d220f -> c2f46d74fb33, Making Organisation optional
INFO  [alembic.runtime.migration] Running upgrade c2f46d74fb33 -> 0da61d9681b1, empty message
INFO  [alembic.runtime.migration] Running upgrade 0da61d9681b1 -> 5ac27507f77e, empty message
INFO  [alembic.runtime.migration] Running upgrade 5ac27507f77e -> 03eddf0b8e79, empty message
INFO  [alembic.runtime.migration] Context impl PostgresqlImpl.
INFO  [alembic.runtime.migration] Will assume transactional DDL.
INFO  [alembic.runtime.migration] Running downgrade 03eddf0b8e79 -> 5ac27507f77e, empty message
INFO  [alembic.runtime.migration] Running downgrade 5ac27507f77e -> 0da61d9681b1, empty message
INFO  [alembic.runtime.migration] Running downgrade 0da61d9681b1 -> c2f46d74fb33, empty message
INFO  [alembic.runtime.migration] Running downgrade c2f46d74fb33 -> fe26d37d220f, Making Organisation optional
INFO  [alembic.runtime.migration] Running downgrade fe26d37d220f -> 0576cef39dd8, Adding category entities
INFO  [alembic.runtime.migration] Running downgrade 0576cef39dd8 -> a5b753b898f5, Adding Organisation entity
INFO  [alembic.runtime.migration] Running downgrade a5b753b898f5 -> 631f964e665f, Adding Grant and Allocation entities
INFO  [alembic.runtime.migration] Running downgrade 631f964e665f -> d919f20fe946, Adding Person and Participant entities
INFO  [alembic.runtime.migration] Running downgrade d919f20fe946 -> , Adding Project entity
]]>			</system-err>
		</testcase>
		<testcase classname="test_resource_grants.GrantsResourceTestCase" file="tests/test_resource_grants.py" line="798" name="test_grants_relationship_allocations" time="0.341" timestamp="2023-01-26T17:02:38">
			<system-out>
<![CDATA[]]>			</system-out>
			<system-err>
<![CDATA[INFO  [alembic.runtime.migration] Context impl PostgresqlImpl.
INFO  [alembic.runtime.migration] Will assume transactional DDL.
INFO  [alembic.runtime.migration] Running upgrade  -> d919f20fe946, Adding Project entity
INFO  [alembic.runtime.migration] Running upgrade d919f20fe946 -> 631f964e665f, Adding Person and Participant entities
INFO  [alembic.runtime.migration] Running upgrade 631f964e665f -> a5b753b898f5, Adding Grant and Allocation entities
INFO  [alembic.runtime.migration] Running upgrade a5b753b898f5 -> 0576cef39dd8, Adding Organisation entity
INFO  [alembic.runtime.migration] Running upgrade 0576cef39dd8 -> fe26d37d220f, Adding category entities
INFO  [alembic.runtime.migration] Running upgrade fe26d37d220f -> c2f46d74fb33, Making Organisation optional
INFO  [alembic.runtime.migration] Running upgrade c2f46d74fb33 -> 0da61d9681b1, empty message
INFO  [alembic.runtime.migration] Running upgrade 0da61d9681b1 -> 5ac27507f77e, empty message
INFO  [alembic.runtime.migration] Running upgrade 5ac27507f77e -> 03eddf0b8e79, empty message
INFO  [alembic.runtime.migration] Context impl PostgresqlImpl.
INFO  [alembic.runtime.migration] Will assume transactional DDL.
INFO  [alembic.runtime.migration] Running downgrade 03eddf0b8e79 -> 5ac27507f77e, empty message
INFO  [alembic.runtime.migration] Running downgrade 5ac27507f77e -> 0da61d9681b1, empty message
INFO  [alembic.runtime.migration] Running downgrade 0da61d9681b1 -> c2f46d74fb33, empty message
INFO  [alembic.runtime.migration] Running downgrade c2f46d74fb33 -> fe26d37d220f, Making Organisation optional
INFO  [alembic.runtime.migration] Running downgrade fe26d37d220f -> 0576cef39dd8, Adding category entities
INFO  [alembic.runtime.migration] Running downgrade 0576cef39dd8 -> a5b753b898f5, Adding Organisation entity
INFO  [alembic.runtime.migration] Running downgrade a5b753b898f5 -> 631f964e665f, Adding Grant and Allocation entities
INFO  [alembic.runtime.migration] Running downgrade 631f964e665f -> d919f20fe946, Adding Person and Participant entities
INFO  [alembic.runtime.migration] Running downgrade d919f20fe946 -> , Adding Project entity
]]>			</system-err>
		</testcase>
		<testcase classname="test_resource_grants.GrantsResourceTestCase" file="tests/test_resource_grants.py" line="822" name="test_grants_relationship_organisations" time="0.336" timestamp="2023-01-26T17:02:39">
			<system-out>
<![CDATA[]]>			</system-out>
			<system-err>
<![CDATA[INFO  [alembic.runtime.migration] Context impl PostgresqlImpl.
INFO  [alembic.runtime.migration] Will assume transactional DDL.
INFO  [alembic.runtime.migration] Running upgrade  -> d919f20fe946, Adding Project entity
INFO  [alembic.runtime.migration] Running upgrade d919f20fe946 -> 631f964e665f, Adding Person and Participant entities
INFO  [alembic.runtime.migration] Running upgrade 631f964e665f -> a5b753b898f5, Adding Grant and Allocation entities
INFO  [alembic.runtime.migration] Running upgrade a5b753b898f5 -> 0576cef39dd8, Adding Organisation entity
INFO  [alembic.runtime.migration] Running upgrade 0576cef39dd8 -> fe26d37d220f, Adding category entities
INFO  [alembic.runtime.migration] Running upgrade fe26d37d220f -> c2f46d74fb33, Making Organisation optional
INFO  [alembic.runtime.migration] Running upgrade c2f46d74fb33 -> 0da61d9681b1, empty message
INFO  [alembic.runtime.migration] Running upgrade 0da61d9681b1 -> 5ac27507f77e, empty message
INFO  [alembic.runtime.migration] Running upgrade 5ac27507f77e -> 03eddf0b8e79, empty message
INFO  [alembic.runtime.migration] Context impl PostgresqlImpl.
INFO  [alembic.runtime.migration] Will assume transactional DDL.
INFO  [alembic.runtime.migration] Running downgrade 03eddf0b8e79 -> 5ac27507f77e, empty message
INFO  [alembic.runtime.migration] Running downgrade 5ac27507f77e -> 0da61d9681b1, empty message
INFO  [alembic.runtime.migration] Running downgrade 0da61d9681b1 -> c2f46d74fb33, empty message
INFO  [alembic.runtime.migration] Running downgrade c2f46d74fb33 -> fe26d37d220f, Making Organisation optional
INFO  [alembic.runtime.migration] Running downgrade fe26d37d220f -> 0576cef39dd8, Adding category entities
INFO  [alembic.runtime.migration] Running downgrade 0576cef39dd8 -> a5b753b898f5, Adding Organisation entity
INFO  [alembic.runtime.migration] Running downgrade a5b753b898f5 -> 631f964e665f, Adding Grant and Allocation entities
INFO  [alembic.runtime.migration] Running downgrade 631f964e665f -> d919f20fe946, Adding Person and Participant entities
INFO  [alembic.runtime.migration] Running downgrade d919f20fe946 -> , Adding Project entity
]]>			</system-err>
		</testcase>
		<testcase classname="test_resource_grants.GrantsResourceTestCase" file="tests/test_resource_grants.py" line="781" name="test_grants_single_missing_unknown_id" time="0.339" timestamp="2023-01-26T17:02:39">
			<system-out>
<![CDATA[]]>			</system-out>
			<system-err>
<![CDATA[INFO  [alembic.runtime.migration] Context impl PostgresqlImpl.
INFO  [alembic.runtime.migration] Will assume transactional DDL.
INFO  [alembic.runtime.migration] Running upgrade  -> d919f20fe946, Adding Project entity
INFO  [alembic.runtime.migration] Running upgrade d919f20fe946 -> 631f964e665f, Adding Person and Participant entities
INFO  [alembic.runtime.migration] Running upgrade 631f964e665f -> a5b753b898f5, Adding Grant and Allocation entities
INFO  [alembic.runtime.migration] Running upgrade a5b753b898f5 -> 0576cef39dd8, Adding Organisation entity
INFO  [alembic.runtime.migration] Running upgrade 0576cef39dd8 -> fe26d37d220f, Adding category entities
INFO  [alembic.runtime.migration] Running upgrade fe26d37d220f -> c2f46d74fb33, Making Organisation optional
INFO  [alembic.runtime.migration] Running upgrade c2f46d74fb33 -> 0da61d9681b1, empty message
INFO  [alembic.runtime.migration] Running upgrade 0da61d9681b1 -> 5ac27507f77e, empty message
INFO  [alembic.runtime.migration] Running upgrade 5ac27507f77e -> 03eddf0b8e79, empty message
INFO  [alembic.runtime.migration] Context impl PostgresqlImpl.
INFO  [alembic.runtime.migration] Will assume transactional DDL.
INFO  [alembic.runtime.migration] Running downgrade 03eddf0b8e79 -> 5ac27507f77e, empty message
INFO  [alembic.runtime.migration] Running downgrade 5ac27507f77e -> 0da61d9681b1, empty message
INFO  [alembic.runtime.migration] Running downgrade 0da61d9681b1 -> c2f46d74fb33, empty message
INFO  [alembic.runtime.migration] Running downgrade c2f46d74fb33 -> fe26d37d220f, Making Organisation optional
INFO  [alembic.runtime.migration] Running downgrade fe26d37d220f -> 0576cef39dd8, Adding category entities
INFO  [alembic.runtime.migration] Running downgrade 0576cef39dd8 -> a5b753b898f5, Adding Organisation entity
INFO  [alembic.runtime.migration] Running downgrade a5b753b898f5 -> 631f964e665f, Adding Grant and Allocation entities
INFO  [alembic.runtime.migration] Running downgrade 631f964e665f -> d919f20fe946, Adding Person and Participant entities
INFO  [alembic.runtime.migration] Running downgrade d919f20fe946 -> , Adding Project entity
]]>			</system-err>
		</testcase>
	</testsuite>
	<testsuite errors="0" failures="0" file="test_resource_organisations.py" name="test_resource_organisations.OrganisationsResourceTestCase-20230126170212" skipped="0" tests="7" time="2.478" timestamp="2023-01-26T17:02:41">
		<testcase classname="test_resource_organisations.OrganisationsResourceTestCase" file="tests/test_resource_organisations.py" line="680" name="test_organisations_detail" time="0.376" timestamp="2023-01-26T17:02:39">
			<system-out>
<![CDATA[]]>			</system-out>
			<system-err>
<![CDATA[INFO  [alembic.runtime.migration] Context impl PostgresqlImpl.
INFO  [alembic.runtime.migration] Will assume transactional DDL.
INFO  [alembic.runtime.migration] Running upgrade  -> d919f20fe946, Adding Project entity
INFO  [alembic.runtime.migration] Running upgrade d919f20fe946 -> 631f964e665f, Adding Person and Participant entities
INFO  [alembic.runtime.migration] Running upgrade 631f964e665f -> a5b753b898f5, Adding Grant and Allocation entities
INFO  [alembic.runtime.migration] Running upgrade a5b753b898f5 -> 0576cef39dd8, Adding Organisation entity
INFO  [alembic.runtime.migration] Running upgrade 0576cef39dd8 -> fe26d37d220f, Adding category entities
INFO  [alembic.runtime.migration] Running upgrade fe26d37d220f -> c2f46d74fb33, Making Organisation optional
INFO  [alembic.runtime.migration] Running upgrade c2f46d74fb33 -> 0da61d9681b1, empty message
INFO  [alembic.runtime.migration] Running upgrade 0da61d9681b1 -> 5ac27507f77e, empty message
INFO  [alembic.runtime.migration] Running upgrade 5ac27507f77e -> 03eddf0b8e79, empty message
INFO  [alembic.runtime.migration] Context impl PostgresqlImpl.
INFO  [alembic.runtime.migration] Will assume transactional DDL.
INFO  [alembic.runtime.migration] Running downgrade 03eddf0b8e79 -> 5ac27507f77e, empty message
INFO  [alembic.runtime.migration] Running downgrade 5ac27507f77e -> 0da61d9681b1, empty message
INFO  [alembic.runtime.migration] Running downgrade 0da61d9681b1 -> c2f46d74fb33, empty message
INFO  [alembic.runtime.migration] Running downgrade c2f46d74fb33 -> fe26d37d220f, Making Organisation optional
INFO  [alembic.runtime.migration] Running downgrade fe26d37d220f -> 0576cef39dd8, Adding category entities
INFO  [alembic.runtime.migration] Running downgrade 0576cef39dd8 -> a5b753b898f5, Adding Organisation entity
INFO  [alembic.runtime.migration] Running downgrade a5b753b898f5 -> 631f964e665f, Adding Grant and Allocation entities
INFO  [alembic.runtime.migration] Running downgrade 631f964e665f -> d919f20fe946, Adding Person and Participant entities
INFO  [alembic.runtime.migration] Running downgrade d919f20fe946 -> , Adding Project entity
]]>			</system-err>
		</testcase>
		<testcase classname="test_resource_organisations.OrganisationsResourceTestCase" file="tests/test_resource_organisations.py" line="982" name="test_organisations_grants" time="0.331" timestamp="2023-01-26T17:02:40">
			<system-out>
<![CDATA[]]>			</system-out>
			<system-err>
<![CDATA[INFO  [alembic.runtime.migration] Context impl PostgresqlImpl.
INFO  [alembic.runtime.migration] Will assume transactional DDL.
INFO  [alembic.runtime.migration] Running upgrade  -> d919f20fe946, Adding Project entity
INFO  [alembic.runtime.migration] Running upgrade d919f20fe946 -> 631f964e665f, Adding Person and Participant entities
INFO  [alembic.runtime.migration] Running upgrade 631f964e665f -> a5b753b898f5, Adding Grant and Allocation entities
INFO  [alembic.runtime.migration] Running upgrade a5b753b898f5 -> 0576cef39dd8, Adding Organisation entity
INFO  [alembic.runtime.migration] Running upgrade 0576cef39dd8 -> fe26d37d220f, Adding category entities
INFO  [alembic.runtime.migration] Running upgrade fe26d37d220f -> c2f46d74fb33, Making Organisation optional
INFO  [alembic.runtime.migration] Running upgrade c2f46d74fb33 -> 0da61d9681b1, empty message
INFO  [alembic.runtime.migration] Running upgrade 0da61d9681b1 -> 5ac27507f77e, empty message
INFO  [alembic.runtime.migration] Running upgrade 5ac27507f77e -> 03eddf0b8e79, empty message
INFO  [alembic.runtime.migration] Context impl PostgresqlImpl.
INFO  [alembic.runtime.migration] Will assume transactional DDL.
INFO  [alembic.runtime.migration] Running downgrade 03eddf0b8e79 -> 5ac27507f77e, empty message
INFO  [alembic.runtime.migration] Running downgrade 5ac27507f77e -> 0da61d9681b1, empty message
INFO  [alembic.runtime.migration] Running downgrade 0da61d9681b1 -> c2f46d74fb33, empty message
INFO  [alembic.runtime.migration] Running downgrade c2f46d74fb33 -> fe26d37d220f, Making Organisation optional
INFO  [alembic.runtime.migration] Running downgrade fe26d37d220f -> 0576cef39dd8, Adding category entities
INFO  [alembic.runtime.migration] Running downgrade 0576cef39dd8 -> a5b753b898f5, Adding Organisation entity
INFO  [alembic.runtime.migration] Running downgrade a5b753b898f5 -> 631f964e665f, Adding Grant and Allocation entities
INFO  [alembic.runtime.migration] Running downgrade 631f964e665f -> d919f20fe946, Adding Person and Participant entities
INFO  [alembic.runtime.migration] Running downgrade d919f20fe946 -> , Adding Project entity
]]>			</system-err>
		</testcase>
		<testcase classname="test_resource_organisations.OrganisationsResourceTestCase" file="tests/test_resource_organisations.py" line="9" name="test_organisations_list" time="0.348" timestamp="2023-01-26T17:02:40">
			<system-out>
<![CDATA[]]>			</system-out>
			<system-err>
<![CDATA[INFO  [alembic.runtime.migration] Context impl PostgresqlImpl.
INFO  [alembic.runtime.migration] Will assume transactional DDL.
INFO  [alembic.runtime.migration] Running upgrade  -> d919f20fe946, Adding Project entity
INFO  [alembic.runtime.migration] Running upgrade d919f20fe946 -> 631f964e665f, Adding Person and Participant entities
INFO  [alembic.runtime.migration] Running upgrade 631f964e665f -> a5b753b898f5, Adding Grant and Allocation entities
INFO  [alembic.runtime.migration] Running upgrade a5b753b898f5 -> 0576cef39dd8, Adding Organisation entity
INFO  [alembic.runtime.migration] Running upgrade 0576cef39dd8 -> fe26d37d220f, Adding category entities
INFO  [alembic.runtime.migration] Running upgrade fe26d37d220f -> c2f46d74fb33, Making Organisation optional
INFO  [alembic.runtime.migration] Running upgrade c2f46d74fb33 -> 0da61d9681b1, empty message
INFO  [alembic.runtime.migration] Running upgrade 0da61d9681b1 -> 5ac27507f77e, empty message
INFO  [alembic.runtime.migration] Running upgrade 5ac27507f77e -> 03eddf0b8e79, empty message
INFO  [alembic.runtime.migration] Context impl PostgresqlImpl.
INFO  [alembic.runtime.migration] Will assume transactional DDL.
INFO  [alembic.runtime.migration] Running downgrade 03eddf0b8e79 -> 5ac27507f77e, empty message
INFO  [alembic.runtime.migration] Running downgrade 5ac27507f77e -> 0da61d9681b1, empty message
INFO  [alembic.runtime.migration] Running downgrade 0da61d9681b1 -> c2f46d74fb33, empty message
INFO  [alembic.runtime.migration] Running downgrade c2f46d74fb33 -> fe26d37d220f, Making Organisation optional
INFO  [alembic.runtime.migration] Running downgrade fe26d37d220f -> 0576cef39dd8, Adding category entities
INFO  [alembic.runtime.migration] Running downgrade 0576cef39dd8 -> a5b753b898f5, Adding Organisation entity
INFO  [alembic.runtime.migration] Running downgrade a5b753b898f5 -> 631f964e665f, Adding Grant and Allocation entities
INFO  [alembic.runtime.migration] Running downgrade 631f964e665f -> d919f20fe946, Adding Person and Participant entities
INFO  [alembic.runtime.migration] Running downgrade d919f20fe946 -> , Adding Project entity
]]>			</system-err>
		</testcase>
		<testcase classname="test_resource_organisations.OrganisationsResourceTestCase" file="tests/test_resource_organisations.py" line="1000" name="test_organisations_people" time="0.381" timestamp="2023-01-26T17:02:40">
			<system-out>
<![CDATA[]]>			</system-out>
			<system-err>
<![CDATA[INFO  [alembic.runtime.migration] Context impl PostgresqlImpl.
INFO  [alembic.runtime.migration] Will assume transactional DDL.
INFO  [alembic.runtime.migration] Running upgrade  -> d919f20fe946, Adding Project entity
INFO  [alembic.runtime.migration] Running upgrade d919f20fe946 -> 631f964e665f, Adding Person and Participant entities
INFO  [alembic.runtime.migration] Running upgrade 631f964e665f -> a5b753b898f5, Adding Grant and Allocation entities
INFO  [alembic.runtime.migration] Running upgrade a5b753b898f5 -> 0576cef39dd8, Adding Organisation entity
INFO  [alembic.runtime.migration] Running upgrade 0576cef39dd8 -> fe26d37d220f, Adding category entities
INFO  [alembic.runtime.migration] Running upgrade fe26d37d220f -> c2f46d74fb33, Making Organisation optional
INFO  [alembic.runtime.migration] Running upgrade c2f46d74fb33 -> 0da61d9681b1, empty message
INFO  [alembic.runtime.migration] Running upgrade 0da61d9681b1 -> 5ac27507f77e, empty message
INFO  [alembic.runtime.migration] Running upgrade 5ac27507f77e -> 03eddf0b8e79, empty message
INFO  [alembic.runtime.migration] Context impl PostgresqlImpl.
INFO  [alembic.runtime.migration] Will assume transactional DDL.
INFO  [alembic.runtime.migration] Running downgrade 03eddf0b8e79 -> 5ac27507f77e, empty message
INFO  [alembic.runtime.migration] Running downgrade 5ac27507f77e -> 0da61d9681b1, empty message
INFO  [alembic.runtime.migration] Running downgrade 0da61d9681b1 -> c2f46d74fb33, empty message
INFO  [alembic.runtime.migration] Running downgrade c2f46d74fb33 -> fe26d37d220f, Making Organisation optional
INFO  [alembic.runtime.migration] Running downgrade fe26d37d220f -> 0576cef39dd8, Adding category entities
INFO  [alembic.runtime.migration] Running downgrade 0576cef39dd8 -> a5b753b898f5, Adding Organisation entity
INFO  [alembic.runtime.migration] Running downgrade a5b753b898f5 -> 631f964e665f, Adding Grant and Allocation entities
INFO  [alembic.runtime.migration] Running downgrade 631f964e665f -> d919f20fe946, Adding Person and Participant entities
INFO  [alembic.runtime.migration] Running downgrade d919f20fe946 -> , Adding Project entity
]]>			</system-err>
		</testcase>
		<testcase classname="test_resource_organisations.OrganisationsResourceTestCase" file="tests/test_resource_organisations.py" line="939" name="test_organisations_relationship_grants" time="0.381" timestamp="2023-01-26T17:02:41">
			<system-out>
<![CDATA[]]>			</system-out>
			<system-err>
<![CDATA[INFO  [alembic.runtime.migration] Context impl PostgresqlImpl.
INFO  [alembic.runtime.migration] Will assume transactional DDL.
INFO  [alembic.runtime.migration] Running upgrade  -> d919f20fe946, Adding Project entity
INFO  [alembic.runtime.migration] Running upgrade d919f20fe946 -> 631f964e665f, Adding Person and Participant entities
INFO  [alembic.runtime.migration] Running upgrade 631f964e665f -> a5b753b898f5, Adding Grant and Allocation entities
INFO  [alembic.runtime.migration] Running upgrade a5b753b898f5 -> 0576cef39dd8, Adding Organisation entity
INFO  [alembic.runtime.migration] Running upgrade 0576cef39dd8 -> fe26d37d220f, Adding category entities
INFO  [alembic.runtime.migration] Running upgrade fe26d37d220f -> c2f46d74fb33, Making Organisation optional
INFO  [alembic.runtime.migration] Running upgrade c2f46d74fb33 -> 0da61d9681b1, empty message
INFO  [alembic.runtime.migration] Running upgrade 0da61d9681b1 -> 5ac27507f77e, empty message
INFO  [alembic.runtime.migration] Running upgrade 5ac27507f77e -> 03eddf0b8e79, empty message
INFO  [alembic.runtime.migration] Context impl PostgresqlImpl.
INFO  [alembic.runtime.migration] Will assume transactional DDL.
INFO  [alembic.runtime.migration] Running downgrade 03eddf0b8e79 -> 5ac27507f77e, empty message
INFO  [alembic.runtime.migration] Running downgrade 5ac27507f77e -> 0da61d9681b1, empty message
INFO  [alembic.runtime.migration] Running downgrade 0da61d9681b1 -> c2f46d74fb33, empty message
INFO  [alembic.runtime.migration] Running downgrade c2f46d74fb33 -> fe26d37d220f, Making Organisation optional
INFO  [alembic.runtime.migration] Running downgrade fe26d37d220f -> 0576cef39dd8, Adding category entities
INFO  [alembic.runtime.migration] Running downgrade 0576cef39dd8 -> a5b753b898f5, Adding Organisation entity
INFO  [alembic.runtime.migration] Running downgrade a5b753b898f5 -> 631f964e665f, Adding Grant and Allocation entities
INFO  [alembic.runtime.migration] Running downgrade 631f964e665f -> d919f20fe946, Adding Person and Participant entities
INFO  [alembic.runtime.migration] Running downgrade d919f20fe946 -> , Adding Project entity
]]>			</system-err>
		</testcase>
		<testcase classname="test_resource_organisations.OrganisationsResourceTestCase" file="tests/test_resource_organisations.py" line="958" name="test_organisations_relationship_people" time="0.315" timestamp="2023-01-26T17:02:41">
			<system-out>
<![CDATA[]]>			</system-out>
			<system-err>
<![CDATA[INFO  [alembic.runtime.migration] Context impl PostgresqlImpl.
INFO  [alembic.runtime.migration] Will assume transactional DDL.
INFO  [alembic.runtime.migration] Running upgrade  -> d919f20fe946, Adding Project entity
INFO  [alembic.runtime.migration] Running upgrade d919f20fe946 -> 631f964e665f, Adding Person and Participant entities
INFO  [alembic.runtime.migration] Running upgrade 631f964e665f -> a5b753b898f5, Adding Grant and Allocation entities
INFO  [alembic.runtime.migration] Running upgrade a5b753b898f5 -> 0576cef39dd8, Adding Organisation entity
INFO  [alembic.runtime.migration] Running upgrade 0576cef39dd8 -> fe26d37d220f, Adding category entities
INFO  [alembic.runtime.migration] Running upgrade fe26d37d220f -> c2f46d74fb33, Making Organisation optional
INFO  [alembic.runtime.migration] Running upgrade c2f46d74fb33 -> 0da61d9681b1, empty message
INFO  [alembic.runtime.migration] Running upgrade 0da61d9681b1 -> 5ac27507f77e, empty message
INFO  [alembic.runtime.migration] Running upgrade 5ac27507f77e -> 03eddf0b8e79, empty message
INFO  [alembic.runtime.migration] Context impl PostgresqlImpl.
INFO  [alembic.runtime.migration] Will assume transactional DDL.
INFO  [alembic.runtime.migration] Running downgrade 03eddf0b8e79 -> 5ac27507f77e, empty message
INFO  [alembic.runtime.migration] Running downgrade 5ac27507f77e -> 0da61d9681b1, empty message
INFO  [alembic.runtime.migration] Running downgrade 0da61d9681b1 -> c2f46d74fb33, empty message
INFO  [alembic.runtime.migration] Running downgrade c2f46d74fb33 -> fe26d37d220f, Making Organisation optional
INFO  [alembic.runtime.migration] Running downgrade fe26d37d220f -> 0576cef39dd8, Adding category entities
INFO  [alembic.runtime.migration] Running downgrade 0576cef39dd8 -> a5b753b898f5, Adding Organisation entity
INFO  [alembic.runtime.migration] Running downgrade a5b753b898f5 -> 631f964e665f, Adding Grant and Allocation entities
INFO  [alembic.runtime.migration] Running downgrade 631f964e665f -> d919f20fe946, Adding Person and Participant entities
INFO  [alembic.runtime.migration] Running downgrade d919f20fe946 -> , Adding Project entity
]]>			</system-err>
		</testcase>
		<testcase classname="test_resource_organisations.OrganisationsResourceTestCase" file="tests/test_resource_organisations.py" line="922" name="test_organisations_single_missing_unknown_id" time="0.347" timestamp="2023-01-26T17:02:41">
			<system-out>
<![CDATA[]]>			</system-out>
			<system-err>
<![CDATA[INFO  [alembic.runtime.migration] Context impl PostgresqlImpl.
INFO  [alembic.runtime.migration] Will assume transactional DDL.
INFO  [alembic.runtime.migration] Running upgrade  -> d919f20fe946, Adding Project entity
INFO  [alembic.runtime.migration] Running upgrade d919f20fe946 -> 631f964e665f, Adding Person and Participant entities
INFO  [alembic.runtime.migration] Running upgrade 631f964e665f -> a5b753b898f5, Adding Grant and Allocation entities
INFO  [alembic.runtime.migration] Running upgrade a5b753b898f5 -> 0576cef39dd8, Adding Organisation entity
INFO  [alembic.runtime.migration] Running upgrade 0576cef39dd8 -> fe26d37d220f, Adding category entities
INFO  [alembic.runtime.migration] Running upgrade fe26d37d220f -> c2f46d74fb33, Making Organisation optional
INFO  [alembic.runtime.migration] Running upgrade c2f46d74fb33 -> 0da61d9681b1, empty message
INFO  [alembic.runtime.migration] Running upgrade 0da61d9681b1 -> 5ac27507f77e, empty message
INFO  [alembic.runtime.migration] Running upgrade 5ac27507f77e -> 03eddf0b8e79, empty message
INFO  [alembic.runtime.migration] Context impl PostgresqlImpl.
INFO  [alembic.runtime.migration] Will assume transactional DDL.
INFO  [alembic.runtime.migration] Running downgrade 03eddf0b8e79 -> 5ac27507f77e, empty message
INFO  [alembic.runtime.migration] Running downgrade 5ac27507f77e -> 0da61d9681b1, empty message
INFO  [alembic.runtime.migration] Running downgrade 0da61d9681b1 -> c2f46d74fb33, empty message
INFO  [alembic.runtime.migration] Running downgrade c2f46d74fb33 -> fe26d37d220f, Making Organisation optional
INFO  [alembic.runtime.migration] Running downgrade fe26d37d220f -> 0576cef39dd8, Adding category entities
INFO  [alembic.runtime.migration] Running downgrade 0576cef39dd8 -> a5b753b898f5, Adding Organisation entity
INFO  [alembic.runtime.migration] Running downgrade a5b753b898f5 -> 631f964e665f, Adding Grant and Allocation entities
INFO  [alembic.runtime.migration] Running downgrade 631f964e665f -> d919f20fe946, Adding Person and Participant entities
INFO  [alembic.runtime.migration] Running downgrade d919f20fe946 -> , Adding Project entity
]]>			</system-err>
		</testcase>
	</testsuite>
	<testsuite errors="0" failures="0" file="test_resource_participants.py" name="test_resource_participants.ParticipantsResourceTestCase-20230126170212" skipped="0" tests="7" time="2.601" timestamp="2023-01-26T17:02:44">
		<testcase classname="test_resource_participants.ParticipantsResourceTestCase" file="tests/test_resource_participants.py" line="295" name="test_participants_detail" time="0.443" timestamp="2023-01-26T17:02:42">
			<system-out>
<![CDATA[]]>			</system-out>
			<system-err>
<![CDATA[INFO  [alembic.runtime.migration] Context impl PostgresqlImpl.
INFO  [alembic.runtime.migration] Will assume transactional DDL.
INFO  [alembic.runtime.migration] Running upgrade  -> d919f20fe946, Adding Project entity
INFO  [alembic.runtime.migration] Running upgrade d919f20fe946 -> 631f964e665f, Adding Person and Participant entities
INFO  [alembic.runtime.migration] Running upgrade 631f964e665f -> a5b753b898f5, Adding Grant and Allocation entities
INFO  [alembic.runtime.migration] Running upgrade a5b753b898f5 -> 0576cef39dd8, Adding Organisation entity
INFO  [alembic.runtime.migration] Running upgrade 0576cef39dd8 -> fe26d37d220f, Adding category entities
INFO  [alembic.runtime.migration] Running upgrade fe26d37d220f -> c2f46d74fb33, Making Organisation optional
INFO  [alembic.runtime.migration] Running upgrade c2f46d74fb33 -> 0da61d9681b1, empty message
INFO  [alembic.runtime.migration] Running upgrade 0da61d9681b1 -> 5ac27507f77e, empty message
INFO  [alembic.runtime.migration] Running upgrade 5ac27507f77e -> 03eddf0b8e79, empty message
INFO  [alembic.runtime.migration] Context impl PostgresqlImpl.
INFO  [alembic.runtime.migration] Will assume transactional DDL.
INFO  [alembic.runtime.migration] Running downgrade 03eddf0b8e79 -> 5ac27507f77e, empty message
INFO  [alembic.runtime.migration] Running downgrade 5ac27507f77e -> 0da61d9681b1, empty message
INFO  [alembic.runtime.migration] Running downgrade 0da61d9681b1 -> c2f46d74fb33, empty message
INFO  [alembic.runtime.migration] Running downgrade c2f46d74fb33 -> fe26d37d220f, Making Organisation optional
INFO  [alembic.runtime.migration] Running downgrade fe26d37d220f -> 0576cef39dd8, Adding category entities
INFO  [alembic.runtime.migration] Running downgrade 0576cef39dd8 -> a5b753b898f5, Adding Organisation entity
INFO  [alembic.runtime.migration] Running downgrade a5b753b898f5 -> 631f964e665f, Adding Grant and Allocation entities
INFO  [alembic.runtime.migration] Running downgrade 631f964e665f -> d919f20fe946, Adding Person and Participant entities
INFO  [alembic.runtime.migration] Running downgrade d919f20fe946 -> , Adding Project entity
]]>			</system-err>
		</testcase>
		<testcase classname="test_resource_participants.ParticipantsResourceTestCase" file="tests/test_resource_participants.py" line="9" name="test_participants_list" time="0.348" timestamp="2023-01-26T17:02:42">
			<system-out>
<![CDATA[]]>			</system-out>
			<system-err>
<![CDATA[INFO  [alembic.runtime.migration] Context impl PostgresqlImpl.
INFO  [alembic.runtime.migration] Will assume transactional DDL.
INFO  [alembic.runtime.migration] Running upgrade  -> d919f20fe946, Adding Project entity
INFO  [alembic.runtime.migration] Running upgrade d919f20fe946 -> 631f964e665f, Adding Person and Participant entities
INFO  [alembic.runtime.migration] Running upgrade 631f964e665f -> a5b753b898f5, Adding Grant and Allocation entities
INFO  [alembic.runtime.migration] Running upgrade a5b753b898f5 -> 0576cef39dd8, Adding Organisation entity
INFO  [alembic.runtime.migration] Running upgrade 0576cef39dd8 -> fe26d37d220f, Adding category entities
INFO  [alembic.runtime.migration] Running upgrade fe26d37d220f -> c2f46d74fb33, Making Organisation optional
INFO  [alembic.runtime.migration] Running upgrade c2f46d74fb33 -> 0da61d9681b1, empty message
INFO  [alembic.runtime.migration] Running upgrade 0da61d9681b1 -> 5ac27507f77e, empty message
INFO  [alembic.runtime.migration] Running upgrade 5ac27507f77e -> 03eddf0b8e79, empty message
INFO  [alembic.runtime.migration] Context impl PostgresqlImpl.
INFO  [alembic.runtime.migration] Will assume transactional DDL.
INFO  [alembic.runtime.migration] Running downgrade 03eddf0b8e79 -> 5ac27507f77e, empty message
INFO  [alembic.runtime.migration] Running downgrade 5ac27507f77e -> 0da61d9681b1, empty message
INFO  [alembic.runtime.migration] Running downgrade 0da61d9681b1 -> c2f46d74fb33, empty message
INFO  [alembic.runtime.migration] Running downgrade c2f46d74fb33 -> fe26d37d220f, Making Organisation optional
INFO  [alembic.runtime.migration] Running downgrade fe26d37d220f -> 0576cef39dd8, Adding category entities
INFO  [alembic.runtime.migration] Running downgrade 0576cef39dd8 -> a5b753b898f5, Adding Organisation entity
INFO  [alembic.runtime.migration] Running downgrade a5b753b898f5 -> 631f964e665f, Adding Grant and Allocation entities
INFO  [alembic.runtime.migration] Running downgrade 631f964e665f -> d919f20fe946, Adding Person and Participant entities
INFO  [alembic.runtime.migration] Running downgrade d919f20fe946 -> , Adding Project entity
]]>			</system-err>
		</testcase>
		<testcase classname="test_resource_participants.ParticipantsResourceTestCase" file="tests/test_resource_participants.py" line="689" name="test_participants_people" time="0.392" timestamp="2023-01-26T17:02:43">
			<system-out>
<![CDATA[]]>			</system-out>
			<system-err>
<![CDATA[INFO  [alembic.runtime.migration] Context impl PostgresqlImpl.
INFO  [alembic.runtime.migration] Will assume transactional DDL.
INFO  [alembic.runtime.migration] Running upgrade  -> d919f20fe946, Adding Project entity
INFO  [alembic.runtime.migration] Running upgrade d919f20fe946 -> 631f964e665f, Adding Person and Participant entities
INFO  [alembic.runtime.migration] Running upgrade 631f964e665f -> a5b753b898f5, Adding Grant and Allocation entities
INFO  [alembic.runtime.migration] Running upgrade a5b753b898f5 -> 0576cef39dd8, Adding Organisation entity
INFO  [alembic.runtime.migration] Running upgrade 0576cef39dd8 -> fe26d37d220f, Adding category entities
INFO  [alembic.runtime.migration] Running upgrade fe26d37d220f -> c2f46d74fb33, Making Organisation optional
INFO  [alembic.runtime.migration] Running upgrade c2f46d74fb33 -> 0da61d9681b1, empty message
INFO  [alembic.runtime.migration] Running upgrade 0da61d9681b1 -> 5ac27507f77e, empty message
INFO  [alembic.runtime.migration] Running upgrade 5ac27507f77e -> 03eddf0b8e79, empty message
INFO  [alembic.runtime.migration] Context impl PostgresqlImpl.
INFO  [alembic.runtime.migration] Will assume transactional DDL.
INFO  [alembic.runtime.migration] Running downgrade 03eddf0b8e79 -> 5ac27507f77e, empty message
INFO  [alembic.runtime.migration] Running downgrade 5ac27507f77e -> 0da61d9681b1, empty message
INFO  [alembic.runtime.migration] Running downgrade 0da61d9681b1 -> c2f46d74fb33, empty message
INFO  [alembic.runtime.migration] Running downgrade c2f46d74fb33 -> fe26d37d220f, Making Organisation optional
INFO  [alembic.runtime.migration] Running downgrade fe26d37d220f -> 0576cef39dd8, Adding category entities
INFO  [alembic.runtime.migration] Running downgrade 0576cef39dd8 -> a5b753b898f5, Adding Organisation entity
INFO  [alembic.runtime.migration] Running downgrade a5b753b898f5 -> 631f964e665f, Adding Grant and Allocation entities
INFO  [alembic.runtime.migration] Running downgrade 631f964e665f -> d919f20fe946, Adding Person and Participant entities
INFO  [alembic.runtime.migration] Running downgrade d919f20fe946 -> , Adding Project entity
]]>			</system-err>
		</testcase>
		<testcase classname="test_resource_participants.ParticipantsResourceTestCase" file="tests/test_resource_participants.py" line="562" name="test_participants_projects" time="0.386" timestamp="2023-01-26T17:02:43">
			<system-out>
<![CDATA[]]>			</system-out>
			<system-err>
<![CDATA[INFO  [alembic.runtime.migration] Context impl PostgresqlImpl.
INFO  [alembic.runtime.migration] Will assume transactional DDL.
INFO  [alembic.runtime.migration] Running upgrade  -> d919f20fe946, Adding Project entity
INFO  [alembic.runtime.migration] Running upgrade d919f20fe946 -> 631f964e665f, Adding Person and Participant entities
INFO  [alembic.runtime.migration] Running upgrade 631f964e665f -> a5b753b898f5, Adding Grant and Allocation entities
INFO  [alembic.runtime.migration] Running upgrade a5b753b898f5 -> 0576cef39dd8, Adding Organisation entity
INFO  [alembic.runtime.migration] Running upgrade 0576cef39dd8 -> fe26d37d220f, Adding category entities
INFO  [alembic.runtime.migration] Running upgrade fe26d37d220f -> c2f46d74fb33, Making Organisation optional
INFO  [alembic.runtime.migration] Running upgrade c2f46d74fb33 -> 0da61d9681b1, empty message
INFO  [alembic.runtime.migration] Running upgrade 0da61d9681b1 -> 5ac27507f77e, empty message
INFO  [alembic.runtime.migration] Running upgrade 5ac27507f77e -> 03eddf0b8e79, empty message
INFO  [alembic.runtime.migration] Context impl PostgresqlImpl.
INFO  [alembic.runtime.migration] Will assume transactional DDL.
INFO  [alembic.runtime.migration] Running downgrade 03eddf0b8e79 -> 5ac27507f77e, empty message
INFO  [alembic.runtime.migration] Running downgrade 5ac27507f77e -> 0da61d9681b1, empty message
INFO  [alembic.runtime.migration] Running downgrade 0da61d9681b1 -> c2f46d74fb33, empty message
INFO  [alembic.runtime.migration] Running downgrade c2f46d74fb33 -> fe26d37d220f, Making Organisation optional
INFO  [alembic.runtime.migration] Running downgrade fe26d37d220f -> 0576cef39dd8, Adding category entities
INFO  [alembic.runtime.migration] Running downgrade 0576cef39dd8 -> a5b753b898f5, Adding Organisation entity
INFO  [alembic.runtime.migration] Running downgrade a5b753b898f5 -> 631f964e665f, Adding Grant and Allocation entities
INFO  [alembic.runtime.migration] Running downgrade 631f964e665f -> d919f20fe946, Adding Person and Participant entities
INFO  [alembic.runtime.migration] Running downgrade d919f20fe946 -> , Adding Project entity
]]>			</system-err>
		</testcase>
		<testcase classname="test_resource_participants.ParticipantsResourceTestCase" file="tests/test_resource_participants.py" line="540" name="test_participants_relationship_people" time="0.339" timestamp="2023-01-26T17:02:43">
			<system-out>
<![CDATA[]]>			</system-out>
			<system-err>
<![CDATA[INFO  [alembic.runtime.migration] Context impl PostgresqlImpl.
INFO  [alembic.runtime.migration] Will assume transactional DDL.
INFO  [alembic.runtime.migration] Running upgrade  -> d919f20fe946, Adding Project entity
INFO  [alembic.runtime.migration] Running upgrade d919f20fe946 -> 631f964e665f, Adding Person and Participant entities
INFO  [alembic.runtime.migration] Running upgrade 631f964e665f -> a5b753b898f5, Adding Grant and Allocation entities
INFO  [alembic.runtime.migration] Running upgrade a5b753b898f5 -> 0576cef39dd8, Adding Organisation entity
INFO  [alembic.runtime.migration] Running upgrade 0576cef39dd8 -> fe26d37d220f, Adding category entities
INFO  [alembic.runtime.migration] Running upgrade fe26d37d220f -> c2f46d74fb33, Making Organisation optional
INFO  [alembic.runtime.migration] Running upgrade c2f46d74fb33 -> 0da61d9681b1, empty message
INFO  [alembic.runtime.migration] Running upgrade 0da61d9681b1 -> 5ac27507f77e, empty message
INFO  [alembic.runtime.migration] Running upgrade 5ac27507f77e -> 03eddf0b8e79, empty message
INFO  [alembic.runtime.migration] Context impl PostgresqlImpl.
INFO  [alembic.runtime.migration] Will assume transactional DDL.
INFO  [alembic.runtime.migration] Running downgrade 03eddf0b8e79 -> 5ac27507f77e, empty message
INFO  [alembic.runtime.migration] Running downgrade 5ac27507f77e -> 0da61d9681b1, empty message
INFO  [alembic.runtime.migration] Running downgrade 0da61d9681b1 -> c2f46d74fb33, empty message
INFO  [alembic.runtime.migration] Running downgrade c2f46d74fb33 -> fe26d37d220f, Making Organisation optional
INFO  [alembic.runtime.migration] Running downgrade fe26d37d220f -> 0576cef39dd8, Adding category entities
INFO  [alembic.runtime.migration] Running downgrade 0576cef39dd8 -> a5b753b898f5, Adding Organisation entity
INFO  [alembic.runtime.migration] Running downgrade a5b753b898f5 -> 631f964e665f, Adding Grant and Allocation entities
INFO  [alembic.runtime.migration] Running downgrade 631f964e665f -> d919f20fe946, Adding Person and Participant entities
INFO  [alembic.runtime.migration] Running downgrade d919f20fe946 -> , Adding Project entity
]]>			</system-err>
		</testcase>
		<testcase classname="test_resource_participants.ParticipantsResourceTestCase" file="tests/test_resource_participants.py" line="518" name="test_participants_relationship_projects" time="0.364" timestamp="2023-01-26T17:02:44">
			<system-out>
<![CDATA[]]>			</system-out>
			<system-err>
<![CDATA[INFO  [alembic.runtime.migration] Context impl PostgresqlImpl.
INFO  [alembic.runtime.migration] Will assume transactional DDL.
INFO  [alembic.runtime.migration] Running upgrade  -> d919f20fe946, Adding Project entity
INFO  [alembic.runtime.migration] Running upgrade d919f20fe946 -> 631f964e665f, Adding Person and Participant entities
INFO  [alembic.runtime.migration] Running upgrade 631f964e665f -> a5b753b898f5, Adding Grant and Allocation entities
INFO  [alembic.runtime.migration] Running upgrade a5b753b898f5 -> 0576cef39dd8, Adding Organisation entity
INFO  [alembic.runtime.migration] Running upgrade 0576cef39dd8 -> fe26d37d220f, Adding category entities
INFO  [alembic.runtime.migration] Running upgrade fe26d37d220f -> c2f46d74fb33, Making Organisation optional
INFO  [alembic.runtime.migration] Running upgrade c2f46d74fb33 -> 0da61d9681b1, empty message
INFO  [alembic.runtime.migration] Running upgrade 0da61d9681b1 -> 5ac27507f77e, empty message
INFO  [alembic.runtime.migration] Running upgrade 5ac27507f77e -> 03eddf0b8e79, empty message
INFO  [alembic.runtime.migration] Context impl PostgresqlImpl.
INFO  [alembic.runtime.migration] Will assume transactional DDL.
INFO  [alembic.runtime.migration] Running downgrade 03eddf0b8e79 -> 5ac27507f77e, empty message
INFO  [alembic.runtime.migration] Running downgrade 5ac27507f77e -> 0da61d9681b1, empty message
INFO  [alembic.runtime.migration] Running downgrade 0da61d9681b1 -> c2f46d74fb33, empty message
INFO  [alembic.runtime.migration] Running downgrade c2f46d74fb33 -> fe26d37d220f, Making Organisation optional
INFO  [alembic.runtime.migration] Running downgrade fe26d37d220f -> 0576cef39dd8, Adding category entities
INFO  [alembic.runtime.migration] Running downgrade 0576cef39dd8 -> a5b753b898f5, Adding Organisation entity
INFO  [alembic.runtime.migration] Running downgrade a5b753b898f5 -> 631f964e665f, Adding Grant and Allocation entities
INFO  [alembic.runtime.migration] Running downgrade 631f964e665f -> d919f20fe946, Adding Person and Participant entities
INFO  [alembic.runtime.migration] Running downgrade d919f20fe946 -> , Adding Project entity
]]>			</system-err>
		</testcase>
		<testcase classname="test_resource_participants.ParticipantsResourceTestCase" file="tests/test_resource_participants.py" line="501" name="test_participants_single_missing_unknown_id" time="0.329" timestamp="2023-01-26T17:02:44">
			<system-out>
<![CDATA[]]>			</system-out>
			<system-err>
<![CDATA[INFO  [alembic.runtime.migration] Context impl PostgresqlImpl.
INFO  [alembic.runtime.migration] Will assume transactional DDL.
INFO  [alembic.runtime.migration] Running upgrade  -> d919f20fe946, Adding Project entity
INFO  [alembic.runtime.migration] Running upgrade d919f20fe946 -> 631f964e665f, Adding Person and Participant entities
INFO  [alembic.runtime.migration] Running upgrade 631f964e665f -> a5b753b898f5, Adding Grant and Allocation entities
INFO  [alembic.runtime.migration] Running upgrade a5b753b898f5 -> 0576cef39dd8, Adding Organisation entity
INFO  [alembic.runtime.migration] Running upgrade 0576cef39dd8 -> fe26d37d220f, Adding category entities
INFO  [alembic.runtime.migration] Running upgrade fe26d37d220f -> c2f46d74fb33, Making Organisation optional
INFO  [alembic.runtime.migration] Running upgrade c2f46d74fb33 -> 0da61d9681b1, empty message
INFO  [alembic.runtime.migration] Running upgrade 0da61d9681b1 -> 5ac27507f77e, empty message
INFO  [alembic.runtime.migration] Running upgrade 5ac27507f77e -> 03eddf0b8e79, empty message
INFO  [alembic.runtime.migration] Context impl PostgresqlImpl.
INFO  [alembic.runtime.migration] Will assume transactional DDL.
INFO  [alembic.runtime.migration] Running downgrade 03eddf0b8e79 -> 5ac27507f77e, empty message
INFO  [alembic.runtime.migration] Running downgrade 5ac27507f77e -> 0da61d9681b1, empty message
INFO  [alembic.runtime.migration] Running downgrade 0da61d9681b1 -> c2f46d74fb33, empty message
INFO  [alembic.runtime.migration] Running downgrade c2f46d74fb33 -> fe26d37d220f, Making Organisation optional
INFO  [alembic.runtime.migration] Running downgrade fe26d37d220f -> 0576cef39dd8, Adding category entities
INFO  [alembic.runtime.migration] Running downgrade 0576cef39dd8 -> a5b753b898f5, Adding Organisation entity
INFO  [alembic.runtime.migration] Running downgrade a5b753b898f5 -> 631f964e665f, Adding Grant and Allocation entities
INFO  [alembic.runtime.migration] Running downgrade 631f964e665f -> d919f20fe946, Adding Person and Participant entities
INFO  [alembic.runtime.migration] Running downgrade d919f20fe946 -> , Adding Project entity
]]>			</system-err>
		</testcase>
	</testsuite>
	<testsuite errors="0" failures="0" file="test_resource_people.py" name="test_resource_people.PeopleResourceTestCase-20230126170212" skipped="0" tests="7" time="2.468" timestamp="2023-01-26T17:02:46">
		<testcase classname="test_resource_people.PeopleResourceTestCase" file="tests/test_resource_people.py" line="371" name="test_people_detail" time="0.400" timestamp="2023-01-26T17:02:44">
			<system-out>
<![CDATA[]]>			</system-out>
			<system-err>
<![CDATA[INFO  [alembic.runtime.migration] Context impl PostgresqlImpl.
INFO  [alembic.runtime.migration] Will assume transactional DDL.
INFO  [alembic.runtime.migration] Running upgrade  -> d919f20fe946, Adding Project entity
INFO  [alembic.runtime.migration] Running upgrade d919f20fe946 -> 631f964e665f, Adding Person and Participant entities
INFO  [alembic.runtime.migration] Running upgrade 631f964e665f -> a5b753b898f5, Adding Grant and Allocation entities
INFO  [alembic.runtime.migration] Running upgrade a5b753b898f5 -> 0576cef39dd8, Adding Organisation entity
INFO  [alembic.runtime.migration] Running upgrade 0576cef39dd8 -> fe26d37d220f, Adding category entities
INFO  [alembic.runtime.migration] Running upgrade fe26d37d220f -> c2f46d74fb33, Making Organisation optional
INFO  [alembic.runtime.migration] Running upgrade c2f46d74fb33 -> 0da61d9681b1, empty message
INFO  [alembic.runtime.migration] Running upgrade 0da61d9681b1 -> 5ac27507f77e, empty message
INFO  [alembic.runtime.migration] Running upgrade 5ac27507f77e -> 03eddf0b8e79, empty message
INFO  [alembic.runtime.migration] Context impl PostgresqlImpl.
INFO  [alembic.runtime.migration] Will assume transactional DDL.
INFO  [alembic.runtime.migration] Running downgrade 03eddf0b8e79 -> 5ac27507f77e, empty message
INFO  [alembic.runtime.migration] Running downgrade 5ac27507f77e -> 0da61d9681b1, empty message
INFO  [alembic.runtime.migration] Running downgrade 0da61d9681b1 -> c2f46d74fb33, empty message
INFO  [alembic.runtime.migration] Running downgrade c2f46d74fb33 -> fe26d37d220f, Making Organisation optional
INFO  [alembic.runtime.migration] Running downgrade fe26d37d220f -> 0576cef39dd8, Adding category entities
INFO  [alembic.runtime.migration] Running downgrade 0576cef39dd8 -> a5b753b898f5, Adding Organisation entity
INFO  [alembic.runtime.migration] Running downgrade a5b753b898f5 -> 631f964e665f, Adding Grant and Allocation entities
INFO  [alembic.runtime.migration] Running downgrade 631f964e665f -> d919f20fe946, Adding Person and Participant entities
INFO  [alembic.runtime.migration] Running downgrade d919f20fe946 -> , Adding Project entity
]]>			</system-err>
		</testcase>
		<testcase classname="test_resource_people.PeopleResourceTestCase" file="tests/test_resource_people.py" line="9" name="test_people_list" time="0.349" timestamp="2023-01-26T17:02:45">
			<system-out>
<![CDATA[]]>			</system-out>
			<system-err>
<![CDATA[INFO  [alembic.runtime.migration] Context impl PostgresqlImpl.
INFO  [alembic.runtime.migration] Will assume transactional DDL.
INFO  [alembic.runtime.migration] Running upgrade  -> d919f20fe946, Adding Project entity
INFO  [alembic.runtime.migration] Running upgrade d919f20fe946 -> 631f964e665f, Adding Person and Participant entities
INFO  [alembic.runtime.migration] Running upgrade 631f964e665f -> a5b753b898f5, Adding Grant and Allocation entities
INFO  [alembic.runtime.migration] Running upgrade a5b753b898f5 -> 0576cef39dd8, Adding Organisation entity
INFO  [alembic.runtime.migration] Running upgrade 0576cef39dd8 -> fe26d37d220f, Adding category entities
INFO  [alembic.runtime.migration] Running upgrade fe26d37d220f -> c2f46d74fb33, Making Organisation optional
INFO  [alembic.runtime.migration] Running upgrade c2f46d74fb33 -> 0da61d9681b1, empty message
INFO  [alembic.runtime.migration] Running upgrade 0da61d9681b1 -> 5ac27507f77e, empty message
INFO  [alembic.runtime.migration] Running upgrade 5ac27507f77e -> 03eddf0b8e79, empty message
INFO  [alembic.runtime.migration] Context impl PostgresqlImpl.
INFO  [alembic.runtime.migration] Will assume transactional DDL.
INFO  [alembic.runtime.migration] Running downgrade 03eddf0b8e79 -> 5ac27507f77e, empty message
INFO  [alembic.runtime.migration] Running downgrade 5ac27507f77e -> 0da61d9681b1, empty message
INFO  [alembic.runtime.migration] Running downgrade 0da61d9681b1 -> c2f46d74fb33, empty message
INFO  [alembic.runtime.migration] Running downgrade c2f46d74fb33 -> fe26d37d220f, Making Organisation optional
INFO  [alembic.runtime.migration] Running downgrade fe26d37d220f -> 0576cef39dd8, Adding category entities
INFO  [alembic.runtime.migration] Running downgrade 0576cef39dd8 -> a5b753b898f5, Adding Organisation entity
INFO  [alembic.runtime.migration] Running downgrade a5b753b898f5 -> 631f964e665f, Adding Grant and Allocation entities
INFO  [alembic.runtime.migration] Running downgrade 631f964e665f -> d919f20fe946, Adding Person and Participant entities
INFO  [alembic.runtime.migration] Running downgrade d919f20fe946 -> , Adding Project entity
]]>			</system-err>
		</testcase>
		<testcase classname="test_resource_people.PeopleResourceTestCase" file="tests/test_resource_people.py" line="732" name="test_people_organisations" time="0.356" timestamp="2023-01-26T17:02:45">
			<system-out>
<![CDATA[]]>			</system-out>
			<system-err>
<![CDATA[INFO  [alembic.runtime.migration] Context impl PostgresqlImpl.
INFO  [alembic.runtime.migration] Will assume transactional DDL.
INFO  [alembic.runtime.migration] Running upgrade  -> d919f20fe946, Adding Project entity
INFO  [alembic.runtime.migration] Running upgrade d919f20fe946 -> 631f964e665f, Adding Person and Participant entities
INFO  [alembic.runtime.migration] Running upgrade 631f964e665f -> a5b753b898f5, Adding Grant and Allocation entities
INFO  [alembic.runtime.migration] Running upgrade a5b753b898f5 -> 0576cef39dd8, Adding Organisation entity
INFO  [alembic.runtime.migration] Running upgrade 0576cef39dd8 -> fe26d37d220f, Adding category entities
INFO  [alembic.runtime.migration] Running upgrade fe26d37d220f -> c2f46d74fb33, Making Organisation optional
INFO  [alembic.runtime.migration] Running upgrade c2f46d74fb33 -> 0da61d9681b1, empty message
INFO  [alembic.runtime.migration] Running upgrade 0da61d9681b1 -> 5ac27507f77e, empty message
INFO  [alembic.runtime.migration] Running upgrade 5ac27507f77e -> 03eddf0b8e79, empty message
INFO  [alembic.runtime.migration] Context impl PostgresqlImpl.
INFO  [alembic.runtime.migration] Will assume transactional DDL.
INFO  [alembic.runtime.migration] Running downgrade 03eddf0b8e79 -> 5ac27507f77e, empty message
INFO  [alembic.runtime.migration] Running downgrade 5ac27507f77e -> 0da61d9681b1, empty message
INFO  [alembic.runtime.migration] Running downgrade 0da61d9681b1 -> c2f46d74fb33, empty message
INFO  [alembic.runtime.migration] Running downgrade c2f46d74fb33 -> fe26d37d220f, Making Organisation optional
INFO  [alembic.runtime.migration] Running downgrade fe26d37d220f -> 0576cef39dd8, Adding category entities
INFO  [alembic.runtime.migration] Running downgrade 0576cef39dd8 -> a5b753b898f5, Adding Organisation entity
INFO  [alembic.runtime.migration] Running downgrade a5b753b898f5 -> 631f964e665f, Adding Grant and Allocation entities
INFO  [alembic.runtime.migration] Running downgrade 631f964e665f -> d919f20fe946, Adding Person and Participant entities
INFO  [alembic.runtime.migration] Running downgrade d919f20fe946 -> , Adding Project entity
]]>			</system-err>
		</testcase>
		<testcase classname="test_resource_people.PeopleResourceTestCase" file="tests/test_resource_people.py" line="676" name="test_people_participants" time="0.366" timestamp="2023-01-26T17:02:45">
			<system-out>
<![CDATA[]]>			</system-out>
			<system-err>
<![CDATA[INFO  [alembic.runtime.migration] Context impl PostgresqlImpl.
INFO  [alembic.runtime.migration] Will assume transactional DDL.
INFO  [alembic.runtime.migration] Running upgrade  -> d919f20fe946, Adding Project entity
INFO  [alembic.runtime.migration] Running upgrade d919f20fe946 -> 631f964e665f, Adding Person and Participant entities
INFO  [alembic.runtime.migration] Running upgrade 631f964e665f -> a5b753b898f5, Adding Grant and Allocation entities
INFO  [alembic.runtime.migration] Running upgrade a5b753b898f5 -> 0576cef39dd8, Adding Organisation entity
INFO  [alembic.runtime.migration] Running upgrade 0576cef39dd8 -> fe26d37d220f, Adding category entities
INFO  [alembic.runtime.migration] Running upgrade fe26d37d220f -> c2f46d74fb33, Making Organisation optional
INFO  [alembic.runtime.migration] Running upgrade c2f46d74fb33 -> 0da61d9681b1, empty message
INFO  [alembic.runtime.migration] Running upgrade 0da61d9681b1 -> 5ac27507f77e, empty message
INFO  [alembic.runtime.migration] Running upgrade 5ac27507f77e -> 03eddf0b8e79, empty message
INFO  [alembic.runtime.migration] Context impl PostgresqlImpl.
INFO  [alembic.runtime.migration] Will assume transactional DDL.
INFO  [alembic.runtime.migration] Running downgrade 03eddf0b8e79 -> 5ac27507f77e, empty message
INFO  [alembic.runtime.migration] Running downgrade 5ac27507f77e -> 0da61d9681b1, empty message
INFO  [alembic.runtime.migration] Running downgrade 0da61d9681b1 -> c2f46d74fb33, empty message
INFO  [alembic.runtime.migration] Running downgrade c2f46d74fb33 -> fe26d37d220f, Making Organisation optional
INFO  [alembic.runtime.migration] Running downgrade fe26d37d220f -> 0576cef39dd8, Adding category entities
INFO  [alembic.runtime.migration] Running downgrade 0576cef39dd8 -> a5b753b898f5, Adding Organisation entity
INFO  [alembic.runtime.migration] Running downgrade a5b753b898f5 -> 631f964e665f, Adding Grant and Allocation entities
INFO  [alembic.runtime.migration] Running downgrade 631f964e665f -> d919f20fe946, Adding Person and Participant entities
INFO  [alembic.runtime.migration] Running downgrade d919f20fe946 -> , Adding Project entity
]]>			</system-err>
		</testcase>
		<testcase classname="test_resource_people.PeopleResourceTestCase" file="tests/test_resource_people.py" line="630" name="test_people_relationship_organisations" time="0.330" timestamp="2023-01-26T17:02:46">
			<system-out>
<![CDATA[]]>			</system-out>
			<system-err>
<![CDATA[INFO  [alembic.runtime.migration] Context impl PostgresqlImpl.
INFO  [alembic.runtime.migration] Will assume transactional DDL.
INFO  [alembic.runtime.migration] Running upgrade  -> d919f20fe946, Adding Project entity
INFO  [alembic.runtime.migration] Running upgrade d919f20fe946 -> 631f964e665f, Adding Person and Participant entities
INFO  [alembic.runtime.migration] Running upgrade 631f964e665f -> a5b753b898f5, Adding Grant and Allocation entities
INFO  [alembic.runtime.migration] Running upgrade a5b753b898f5 -> 0576cef39dd8, Adding Organisation entity
INFO  [alembic.runtime.migration] Running upgrade 0576cef39dd8 -> fe26d37d220f, Adding category entities
INFO  [alembic.runtime.migration] Running upgrade fe26d37d220f -> c2f46d74fb33, Making Organisation optional
INFO  [alembic.runtime.migration] Running upgrade c2f46d74fb33 -> 0da61d9681b1, empty message
INFO  [alembic.runtime.migration] Running upgrade 0da61d9681b1 -> 5ac27507f77e, empty message
INFO  [alembic.runtime.migration] Running upgrade 5ac27507f77e -> 03eddf0b8e79, empty message
INFO  [alembic.runtime.migration] Context impl PostgresqlImpl.
INFO  [alembic.runtime.migration] Will assume transactional DDL.
INFO  [alembic.runtime.migration] Running downgrade 03eddf0b8e79 -> 5ac27507f77e, empty message
INFO  [alembic.runtime.migration] Running downgrade 5ac27507f77e -> 0da61d9681b1, empty message
INFO  [alembic.runtime.migration] Running downgrade 0da61d9681b1 -> c2f46d74fb33, empty message
INFO  [alembic.runtime.migration] Running downgrade c2f46d74fb33 -> fe26d37d220f, Making Organisation optional
INFO  [alembic.runtime.migration] Running downgrade fe26d37d220f -> 0576cef39dd8, Adding category entities
INFO  [alembic.runtime.migration] Running downgrade 0576cef39dd8 -> a5b753b898f5, Adding Organisation entity
INFO  [alembic.runtime.migration] Running downgrade a5b753b898f5 -> 631f964e665f, Adding Grant and Allocation entities
INFO  [alembic.runtime.migration] Running downgrade 631f964e665f -> d919f20fe946, Adding Person and Participant entities
INFO  [alembic.runtime.migration] Running downgrade d919f20fe946 -> , Adding Project entity
]]>			</system-err>
		</testcase>
		<testcase classname="test_resource_people.PeopleResourceTestCase" file="tests/test_resource_people.py" line="652" name="test_people_relationship_participants" time="0.319" timestamp="2023-01-26T17:02:46">
			<system-out>
<![CDATA[]]>			</system-out>
			<system-err>
<![CDATA[INFO  [alembic.runtime.migration] Context impl PostgresqlImpl.
INFO  [alembic.runtime.migration] Will assume transactional DDL.
INFO  [alembic.runtime.migration] Running upgrade  -> d919f20fe946, Adding Project entity
INFO  [alembic.runtime.migration] Running upgrade d919f20fe946 -> 631f964e665f, Adding Person and Participant entities
INFO  [alembic.runtime.migration] Running upgrade 631f964e665f -> a5b753b898f5, Adding Grant and Allocation entities
INFO  [alembic.runtime.migration] Running upgrade a5b753b898f5 -> 0576cef39dd8, Adding Organisation entity
INFO  [alembic.runtime.migration] Running upgrade 0576cef39dd8 -> fe26d37d220f, Adding category entities
INFO  [alembic.runtime.migration] Running upgrade fe26d37d220f -> c2f46d74fb33, Making Organisation optional
INFO  [alembic.runtime.migration] Running upgrade c2f46d74fb33 -> 0da61d9681b1, empty message
INFO  [alembic.runtime.migration] Running upgrade 0da61d9681b1 -> 5ac27507f77e, empty message
INFO  [alembic.runtime.migration] Running upgrade 5ac27507f77e -> 03eddf0b8e79, empty message
INFO  [alembic.runtime.migration] Context impl PostgresqlImpl.
INFO  [alembic.runtime.migration] Will assume transactional DDL.
INFO  [alembic.runtime.migration] Running downgrade 03eddf0b8e79 -> 5ac27507f77e, empty message
INFO  [alembic.runtime.migration] Running downgrade 5ac27507f77e -> 0da61d9681b1, empty message
INFO  [alembic.runtime.migration] Running downgrade 0da61d9681b1 -> c2f46d74fb33, empty message
INFO  [alembic.runtime.migration] Running downgrade c2f46d74fb33 -> fe26d37d220f, Making Organisation optional
INFO  [alembic.runtime.migration] Running downgrade fe26d37d220f -> 0576cef39dd8, Adding category entities
INFO  [alembic.runtime.migration] Running downgrade 0576cef39dd8 -> a5b753b898f5, Adding Organisation entity
INFO  [alembic.runtime.migration] Running downgrade a5b753b898f5 -> 631f964e665f, Adding Grant and Allocation entities
INFO  [alembic.runtime.migration] Running downgrade 631f964e665f -> d919f20fe946, Adding Person and Participant entities
INFO  [alembic.runtime.migration] Running downgrade d919f20fe946 -> , Adding Project entity
]]>			</system-err>
		</testcase>
		<testcase classname="test_resource_people.PeopleResourceTestCase" file="tests/test_resource_people.py" line="613" name="test_people_single_missing_unknown_id" time="0.348" timestamp="2023-01-26T17:02:46">
			<system-out>
<![CDATA[]]>			</system-out>
			<system-err>
<![CDATA[INFO  [alembic.runtime.migration] Context impl PostgresqlImpl.
INFO  [alembic.runtime.migration] Will assume transactional DDL.
INFO  [alembic.runtime.migration] Running upgrade  -> d919f20fe946, Adding Project entity
INFO  [alembic.runtime.migration] Running upgrade d919f20fe946 -> 631f964e665f, Adding Person and Participant entities
INFO  [alembic.runtime.migration] Running upgrade 631f964e665f -> a5b753b898f5, Adding Grant and Allocation entities
INFO  [alembic.runtime.migration] Running upgrade a5b753b898f5 -> 0576cef39dd8, Adding Organisation entity
INFO  [alembic.runtime.migration] Running upgrade 0576cef39dd8 -> fe26d37d220f, Adding category entities
INFO  [alembic.runtime.migration] Running upgrade fe26d37d220f -> c2f46d74fb33, Making Organisation optional
INFO  [alembic.runtime.migration] Running upgrade c2f46d74fb33 -> 0da61d9681b1, empty message
INFO  [alembic.runtime.migration] Running upgrade 0da61d9681b1 -> 5ac27507f77e, empty message
INFO  [alembic.runtime.migration] Running upgrade 5ac27507f77e -> 03eddf0b8e79, empty message
INFO  [alembic.runtime.migration] Context impl PostgresqlImpl.
INFO  [alembic.runtime.migration] Will assume transactional DDL.
INFO  [alembic.runtime.migration] Running downgrade 03eddf0b8e79 -> 5ac27507f77e, empty message
INFO  [alembic.runtime.migration] Running downgrade 5ac27507f77e -> 0da61d9681b1, empty message
INFO  [alembic.runtime.migration] Running downgrade 0da61d9681b1 -> c2f46d74fb33, empty message
INFO  [alembic.runtime.migration] Running downgrade c2f46d74fb33 -> fe26d37d220f, Making Organisation optional
INFO  [alembic.runtime.migration] Running downgrade fe26d37d220f -> 0576cef39dd8, Adding category entities
INFO  [alembic.runtime.migration] Running downgrade 0576cef39dd8 -> a5b753b898f5, Adding Organisation entity
INFO  [alembic.runtime.migration] Running downgrade a5b753b898f5 -> 631f964e665f, Adding Grant and Allocation entities
INFO  [alembic.runtime.migration] Running downgrade 631f964e665f -> d919f20fe946, Adding Person and Participant entities
INFO  [alembic.runtime.migration] Running downgrade d919f20fe946 -> , Adding Project entity
]]>			</system-err>
		</testcase>
	</testsuite>
	<testsuite errors="0" failures="0" file="test_resource_projects.py" name="test_resource_projects.ProjectsResourceTestCase-20230126170212" skipped="0" tests="9" time="3.298" timestamp="2023-01-26T17:02:50">
		<testcase classname="test_resource_projects.ProjectsResourceTestCase" file="tests/test_resource_projects.py" line="1718" name="test_projects_allocations" time="0.422" timestamp="2023-01-26T17:02:47">
			<system-out>
<![CDATA[]]>			</system-out>
			<system-err>
<![CDATA[INFO  [alembic.runtime.migration] Context impl PostgresqlImpl.
INFO  [alembic.runtime.migration] Will assume transactional DDL.
INFO  [alembic.runtime.migration] Running upgrade  -> d919f20fe946, Adding Project entity
INFO  [alembic.runtime.migration] Running upgrade d919f20fe946 -> 631f964e665f, Adding Person and Participant entities
INFO  [alembic.runtime.migration] Running upgrade 631f964e665f -> a5b753b898f5, Adding Grant and Allocation entities
INFO  [alembic.runtime.migration] Running upgrade a5b753b898f5 -> 0576cef39dd8, Adding Organisation entity
INFO  [alembic.runtime.migration] Running upgrade 0576cef39dd8 -> fe26d37d220f, Adding category entities
INFO  [alembic.runtime.migration] Running upgrade fe26d37d220f -> c2f46d74fb33, Making Organisation optional
INFO  [alembic.runtime.migration] Running upgrade c2f46d74fb33 -> 0da61d9681b1, empty message
INFO  [alembic.runtime.migration] Running upgrade 0da61d9681b1 -> 5ac27507f77e, empty message
INFO  [alembic.runtime.migration] Running upgrade 5ac27507f77e -> 03eddf0b8e79, empty message
INFO  [alembic.runtime.migration] Context impl PostgresqlImpl.
INFO  [alembic.runtime.migration] Will assume transactional DDL.
INFO  [alembic.runtime.migration] Running downgrade 03eddf0b8e79 -> 5ac27507f77e, empty message
INFO  [alembic.runtime.migration] Running downgrade 5ac27507f77e -> 0da61d9681b1, empty message
INFO  [alembic.runtime.migration] Running downgrade 0da61d9681b1 -> c2f46d74fb33, empty message
INFO  [alembic.runtime.migration] Running downgrade c2f46d74fb33 -> fe26d37d220f, Making Organisation optional
INFO  [alembic.runtime.migration] Running downgrade fe26d37d220f -> 0576cef39dd8, Adding category entities
INFO  [alembic.runtime.migration] Running downgrade 0576cef39dd8 -> a5b753b898f5, Adding Organisation entity
INFO  [alembic.runtime.migration] Running downgrade a5b753b898f5 -> 631f964e665f, Adding Grant and Allocation entities
INFO  [alembic.runtime.migration] Running downgrade 631f964e665f -> d919f20fe946, Adding Person and Participant entities
INFO  [alembic.runtime.migration] Running downgrade d919f20fe946 -> , Adding Project entity
]]>			</system-err>
		</testcase>
		<testcase classname="test_resource_projects.ProjectsResourceTestCase" file="tests/test_resource_projects.py" line="1859" name="test_projects_categorisations" time="0.358" timestamp="2023-01-26T17:02:47">
			<system-out>
<![CDATA[]]>			</system-out>
			<system-err>
<![CDATA[INFO  [alembic.runtime.migration] Context impl PostgresqlImpl.
INFO  [alembic.runtime.migration] Will assume transactional DDL.
INFO  [alembic.runtime.migration] Running upgrade  -> d919f20fe946, Adding Project entity
INFO  [alembic.runtime.migration] Running upgrade d919f20fe946 -> 631f964e665f, Adding Person and Participant entities
INFO  [alembic.runtime.migration] Running upgrade 631f964e665f -> a5b753b898f5, Adding Grant and Allocation entities
INFO  [alembic.runtime.migration] Running upgrade a5b753b898f5 -> 0576cef39dd8, Adding Organisation entity
INFO  [alembic.runtime.migration] Running upgrade 0576cef39dd8 -> fe26d37d220f, Adding category entities
INFO  [alembic.runtime.migration] Running upgrade fe26d37d220f -> c2f46d74fb33, Making Organisation optional
INFO  [alembic.runtime.migration] Running upgrade c2f46d74fb33 -> 0da61d9681b1, empty message
INFO  [alembic.runtime.migration] Running upgrade 0da61d9681b1 -> 5ac27507f77e, empty message
INFO  [alembic.runtime.migration] Running upgrade 5ac27507f77e -> 03eddf0b8e79, empty message
INFO  [alembic.runtime.migration] Context impl PostgresqlImpl.
INFO  [alembic.runtime.migration] Will assume transactional DDL.
INFO  [alembic.runtime.migration] Running downgrade 03eddf0b8e79 -> 5ac27507f77e, empty message
INFO  [alembic.runtime.migration] Running downgrade 5ac27507f77e -> 0da61d9681b1, empty message
INFO  [alembic.runtime.migration] Running downgrade 0da61d9681b1 -> c2f46d74fb33, empty message
INFO  [alembic.runtime.migration] Running downgrade c2f46d74fb33 -> fe26d37d220f, Making Organisation optional
INFO  [alembic.runtime.migration] Running downgrade fe26d37d220f -> 0576cef39dd8, Adding category entities
INFO  [alembic.runtime.migration] Running downgrade 0576cef39dd8 -> a5b753b898f5, Adding Organisation entity
INFO  [alembic.runtime.migration] Running downgrade a5b753b898f5 -> 631f964e665f, Adding Grant and Allocation entities
INFO  [alembic.runtime.migration] Running downgrade 631f964e665f -> d919f20fe946, Adding Person and Participant entities
INFO  [alembic.runtime.migration] Running downgrade d919f20fe946 -> , Adding Project entity
]]>			</system-err>
		</testcase>
		<testcase classname="test_resource_projects.ProjectsResourceTestCase" file="tests/test_resource_projects.py" line="955" name="test_projects_detail" time="0.397" timestamp="2023-01-26T17:02:48">
			<system-out>
<![CDATA[]]>			</system-out>
			<system-err>
<![CDATA[INFO  [alembic.runtime.migration] Context impl PostgresqlImpl.
INFO  [alembic.runtime.migration] Will assume transactional DDL.
INFO  [alembic.runtime.migration] Running upgrade  -> d919f20fe946, Adding Project entity
INFO  [alembic.runtime.migration] Running upgrade d919f20fe946 -> 631f964e665f, Adding Person and Participant entities
INFO  [alembic.runtime.migration] Running upgrade 631f964e665f -> a5b753b898f5, Adding Grant and Allocation entities
INFO  [alembic.runtime.migration] Running upgrade a5b753b898f5 -> 0576cef39dd8, Adding Organisation entity
INFO  [alembic.runtime.migration] Running upgrade 0576cef39dd8 -> fe26d37d220f, Adding category entities
INFO  [alembic.runtime.migration] Running upgrade fe26d37d220f -> c2f46d74fb33, Making Organisation optional
INFO  [alembic.runtime.migration] Running upgrade c2f46d74fb33 -> 0da61d9681b1, empty message
INFO  [alembic.runtime.migration] Running upgrade 0da61d9681b1 -> 5ac27507f77e, empty message
INFO  [alembic.runtime.migration] Running upgrade 5ac27507f77e -> 03eddf0b8e79, empty message
INFO  [alembic.runtime.migration] Context impl PostgresqlImpl.
INFO  [alembic.runtime.migration] Will assume transactional DDL.
INFO  [alembic.runtime.migration] Running downgrade 03eddf0b8e79 -> 5ac27507f77e, empty message
INFO  [alembic.runtime.migration] Running downgrade 5ac27507f77e -> 0da61d9681b1, empty message
INFO  [alembic.runtime.migration] Running downgrade 0da61d9681b1 -> c2f46d74fb33, empty message
INFO  [alembic.runtime.migration] Running downgrade c2f46d74fb33 -> fe26d37d220f, Making Organisation optional
INFO  [alembic.runtime.migration] Running downgrade fe26d37d220f -> 0576cef39dd8, Adding category entities
INFO  [alembic.runtime.migration] Running downgrade 0576cef39dd8 -> a5b753b898f5, Adding Organisation entity
INFO  [alembic.runtime.migration] Running downgrade a5b753b898f5 -> 631f964e665f, Adding Grant and Allocation entities
INFO  [alembic.runtime.migration] Running downgrade 631f964e665f -> d919f20fe946, Adding Person and Participant entities
INFO  [alembic.runtime.migration] Running downgrade d919f20fe946 -> , Adding Project entity
]]>			</system-err>
		</testcase>
		<testcase classname="test_resource_projects.ProjectsResourceTestCase" file="tests/test_resource_projects.py" line="9" name="test_projects_list" time="0.373" timestamp="2023-01-26T17:02:48">
			<system-out>
<![CDATA[]]>			</system-out>
			<system-err>
<![CDATA[INFO  [alembic.runtime.migration] Context impl PostgresqlImpl.
INFO  [alembic.runtime.migration] Will assume transactional DDL.
INFO  [alembic.runtime.migration] Running upgrade  -> d919f20fe946, Adding Project entity
INFO  [alembic.runtime.migration] Running upgrade d919f20fe946 -> 631f964e665f, Adding Person and Participant entities
INFO  [alembic.runtime.migration] Running upgrade 631f964e665f -> a5b753b898f5, Adding Grant and Allocation entities
INFO  [alembic.runtime.migration] Running upgrade a5b753b898f5 -> 0576cef39dd8, Adding Organisation entity
INFO  [alembic.runtime.migration] Running upgrade 0576cef39dd8 -> fe26d37d220f, Adding category entities
INFO  [alembic.runtime.migration] Running upgrade fe26d37d220f -> c2f46d74fb33, Making Organisation optional
INFO  [alembic.runtime.migration] Running upgrade c2f46d74fb33 -> 0da61d9681b1, empty message
INFO  [alembic.runtime.migration] Running upgrade 0da61d9681b1 -> 5ac27507f77e, empty message
INFO  [alembic.runtime.migration] Running upgrade 5ac27507f77e -> 03eddf0b8e79, empty message
INFO  [alembic.runtime.migration] Context impl PostgresqlImpl.
INFO  [alembic.runtime.migration] Will assume transactional DDL.
INFO  [alembic.runtime.migration] Running downgrade 03eddf0b8e79 -> 5ac27507f77e, empty message
INFO  [alembic.runtime.migration] Running downgrade 5ac27507f77e -> 0da61d9681b1, empty message
INFO  [alembic.runtime.migration] Running downgrade 0da61d9681b1 -> c2f46d74fb33, empty message
INFO  [alembic.runtime.migration] Running downgrade c2f46d74fb33 -> fe26d37d220f, Making Organisation optional
INFO  [alembic.runtime.migration] Running downgrade fe26d37d220f -> 0576cef39dd8, Adding category entities
INFO  [alembic.runtime.migration] Running downgrade 0576cef39dd8 -> a5b753b898f5, Adding Organisation entity
INFO  [alembic.runtime.migration] Running downgrade a5b753b898f5 -> 631f964e665f, Adding Grant and Allocation entities
INFO  [alembic.runtime.migration] Running downgrade 631f964e665f -> d919f20fe946, Adding Person and Participant entities
INFO  [alembic.runtime.migration] Running downgrade d919f20fe946 -> , Adding Project entity
]]>			</system-err>
		</testcase>
		<testcase classname="test_resource_projects.ProjectsResourceTestCase" file="tests/test_resource_projects.py" line="1766" name="test_projects_participants" time="0.321" timestamp="2023-01-26T17:02:48">
			<system-out>
<![CDATA[]]>			</system-out>
			<system-err>
<![CDATA[INFO  [alembic.runtime.migration] Context impl PostgresqlImpl.
INFO  [alembic.runtime.migration] Will assume transactional DDL.
INFO  [alembic.runtime.migration] Running upgrade  -> d919f20fe946, Adding Project entity
INFO  [alembic.runtime.migration] Running upgrade d919f20fe946 -> 631f964e665f, Adding Person and Participant entities
INFO  [alembic.runtime.migration] Running upgrade 631f964e665f -> a5b753b898f5, Adding Grant and Allocation entities
INFO  [alembic.runtime.migration] Running upgrade a5b753b898f5 -> 0576cef39dd8, Adding Organisation entity
INFO  [alembic.runtime.migration] Running upgrade 0576cef39dd8 -> fe26d37d220f, Adding category entities
INFO  [alembic.runtime.migration] Running upgrade fe26d37d220f -> c2f46d74fb33, Making Organisation optional
INFO  [alembic.runtime.migration] Running upgrade c2f46d74fb33 -> 0da61d9681b1, empty message
INFO  [alembic.runtime.migration] Running upgrade 0da61d9681b1 -> 5ac27507f77e, empty message
INFO  [alembic.runtime.migration] Running upgrade 5ac27507f77e -> 03eddf0b8e79, empty message
INFO  [alembic.runtime.migration] Context impl PostgresqlImpl.
INFO  [alembic.runtime.migration] Will assume transactional DDL.
INFO  [alembic.runtime.migration] Running downgrade 03eddf0b8e79 -> 5ac27507f77e, empty message
INFO  [alembic.runtime.migration] Running downgrade 5ac27507f77e -> 0da61d9681b1, empty message
INFO  [alembic.runtime.migration] Running downgrade 0da61d9681b1 -> c2f46d74fb33, empty message
INFO  [alembic.runtime.migration] Running downgrade c2f46d74fb33 -> fe26d37d220f, Making Organisation optional
INFO  [alembic.runtime.migration] Running downgrade fe26d37d220f -> 0576cef39dd8, Adding category entities
INFO  [alembic.runtime.migration] Running downgrade 0576cef39dd8 -> a5b753b898f5, Adding Organisation entity
INFO  [alembic.runtime.migration] Running downgrade a5b753b898f5 -> 631f964e665f, Adding Grant and Allocation entities
INFO  [alembic.runtime.migration] Running downgrade 631f964e665f -> d919f20fe946, Adding Person and Participant entities
INFO  [alembic.runtime.migration] Running downgrade d919f20fe946 -> , Adding Project entity
]]>			</system-err>
		</testcase>
		<testcase classname="test_resource_projects.ProjectsResourceTestCase" file="tests/test_resource_projects.py" line="1642" name="test_projects_relationship_allocations" time="0.344" timestamp="2023-01-26T17:02:49">
			<system-out>
<![CDATA[]]>			</system-out>
			<system-err>
<![CDATA[INFO  [alembic.runtime.migration] Context impl PostgresqlImpl.
INFO  [alembic.runtime.migration] Will assume transactional DDL.
INFO  [alembic.runtime.migration] Running upgrade  -> d919f20fe946, Adding Project entity
INFO  [alembic.runtime.migration] Running upgrade d919f20fe946 -> 631f964e665f, Adding Person and Participant entities
INFO  [alembic.runtime.migration] Running upgrade 631f964e665f -> a5b753b898f5, Adding Grant and Allocation entities
INFO  [alembic.runtime.migration] Running upgrade a5b753b898f5 -> 0576cef39dd8, Adding Organisation entity
INFO  [alembic.runtime.migration] Running upgrade 0576cef39dd8 -> fe26d37d220f, Adding category entities
INFO  [alembic.runtime.migration] Running upgrade fe26d37d220f -> c2f46d74fb33, Making Organisation optional
INFO  [alembic.runtime.migration] Running upgrade c2f46d74fb33 -> 0da61d9681b1, empty message
INFO  [alembic.runtime.migration] Running upgrade 0da61d9681b1 -> 5ac27507f77e, empty message
INFO  [alembic.runtime.migration] Running upgrade 5ac27507f77e -> 03eddf0b8e79, empty message
INFO  [alembic.runtime.migration] Context impl PostgresqlImpl.
INFO  [alembic.runtime.migration] Will assume transactional DDL.
INFO  [alembic.runtime.migration] Running downgrade 03eddf0b8e79 -> 5ac27507f77e, empty message
INFO  [alembic.runtime.migration] Running downgrade 5ac27507f77e -> 0da61d9681b1, empty message
INFO  [alembic.runtime.migration] Running downgrade 0da61d9681b1 -> c2f46d74fb33, empty message
INFO  [alembic.runtime.migration] Running downgrade c2f46d74fb33 -> fe26d37d220f, Making Organisation optional
INFO  [alembic.runtime.migration] Running downgrade fe26d37d220f -> 0576cef39dd8, Adding category entities
INFO  [alembic.runtime.migration] Running downgrade 0576cef39dd8 -> a5b753b898f5, Adding Organisation entity
INFO  [alembic.runtime.migration] Running downgrade a5b753b898f5 -> 631f964e665f, Adding Grant and Allocation entities
INFO  [alembic.runtime.migration] Running downgrade 631f964e665f -> d919f20fe946, Adding Person and Participant entities
INFO  [alembic.runtime.migration] Running downgrade d919f20fe946 -> , Adding Project entity
]]>			</system-err>
		</testcase>
		<testcase classname="test_resource_projects.ProjectsResourceTestCase" file="tests/test_resource_projects.py" line="1694" name="test_projects_relationship_categorisations" time="0.314" timestamp="2023-01-26T17:02:49">
			<system-out>
<![CDATA[]]>			</system-out>
			<system-err>
<![CDATA[INFO  [alembic.runtime.migration] Context impl PostgresqlImpl.
INFO  [alembic.runtime.migration] Will assume transactional DDL.
INFO  [alembic.runtime.migration] Running upgrade  -> d919f20fe946, Adding Project entity
INFO  [alembic.runtime.migration] Running upgrade d919f20fe946 -> 631f964e665f, Adding Person and Participant entities
INFO  [alembic.runtime.migration] Running upgrade 631f964e665f -> a5b753b898f5, Adding Grant and Allocation entities
INFO  [alembic.runtime.migration] Running upgrade a5b753b898f5 -> 0576cef39dd8, Adding Organisation entity
INFO  [alembic.runtime.migration] Running upgrade 0576cef39dd8 -> fe26d37d220f, Adding category entities
INFO  [alembic.runtime.migration] Running upgrade fe26d37d220f -> c2f46d74fb33, Making Organisation optional
INFO  [alembic.runtime.migration] Running upgrade c2f46d74fb33 -> 0da61d9681b1, empty message
INFO  [alembic.runtime.migration] Running upgrade 0da61d9681b1 -> 5ac27507f77e, empty message
INFO  [alembic.runtime.migration] Running upgrade 5ac27507f77e -> 03eddf0b8e79, empty message
INFO  [alembic.runtime.migration] Context impl PostgresqlImpl.
INFO  [alembic.runtime.migration] Will assume transactional DDL.
INFO  [alembic.runtime.migration] Running downgrade 03eddf0b8e79 -> 5ac27507f77e, empty message
INFO  [alembic.runtime.migration] Running downgrade 5ac27507f77e -> 0da61d9681b1, empty message
INFO  [alembic.runtime.migration] Running downgrade 0da61d9681b1 -> c2f46d74fb33, empty message
INFO  [alembic.runtime.migration] Running downgrade c2f46d74fb33 -> fe26d37d220f, Making Organisation optional
INFO  [alembic.runtime.migration] Running downgrade fe26d37d220f -> 0576cef39dd8, Adding category entities
INFO  [alembic.runtime.migration] Running downgrade 0576cef39dd8 -> a5b753b898f5, Adding Organisation entity
INFO  [alembic.runtime.migration] Running downgrade a5b753b898f5 -> 631f964e665f, Adding Grant and Allocation entities
INFO  [alembic.runtime.migration] Running downgrade 631f964e665f -> d919f20fe946, Adding Person and Participant entities
INFO  [alembic.runtime.migration] Running downgrade d919f20fe946 -> , Adding Project entity
]]>			</system-err>
		</testcase>
		<testcase classname="test_resource_projects.ProjectsResourceTestCase" file="tests/test_resource_projects.py" line="1666" name="test_projects_relationship_participants" time="0.424" timestamp="2023-01-26T17:02:49">
			<system-out>
<![CDATA[]]>			</system-out>
			<system-err>
<![CDATA[INFO  [alembic.runtime.migration] Context impl PostgresqlImpl.
INFO  [alembic.runtime.migration] Will assume transactional DDL.
INFO  [alembic.runtime.migration] Running upgrade  -> d919f20fe946, Adding Project entity
INFO  [alembic.runtime.migration] Running upgrade d919f20fe946 -> 631f964e665f, Adding Person and Participant entities
INFO  [alembic.runtime.migration] Running upgrade 631f964e665f -> a5b753b898f5, Adding Grant and Allocation entities
INFO  [alembic.runtime.migration] Running upgrade a5b753b898f5 -> 0576cef39dd8, Adding Organisation entity
INFO  [alembic.runtime.migration] Running upgrade 0576cef39dd8 -> fe26d37d220f, Adding category entities
INFO  [alembic.runtime.migration] Running upgrade fe26d37d220f -> c2f46d74fb33, Making Organisation optional
INFO  [alembic.runtime.migration] Running upgrade c2f46d74fb33 -> 0da61d9681b1, empty message
INFO  [alembic.runtime.migration] Running upgrade 0da61d9681b1 -> 5ac27507f77e, empty message
INFO  [alembic.runtime.migration] Running upgrade 5ac27507f77e -> 03eddf0b8e79, empty message
INFO  [alembic.runtime.migration] Context impl PostgresqlImpl.
INFO  [alembic.runtime.migration] Will assume transactional DDL.
INFO  [alembic.runtime.migration] Running downgrade 03eddf0b8e79 -> 5ac27507f77e, empty message
INFO  [alembic.runtime.migration] Running downgrade 5ac27507f77e -> 0da61d9681b1, empty message
INFO  [alembic.runtime.migration] Running downgrade 0da61d9681b1 -> c2f46d74fb33, empty message
INFO  [alembic.runtime.migration] Running downgrade c2f46d74fb33 -> fe26d37d220f, Making Organisation optional
INFO  [alembic.runtime.migration] Running downgrade fe26d37d220f -> 0576cef39dd8, Adding category entities
INFO  [alembic.runtime.migration] Running downgrade 0576cef39dd8 -> a5b753b898f5, Adding Organisation entity
INFO  [alembic.runtime.migration] Running downgrade a5b753b898f5 -> 631f964e665f, Adding Grant and Allocation entities
INFO  [alembic.runtime.migration] Running downgrade 631f964e665f -> d919f20fe946, Adding Person and Participant entities
INFO  [alembic.runtime.migration] Running downgrade d919f20fe946 -> , Adding Project entity
]]>			</system-err>
		</testcase>
		<testcase classname="test_resource_projects.ProjectsResourceTestCase" file="tests/test_resource_projects.py" line="1625" name="test_projects_single_missing_unknown_id" time="0.344" timestamp="2023-01-26T17:02:50">
			<system-out>
<![CDATA[]]>			</system-out>
			<system-err>
<![CDATA[INFO  [alembic.runtime.migration] Context impl PostgresqlImpl.
INFO  [alembic.runtime.migration] Will assume transactional DDL.
INFO  [alembic.runtime.migration] Running upgrade  -> d919f20fe946, Adding Project entity
INFO  [alembic.runtime.migration] Running upgrade d919f20fe946 -> 631f964e665f, Adding Person and Participant entities
INFO  [alembic.runtime.migration] Running upgrade 631f964e665f -> a5b753b898f5, Adding Grant and Allocation entities
INFO  [alembic.runtime.migration] Running upgrade a5b753b898f5 -> 0576cef39dd8, Adding Organisation entity
INFO  [alembic.runtime.migration] Running upgrade 0576cef39dd8 -> fe26d37d220f, Adding category entities
INFO  [alembic.runtime.migration] Running upgrade fe26d37d220f -> c2f46d74fb33, Making Organisation optional
INFO  [alembic.runtime.migration] Running upgrade c2f46d74fb33 -> 0da61d9681b1, empty message
INFO  [alembic.runtime.migration] Running upgrade 0da61d9681b1 -> 5ac27507f77e, empty message
INFO  [alembic.runtime.migration] Running upgrade 5ac27507f77e -> 03eddf0b8e79, empty message
INFO  [alembic.runtime.migration] Context impl PostgresqlImpl.
INFO  [alembic.runtime.migration] Will assume transactional DDL.
INFO  [alembic.runtime.migration] Running downgrade 03eddf0b8e79 -> 5ac27507f77e, empty message
INFO  [alembic.runtime.migration] Running downgrade 5ac27507f77e -> 0da61d9681b1, empty message
INFO  [alembic.runtime.migration] Running downgrade 0da61d9681b1 -> c2f46d74fb33, empty message
INFO  [alembic.runtime.migration] Running downgrade c2f46d74fb33 -> fe26d37d220f, Making Organisation optional
INFO  [alembic.runtime.migration] Running downgrade fe26d37d220f -> 0576cef39dd8, Adding category entities
INFO  [alembic.runtime.migration] Running downgrade 0576cef39dd8 -> a5b753b898f5, Adding Organisation entity
INFO  [alembic.runtime.migration] Running downgrade a5b753b898f5 -> 631f964e665f, Adding Grant and Allocation entities
INFO  [alembic.runtime.migration] Running downgrade 631f964e665f -> d919f20fe946, Adding Person and Participant entities
INFO  [alembic.runtime.migration] Running downgrade d919f20fe946 -> , Adding Project entity
]]>			</system-err>
		</testcase>
	</testsuite>
</testsuites>
