<?xml version="1.0" encoding="UTF-8"?>
<testsuites>
	<testsuite name="test_app.AppTestCase-20240408140327" tests="2" file="test_app.py" time="0.138" timestamp="2024-04-08T14:03:27" failures="0" errors="0" skipped="0">
		<testcase classname="test_app.AppTestCase" name="test_app_exists" time="0.076" timestamp="2024-04-08T14:03:27" file="tests/test_app.py" line="11"/>
		<testcase classname="test_app.AppTestCase" name="test_app_is_testing" time="0.062" timestamp="2024-04-08T14:03:27" file="tests/test_app.py" line="14"/>
	</testsuite>
	<testsuite name="test_app.RouteIndexTestCase-20240408140327" tests="1" file="test_app.py" time="0.092" timestamp="2024-04-08T14:03:27" failures="0" errors="0" skipped="0">
		<testcase classname="test_app.RouteIndexTestCase" name="test_index_route" time="0.092" timestamp="2024-04-08T14:03:27" file="tests/test_app.py" line="19"/>
	</testsuite>
	<testsuite name="test_app.RouteMetaTestCase-20240408140327" tests="2" file="test_app.py" time="0.086" timestamp="2024-04-08T14:03:27" failures="0" errors="0" skipped="0">
		<testcase classname="test_app.RouteMetaTestCase" name="test_meta_healthcheck_canary_failure_db" time="0.036" timestamp="2024-04-08T14:03:27" file="tests/test_app.py" line="54"/>
		<testcase classname="test_app.RouteMetaTestCase" name="test_meta_healthcheck_canary_success" time="0.050" timestamp="2024-04-08T14:03:27" file="tests/test_app.py" line="36"/>
	</testsuite>
	<testsuite name="test_commands.ImportCommandTestCase-20240408140327" tests="3" file="test_commands.py" time="0.847" timestamp="2024-04-08T14:03:28" failures="0" errors="0" skipped="1">
		<testcase classname="test_commands.ImportCommandTestCase" name="test_import_categories_from_file" time="0.290" timestamp="2024-04-08T14:03:28" file="tests/test_commands.py" line="26">
			<system-err><![CDATA[INFO  [alembic.runtime.migration] Context impl PostgresqlImpl.
INFO  [alembic.runtime.migration] Will assume transactional DDL.
INFO  [alembic.runtime.migration] Running upgrade  -> d919f20fe946, Adding Project entity
INFO  [alembic.runtime.migration] Running upgrade d919f20fe946 -> 631f964e665f, Adding Person and Participant entities
INFO  [alembic.runtime.migration] Running upgrade 631f964e665f -> a5b753b898f5, Adding Grant and Allocation entities
INFO  [alembic.runtime.migration] Running upgrade a5b753b898f5 -> 0576cef39dd8, Adding Organisation entity
INFO  [alembic.runtime.migration] Running upgrade 0576cef39dd8 -> fe26d37d220f, Adding category entities
INFO  [alembic.runtime.migration] Running upgrade fe26d37d220f -> c2f46d74fb33, Making Organisation optional
INFO  [alembic.runtime.migration] Running upgrade c2f46d74fb33 -> 0da61d9681b1, empty message
INFO  [alembic.runtime.migration] Running upgrade 0da61d9681b1 -> 5ac27507f77e, empty message
INFO  [alembic.runtime.migration] Running upgrade 5ac27507f77e -> 03eddf0b8e79, empty message
INFO  [alembic.runtime.migration] Running upgrade 03eddf0b8e79 -> 1b4a4527430b, empty message
INFO  [alembic.runtime.migration] Context impl PostgresqlImpl.
INFO  [alembic.runtime.migration] Will assume transactional DDL.
INFO  [alembic.runtime.migration] Running downgrade 1b4a4527430b -> 03eddf0b8e79, empty message
INFO  [alembic.runtime.migration] Running downgrade 03eddf0b8e79 -> 5ac27507f77e, empty message
INFO  [alembic.runtime.migration] Running downgrade 5ac27507f77e -> 0da61d9681b1, empty message
INFO  [alembic.runtime.migration] Running downgrade 0da61d9681b1 -> c2f46d74fb33, empty message
INFO  [alembic.runtime.migration] Running downgrade c2f46d74fb33 -> fe26d37d220f, Making Organisation optional
INFO  [alembic.runtime.migration] Running downgrade fe26d37d220f -> 0576cef39dd8, Adding category entities
INFO  [alembic.runtime.migration] Running downgrade 0576cef39dd8 -> a5b753b898f5, Adding Organisation entity
INFO  [alembic.runtime.migration] Running downgrade a5b753b898f5 -> 631f964e665f, Adding Grant and Allocation entities
INFO  [alembic.runtime.migration] Running downgrade 631f964e665f -> d919f20fe946, Adding Person and Participant entities
INFO  [alembic.runtime.migration] Running downgrade d919f20fe946 -> , Adding Project entity
]]></system-err>
		</testcase>
		<testcase classname="test_commands.ImportCommandTestCase" name="test_import_organisations_from_file" time="0.293" timestamp="2024-04-08T14:03:28" file="tests/test_commands.py" line="30">
			<system-err><![CDATA[INFO  [alembic.runtime.migration] Context impl PostgresqlImpl.
INFO  [alembic.runtime.migration] Will assume transactional DDL.
INFO  [alembic.runtime.migration] Running upgrade  -> d919f20fe946, Adding Project entity
INFO  [alembic.runtime.migration] Running upgrade d919f20fe946 -> 631f964e665f, Adding Person and Participant entities
INFO  [alembic.runtime.migration] Running upgrade 631f964e665f -> a5b753b898f5, Adding Grant and Allocation entities
INFO  [alembic.runtime.migration] Running upgrade a5b753b898f5 -> 0576cef39dd8, Adding Organisation entity
INFO  [alembic.runtime.migration] Running upgrade 0576cef39dd8 -> fe26d37d220f, Adding category entities
INFO  [alembic.runtime.migration] Running upgrade fe26d37d220f -> c2f46d74fb33, Making Organisation optional
INFO  [alembic.runtime.migration] Running upgrade c2f46d74fb33 -> 0da61d9681b1, empty message
INFO  [alembic.runtime.migration] Running upgrade 0da61d9681b1 -> 5ac27507f77e, empty message
INFO  [alembic.runtime.migration] Running upgrade 5ac27507f77e -> 03eddf0b8e79, empty message
INFO  [alembic.runtime.migration] Running upgrade 03eddf0b8e79 -> 1b4a4527430b, empty message
INFO  [alembic.runtime.migration] Context impl PostgresqlImpl.
INFO  [alembic.runtime.migration] Will assume transactional DDL.
INFO  [alembic.runtime.migration] Running downgrade 1b4a4527430b -> 03eddf0b8e79, empty message
INFO  [alembic.runtime.migration] Running downgrade 03eddf0b8e79 -> 5ac27507f77e, empty message
INFO  [alembic.runtime.migration] Running downgrade 5ac27507f77e -> 0da61d9681b1, empty message
INFO  [alembic.runtime.migration] Running downgrade 0da61d9681b1 -> c2f46d74fb33, empty message
INFO  [alembic.runtime.migration] Running downgrade c2f46d74fb33 -> fe26d37d220f, Making Organisation optional
INFO  [alembic.runtime.migration] Running downgrade fe26d37d220f -> 0576cef39dd8, Adding category entities
INFO  [alembic.runtime.migration] Running downgrade 0576cef39dd8 -> a5b753b898f5, Adding Organisation entity
INFO  [alembic.runtime.migration] Running downgrade a5b753b898f5 -> 631f964e665f, Adding Grant and Allocation entities
INFO  [alembic.runtime.migration] Running downgrade 631f964e665f -> d919f20fe946, Adding Person and Participant entities
INFO  [alembic.runtime.migration] Running downgrade d919f20fe946 -> , Adding Project entity
]]></system-err>
		</testcase>
		<testcase classname="test_commands.ImportCommandTestCase" name="test_import_grant_from_gtr" time="0.264" timestamp="2024-04-08T14:03:28" file="tests/test_commands.py" line="34">
			<skipped type="skip" message="We know this works, running manually works just fine. However due to the way the program outputs the result, itâ€™s not easy to test with assertIn. Equally testing that the record exists in the database is also not working for some unknown reason. This test will be re-instated later but for now we need to progress"/>
			<system-err><![CDATA[INFO  [alembic.runtime.migration] Context impl PostgresqlImpl.
INFO  [alembic.runtime.migration] Will assume transactional DDL.
INFO  [alembic.runtime.migration] Running upgrade  -> d919f20fe946, Adding Project entity
INFO  [alembic.runtime.migration] Running upgrade d919f20fe946 -> 631f964e665f, Adding Person and Participant entities
INFO  [alembic.runtime.migration] Running upgrade 631f964e665f -> a5b753b898f5, Adding Grant and Allocation entities
INFO  [alembic.runtime.migration] Running upgrade a5b753b898f5 -> 0576cef39dd8, Adding Organisation entity
INFO  [alembic.runtime.migration] Running upgrade 0576cef39dd8 -> fe26d37d220f, Adding category entities
INFO  [alembic.runtime.migration] Running upgrade fe26d37d220f -> c2f46d74fb33, Making Organisation optional
INFO  [alembic.runtime.migration] Running upgrade c2f46d74fb33 -> 0da61d9681b1, empty message
INFO  [alembic.runtime.migration] Running upgrade 0da61d9681b1 -> 5ac27507f77e, empty message
INFO  [alembic.runtime.migration] Running upgrade 5ac27507f77e -> 03eddf0b8e79, empty message
INFO  [alembic.runtime.migration] Running upgrade 03eddf0b8e79 -> 1b4a4527430b, empty message
INFO  [alembic.runtime.migration] Context impl PostgresqlImpl.
INFO  [alembic.runtime.migration] Will assume transactional DDL.
INFO  [alembic.runtime.migration] Running downgrade 1b4a4527430b -> 03eddf0b8e79, empty message
INFO  [alembic.runtime.migration] Running downgrade 03eddf0b8e79 -> 5ac27507f77e, empty message
INFO  [alembic.runtime.migration] Running downgrade 5ac27507f77e -> 0da61d9681b1, empty message
INFO  [alembic.runtime.migration] Running downgrade 0da61d9681b1 -> c2f46d74fb33, empty message
INFO  [alembic.runtime.migration] Running downgrade c2f46d74fb33 -> fe26d37d220f, Making Organisation optional
INFO  [alembic.runtime.migration] Running downgrade fe26d37d220f -> 0576cef39dd8, Adding category entities
INFO  [alembic.runtime.migration] Running downgrade 0576cef39dd8 -> a5b753b898f5, Adding Organisation entity
INFO  [alembic.runtime.migration] Running downgrade a5b753b898f5 -> 631f964e665f, Adding Grant and Allocation entities
INFO  [alembic.runtime.migration] Running downgrade 631f964e665f -> d919f20fe946, Adding Person and Participant entities
INFO  [alembic.runtime.migration] Running downgrade d919f20fe946 -> , Adding Project entity
]]></system-err>
		</testcase>
	</testsuite>
	<testsuite name="test_commands.InbuiltCommandsTestCase-20240408140327" tests="1" file="test_commands.py" time="0.217" timestamp="2024-04-08T14:03:28" failures="0" errors="0" skipped="0">
		<testcase classname="test_commands.InbuiltCommandsTestCase" name="test_help" time="0.217" timestamp="2024-04-08T14:03:28" file="tests/test_commands.py" line="6">
			<system-err><![CDATA[INFO  [alembic.runtime.migration] Context impl PostgresqlImpl.
INFO  [alembic.runtime.migration] Will assume transactional DDL.
INFO  [alembic.runtime.migration] Running upgrade  -> d919f20fe946, Adding Project entity
INFO  [alembic.runtime.migration] Running upgrade d919f20fe946 -> 631f964e665f, Adding Person and Participant entities
INFO  [alembic.runtime.migration] Running upgrade 631f964e665f -> a5b753b898f5, Adding Grant and Allocation entities
INFO  [alembic.runtime.migration] Running upgrade a5b753b898f5 -> 0576cef39dd8, Adding Organisation entity
INFO  [alembic.runtime.migration] Running upgrade 0576cef39dd8 -> fe26d37d220f, Adding category entities
INFO  [alembic.runtime.migration] Running upgrade fe26d37d220f -> c2f46d74fb33, Making Organisation optional
INFO  [alembic.runtime.migration] Running upgrade c2f46d74fb33 -> 0da61d9681b1, empty message
INFO  [alembic.runtime.migration] Running upgrade 0da61d9681b1 -> 5ac27507f77e, empty message
INFO  [alembic.runtime.migration] Running upgrade 5ac27507f77e -> 03eddf0b8e79, empty message
INFO  [alembic.runtime.migration] Running upgrade 03eddf0b8e79 -> 1b4a4527430b, empty message
INFO  [alembic.runtime.migration] Context impl PostgresqlImpl.
INFO  [alembic.runtime.migration] Will assume transactional DDL.
INFO  [alembic.runtime.migration] Running downgrade 1b4a4527430b -> 03eddf0b8e79, empty message
INFO  [alembic.runtime.migration] Running downgrade 03eddf0b8e79 -> 5ac27507f77e, empty message
INFO  [alembic.runtime.migration] Running downgrade 5ac27507f77e -> 0da61d9681b1, empty message
INFO  [alembic.runtime.migration] Running downgrade 0da61d9681b1 -> c2f46d74fb33, empty message
INFO  [alembic.runtime.migration] Running downgrade c2f46d74fb33 -> fe26d37d220f, Making Organisation optional
INFO  [alembic.runtime.migration] Running downgrade fe26d37d220f -> 0576cef39dd8, Adding category entities
INFO  [alembic.runtime.migration] Running downgrade 0576cef39dd8 -> a5b753b898f5, Adding Organisation entity
INFO  [alembic.runtime.migration] Running downgrade a5b753b898f5 -> 631f964e665f, Adding Grant and Allocation entities
INFO  [alembic.runtime.migration] Running downgrade 631f964e665f -> d919f20fe946, Adding Person and Participant entities
INFO  [alembic.runtime.migration] Running downgrade d919f20fe946 -> , Adding Project entity
]]></system-err>
		</testcase>
	</testsuite>
	<testsuite name="test_commands.SeedingCommandTestCase-20240408140327" tests="1" file="test_commands.py" time="0.332" timestamp="2024-04-08T14:03:29" failures="0" errors="0" skipped="0">
		<testcase classname="test_commands.SeedingCommandTestCase" name="test_seeding_predictable" time="0.332" timestamp="2024-04-08T14:03:29" file="tests/test_commands.py" line="12">
			<system-err><![CDATA[INFO  [alembic.runtime.migration] Context impl PostgresqlImpl.
INFO  [alembic.runtime.migration] Will assume transactional DDL.
INFO  [alembic.runtime.migration] Running upgrade  -> d919f20fe946, Adding Project entity
INFO  [alembic.runtime.migration] Running upgrade d919f20fe946 -> 631f964e665f, Adding Person and Participant entities
INFO  [alembic.runtime.migration] Running upgrade 631f964e665f -> a5b753b898f5, Adding Grant and Allocation entities
INFO  [alembic.runtime.migration] Running upgrade a5b753b898f5 -> 0576cef39dd8, Adding Organisation entity
INFO  [alembic.runtime.migration] Running upgrade 0576cef39dd8 -> fe26d37d220f, Adding category entities
INFO  [alembic.runtime.migration] Running upgrade fe26d37d220f -> c2f46d74fb33, Making Organisation optional
INFO  [alembic.runtime.migration] Running upgrade c2f46d74fb33 -> 0da61d9681b1, empty message
INFO  [alembic.runtime.migration] Running upgrade 0da61d9681b1 -> 5ac27507f77e, empty message
INFO  [alembic.runtime.migration] Running upgrade 5ac27507f77e -> 03eddf0b8e79, empty message
INFO  [alembic.runtime.migration] Running upgrade 03eddf0b8e79 -> 1b4a4527430b, empty message
INFO  [alembic.runtime.migration] Context impl PostgresqlImpl.
INFO  [alembic.runtime.migration] Will assume transactional DDL.
INFO  [alembic.runtime.migration] Running downgrade 1b4a4527430b -> 03eddf0b8e79, empty message
INFO  [alembic.runtime.migration] Running downgrade 03eddf0b8e79 -> 5ac27507f77e, empty message
INFO  [alembic.runtime.migration] Running downgrade 5ac27507f77e -> 0da61d9681b1, empty message
INFO  [alembic.runtime.migration] Running downgrade 0da61d9681b1 -> c2f46d74fb33, empty message
INFO  [alembic.runtime.migration] Running downgrade c2f46d74fb33 -> fe26d37d220f, Making Organisation optional
INFO  [alembic.runtime.migration] Running downgrade fe26d37d220f -> 0576cef39dd8, Adding category entities
INFO  [alembic.runtime.migration] Running downgrade 0576cef39dd8 -> a5b753b898f5, Adding Organisation entity
INFO  [alembic.runtime.migration] Running downgrade a5b753b898f5 -> 631f964e665f, Adding Grant and Allocation entities
INFO  [alembic.runtime.migration] Running downgrade 631f964e665f -> d919f20fe946, Adding Person and Participant entities
INFO  [alembic.runtime.migration] Running downgrade d919f20fe946 -> , Adding Project entity
]]></system-err>
		</testcase>
	</testsuite>
	<testsuite name="test_resource_allocations.PeopleResourceTestCase-20240408140327" tests="7" file="test_resource_allocations.py" time="2.953" timestamp="2024-04-08T14:03:32" failures="0" errors="0" skipped="0">
		<testcase classname="test_resource_allocations.PeopleResourceTestCase" name="test_allocations_detail" time="0.391" timestamp="2024-04-08T14:03:29" file="tests/test_resource_allocations.py" line="411">
			<system-err><![CDATA[INFO  [alembic.runtime.migration] Context impl PostgresqlImpl.
INFO  [alembic.runtime.migration] Will assume transactional DDL.
INFO  [alembic.runtime.migration] Running upgrade  -> d919f20fe946, Adding Project entity
INFO  [alembic.runtime.migration] Running upgrade d919f20fe946 -> 631f964e665f, Adding Person and Participant entities
INFO  [alembic.runtime.migration] Running upgrade 631f964e665f -> a5b753b898f5, Adding Grant and Allocation entities
INFO  [alembic.runtime.migration] Running upgrade a5b753b898f5 -> 0576cef39dd8, Adding Organisation entity
INFO  [alembic.runtime.migration] Running upgrade 0576cef39dd8 -> fe26d37d220f, Adding category entities
INFO  [alembic.runtime.migration] Running upgrade fe26d37d220f -> c2f46d74fb33, Making Organisation optional
INFO  [alembic.runtime.migration] Running upgrade c2f46d74fb33 -> 0da61d9681b1, empty message
INFO  [alembic.runtime.migration] Running upgrade 0da61d9681b1 -> 5ac27507f77e, empty message
INFO  [alembic.runtime.migration] Running upgrade 5ac27507f77e -> 03eddf0b8e79, empty message
INFO  [alembic.runtime.migration] Running upgrade 03eddf0b8e79 -> 1b4a4527430b, empty message
INFO  [alembic.runtime.migration] Context impl PostgresqlImpl.
INFO  [alembic.runtime.migration] Will assume transactional DDL.
INFO  [alembic.runtime.migration] Running downgrade 1b4a4527430b -> 03eddf0b8e79, empty message
INFO  [alembic.runtime.migration] Running downgrade 03eddf0b8e79 -> 5ac27507f77e, empty message
INFO  [alembic.runtime.migration] Running downgrade 5ac27507f77e -> 0da61d9681b1, empty message
INFO  [alembic.runtime.migration] Running downgrade 0da61d9681b1 -> c2f46d74fb33, empty message
INFO  [alembic.runtime.migration] Running downgrade c2f46d74fb33 -> fe26d37d220f, Making Organisation optional
INFO  [alembic.runtime.migration] Running downgrade fe26d37d220f -> 0576cef39dd8, Adding category entities
INFO  [alembic.runtime.migration] Running downgrade 0576cef39dd8 -> a5b753b898f5, Adding Organisation entity
INFO  [alembic.runtime.migration] Running downgrade a5b753b898f5 -> 631f964e665f, Adding Grant and Allocation entities
INFO  [alembic.runtime.migration] Running downgrade 631f964e665f -> d919f20fe946, Adding Person and Participant entities
INFO  [alembic.runtime.migration] Running downgrade d919f20fe946 -> , Adding Project entity
]]></system-err>
		</testcase>
		<testcase classname="test_resource_allocations.PeopleResourceTestCase" name="test_allocations_grants" time="0.412" timestamp="2024-04-08T14:03:30" file="tests/test_resource_allocations.py" line="725">
			<system-err><![CDATA[INFO  [alembic.runtime.migration] Context impl PostgresqlImpl.
INFO  [alembic.runtime.migration] Will assume transactional DDL.
INFO  [alembic.runtime.migration] Running upgrade  -> d919f20fe946, Adding Project entity
INFO  [alembic.runtime.migration] Running upgrade d919f20fe946 -> 631f964e665f, Adding Person and Participant entities
INFO  [alembic.runtime.migration] Running upgrade 631f964e665f -> a5b753b898f5, Adding Grant and Allocation entities
INFO  [alembic.runtime.migration] Running upgrade a5b753b898f5 -> 0576cef39dd8, Adding Organisation entity
INFO  [alembic.runtime.migration] Running upgrade 0576cef39dd8 -> fe26d37d220f, Adding category entities
INFO  [alembic.runtime.migration] Running upgrade fe26d37d220f -> c2f46d74fb33, Making Organisation optional
INFO  [alembic.runtime.migration] Running upgrade c2f46d74fb33 -> 0da61d9681b1, empty message
INFO  [alembic.runtime.migration] Running upgrade 0da61d9681b1 -> 5ac27507f77e, empty message
INFO  [alembic.runtime.migration] Running upgrade 5ac27507f77e -> 03eddf0b8e79, empty message
INFO  [alembic.runtime.migration] Running upgrade 03eddf0b8e79 -> 1b4a4527430b, empty message
INFO  [alembic.runtime.migration] Context impl PostgresqlImpl.
INFO  [alembic.runtime.migration] Will assume transactional DDL.
INFO  [alembic.runtime.migration] Running downgrade 1b4a4527430b -> 03eddf0b8e79, empty message
INFO  [alembic.runtime.migration] Running downgrade 03eddf0b8e79 -> 5ac27507f77e, empty message
INFO  [alembic.runtime.migration] Running downgrade 5ac27507f77e -> 0da61d9681b1, empty message
INFO  [alembic.runtime.migration] Running downgrade 0da61d9681b1 -> c2f46d74fb33, empty message
INFO  [alembic.runtime.migration] Running downgrade c2f46d74fb33 -> fe26d37d220f, Making Organisation optional
INFO  [alembic.runtime.migration] Running downgrade fe26d37d220f -> 0576cef39dd8, Adding category entities
INFO  [alembic.runtime.migration] Running downgrade 0576cef39dd8 -> a5b753b898f5, Adding Organisation entity
INFO  [alembic.runtime.migration] Running downgrade a5b753b898f5 -> 631f964e665f, Adding Grant and Allocation entities
INFO  [alembic.runtime.migration] Running downgrade 631f964e665f -> d919f20fe946, Adding Person and Participant entities
INFO  [alembic.runtime.migration] Running downgrade d919f20fe946 -> , Adding Project entity
]]></system-err>
		</testcase>
		<testcase classname="test_resource_allocations.PeopleResourceTestCase" name="test_allocations_list" time="0.486" timestamp="2024-04-08T14:03:30" file="tests/test_resource_allocations.py" line="9">
			<system-err><![CDATA[INFO  [alembic.runtime.migration] Context impl PostgresqlImpl.
INFO  [alembic.runtime.migration] Will assume transactional DDL.
INFO  [alembic.runtime.migration] Running upgrade  -> d919f20fe946, Adding Project entity
INFO  [alembic.runtime.migration] Running upgrade d919f20fe946 -> 631f964e665f, Adding Person and Participant entities
INFO  [alembic.runtime.migration] Running upgrade 631f964e665f -> a5b753b898f5, Adding Grant and Allocation entities
INFO  [alembic.runtime.migration] Running upgrade a5b753b898f5 -> 0576cef39dd8, Adding Organisation entity
INFO  [alembic.runtime.migration] Running upgrade 0576cef39dd8 -> fe26d37d220f, Adding category entities
INFO  [alembic.runtime.migration] Running upgrade fe26d37d220f -> c2f46d74fb33, Making Organisation optional
INFO  [alembic.runtime.migration] Running upgrade c2f46d74fb33 -> 0da61d9681b1, empty message
INFO  [alembic.runtime.migration] Running upgrade 0da61d9681b1 -> 5ac27507f77e, empty message
INFO  [alembic.runtime.migration] Running upgrade 5ac27507f77e -> 03eddf0b8e79, empty message
INFO  [alembic.runtime.migration] Running upgrade 03eddf0b8e79 -> 1b4a4527430b, empty message
INFO  [alembic.runtime.migration] Context impl PostgresqlImpl.
INFO  [alembic.runtime.migration] Will assume transactional DDL.
INFO  [alembic.runtime.migration] Running downgrade 1b4a4527430b -> 03eddf0b8e79, empty message
INFO  [alembic.runtime.migration] Running downgrade 03eddf0b8e79 -> 5ac27507f77e, empty message
INFO  [alembic.runtime.migration] Running downgrade 5ac27507f77e -> 0da61d9681b1, empty message
INFO  [alembic.runtime.migration] Running downgrade 0da61d9681b1 -> c2f46d74fb33, empty message
INFO  [alembic.runtime.migration] Running downgrade c2f46d74fb33 -> fe26d37d220f, Making Organisation optional
INFO  [alembic.runtime.migration] Running downgrade fe26d37d220f -> 0576cef39dd8, Adding category entities
INFO  [alembic.runtime.migration] Running downgrade 0576cef39dd8 -> a5b753b898f5, Adding Organisation entity
INFO  [alembic.runtime.migration] Running downgrade a5b753b898f5 -> 631f964e665f, Adding Grant and Allocation entities
INFO  [alembic.runtime.migration] Running downgrade 631f964e665f -> d919f20fe946, Adding Person and Participant entities
INFO  [alembic.runtime.migration] Running downgrade d919f20fe946 -> , Adding Project entity
]]></system-err>
		</testcase>
		<testcase classname="test_resource_allocations.PeopleResourceTestCase" name="test_allocations_projects" time="0.391" timestamp="2024-04-08T14:03:30" file="tests/test_resource_allocations.py" line="829">
			<system-err><![CDATA[INFO  [alembic.runtime.migration] Context impl PostgresqlImpl.
INFO  [alembic.runtime.migration] Will assume transactional DDL.
INFO  [alembic.runtime.migration] Running upgrade  -> d919f20fe946, Adding Project entity
INFO  [alembic.runtime.migration] Running upgrade d919f20fe946 -> 631f964e665f, Adding Person and Participant entities
INFO  [alembic.runtime.migration] Running upgrade 631f964e665f -> a5b753b898f5, Adding Grant and Allocation entities
INFO  [alembic.runtime.migration] Running upgrade a5b753b898f5 -> 0576cef39dd8, Adding Organisation entity
INFO  [alembic.runtime.migration] Running upgrade 0576cef39dd8 -> fe26d37d220f, Adding category entities
INFO  [alembic.runtime.migration] Running upgrade fe26d37d220f -> c2f46d74fb33, Making Organisation optional
INFO  [alembic.runtime.migration] Running upgrade c2f46d74fb33 -> 0da61d9681b1, empty message
INFO  [alembic.runtime.migration] Running upgrade 0da61d9681b1 -> 5ac27507f77e, empty message
INFO  [alembic.runtime.migration] Running upgrade 5ac27507f77e -> 03eddf0b8e79, empty message
INFO  [alembic.runtime.migration] Running upgrade 03eddf0b8e79 -> 1b4a4527430b, empty message
INFO  [alembic.runtime.migration] Context impl PostgresqlImpl.
INFO  [alembic.runtime.migration] Will assume transactional DDL.
INFO  [alembic.runtime.migration] Running downgrade 1b4a4527430b -> 03eddf0b8e79, empty message
INFO  [alembic.runtime.migration] Running downgrade 03eddf0b8e79 -> 5ac27507f77e, empty message
INFO  [alembic.runtime.migration] Running downgrade 5ac27507f77e -> 0da61d9681b1, empty message
INFO  [alembic.runtime.migration] Running downgrade 0da61d9681b1 -> c2f46d74fb33, empty message
INFO  [alembic.runtime.migration] Running downgrade c2f46d74fb33 -> fe26d37d220f, Making Organisation optional
INFO  [alembic.runtime.migration] Running downgrade fe26d37d220f -> 0576cef39dd8, Adding category entities
INFO  [alembic.runtime.migration] Running downgrade 0576cef39dd8 -> a5b753b898f5, Adding Organisation entity
INFO  [alembic.runtime.migration] Running downgrade a5b753b898f5 -> 631f964e665f, Adding Grant and Allocation entities
INFO  [alembic.runtime.migration] Running downgrade 631f964e665f -> d919f20fe946, Adding Person and Participant entities
INFO  [alembic.runtime.migration] Running downgrade d919f20fe946 -> , Adding Project entity
]]></system-err>
		</testcase>
		<testcase classname="test_resource_allocations.PeopleResourceTestCase" name="test_allocations_relationship_grants" time="0.427" timestamp="2024-04-08T14:03:31" file="tests/test_resource_allocations.py" line="681">
			<system-err><![CDATA[INFO  [alembic.runtime.migration] Context impl PostgresqlImpl.
INFO  [alembic.runtime.migration] Will assume transactional DDL.
INFO  [alembic.runtime.migration] Running upgrade  -> d919f20fe946, Adding Project entity
INFO  [alembic.runtime.migration] Running upgrade d919f20fe946 -> 631f964e665f, Adding Person and Participant entities
INFO  [alembic.runtime.migration] Running upgrade 631f964e665f -> a5b753b898f5, Adding Grant and Allocation entities
INFO  [alembic.runtime.migration] Running upgrade a5b753b898f5 -> 0576cef39dd8, Adding Organisation entity
INFO  [alembic.runtime.migration] Running upgrade 0576cef39dd8 -> fe26d37d220f, Adding category entities
INFO  [alembic.runtime.migration] Running upgrade fe26d37d220f -> c2f46d74fb33, Making Organisation optional
INFO  [alembic.runtime.migration] Running upgrade c2f46d74fb33 -> 0da61d9681b1, empty message
INFO  [alembic.runtime.migration] Running upgrade 0da61d9681b1 -> 5ac27507f77e, empty message
INFO  [alembic.runtime.migration] Running upgrade 5ac27507f77e -> 03eddf0b8e79, empty message
INFO  [alembic.runtime.migration] Running upgrade 03eddf0b8e79 -> 1b4a4527430b, empty message
INFO  [alembic.runtime.migration] Context impl PostgresqlImpl.
INFO  [alembic.runtime.migration] Will assume transactional DDL.
INFO  [alembic.runtime.migration] Running downgrade 1b4a4527430b -> 03eddf0b8e79, empty message
INFO  [alembic.runtime.migration] Running downgrade 03eddf0b8e79 -> 5ac27507f77e, empty message
INFO  [alembic.runtime.migration] Running downgrade 5ac27507f77e -> 0da61d9681b1, empty message
INFO  [alembic.runtime.migration] Running downgrade 0da61d9681b1 -> c2f46d74fb33, empty message
INFO  [alembic.runtime.migration] Running downgrade c2f46d74fb33 -> fe26d37d220f, Making Organisation optional
INFO  [alembic.runtime.migration] Running downgrade fe26d37d220f -> 0576cef39dd8, Adding category entities
INFO  [alembic.runtime.migration] Running downgrade 0576cef39dd8 -> a5b753b898f5, Adding Organisation entity
INFO  [alembic.runtime.migration] Running downgrade a5b753b898f5 -> 631f964e665f, Adding Grant and Allocation entities
INFO  [alembic.runtime.migration] Running downgrade 631f964e665f -> d919f20fe946, Adding Person and Participant entities
INFO  [alembic.runtime.migration] Running downgrade d919f20fe946 -> , Adding Project entity
]]></system-err>
		</testcase>
		<testcase classname="test_resource_allocations.PeopleResourceTestCase" name="test_allocations_relationship_projects" time="0.417" timestamp="2024-04-08T14:03:31" file="tests/test_resource_allocations.py" line="703">
			<system-err><![CDATA[INFO  [alembic.runtime.migration] Context impl PostgresqlImpl.
INFO  [alembic.runtime.migration] Will assume transactional DDL.
INFO  [alembic.runtime.migration] Running upgrade  -> d919f20fe946, Adding Project entity
INFO  [alembic.runtime.migration] Running upgrade d919f20fe946 -> 631f964e665f, Adding Person and Participant entities
INFO  [alembic.runtime.migration] Running upgrade 631f964e665f -> a5b753b898f5, Adding Grant and Allocation entities
INFO  [alembic.runtime.migration] Running upgrade a5b753b898f5 -> 0576cef39dd8, Adding Organisation entity
INFO  [alembic.runtime.migration] Running upgrade 0576cef39dd8 -> fe26d37d220f, Adding category entities
INFO  [alembic.runtime.migration] Running upgrade fe26d37d220f -> c2f46d74fb33, Making Organisation optional
INFO  [alembic.runtime.migration] Running upgrade c2f46d74fb33 -> 0da61d9681b1, empty message
INFO  [alembic.runtime.migration] Running upgrade 0da61d9681b1 -> 5ac27507f77e, empty message
INFO  [alembic.runtime.migration] Running upgrade 5ac27507f77e -> 03eddf0b8e79, empty message
INFO  [alembic.runtime.migration] Running upgrade 03eddf0b8e79 -> 1b4a4527430b, empty message
INFO  [alembic.runtime.migration] Context impl PostgresqlImpl.
INFO  [alembic.runtime.migration] Will assume transactional DDL.
INFO  [alembic.runtime.migration] Running downgrade 1b4a4527430b -> 03eddf0b8e79, empty message
INFO  [alembic.runtime.migration] Running downgrade 03eddf0b8e79 -> 5ac27507f77e, empty message
INFO  [alembic.runtime.migration] Running downgrade 5ac27507f77e -> 0da61d9681b1, empty message
INFO  [alembic.runtime.migration] Running downgrade 0da61d9681b1 -> c2f46d74fb33, empty message
INFO  [alembic.runtime.migration] Running downgrade c2f46d74fb33 -> fe26d37d220f, Making Organisation optional
INFO  [alembic.runtime.migration] Running downgrade fe26d37d220f -> 0576cef39dd8, Adding category entities
INFO  [alembic.runtime.migration] Running downgrade 0576cef39dd8 -> a5b753b898f5, Adding Organisation entity
INFO  [alembic.runtime.migration] Running downgrade a5b753b898f5 -> 631f964e665f, Adding Grant and Allocation entities
INFO  [alembic.runtime.migration] Running downgrade 631f964e665f -> d919f20fe946, Adding Person and Participant entities
INFO  [alembic.runtime.migration] Running downgrade d919f20fe946 -> , Adding Project entity
]]></system-err>
		</testcase>
		<testcase classname="test_resource_allocations.PeopleResourceTestCase" name="test_allocations_single_missing_unknown_id" time="0.429" timestamp="2024-04-08T14:03:32" file="tests/test_resource_allocations.py" line="664">
			<system-err><![CDATA[INFO  [alembic.runtime.migration] Context impl PostgresqlImpl.
INFO  [alembic.runtime.migration] Will assume transactional DDL.
INFO  [alembic.runtime.migration] Running upgrade  -> d919f20fe946, Adding Project entity
INFO  [alembic.runtime.migration] Running upgrade d919f20fe946 -> 631f964e665f, Adding Person and Participant entities
INFO  [alembic.runtime.migration] Running upgrade 631f964e665f -> a5b753b898f5, Adding Grant and Allocation entities
INFO  [alembic.runtime.migration] Running upgrade a5b753b898f5 -> 0576cef39dd8, Adding Organisation entity
INFO  [alembic.runtime.migration] Running upgrade 0576cef39dd8 -> fe26d37d220f, Adding category entities
INFO  [alembic.runtime.migration] Running upgrade fe26d37d220f -> c2f46d74fb33, Making Organisation optional
INFO  [alembic.runtime.migration] Running upgrade c2f46d74fb33 -> 0da61d9681b1, empty message
INFO  [alembic.runtime.migration] Running upgrade 0da61d9681b1 -> 5ac27507f77e, empty message
INFO  [alembic.runtime.migration] Running upgrade 5ac27507f77e -> 03eddf0b8e79, empty message
INFO  [alembic.runtime.migration] Running upgrade 03eddf0b8e79 -> 1b4a4527430b, empty message
INFO  [alembic.runtime.migration] Context impl PostgresqlImpl.
INFO  [alembic.runtime.migration] Will assume transactional DDL.
INFO  [alembic.runtime.migration] Running downgrade 1b4a4527430b -> 03eddf0b8e79, empty message
INFO  [alembic.runtime.migration] Running downgrade 03eddf0b8e79 -> 5ac27507f77e, empty message
INFO  [alembic.runtime.migration] Running downgrade 5ac27507f77e -> 0da61d9681b1, empty message
INFO  [alembic.runtime.migration] Running downgrade 0da61d9681b1 -> c2f46d74fb33, empty message
INFO  [alembic.runtime.migration] Running downgrade c2f46d74fb33 -> fe26d37d220f, Making Organisation optional
INFO  [alembic.runtime.migration] Running downgrade fe26d37d220f -> 0576cef39dd8, Adding category entities
INFO  [alembic.runtime.migration] Running downgrade 0576cef39dd8 -> a5b753b898f5, Adding Organisation entity
INFO  [alembic.runtime.migration] Running downgrade a5b753b898f5 -> 631f964e665f, Adding Grant and Allocation entities
INFO  [alembic.runtime.migration] Running downgrade 631f964e665f -> d919f20fe946, Adding Person and Participant entities
INFO  [alembic.runtime.migration] Running downgrade d919f20fe946 -> , Adding Project entity
]]></system-err>
		</testcase>
	</testsuite>
	<testsuite name="test_resource_categorisations.CategorisationsResourceTestCase-20240408140327" tests="7" file="test_resource_categorisations.py" time="3.035" timestamp="2024-04-08T14:03:35" failures="0" errors="0" skipped="0">
		<testcase classname="test_resource_categorisations.CategorisationsResourceTestCase" name="test_categorisations_categories" time="0.447" timestamp="2024-04-08T14:03:32" file="tests/test_resource_categorisations.py" line="1068">
			<system-err><![CDATA[INFO  [alembic.runtime.migration] Context impl PostgresqlImpl.
INFO  [alembic.runtime.migration] Will assume transactional DDL.
INFO  [alembic.runtime.migration] Running upgrade  -> d919f20fe946, Adding Project entity
INFO  [alembic.runtime.migration] Running upgrade d919f20fe946 -> 631f964e665f, Adding Person and Participant entities
INFO  [alembic.runtime.migration] Running upgrade 631f964e665f -> a5b753b898f5, Adding Grant and Allocation entities
INFO  [alembic.runtime.migration] Running upgrade a5b753b898f5 -> 0576cef39dd8, Adding Organisation entity
INFO  [alembic.runtime.migration] Running upgrade 0576cef39dd8 -> fe26d37d220f, Adding category entities
INFO  [alembic.runtime.migration] Running upgrade fe26d37d220f -> c2f46d74fb33, Making Organisation optional
INFO  [alembic.runtime.migration] Running upgrade c2f46d74fb33 -> 0da61d9681b1, empty message
INFO  [alembic.runtime.migration] Running upgrade 0da61d9681b1 -> 5ac27507f77e, empty message
INFO  [alembic.runtime.migration] Running upgrade 5ac27507f77e -> 03eddf0b8e79, empty message
INFO  [alembic.runtime.migration] Running upgrade 03eddf0b8e79 -> 1b4a4527430b, empty message
INFO  [alembic.runtime.migration] Context impl PostgresqlImpl.
INFO  [alembic.runtime.migration] Will assume transactional DDL.
INFO  [alembic.runtime.migration] Running downgrade 1b4a4527430b -> 03eddf0b8e79, empty message
INFO  [alembic.runtime.migration] Running downgrade 03eddf0b8e79 -> 5ac27507f77e, empty message
INFO  [alembic.runtime.migration] Running downgrade 5ac27507f77e -> 0da61d9681b1, empty message
INFO  [alembic.runtime.migration] Running downgrade 0da61d9681b1 -> c2f46d74fb33, empty message
INFO  [alembic.runtime.migration] Running downgrade c2f46d74fb33 -> fe26d37d220f, Making Organisation optional
INFO  [alembic.runtime.migration] Running downgrade fe26d37d220f -> 0576cef39dd8, Adding category entities
INFO  [alembic.runtime.migration] Running downgrade 0576cef39dd8 -> a5b753b898f5, Adding Organisation entity
INFO  [alembic.runtime.migration] Running downgrade a5b753b898f5 -> 631f964e665f, Adding Grant and Allocation entities
INFO  [alembic.runtime.migration] Running downgrade 631f964e665f -> d919f20fe946, Adding Person and Participant entities
INFO  [alembic.runtime.migration] Running downgrade d919f20fe946 -> , Adding Project entity
]]></system-err>
		</testcase>
		<testcase classname="test_resource_categorisations.CategorisationsResourceTestCase" name="test_categorisations_detail" time="0.382" timestamp="2024-04-08T14:03:33" file="tests/test_resource_categorisations.py" line="550">
			<system-err><![CDATA[INFO  [alembic.runtime.migration] Context impl PostgresqlImpl.
INFO  [alembic.runtime.migration] Will assume transactional DDL.
INFO  [alembic.runtime.migration] Running upgrade  -> d919f20fe946, Adding Project entity
INFO  [alembic.runtime.migration] Running upgrade d919f20fe946 -> 631f964e665f, Adding Person and Participant entities
INFO  [alembic.runtime.migration] Running upgrade 631f964e665f -> a5b753b898f5, Adding Grant and Allocation entities
INFO  [alembic.runtime.migration] Running upgrade a5b753b898f5 -> 0576cef39dd8, Adding Organisation entity
INFO  [alembic.runtime.migration] Running upgrade 0576cef39dd8 -> fe26d37d220f, Adding category entities
INFO  [alembic.runtime.migration] Running upgrade fe26d37d220f -> c2f46d74fb33, Making Organisation optional
INFO  [alembic.runtime.migration] Running upgrade c2f46d74fb33 -> 0da61d9681b1, empty message
INFO  [alembic.runtime.migration] Running upgrade 0da61d9681b1 -> 5ac27507f77e, empty message
INFO  [alembic.runtime.migration] Running upgrade 5ac27507f77e -> 03eddf0b8e79, empty message
INFO  [alembic.runtime.migration] Running upgrade 03eddf0b8e79 -> 1b4a4527430b, empty message
INFO  [alembic.runtime.migration] Context impl PostgresqlImpl.
INFO  [alembic.runtime.migration] Will assume transactional DDL.
INFO  [alembic.runtime.migration] Running downgrade 1b4a4527430b -> 03eddf0b8e79, empty message
INFO  [alembic.runtime.migration] Running downgrade 03eddf0b8e79 -> 5ac27507f77e, empty message
INFO  [alembic.runtime.migration] Running downgrade 5ac27507f77e -> 0da61d9681b1, empty message
INFO  [alembic.runtime.migration] Running downgrade 0da61d9681b1 -> c2f46d74fb33, empty message
INFO  [alembic.runtime.migration] Running downgrade c2f46d74fb33 -> fe26d37d220f, Making Organisation optional
INFO  [alembic.runtime.migration] Running downgrade fe26d37d220f -> 0576cef39dd8, Adding category entities
INFO  [alembic.runtime.migration] Running downgrade 0576cef39dd8 -> a5b753b898f5, Adding Organisation entity
INFO  [alembic.runtime.migration] Running downgrade a5b753b898f5 -> 631f964e665f, Adding Grant and Allocation entities
INFO  [alembic.runtime.migration] Running downgrade 631f964e665f -> d919f20fe946, Adding Person and Participant entities
INFO  [alembic.runtime.migration] Running downgrade d919f20fe946 -> , Adding Project entity
]]></system-err>
		</testcase>
		<testcase classname="test_resource_categorisations.CategorisationsResourceTestCase" name="test_categorisations_list" time="0.485" timestamp="2024-04-08T14:03:33" file="tests/test_resource_categorisations.py" line="9">
			<system-err><![CDATA[INFO  [alembic.runtime.migration] Context impl PostgresqlImpl.
INFO  [alembic.runtime.migration] Will assume transactional DDL.
INFO  [alembic.runtime.migration] Running upgrade  -> d919f20fe946, Adding Project entity
INFO  [alembic.runtime.migration] Running upgrade d919f20fe946 -> 631f964e665f, Adding Person and Participant entities
INFO  [alembic.runtime.migration] Running upgrade 631f964e665f -> a5b753b898f5, Adding Grant and Allocation entities
INFO  [alembic.runtime.migration] Running upgrade a5b753b898f5 -> 0576cef39dd8, Adding Organisation entity
INFO  [alembic.runtime.migration] Running upgrade 0576cef39dd8 -> fe26d37d220f, Adding category entities
INFO  [alembic.runtime.migration] Running upgrade fe26d37d220f -> c2f46d74fb33, Making Organisation optional
INFO  [alembic.runtime.migration] Running upgrade c2f46d74fb33 -> 0da61d9681b1, empty message
INFO  [alembic.runtime.migration] Running upgrade 0da61d9681b1 -> 5ac27507f77e, empty message
INFO  [alembic.runtime.migration] Running upgrade 5ac27507f77e -> 03eddf0b8e79, empty message
INFO  [alembic.runtime.migration] Running upgrade 03eddf0b8e79 -> 1b4a4527430b, empty message
INFO  [alembic.runtime.migration] Context impl PostgresqlImpl.
INFO  [alembic.runtime.migration] Will assume transactional DDL.
INFO  [alembic.runtime.migration] Running downgrade 1b4a4527430b -> 03eddf0b8e79, empty message
INFO  [alembic.runtime.migration] Running downgrade 03eddf0b8e79 -> 5ac27507f77e, empty message
INFO  [alembic.runtime.migration] Running downgrade 5ac27507f77e -> 0da61d9681b1, empty message
INFO  [alembic.runtime.migration] Running downgrade 0da61d9681b1 -> c2f46d74fb33, empty message
INFO  [alembic.runtime.migration] Running downgrade c2f46d74fb33 -> fe26d37d220f, Making Organisation optional
INFO  [alembic.runtime.migration] Running downgrade fe26d37d220f -> 0576cef39dd8, Adding category entities
INFO  [alembic.runtime.migration] Running downgrade 0576cef39dd8 -> a5b753b898f5, Adding Organisation entity
INFO  [alembic.runtime.migration] Running downgrade a5b753b898f5 -> 631f964e665f, Adding Grant and Allocation entities
INFO  [alembic.runtime.migration] Running downgrade 631f964e665f -> d919f20fe946, Adding Person and Participant entities
INFO  [alembic.runtime.migration] Running downgrade d919f20fe946 -> , Adding Project entity
]]></system-err>
		</testcase>
		<testcase classname="test_resource_categorisations.CategorisationsResourceTestCase" name="test_categorisations_projects" time="0.422" timestamp="2024-04-08T14:03:33" file="tests/test_resource_categorisations.py" line="941">
			<system-err><![CDATA[INFO  [alembic.runtime.migration] Context impl PostgresqlImpl.
INFO  [alembic.runtime.migration] Will assume transactional DDL.
INFO  [alembic.runtime.migration] Running upgrade  -> d919f20fe946, Adding Project entity
INFO  [alembic.runtime.migration] Running upgrade d919f20fe946 -> 631f964e665f, Adding Person and Participant entities
INFO  [alembic.runtime.migration] Running upgrade 631f964e665f -> a5b753b898f5, Adding Grant and Allocation entities
INFO  [alembic.runtime.migration] Running upgrade a5b753b898f5 -> 0576cef39dd8, Adding Organisation entity
INFO  [alembic.runtime.migration] Running upgrade 0576cef39dd8 -> fe26d37d220f, Adding category entities
INFO  [alembic.runtime.migration] Running upgrade fe26d37d220f -> c2f46d74fb33, Making Organisation optional
INFO  [alembic.runtime.migration] Running upgrade c2f46d74fb33 -> 0da61d9681b1, empty message
INFO  [alembic.runtime.migration] Running upgrade 0da61d9681b1 -> 5ac27507f77e, empty message
INFO  [alembic.runtime.migration] Running upgrade 5ac27507f77e -> 03eddf0b8e79, empty message
INFO  [alembic.runtime.migration] Running upgrade 03eddf0b8e79 -> 1b4a4527430b, empty message
INFO  [alembic.runtime.migration] Context impl PostgresqlImpl.
INFO  [alembic.runtime.migration] Will assume transactional DDL.
INFO  [alembic.runtime.migration] Running downgrade 1b4a4527430b -> 03eddf0b8e79, empty message
INFO  [alembic.runtime.migration] Running downgrade 03eddf0b8e79 -> 5ac27507f77e, empty message
INFO  [alembic.runtime.migration] Running downgrade 5ac27507f77e -> 0da61d9681b1, empty message
INFO  [alembic.runtime.migration] Running downgrade 0da61d9681b1 -> c2f46d74fb33, empty message
INFO  [alembic.runtime.migration] Running downgrade c2f46d74fb33 -> fe26d37d220f, Making Organisation optional
INFO  [alembic.runtime.migration] Running downgrade fe26d37d220f -> 0576cef39dd8, Adding category entities
INFO  [alembic.runtime.migration] Running downgrade 0576cef39dd8 -> a5b753b898f5, Adding Organisation entity
INFO  [alembic.runtime.migration] Running downgrade a5b753b898f5 -> 631f964e665f, Adding Grant and Allocation entities
INFO  [alembic.runtime.migration] Running downgrade 631f964e665f -> d919f20fe946, Adding Person and Participant entities
INFO  [alembic.runtime.migration] Running downgrade d919f20fe946 -> , Adding Project entity
]]></system-err>
		</testcase>
		<testcase classname="test_resource_categorisations.CategorisationsResourceTestCase" name="test_categorisations_relationship_categories" time="0.387" timestamp="2024-04-08T14:03:34" file="tests/test_resource_categorisations.py" line="919">
			<system-err><![CDATA[INFO  [alembic.runtime.migration] Context impl PostgresqlImpl.
INFO  [alembic.runtime.migration] Will assume transactional DDL.
INFO  [alembic.runtime.migration] Running upgrade  -> d919f20fe946, Adding Project entity
INFO  [alembic.runtime.migration] Running upgrade d919f20fe946 -> 631f964e665f, Adding Person and Participant entities
INFO  [alembic.runtime.migration] Running upgrade 631f964e665f -> a5b753b898f5, Adding Grant and Allocation entities
INFO  [alembic.runtime.migration] Running upgrade a5b753b898f5 -> 0576cef39dd8, Adding Organisation entity
INFO  [alembic.runtime.migration] Running upgrade 0576cef39dd8 -> fe26d37d220f, Adding category entities
INFO  [alembic.runtime.migration] Running upgrade fe26d37d220f -> c2f46d74fb33, Making Organisation optional
INFO  [alembic.runtime.migration] Running upgrade c2f46d74fb33 -> 0da61d9681b1, empty message
INFO  [alembic.runtime.migration] Running upgrade 0da61d9681b1 -> 5ac27507f77e, empty message
INFO  [alembic.runtime.migration] Running upgrade 5ac27507f77e -> 03eddf0b8e79, empty message
INFO  [alembic.runtime.migration] Running upgrade 03eddf0b8e79 -> 1b4a4527430b, empty message
INFO  [alembic.runtime.migration] Context impl PostgresqlImpl.
INFO  [alembic.runtime.migration] Will assume transactional DDL.
INFO  [alembic.runtime.migration] Running downgrade 1b4a4527430b -> 03eddf0b8e79, empty message
INFO  [alembic.runtime.migration] Running downgrade 03eddf0b8e79 -> 5ac27507f77e, empty message
INFO  [alembic.runtime.migration] Running downgrade 5ac27507f77e -> 0da61d9681b1, empty message
INFO  [alembic.runtime.migration] Running downgrade 0da61d9681b1 -> c2f46d74fb33, empty message
INFO  [alembic.runtime.migration] Running downgrade c2f46d74fb33 -> fe26d37d220f, Making Organisation optional
INFO  [alembic.runtime.migration] Running downgrade fe26d37d220f -> 0576cef39dd8, Adding category entities
INFO  [alembic.runtime.migration] Running downgrade 0576cef39dd8 -> a5b753b898f5, Adding Organisation entity
INFO  [alembic.runtime.migration] Running downgrade a5b753b898f5 -> 631f964e665f, Adding Grant and Allocation entities
INFO  [alembic.runtime.migration] Running downgrade 631f964e665f -> d919f20fe946, Adding Person and Participant entities
INFO  [alembic.runtime.migration] Running downgrade d919f20fe946 -> , Adding Project entity
]]></system-err>
		</testcase>
		<testcase classname="test_resource_categorisations.CategorisationsResourceTestCase" name="test_categorisations_relationship_projects" time="0.457" timestamp="2024-04-08T14:03:34" file="tests/test_resource_categorisations.py" line="897">
			<system-err><![CDATA[INFO  [alembic.runtime.migration] Context impl PostgresqlImpl.
INFO  [alembic.runtime.migration] Will assume transactional DDL.
INFO  [alembic.runtime.migration] Running upgrade  -> d919f20fe946, Adding Project entity
INFO  [alembic.runtime.migration] Running upgrade d919f20fe946 -> 631f964e665f, Adding Person and Participant entities
INFO  [alembic.runtime.migration] Running upgrade 631f964e665f -> a5b753b898f5, Adding Grant and Allocation entities
INFO  [alembic.runtime.migration] Running upgrade a5b753b898f5 -> 0576cef39dd8, Adding Organisation entity
INFO  [alembic.runtime.migration] Running upgrade 0576cef39dd8 -> fe26d37d220f, Adding category entities
INFO  [alembic.runtime.migration] Running upgrade fe26d37d220f -> c2f46d74fb33, Making Organisation optional
INFO  [alembic.runtime.migration] Running upgrade c2f46d74fb33 -> 0da61d9681b1, empty message
INFO  [alembic.runtime.migration] Running upgrade 0da61d9681b1 -> 5ac27507f77e, empty message
INFO  [alembic.runtime.migration] Running upgrade 5ac27507f77e -> 03eddf0b8e79, empty message
INFO  [alembic.runtime.migration] Running upgrade 03eddf0b8e79 -> 1b4a4527430b, empty message
INFO  [alembic.runtime.migration] Context impl PostgresqlImpl.
INFO  [alembic.runtime.migration] Will assume transactional DDL.
INFO  [alembic.runtime.migration] Running downgrade 1b4a4527430b -> 03eddf0b8e79, empty message
INFO  [alembic.runtime.migration] Running downgrade 03eddf0b8e79 -> 5ac27507f77e, empty message
INFO  [alembic.runtime.migration] Running downgrade 5ac27507f77e -> 0da61d9681b1, empty message
INFO  [alembic.runtime.migration] Running downgrade 0da61d9681b1 -> c2f46d74fb33, empty message
INFO  [alembic.runtime.migration] Running downgrade c2f46d74fb33 -> fe26d37d220f, Making Organisation optional
INFO  [alembic.runtime.migration] Running downgrade fe26d37d220f -> 0576cef39dd8, Adding category entities
INFO  [alembic.runtime.migration] Running downgrade 0576cef39dd8 -> a5b753b898f5, Adding Organisation entity
INFO  [alembic.runtime.migration] Running downgrade a5b753b898f5 -> 631f964e665f, Adding Grant and Allocation entities
INFO  [alembic.runtime.migration] Running downgrade 631f964e665f -> d919f20fe946, Adding Person and Participant entities
INFO  [alembic.runtime.migration] Running downgrade d919f20fe946 -> , Adding Project entity
]]></system-err>
		</testcase>
		<testcase classname="test_resource_categorisations.CategorisationsResourceTestCase" name="test_categorisations_single_missing_unknown_id" time="0.455" timestamp="2024-04-08T14:03:35" file="tests/test_resource_categorisations.py" line="880">
			<system-err><![CDATA[INFO  [alembic.runtime.migration] Context impl PostgresqlImpl.
INFO  [alembic.runtime.migration] Will assume transactional DDL.
INFO  [alembic.runtime.migration] Running upgrade  -> d919f20fe946, Adding Project entity
INFO  [alembic.runtime.migration] Running upgrade d919f20fe946 -> 631f964e665f, Adding Person and Participant entities
INFO  [alembic.runtime.migration] Running upgrade 631f964e665f -> a5b753b898f5, Adding Grant and Allocation entities
INFO  [alembic.runtime.migration] Running upgrade a5b753b898f5 -> 0576cef39dd8, Adding Organisation entity
INFO  [alembic.runtime.migration] Running upgrade 0576cef39dd8 -> fe26d37d220f, Adding category entities
INFO  [alembic.runtime.migration] Running upgrade fe26d37d220f -> c2f46d74fb33, Making Organisation optional
INFO  [alembic.runtime.migration] Running upgrade c2f46d74fb33 -> 0da61d9681b1, empty message
INFO  [alembic.runtime.migration] Running upgrade 0da61d9681b1 -> 5ac27507f77e, empty message
INFO  [alembic.runtime.migration] Running upgrade 5ac27507f77e -> 03eddf0b8e79, empty message
INFO  [alembic.runtime.migration] Running upgrade 03eddf0b8e79 -> 1b4a4527430b, empty message
INFO  [alembic.runtime.migration] Context impl PostgresqlImpl.
INFO  [alembic.runtime.migration] Will assume transactional DDL.
INFO  [alembic.runtime.migration] Running downgrade 1b4a4527430b -> 03eddf0b8e79, empty message
INFO  [alembic.runtime.migration] Running downgrade 03eddf0b8e79 -> 5ac27507f77e, empty message
INFO  [alembic.runtime.migration] Running downgrade 5ac27507f77e -> 0da61d9681b1, empty message
INFO  [alembic.runtime.migration] Running downgrade 0da61d9681b1 -> c2f46d74fb33, empty message
INFO  [alembic.runtime.migration] Running downgrade c2f46d74fb33 -> fe26d37d220f, Making Organisation optional
INFO  [alembic.runtime.migration] Running downgrade fe26d37d220f -> 0576cef39dd8, Adding category entities
INFO  [alembic.runtime.migration] Running downgrade 0576cef39dd8 -> a5b753b898f5, Adding Organisation entity
INFO  [alembic.runtime.migration] Running downgrade a5b753b898f5 -> 631f964e665f, Adding Grant and Allocation entities
INFO  [alembic.runtime.migration] Running downgrade 631f964e665f -> d919f20fe946, Adding Person and Participant entities
INFO  [alembic.runtime.migration] Running downgrade d919f20fe946 -> , Adding Project entity
]]></system-err>
		</testcase>
	</testsuite>
	<testsuite name="test_resource_category_schemes.CategorySchemesResourceTestCase-20240408140327" tests="5" file="test_resource_category_schemes.py" time="2.170" timestamp="2024-04-08T14:03:37" failures="0" errors="0" skipped="0">
		<testcase classname="test_resource_category_schemes.CategorySchemesResourceTestCase" name="test_category_scheme_category_terms" time="0.464" timestamp="2024-04-08T14:03:35" file="tests/test_resource_category_schemes.py" line="1118">
			<system-err><![CDATA[INFO  [alembic.runtime.migration] Context impl PostgresqlImpl.
INFO  [alembic.runtime.migration] Will assume transactional DDL.
INFO  [alembic.runtime.migration] Running upgrade  -> d919f20fe946, Adding Project entity
INFO  [alembic.runtime.migration] Running upgrade d919f20fe946 -> 631f964e665f, Adding Person and Participant entities
INFO  [alembic.runtime.migration] Running upgrade 631f964e665f -> a5b753b898f5, Adding Grant and Allocation entities
INFO  [alembic.runtime.migration] Running upgrade a5b753b898f5 -> 0576cef39dd8, Adding Organisation entity
INFO  [alembic.runtime.migration] Running upgrade 0576cef39dd8 -> fe26d37d220f, Adding category entities
INFO  [alembic.runtime.migration] Running upgrade fe26d37d220f -> c2f46d74fb33, Making Organisation optional
INFO  [alembic.runtime.migration] Running upgrade c2f46d74fb33 -> 0da61d9681b1, empty message
INFO  [alembic.runtime.migration] Running upgrade 0da61d9681b1 -> 5ac27507f77e, empty message
INFO  [alembic.runtime.migration] Running upgrade 5ac27507f77e -> 03eddf0b8e79, empty message
INFO  [alembic.runtime.migration] Running upgrade 03eddf0b8e79 -> 1b4a4527430b, empty message
INFO  [alembic.runtime.migration] Context impl PostgresqlImpl.
INFO  [alembic.runtime.migration] Will assume transactional DDL.
INFO  [alembic.runtime.migration] Running downgrade 1b4a4527430b -> 03eddf0b8e79, empty message
INFO  [alembic.runtime.migration] Running downgrade 03eddf0b8e79 -> 5ac27507f77e, empty message
INFO  [alembic.runtime.migration] Running downgrade 5ac27507f77e -> 0da61d9681b1, empty message
INFO  [alembic.runtime.migration] Running downgrade 0da61d9681b1 -> c2f46d74fb33, empty message
INFO  [alembic.runtime.migration] Running downgrade c2f46d74fb33 -> fe26d37d220f, Making Organisation optional
INFO  [alembic.runtime.migration] Running downgrade fe26d37d220f -> 0576cef39dd8, Adding category entities
INFO  [alembic.runtime.migration] Running downgrade 0576cef39dd8 -> a5b753b898f5, Adding Organisation entity
INFO  [alembic.runtime.migration] Running downgrade a5b753b898f5 -> 631f964e665f, Adding Grant and Allocation entities
INFO  [alembic.runtime.migration] Running downgrade 631f964e665f -> d919f20fe946, Adding Person and Participant entities
INFO  [alembic.runtime.migration] Running downgrade d919f20fe946 -> , Adding Project entity
]]></system-err>
		</testcase>
		<testcase classname="test_resource_category_schemes.CategorySchemesResourceTestCase" name="test_category_scheme_detail" time="0.416" timestamp="2024-04-08T14:03:36" file="tests/test_resource_category_schemes.py" line="661">
			<system-err><![CDATA[INFO  [alembic.runtime.migration] Context impl PostgresqlImpl.
INFO  [alembic.runtime.migration] Will assume transactional DDL.
INFO  [alembic.runtime.migration] Running upgrade  -> d919f20fe946, Adding Project entity
INFO  [alembic.runtime.migration] Running upgrade d919f20fe946 -> 631f964e665f, Adding Person and Participant entities
INFO  [alembic.runtime.migration] Running upgrade 631f964e665f -> a5b753b898f5, Adding Grant and Allocation entities
INFO  [alembic.runtime.migration] Running upgrade a5b753b898f5 -> 0576cef39dd8, Adding Organisation entity
INFO  [alembic.runtime.migration] Running upgrade 0576cef39dd8 -> fe26d37d220f, Adding category entities
INFO  [alembic.runtime.migration] Running upgrade fe26d37d220f -> c2f46d74fb33, Making Organisation optional
INFO  [alembic.runtime.migration] Running upgrade c2f46d74fb33 -> 0da61d9681b1, empty message
INFO  [alembic.runtime.migration] Running upgrade 0da61d9681b1 -> 5ac27507f77e, empty message
INFO  [alembic.runtime.migration] Running upgrade 5ac27507f77e -> 03eddf0b8e79, empty message
INFO  [alembic.runtime.migration] Running upgrade 03eddf0b8e79 -> 1b4a4527430b, empty message
INFO  [alembic.runtime.migration] Context impl PostgresqlImpl.
INFO  [alembic.runtime.migration] Will assume transactional DDL.
INFO  [alembic.runtime.migration] Running downgrade 1b4a4527430b -> 03eddf0b8e79, empty message
INFO  [alembic.runtime.migration] Running downgrade 03eddf0b8e79 -> 5ac27507f77e, empty message
INFO  [alembic.runtime.migration] Running downgrade 5ac27507f77e -> 0da61d9681b1, empty message
INFO  [alembic.runtime.migration] Running downgrade 0da61d9681b1 -> c2f46d74fb33, empty message
INFO  [alembic.runtime.migration] Running downgrade c2f46d74fb33 -> fe26d37d220f, Making Organisation optional
INFO  [alembic.runtime.migration] Running downgrade fe26d37d220f -> 0576cef39dd8, Adding category entities
INFO  [alembic.runtime.migration] Running downgrade 0576cef39dd8 -> a5b753b898f5, Adding Organisation entity
INFO  [alembic.runtime.migration] Running downgrade a5b753b898f5 -> 631f964e665f, Adding Grant and Allocation entities
INFO  [alembic.runtime.migration] Running downgrade 631f964e665f -> d919f20fe946, Adding Person and Participant entities
INFO  [alembic.runtime.migration] Running downgrade d919f20fe946 -> , Adding Project entity
]]></system-err>
		</testcase>
		<testcase classname="test_resource_category_schemes.CategorySchemesResourceTestCase" name="test_category_scheme_list" time="0.399" timestamp="2024-04-08T14:03:36" file="tests/test_resource_category_schemes.py" line="9">
			<system-err><![CDATA[INFO  [alembic.runtime.migration] Context impl PostgresqlImpl.
INFO  [alembic.runtime.migration] Will assume transactional DDL.
INFO  [alembic.runtime.migration] Running upgrade  -> d919f20fe946, Adding Project entity
INFO  [alembic.runtime.migration] Running upgrade d919f20fe946 -> 631f964e665f, Adding Person and Participant entities
INFO  [alembic.runtime.migration] Running upgrade 631f964e665f -> a5b753b898f5, Adding Grant and Allocation entities
INFO  [alembic.runtime.migration] Running upgrade a5b753b898f5 -> 0576cef39dd8, Adding Organisation entity
INFO  [alembic.runtime.migration] Running upgrade 0576cef39dd8 -> fe26d37d220f, Adding category entities
INFO  [alembic.runtime.migration] Running upgrade fe26d37d220f -> c2f46d74fb33, Making Organisation optional
INFO  [alembic.runtime.migration] Running upgrade c2f46d74fb33 -> 0da61d9681b1, empty message
INFO  [alembic.runtime.migration] Running upgrade 0da61d9681b1 -> 5ac27507f77e, empty message
INFO  [alembic.runtime.migration] Running upgrade 5ac27507f77e -> 03eddf0b8e79, empty message
INFO  [alembic.runtime.migration] Running upgrade 03eddf0b8e79 -> 1b4a4527430b, empty message
INFO  [alembic.runtime.migration] Context impl PostgresqlImpl.
INFO  [alembic.runtime.migration] Will assume transactional DDL.
INFO  [alembic.runtime.migration] Running downgrade 1b4a4527430b -> 03eddf0b8e79, empty message
INFO  [alembic.runtime.migration] Running downgrade 03eddf0b8e79 -> 5ac27507f77e, empty message
INFO  [alembic.runtime.migration] Running downgrade 5ac27507f77e -> 0da61d9681b1, empty message
INFO  [alembic.runtime.migration] Running downgrade 0da61d9681b1 -> c2f46d74fb33, empty message
INFO  [alembic.runtime.migration] Running downgrade c2f46d74fb33 -> fe26d37d220f, Making Organisation optional
INFO  [alembic.runtime.migration] Running downgrade fe26d37d220f -> 0576cef39dd8, Adding category entities
INFO  [alembic.runtime.migration] Running downgrade 0576cef39dd8 -> a5b753b898f5, Adding Organisation entity
INFO  [alembic.runtime.migration] Running downgrade a5b753b898f5 -> 631f964e665f, Adding Grant and Allocation entities
INFO  [alembic.runtime.migration] Running downgrade 631f964e665f -> d919f20fe946, Adding Person and Participant entities
INFO  [alembic.runtime.migration] Running downgrade d919f20fe946 -> , Adding Project entity
]]></system-err>
		</testcase>
		<testcase classname="test_resource_category_schemes.CategorySchemesResourceTestCase" name="test_category_scheme_relationship_category_terms" time="0.384" timestamp="2024-04-08T14:03:36" file="tests/test_resource_category_schemes.py" line="1082">
			<system-err><![CDATA[INFO  [alembic.runtime.migration] Context impl PostgresqlImpl.
INFO  [alembic.runtime.migration] Will assume transactional DDL.
INFO  [alembic.runtime.migration] Running upgrade  -> d919f20fe946, Adding Project entity
INFO  [alembic.runtime.migration] Running upgrade d919f20fe946 -> 631f964e665f, Adding Person and Participant entities
INFO  [alembic.runtime.migration] Running upgrade 631f964e665f -> a5b753b898f5, Adding Grant and Allocation entities
INFO  [alembic.runtime.migration] Running upgrade a5b753b898f5 -> 0576cef39dd8, Adding Organisation entity
INFO  [alembic.runtime.migration] Running upgrade 0576cef39dd8 -> fe26d37d220f, Adding category entities
INFO  [alembic.runtime.migration] Running upgrade fe26d37d220f -> c2f46d74fb33, Making Organisation optional
INFO  [alembic.runtime.migration] Running upgrade c2f46d74fb33 -> 0da61d9681b1, empty message
INFO  [alembic.runtime.migration] Running upgrade 0da61d9681b1 -> 5ac27507f77e, empty message
INFO  [alembic.runtime.migration] Running upgrade 5ac27507f77e -> 03eddf0b8e79, empty message
INFO  [alembic.runtime.migration] Running upgrade 03eddf0b8e79 -> 1b4a4527430b, empty message
INFO  [alembic.runtime.migration] Context impl PostgresqlImpl.
INFO  [alembic.runtime.migration] Will assume transactional DDL.
INFO  [alembic.runtime.migration] Running downgrade 1b4a4527430b -> 03eddf0b8e79, empty message
INFO  [alembic.runtime.migration] Running downgrade 03eddf0b8e79 -> 5ac27507f77e, empty message
INFO  [alembic.runtime.migration] Running downgrade 5ac27507f77e -> 0da61d9681b1, empty message
INFO  [alembic.runtime.migration] Running downgrade 0da61d9681b1 -> c2f46d74fb33, empty message
INFO  [alembic.runtime.migration] Running downgrade c2f46d74fb33 -> fe26d37d220f, Making Organisation optional
INFO  [alembic.runtime.migration] Running downgrade fe26d37d220f -> 0576cef39dd8, Adding category entities
INFO  [alembic.runtime.migration] Running downgrade 0576cef39dd8 -> a5b753b898f5, Adding Organisation entity
INFO  [alembic.runtime.migration] Running downgrade a5b753b898f5 -> 631f964e665f, Adding Grant and Allocation entities
INFO  [alembic.runtime.migration] Running downgrade 631f964e665f -> d919f20fe946, Adding Person and Participant entities
INFO  [alembic.runtime.migration] Running downgrade d919f20fe946 -> , Adding Project entity
]]></system-err>
		</testcase>
		<testcase classname="test_resource_category_schemes.CategorySchemesResourceTestCase" name="test_category_scheme_single_missing_unknown_id" time="0.506" timestamp="2024-04-08T14:03:37" file="tests/test_resource_category_schemes.py" line="1065">
			<system-err><![CDATA[INFO  [alembic.runtime.migration] Context impl PostgresqlImpl.
INFO  [alembic.runtime.migration] Will assume transactional DDL.
INFO  [alembic.runtime.migration] Running upgrade  -> d919f20fe946, Adding Project entity
INFO  [alembic.runtime.migration] Running upgrade d919f20fe946 -> 631f964e665f, Adding Person and Participant entities
INFO  [alembic.runtime.migration] Running upgrade 631f964e665f -> a5b753b898f5, Adding Grant and Allocation entities
INFO  [alembic.runtime.migration] Running upgrade a5b753b898f5 -> 0576cef39dd8, Adding Organisation entity
INFO  [alembic.runtime.migration] Running upgrade 0576cef39dd8 -> fe26d37d220f, Adding category entities
INFO  [alembic.runtime.migration] Running upgrade fe26d37d220f -> c2f46d74fb33, Making Organisation optional
INFO  [alembic.runtime.migration] Running upgrade c2f46d74fb33 -> 0da61d9681b1, empty message
INFO  [alembic.runtime.migration] Running upgrade 0da61d9681b1 -> 5ac27507f77e, empty message
INFO  [alembic.runtime.migration] Running upgrade 5ac27507f77e -> 03eddf0b8e79, empty message
INFO  [alembic.runtime.migration] Running upgrade 03eddf0b8e79 -> 1b4a4527430b, empty message
INFO  [alembic.runtime.migration] Context impl PostgresqlImpl.
INFO  [alembic.runtime.migration] Will assume transactional DDL.
INFO  [alembic.runtime.migration] Running downgrade 1b4a4527430b -> 03eddf0b8e79, empty message
INFO  [alembic.runtime.migration] Running downgrade 03eddf0b8e79 -> 5ac27507f77e, empty message
INFO  [alembic.runtime.migration] Running downgrade 5ac27507f77e -> 0da61d9681b1, empty message
INFO  [alembic.runtime.migration] Running downgrade 0da61d9681b1 -> c2f46d74fb33, empty message
INFO  [alembic.runtime.migration] Running downgrade c2f46d74fb33 -> fe26d37d220f, Making Organisation optional
INFO  [alembic.runtime.migration] Running downgrade fe26d37d220f -> 0576cef39dd8, Adding category entities
INFO  [alembic.runtime.migration] Running downgrade 0576cef39dd8 -> a5b753b898f5, Adding Organisation entity
INFO  [alembic.runtime.migration] Running downgrade a5b753b898f5 -> 631f964e665f, Adding Grant and Allocation entities
INFO  [alembic.runtime.migration] Running downgrade 631f964e665f -> d919f20fe946, Adding Person and Participant entities
INFO  [alembic.runtime.migration] Running downgrade d919f20fe946 -> , Adding Project entity
]]></system-err>
		</testcase>
	</testsuite>
	<testsuite name="test_resource_category_terms.CategoryTermsResourceTestCase-20240408140327" tests="9" file="test_resource_category_terms.py" time="3.954" timestamp="2024-04-08T14:03:41" failures="0" errors="0" skipped="0">
		<testcase classname="test_resource_category_terms.CategoryTermsResourceTestCase" name="test_category_term_categorisations" time="0.386" timestamp="2024-04-08T14:03:37" file="tests/test_resource_category_terms.py" line="802">
			<system-err><![CDATA[INFO  [alembic.runtime.migration] Context impl PostgresqlImpl.
INFO  [alembic.runtime.migration] Will assume transactional DDL.
INFO  [alembic.runtime.migration] Running upgrade  -> d919f20fe946, Adding Project entity
INFO  [alembic.runtime.migration] Running upgrade d919f20fe946 -> 631f964e665f, Adding Person and Participant entities
INFO  [alembic.runtime.migration] Running upgrade 631f964e665f -> a5b753b898f5, Adding Grant and Allocation entities
INFO  [alembic.runtime.migration] Running upgrade a5b753b898f5 -> 0576cef39dd8, Adding Organisation entity
INFO  [alembic.runtime.migration] Running upgrade 0576cef39dd8 -> fe26d37d220f, Adding category entities
INFO  [alembic.runtime.migration] Running upgrade fe26d37d220f -> c2f46d74fb33, Making Organisation optional
INFO  [alembic.runtime.migration] Running upgrade c2f46d74fb33 -> 0da61d9681b1, empty message
INFO  [alembic.runtime.migration] Running upgrade 0da61d9681b1 -> 5ac27507f77e, empty message
INFO  [alembic.runtime.migration] Running upgrade 5ac27507f77e -> 03eddf0b8e79, empty message
INFO  [alembic.runtime.migration] Running upgrade 03eddf0b8e79 -> 1b4a4527430b, empty message
INFO  [alembic.runtime.migration] Context impl PostgresqlImpl.
INFO  [alembic.runtime.migration] Will assume transactional DDL.
INFO  [alembic.runtime.migration] Running downgrade 1b4a4527430b -> 03eddf0b8e79, empty message
INFO  [alembic.runtime.migration] Running downgrade 03eddf0b8e79 -> 5ac27507f77e, empty message
INFO  [alembic.runtime.migration] Running downgrade 5ac27507f77e -> 0da61d9681b1, empty message
INFO  [alembic.runtime.migration] Running downgrade 0da61d9681b1 -> c2f46d74fb33, empty message
INFO  [alembic.runtime.migration] Running downgrade c2f46d74fb33 -> fe26d37d220f, Making Organisation optional
INFO  [alembic.runtime.migration] Running downgrade fe26d37d220f -> 0576cef39dd8, Adding category entities
INFO  [alembic.runtime.migration] Running downgrade 0576cef39dd8 -> a5b753b898f5, Adding Organisation entity
INFO  [alembic.runtime.migration] Running downgrade a5b753b898f5 -> 631f964e665f, Adding Grant and Allocation entities
INFO  [alembic.runtime.migration] Running downgrade 631f964e665f -> d919f20fe946, Adding Person and Participant entities
INFO  [alembic.runtime.migration] Running downgrade d919f20fe946 -> , Adding Project entity
]]></system-err>
		</testcase>
		<testcase classname="test_resource_category_terms.CategoryTermsResourceTestCase" name="test_category_term_category_schemes" time="0.392" timestamp="2024-04-08T14:03:38" file="tests/test_resource_category_terms.py" line="743">
			<system-err><![CDATA[INFO  [alembic.runtime.migration] Context impl PostgresqlImpl.
INFO  [alembic.runtime.migration] Will assume transactional DDL.
INFO  [alembic.runtime.migration] Running upgrade  -> d919f20fe946, Adding Project entity
INFO  [alembic.runtime.migration] Running upgrade d919f20fe946 -> 631f964e665f, Adding Person and Participant entities
INFO  [alembic.runtime.migration] Running upgrade 631f964e665f -> a5b753b898f5, Adding Grant and Allocation entities
INFO  [alembic.runtime.migration] Running upgrade a5b753b898f5 -> 0576cef39dd8, Adding Organisation entity
INFO  [alembic.runtime.migration] Running upgrade 0576cef39dd8 -> fe26d37d220f, Adding category entities
INFO  [alembic.runtime.migration] Running upgrade fe26d37d220f -> c2f46d74fb33, Making Organisation optional
INFO  [alembic.runtime.migration] Running upgrade c2f46d74fb33 -> 0da61d9681b1, empty message
INFO  [alembic.runtime.migration] Running upgrade 0da61d9681b1 -> 5ac27507f77e, empty message
INFO  [alembic.runtime.migration] Running upgrade 5ac27507f77e -> 03eddf0b8e79, empty message
INFO  [alembic.runtime.migration] Running upgrade 03eddf0b8e79 -> 1b4a4527430b, empty message
INFO  [alembic.runtime.migration] Context impl PostgresqlImpl.
INFO  [alembic.runtime.migration] Will assume transactional DDL.
INFO  [alembic.runtime.migration] Running downgrade 1b4a4527430b -> 03eddf0b8e79, empty message
INFO  [alembic.runtime.migration] Running downgrade 03eddf0b8e79 -> 5ac27507f77e, empty message
INFO  [alembic.runtime.migration] Running downgrade 5ac27507f77e -> 0da61d9681b1, empty message
INFO  [alembic.runtime.migration] Running downgrade 0da61d9681b1 -> c2f46d74fb33, empty message
INFO  [alembic.runtime.migration] Running downgrade c2f46d74fb33 -> fe26d37d220f, Making Organisation optional
INFO  [alembic.runtime.migration] Running downgrade fe26d37d220f -> 0576cef39dd8, Adding category entities
INFO  [alembic.runtime.migration] Running downgrade 0576cef39dd8 -> a5b753b898f5, Adding Organisation entity
INFO  [alembic.runtime.migration] Running downgrade a5b753b898f5 -> 631f964e665f, Adding Grant and Allocation entities
INFO  [alembic.runtime.migration] Running downgrade 631f964e665f -> d919f20fe946, Adding Person and Participant entities
INFO  [alembic.runtime.migration] Running downgrade d919f20fe946 -> , Adding Project entity
]]></system-err>
		</testcase>
		<testcase classname="test_resource_category_terms.CategoryTermsResourceTestCase" name="test_category_term_detail" time="0.426" timestamp="2024-04-08T14:03:38" file="tests/test_resource_category_terms.py" line="252">
			<system-err><![CDATA[INFO  [alembic.runtime.migration] Context impl PostgresqlImpl.
INFO  [alembic.runtime.migration] Will assume transactional DDL.
INFO  [alembic.runtime.migration] Running upgrade  -> d919f20fe946, Adding Project entity
INFO  [alembic.runtime.migration] Running upgrade d919f20fe946 -> 631f964e665f, Adding Person and Participant entities
INFO  [alembic.runtime.migration] Running upgrade 631f964e665f -> a5b753b898f5, Adding Grant and Allocation entities
INFO  [alembic.runtime.migration] Running upgrade a5b753b898f5 -> 0576cef39dd8, Adding Organisation entity
INFO  [alembic.runtime.migration] Running upgrade 0576cef39dd8 -> fe26d37d220f, Adding category entities
INFO  [alembic.runtime.migration] Running upgrade fe26d37d220f -> c2f46d74fb33, Making Organisation optional
INFO  [alembic.runtime.migration] Running upgrade c2f46d74fb33 -> 0da61d9681b1, empty message
INFO  [alembic.runtime.migration] Running upgrade 0da61d9681b1 -> 5ac27507f77e, empty message
INFO  [alembic.runtime.migration] Running upgrade 5ac27507f77e -> 03eddf0b8e79, empty message
INFO  [alembic.runtime.migration] Running upgrade 03eddf0b8e79 -> 1b4a4527430b, empty message
INFO  [alembic.runtime.migration] Context impl PostgresqlImpl.
INFO  [alembic.runtime.migration] Will assume transactional DDL.
INFO  [alembic.runtime.migration] Running downgrade 1b4a4527430b -> 03eddf0b8e79, empty message
INFO  [alembic.runtime.migration] Running downgrade 03eddf0b8e79 -> 5ac27507f77e, empty message
INFO  [alembic.runtime.migration] Running downgrade 5ac27507f77e -> 0da61d9681b1, empty message
INFO  [alembic.runtime.migration] Running downgrade 0da61d9681b1 -> c2f46d74fb33, empty message
INFO  [alembic.runtime.migration] Running downgrade c2f46d74fb33 -> fe26d37d220f, Making Organisation optional
INFO  [alembic.runtime.migration] Running downgrade fe26d37d220f -> 0576cef39dd8, Adding category entities
INFO  [alembic.runtime.migration] Running downgrade 0576cef39dd8 -> a5b753b898f5, Adding Organisation entity
INFO  [alembic.runtime.migration] Running downgrade a5b753b898f5 -> 631f964e665f, Adding Grant and Allocation entities
INFO  [alembic.runtime.migration] Running downgrade 631f964e665f -> d919f20fe946, Adding Person and Participant entities
INFO  [alembic.runtime.migration] Running downgrade d919f20fe946 -> , Adding Project entity
]]></system-err>
		</testcase>
		<testcase classname="test_resource_category_terms.CategoryTermsResourceTestCase" name="test_category_term_list" time="0.458" timestamp="2024-04-08T14:03:39" file="tests/test_resource_category_terms.py" line="9">
			<system-err><![CDATA[INFO  [alembic.runtime.migration] Context impl PostgresqlImpl.
INFO  [alembic.runtime.migration] Will assume transactional DDL.
INFO  [alembic.runtime.migration] Running upgrade  -> d919f20fe946, Adding Project entity
INFO  [alembic.runtime.migration] Running upgrade d919f20fe946 -> 631f964e665f, Adding Person and Participant entities
INFO  [alembic.runtime.migration] Running upgrade 631f964e665f -> a5b753b898f5, Adding Grant and Allocation entities
INFO  [alembic.runtime.migration] Running upgrade a5b753b898f5 -> 0576cef39dd8, Adding Organisation entity
INFO  [alembic.runtime.migration] Running upgrade 0576cef39dd8 -> fe26d37d220f, Adding category entities
INFO  [alembic.runtime.migration] Running upgrade fe26d37d220f -> c2f46d74fb33, Making Organisation optional
INFO  [alembic.runtime.migration] Running upgrade c2f46d74fb33 -> 0da61d9681b1, empty message
INFO  [alembic.runtime.migration] Running upgrade 0da61d9681b1 -> 5ac27507f77e, empty message
INFO  [alembic.runtime.migration] Running upgrade 5ac27507f77e -> 03eddf0b8e79, empty message
INFO  [alembic.runtime.migration] Running upgrade 03eddf0b8e79 -> 1b4a4527430b, empty message
INFO  [alembic.runtime.migration] Context impl PostgresqlImpl.
INFO  [alembic.runtime.migration] Will assume transactional DDL.
INFO  [alembic.runtime.migration] Running downgrade 1b4a4527430b -> 03eddf0b8e79, empty message
INFO  [alembic.runtime.migration] Running downgrade 03eddf0b8e79 -> 5ac27507f77e, empty message
INFO  [alembic.runtime.migration] Running downgrade 5ac27507f77e -> 0da61d9681b1, empty message
INFO  [alembic.runtime.migration] Running downgrade 0da61d9681b1 -> c2f46d74fb33, empty message
INFO  [alembic.runtime.migration] Running downgrade c2f46d74fb33 -> fe26d37d220f, Making Organisation optional
INFO  [alembic.runtime.migration] Running downgrade fe26d37d220f -> 0576cef39dd8, Adding category entities
INFO  [alembic.runtime.migration] Running downgrade 0576cef39dd8 -> a5b753b898f5, Adding Organisation entity
INFO  [alembic.runtime.migration] Running downgrade a5b753b898f5 -> 631f964e665f, Adding Grant and Allocation entities
INFO  [alembic.runtime.migration] Running downgrade 631f964e665f -> d919f20fe946, Adding Person and Participant entities
INFO  [alembic.runtime.migration] Running downgrade d919f20fe946 -> , Adding Project entity
]]></system-err>
		</testcase>
		<testcase classname="test_resource_category_terms.CategoryTermsResourceTestCase" name="test_category_term_parent_category_terms" time="0.536" timestamp="2024-04-08T14:03:39" file="tests/test_resource_category_terms.py" line="667">
			<system-err><![CDATA[INFO  [alembic.runtime.migration] Context impl PostgresqlImpl.
INFO  [alembic.runtime.migration] Will assume transactional DDL.
INFO  [alembic.runtime.migration] Running upgrade  -> d919f20fe946, Adding Project entity
INFO  [alembic.runtime.migration] Running upgrade d919f20fe946 -> 631f964e665f, Adding Person and Participant entities
INFO  [alembic.runtime.migration] Running upgrade 631f964e665f -> a5b753b898f5, Adding Grant and Allocation entities
INFO  [alembic.runtime.migration] Running upgrade a5b753b898f5 -> 0576cef39dd8, Adding Organisation entity
INFO  [alembic.runtime.migration] Running upgrade 0576cef39dd8 -> fe26d37d220f, Adding category entities
INFO  [alembic.runtime.migration] Running upgrade fe26d37d220f -> c2f46d74fb33, Making Organisation optional
INFO  [alembic.runtime.migration] Running upgrade c2f46d74fb33 -> 0da61d9681b1, empty message
INFO  [alembic.runtime.migration] Running upgrade 0da61d9681b1 -> 5ac27507f77e, empty message
INFO  [alembic.runtime.migration] Running upgrade 5ac27507f77e -> 03eddf0b8e79, empty message
INFO  [alembic.runtime.migration] Running upgrade 03eddf0b8e79 -> 1b4a4527430b, empty message
INFO  [alembic.runtime.migration] Context impl PostgresqlImpl.
INFO  [alembic.runtime.migration] Will assume transactional DDL.
INFO  [alembic.runtime.migration] Running downgrade 1b4a4527430b -> 03eddf0b8e79, empty message
INFO  [alembic.runtime.migration] Running downgrade 03eddf0b8e79 -> 5ac27507f77e, empty message
INFO  [alembic.runtime.migration] Running downgrade 5ac27507f77e -> 0da61d9681b1, empty message
INFO  [alembic.runtime.migration] Running downgrade 0da61d9681b1 -> c2f46d74fb33, empty message
INFO  [alembic.runtime.migration] Running downgrade c2f46d74fb33 -> fe26d37d220f, Making Organisation optional
INFO  [alembic.runtime.migration] Running downgrade fe26d37d220f -> 0576cef39dd8, Adding category entities
INFO  [alembic.runtime.migration] Running downgrade 0576cef39dd8 -> a5b753b898f5, Adding Organisation entity
INFO  [alembic.runtime.migration] Running downgrade a5b753b898f5 -> 631f964e665f, Adding Grant and Allocation entities
INFO  [alembic.runtime.migration] Running downgrade 631f964e665f -> d919f20fe946, Adding Person and Participant entities
INFO  [alembic.runtime.migration] Running downgrade d919f20fe946 -> , Adding Project entity
]]></system-err>
		</testcase>
		<testcase classname="test_resource_category_terms.CategoryTermsResourceTestCase" name="test_category_term_relationship_categorisations" time="0.440" timestamp="2024-04-08T14:03:40" file="tests/test_resource_category_terms.py" line="643">
			<system-err><![CDATA[INFO  [alembic.runtime.migration] Context impl PostgresqlImpl.
INFO  [alembic.runtime.migration] Will assume transactional DDL.
INFO  [alembic.runtime.migration] Running upgrade  -> d919f20fe946, Adding Project entity
INFO  [alembic.runtime.migration] Running upgrade d919f20fe946 -> 631f964e665f, Adding Person and Participant entities
INFO  [alembic.runtime.migration] Running upgrade 631f964e665f -> a5b753b898f5, Adding Grant and Allocation entities
INFO  [alembic.runtime.migration] Running upgrade a5b753b898f5 -> 0576cef39dd8, Adding Organisation entity
INFO  [alembic.runtime.migration] Running upgrade 0576cef39dd8 -> fe26d37d220f, Adding category entities
INFO  [alembic.runtime.migration] Running upgrade fe26d37d220f -> c2f46d74fb33, Making Organisation optional
INFO  [alembic.runtime.migration] Running upgrade c2f46d74fb33 -> 0da61d9681b1, empty message
INFO  [alembic.runtime.migration] Running upgrade 0da61d9681b1 -> 5ac27507f77e, empty message
INFO  [alembic.runtime.migration] Running upgrade 5ac27507f77e -> 03eddf0b8e79, empty message
INFO  [alembic.runtime.migration] Running upgrade 03eddf0b8e79 -> 1b4a4527430b, empty message
INFO  [alembic.runtime.migration] Context impl PostgresqlImpl.
INFO  [alembic.runtime.migration] Will assume transactional DDL.
INFO  [alembic.runtime.migration] Running downgrade 1b4a4527430b -> 03eddf0b8e79, empty message
INFO  [alembic.runtime.migration] Running downgrade 03eddf0b8e79 -> 5ac27507f77e, empty message
INFO  [alembic.runtime.migration] Running downgrade 5ac27507f77e -> 0da61d9681b1, empty message
INFO  [alembic.runtime.migration] Running downgrade 0da61d9681b1 -> c2f46d74fb33, empty message
INFO  [alembic.runtime.migration] Running downgrade c2f46d74fb33 -> fe26d37d220f, Making Organisation optional
INFO  [alembic.runtime.migration] Running downgrade fe26d37d220f -> 0576cef39dd8, Adding category entities
INFO  [alembic.runtime.migration] Running downgrade 0576cef39dd8 -> a5b753b898f5, Adding Organisation entity
INFO  [alembic.runtime.migration] Running downgrade a5b753b898f5 -> 631f964e665f, Adding Grant and Allocation entities
INFO  [alembic.runtime.migration] Running downgrade 631f964e665f -> d919f20fe946, Adding Person and Participant entities
INFO  [alembic.runtime.migration] Running downgrade d919f20fe946 -> , Adding Project entity
]]></system-err>
		</testcase>
		<testcase classname="test_resource_category_terms.CategoryTermsResourceTestCase" name="test_category_term_relationship_category_schemes" time="0.425" timestamp="2024-04-08T14:03:40" file="tests/test_resource_category_terms.py" line="621">
			<system-err><![CDATA[INFO  [alembic.runtime.migration] Context impl PostgresqlImpl.
INFO  [alembic.runtime.migration] Will assume transactional DDL.
INFO  [alembic.runtime.migration] Running upgrade  -> d919f20fe946, Adding Project entity
INFO  [alembic.runtime.migration] Running upgrade d919f20fe946 -> 631f964e665f, Adding Person and Participant entities
INFO  [alembic.runtime.migration] Running upgrade 631f964e665f -> a5b753b898f5, Adding Grant and Allocation entities
INFO  [alembic.runtime.migration] Running upgrade a5b753b898f5 -> 0576cef39dd8, Adding Organisation entity
INFO  [alembic.runtime.migration] Running upgrade 0576cef39dd8 -> fe26d37d220f, Adding category entities
INFO  [alembic.runtime.migration] Running upgrade fe26d37d220f -> c2f46d74fb33, Making Organisation optional
INFO  [alembic.runtime.migration] Running upgrade c2f46d74fb33 -> 0da61d9681b1, empty message
INFO  [alembic.runtime.migration] Running upgrade 0da61d9681b1 -> 5ac27507f77e, empty message
INFO  [alembic.runtime.migration] Running upgrade 5ac27507f77e -> 03eddf0b8e79, empty message
INFO  [alembic.runtime.migration] Running upgrade 03eddf0b8e79 -> 1b4a4527430b, empty message
INFO  [alembic.runtime.migration] Context impl PostgresqlImpl.
INFO  [alembic.runtime.migration] Will assume transactional DDL.
INFO  [alembic.runtime.migration] Running downgrade 1b4a4527430b -> 03eddf0b8e79, empty message
INFO  [alembic.runtime.migration] Running downgrade 03eddf0b8e79 -> 5ac27507f77e, empty message
INFO  [alembic.runtime.migration] Running downgrade 5ac27507f77e -> 0da61d9681b1, empty message
INFO  [alembic.runtime.migration] Running downgrade 0da61d9681b1 -> c2f46d74fb33, empty message
INFO  [alembic.runtime.migration] Running downgrade c2f46d74fb33 -> fe26d37d220f, Making Organisation optional
INFO  [alembic.runtime.migration] Running downgrade fe26d37d220f -> 0576cef39dd8, Adding category entities
INFO  [alembic.runtime.migration] Running downgrade 0576cef39dd8 -> a5b753b898f5, Adding Organisation entity
INFO  [alembic.runtime.migration] Running downgrade a5b753b898f5 -> 631f964e665f, Adding Grant and Allocation entities
INFO  [alembic.runtime.migration] Running downgrade 631f964e665f -> d919f20fe946, Adding Person and Participant entities
INFO  [alembic.runtime.migration] Running downgrade d919f20fe946 -> , Adding Project entity
]]></system-err>
		</testcase>
		<testcase classname="test_resource_category_terms.CategoryTermsResourceTestCase" name="test_category_term_relationship_parent_category_terms" time="0.453" timestamp="2024-04-08T14:03:40" file="tests/test_resource_category_terms.py" line="599">
			<system-err><![CDATA[INFO  [alembic.runtime.migration] Context impl PostgresqlImpl.
INFO  [alembic.runtime.migration] Will assume transactional DDL.
INFO  [alembic.runtime.migration] Running upgrade  -> d919f20fe946, Adding Project entity
INFO  [alembic.runtime.migration] Running upgrade d919f20fe946 -> 631f964e665f, Adding Person and Participant entities
INFO  [alembic.runtime.migration] Running upgrade 631f964e665f -> a5b753b898f5, Adding Grant and Allocation entities
INFO  [alembic.runtime.migration] Running upgrade a5b753b898f5 -> 0576cef39dd8, Adding Organisation entity
INFO  [alembic.runtime.migration] Running upgrade 0576cef39dd8 -> fe26d37d220f, Adding category entities
INFO  [alembic.runtime.migration] Running upgrade fe26d37d220f -> c2f46d74fb33, Making Organisation optional
INFO  [alembic.runtime.migration] Running upgrade c2f46d74fb33 -> 0da61d9681b1, empty message
INFO  [alembic.runtime.migration] Running upgrade 0da61d9681b1 -> 5ac27507f77e, empty message
INFO  [alembic.runtime.migration] Running upgrade 5ac27507f77e -> 03eddf0b8e79, empty message
INFO  [alembic.runtime.migration] Running upgrade 03eddf0b8e79 -> 1b4a4527430b, empty message
INFO  [alembic.runtime.migration] Context impl PostgresqlImpl.
INFO  [alembic.runtime.migration] Will assume transactional DDL.
INFO  [alembic.runtime.migration] Running downgrade 1b4a4527430b -> 03eddf0b8e79, empty message
INFO  [alembic.runtime.migration] Running downgrade 03eddf0b8e79 -> 5ac27507f77e, empty message
INFO  [alembic.runtime.migration] Running downgrade 5ac27507f77e -> 0da61d9681b1, empty message
INFO  [alembic.runtime.migration] Running downgrade 0da61d9681b1 -> c2f46d74fb33, empty message
INFO  [alembic.runtime.migration] Running downgrade c2f46d74fb33 -> fe26d37d220f, Making Organisation optional
INFO  [alembic.runtime.migration] Running downgrade fe26d37d220f -> 0576cef39dd8, Adding category entities
INFO  [alembic.runtime.migration] Running downgrade 0576cef39dd8 -> a5b753b898f5, Adding Organisation entity
INFO  [alembic.runtime.migration] Running downgrade a5b753b898f5 -> 631f964e665f, Adding Grant and Allocation entities
INFO  [alembic.runtime.migration] Running downgrade 631f964e665f -> d919f20fe946, Adding Person and Participant entities
INFO  [alembic.runtime.migration] Running downgrade d919f20fe946 -> , Adding Project entity
]]></system-err>
		</testcase>
		<testcase classname="test_resource_category_terms.CategoryTermsResourceTestCase" name="test_category_term_single_missing_unknown_id" time="0.438" timestamp="2024-04-08T14:03:41" file="tests/test_resource_category_terms.py" line="582">
			<system-err><![CDATA[INFO  [alembic.runtime.migration] Context impl PostgresqlImpl.
INFO  [alembic.runtime.migration] Will assume transactional DDL.
INFO  [alembic.runtime.migration] Running upgrade  -> d919f20fe946, Adding Project entity
INFO  [alembic.runtime.migration] Running upgrade d919f20fe946 -> 631f964e665f, Adding Person and Participant entities
INFO  [alembic.runtime.migration] Running upgrade 631f964e665f -> a5b753b898f5, Adding Grant and Allocation entities
INFO  [alembic.runtime.migration] Running upgrade a5b753b898f5 -> 0576cef39dd8, Adding Organisation entity
INFO  [alembic.runtime.migration] Running upgrade 0576cef39dd8 -> fe26d37d220f, Adding category entities
INFO  [alembic.runtime.migration] Running upgrade fe26d37d220f -> c2f46d74fb33, Making Organisation optional
INFO  [alembic.runtime.migration] Running upgrade c2f46d74fb33 -> 0da61d9681b1, empty message
INFO  [alembic.runtime.migration] Running upgrade 0da61d9681b1 -> 5ac27507f77e, empty message
INFO  [alembic.runtime.migration] Running upgrade 5ac27507f77e -> 03eddf0b8e79, empty message
INFO  [alembic.runtime.migration] Running upgrade 03eddf0b8e79 -> 1b4a4527430b, empty message
INFO  [alembic.runtime.migration] Context impl PostgresqlImpl.
INFO  [alembic.runtime.migration] Will assume transactional DDL.
INFO  [alembic.runtime.migration] Running downgrade 1b4a4527430b -> 03eddf0b8e79, empty message
INFO  [alembic.runtime.migration] Running downgrade 03eddf0b8e79 -> 5ac27507f77e, empty message
INFO  [alembic.runtime.migration] Running downgrade 5ac27507f77e -> 0da61d9681b1, empty message
INFO  [alembic.runtime.migration] Running downgrade 0da61d9681b1 -> c2f46d74fb33, empty message
INFO  [alembic.runtime.migration] Running downgrade c2f46d74fb33 -> fe26d37d220f, Making Organisation optional
INFO  [alembic.runtime.migration] Running downgrade fe26d37d220f -> 0576cef39dd8, Adding category entities
INFO  [alembic.runtime.migration] Running downgrade 0576cef39dd8 -> a5b753b898f5, Adding Organisation entity
INFO  [alembic.runtime.migration] Running downgrade a5b753b898f5 -> 631f964e665f, Adding Grant and Allocation entities
INFO  [alembic.runtime.migration] Running downgrade 631f964e665f -> d919f20fe946, Adding Person and Participant entities
INFO  [alembic.runtime.migration] Running downgrade d919f20fe946 -> , Adding Project entity
]]></system-err>
		</testcase>
	</testsuite>
	<testsuite name="test_resource_grants.GrantsResourceTestCase-20240408140327" tests="7" file="test_resource_grants.py" time="3.074" timestamp="2024-04-08T14:03:44" failures="0" errors="0" skipped="0">
		<testcase classname="test_resource_grants.GrantsResourceTestCase" name="test_grants_allocations" time="0.466" timestamp="2024-04-08T14:03:41" file="tests/test_resource_grants.py" line="838">
			<system-err><![CDATA[INFO  [alembic.runtime.migration] Context impl PostgresqlImpl.
INFO  [alembic.runtime.migration] Will assume transactional DDL.
INFO  [alembic.runtime.migration] Running upgrade  -> d919f20fe946, Adding Project entity
INFO  [alembic.runtime.migration] Running upgrade d919f20fe946 -> 631f964e665f, Adding Person and Participant entities
INFO  [alembic.runtime.migration] Running upgrade 631f964e665f -> a5b753b898f5, Adding Grant and Allocation entities
INFO  [alembic.runtime.migration] Running upgrade a5b753b898f5 -> 0576cef39dd8, Adding Organisation entity
INFO  [alembic.runtime.migration] Running upgrade 0576cef39dd8 -> fe26d37d220f, Adding category entities
INFO  [alembic.runtime.migration] Running upgrade fe26d37d220f -> c2f46d74fb33, Making Organisation optional
INFO  [alembic.runtime.migration] Running upgrade c2f46d74fb33 -> 0da61d9681b1, empty message
INFO  [alembic.runtime.migration] Running upgrade 0da61d9681b1 -> 5ac27507f77e, empty message
INFO  [alembic.runtime.migration] Running upgrade 5ac27507f77e -> 03eddf0b8e79, empty message
INFO  [alembic.runtime.migration] Running upgrade 03eddf0b8e79 -> 1b4a4527430b, empty message
INFO  [alembic.runtime.migration] Context impl PostgresqlImpl.
INFO  [alembic.runtime.migration] Will assume transactional DDL.
INFO  [alembic.runtime.migration] Running downgrade 1b4a4527430b -> 03eddf0b8e79, empty message
INFO  [alembic.runtime.migration] Running downgrade 03eddf0b8e79 -> 5ac27507f77e, empty message
INFO  [alembic.runtime.migration] Running downgrade 5ac27507f77e -> 0da61d9681b1, empty message
INFO  [alembic.runtime.migration] Running downgrade 0da61d9681b1 -> c2f46d74fb33, empty message
INFO  [alembic.runtime.migration] Running downgrade c2f46d74fb33 -> fe26d37d220f, Making Organisation optional
INFO  [alembic.runtime.migration] Running downgrade fe26d37d220f -> 0576cef39dd8, Adding category entities
INFO  [alembic.runtime.migration] Running downgrade 0576cef39dd8 -> a5b753b898f5, Adding Organisation entity
INFO  [alembic.runtime.migration] Running downgrade a5b753b898f5 -> 631f964e665f, Adding Grant and Allocation entities
INFO  [alembic.runtime.migration] Running downgrade 631f964e665f -> d919f20fe946, Adding Person and Participant entities
INFO  [alembic.runtime.migration] Running downgrade d919f20fe946 -> , Adding Project entity
]]></system-err>
		</testcase>
		<testcase classname="test_resource_grants.GrantsResourceTestCase" name="test_grants_detail" time="0.409" timestamp="2024-04-08T14:03:42" file="tests/test_resource_grants.py" line="487">
			<system-err><![CDATA[INFO  [alembic.runtime.migration] Context impl PostgresqlImpl.
INFO  [alembic.runtime.migration] Will assume transactional DDL.
INFO  [alembic.runtime.migration] Running upgrade  -> d919f20fe946, Adding Project entity
INFO  [alembic.runtime.migration] Running upgrade d919f20fe946 -> 631f964e665f, Adding Person and Participant entities
INFO  [alembic.runtime.migration] Running upgrade 631f964e665f -> a5b753b898f5, Adding Grant and Allocation entities
INFO  [alembic.runtime.migration] Running upgrade a5b753b898f5 -> 0576cef39dd8, Adding Organisation entity
INFO  [alembic.runtime.migration] Running upgrade 0576cef39dd8 -> fe26d37d220f, Adding category entities
INFO  [alembic.runtime.migration] Running upgrade fe26d37d220f -> c2f46d74fb33, Making Organisation optional
INFO  [alembic.runtime.migration] Running upgrade c2f46d74fb33 -> 0da61d9681b1, empty message
INFO  [alembic.runtime.migration] Running upgrade 0da61d9681b1 -> 5ac27507f77e, empty message
INFO  [alembic.runtime.migration] Running upgrade 5ac27507f77e -> 03eddf0b8e79, empty message
INFO  [alembic.runtime.migration] Running upgrade 03eddf0b8e79 -> 1b4a4527430b, empty message
INFO  [alembic.runtime.migration] Context impl PostgresqlImpl.
INFO  [alembic.runtime.migration] Will assume transactional DDL.
INFO  [alembic.runtime.migration] Running downgrade 1b4a4527430b -> 03eddf0b8e79, empty message
INFO  [alembic.runtime.migration] Running downgrade 03eddf0b8e79 -> 5ac27507f77e, empty message
INFO  [alembic.runtime.migration] Running downgrade 5ac27507f77e -> 0da61d9681b1, empty message
INFO  [alembic.runtime.migration] Running downgrade 0da61d9681b1 -> c2f46d74fb33, empty message
INFO  [alembic.runtime.migration] Running downgrade c2f46d74fb33 -> fe26d37d220f, Making Organisation optional
INFO  [alembic.runtime.migration] Running downgrade fe26d37d220f -> 0576cef39dd8, Adding category entities
INFO  [alembic.runtime.migration] Running downgrade 0576cef39dd8 -> a5b753b898f5, Adding Organisation entity
INFO  [alembic.runtime.migration] Running downgrade a5b753b898f5 -> 631f964e665f, Adding Grant and Allocation entities
INFO  [alembic.runtime.migration] Running downgrade 631f964e665f -> d919f20fe946, Adding Person and Participant entities
INFO  [alembic.runtime.migration] Running downgrade d919f20fe946 -> , Adding Project entity
]]></system-err>
		</testcase>
		<testcase classname="test_resource_grants.GrantsResourceTestCase" name="test_grants_list" time="0.492" timestamp="2024-04-08T14:03:42" file="tests/test_resource_grants.py" line="9">
			<system-err><![CDATA[INFO  [alembic.runtime.migration] Context impl PostgresqlImpl.
INFO  [alembic.runtime.migration] Will assume transactional DDL.
INFO  [alembic.runtime.migration] Running upgrade  -> d919f20fe946, Adding Project entity
INFO  [alembic.runtime.migration] Running upgrade d919f20fe946 -> 631f964e665f, Adding Person and Participant entities
INFO  [alembic.runtime.migration] Running upgrade 631f964e665f -> a5b753b898f5, Adding Grant and Allocation entities
INFO  [alembic.runtime.migration] Running upgrade a5b753b898f5 -> 0576cef39dd8, Adding Organisation entity
INFO  [alembic.runtime.migration] Running upgrade 0576cef39dd8 -> fe26d37d220f, Adding category entities
INFO  [alembic.runtime.migration] Running upgrade fe26d37d220f -> c2f46d74fb33, Making Organisation optional
INFO  [alembic.runtime.migration] Running upgrade c2f46d74fb33 -> 0da61d9681b1, empty message
INFO  [alembic.runtime.migration] Running upgrade 0da61d9681b1 -> 5ac27507f77e, empty message
INFO  [alembic.runtime.migration] Running upgrade 5ac27507f77e -> 03eddf0b8e79, empty message
INFO  [alembic.runtime.migration] Running upgrade 03eddf0b8e79 -> 1b4a4527430b, empty message
INFO  [alembic.runtime.migration] Context impl PostgresqlImpl.
INFO  [alembic.runtime.migration] Will assume transactional DDL.
INFO  [alembic.runtime.migration] Running downgrade 1b4a4527430b -> 03eddf0b8e79, empty message
INFO  [alembic.runtime.migration] Running downgrade 03eddf0b8e79 -> 5ac27507f77e, empty message
INFO  [alembic.runtime.migration] Running downgrade 5ac27507f77e -> 0da61d9681b1, empty message
INFO  [alembic.runtime.migration] Running downgrade 0da61d9681b1 -> c2f46d74fb33, empty message
INFO  [alembic.runtime.migration] Running downgrade c2f46d74fb33 -> fe26d37d220f, Making Organisation optional
INFO  [alembic.runtime.migration] Running downgrade fe26d37d220f -> 0576cef39dd8, Adding category entities
INFO  [alembic.runtime.migration] Running downgrade 0576cef39dd8 -> a5b753b898f5, Adding Organisation entity
INFO  [alembic.runtime.migration] Running downgrade a5b753b898f5 -> 631f964e665f, Adding Grant and Allocation entities
INFO  [alembic.runtime.migration] Running downgrade 631f964e665f -> d919f20fe946, Adding Person and Participant entities
INFO  [alembic.runtime.migration] Running downgrade d919f20fe946 -> , Adding Project entity
]]></system-err>
		</testcase>
		<testcase classname="test_resource_grants.GrantsResourceTestCase" name="test_grants_organisations" time="0.404" timestamp="2024-04-08T14:03:43" file="tests/test_resource_grants.py" line="886">
			<system-err><![CDATA[INFO  [alembic.runtime.migration] Context impl PostgresqlImpl.
INFO  [alembic.runtime.migration] Will assume transactional DDL.
INFO  [alembic.runtime.migration] Running upgrade  -> d919f20fe946, Adding Project entity
INFO  [alembic.runtime.migration] Running upgrade d919f20fe946 -> 631f964e665f, Adding Person and Participant entities
INFO  [alembic.runtime.migration] Running upgrade 631f964e665f -> a5b753b898f5, Adding Grant and Allocation entities
INFO  [alembic.runtime.migration] Running upgrade a5b753b898f5 -> 0576cef39dd8, Adding Organisation entity
INFO  [alembic.runtime.migration] Running upgrade 0576cef39dd8 -> fe26d37d220f, Adding category entities
INFO  [alembic.runtime.migration] Running upgrade fe26d37d220f -> c2f46d74fb33, Making Organisation optional
INFO  [alembic.runtime.migration] Running upgrade c2f46d74fb33 -> 0da61d9681b1, empty message
INFO  [alembic.runtime.migration] Running upgrade 0da61d9681b1 -> 5ac27507f77e, empty message
INFO  [alembic.runtime.migration] Running upgrade 5ac27507f77e -> 03eddf0b8e79, empty message
INFO  [alembic.runtime.migration] Running upgrade 03eddf0b8e79 -> 1b4a4527430b, empty message
INFO  [alembic.runtime.migration] Context impl PostgresqlImpl.
INFO  [alembic.runtime.migration] Will assume transactional DDL.
INFO  [alembic.runtime.migration] Running downgrade 1b4a4527430b -> 03eddf0b8e79, empty message
INFO  [alembic.runtime.migration] Running downgrade 03eddf0b8e79 -> 5ac27507f77e, empty message
INFO  [alembic.runtime.migration] Running downgrade 5ac27507f77e -> 0da61d9681b1, empty message
INFO  [alembic.runtime.migration] Running downgrade 0da61d9681b1 -> c2f46d74fb33, empty message
INFO  [alembic.runtime.migration] Running downgrade c2f46d74fb33 -> fe26d37d220f, Making Organisation optional
INFO  [alembic.runtime.migration] Running downgrade fe26d37d220f -> 0576cef39dd8, Adding category entities
INFO  [alembic.runtime.migration] Running downgrade 0576cef39dd8 -> a5b753b898f5, Adding Organisation entity
INFO  [alembic.runtime.migration] Running downgrade a5b753b898f5 -> 631f964e665f, Adding Grant and Allocation entities
INFO  [alembic.runtime.migration] Running downgrade 631f964e665f -> d919f20fe946, Adding Person and Participant entities
INFO  [alembic.runtime.migration] Running downgrade d919f20fe946 -> , Adding Project entity
]]></system-err>
		</testcase>
		<testcase classname="test_resource_grants.GrantsResourceTestCase" name="test_grants_relationship_allocations" time="0.403" timestamp="2024-04-08T14:03:43" file="tests/test_resource_grants.py" line="792">
			<system-err><![CDATA[INFO  [alembic.runtime.migration] Context impl PostgresqlImpl.
INFO  [alembic.runtime.migration] Will assume transactional DDL.
INFO  [alembic.runtime.migration] Running upgrade  -> d919f20fe946, Adding Project entity
INFO  [alembic.runtime.migration] Running upgrade d919f20fe946 -> 631f964e665f, Adding Person and Participant entities
INFO  [alembic.runtime.migration] Running upgrade 631f964e665f -> a5b753b898f5, Adding Grant and Allocation entities
INFO  [alembic.runtime.migration] Running upgrade a5b753b898f5 -> 0576cef39dd8, Adding Organisation entity
INFO  [alembic.runtime.migration] Running upgrade 0576cef39dd8 -> fe26d37d220f, Adding category entities
INFO  [alembic.runtime.migration] Running upgrade fe26d37d220f -> c2f46d74fb33, Making Organisation optional
INFO  [alembic.runtime.migration] Running upgrade c2f46d74fb33 -> 0da61d9681b1, empty message
INFO  [alembic.runtime.migration] Running upgrade 0da61d9681b1 -> 5ac27507f77e, empty message
INFO  [alembic.runtime.migration] Running upgrade 5ac27507f77e -> 03eddf0b8e79, empty message
INFO  [alembic.runtime.migration] Running upgrade 03eddf0b8e79 -> 1b4a4527430b, empty message
INFO  [alembic.runtime.migration] Context impl PostgresqlImpl.
INFO  [alembic.runtime.migration] Will assume transactional DDL.
INFO  [alembic.runtime.migration] Running downgrade 1b4a4527430b -> 03eddf0b8e79, empty message
INFO  [alembic.runtime.migration] Running downgrade 03eddf0b8e79 -> 5ac27507f77e, empty message
INFO  [alembic.runtime.migration] Running downgrade 5ac27507f77e -> 0da61d9681b1, empty message
INFO  [alembic.runtime.migration] Running downgrade 0da61d9681b1 -> c2f46d74fb33, empty message
INFO  [alembic.runtime.migration] Running downgrade c2f46d74fb33 -> fe26d37d220f, Making Organisation optional
INFO  [alembic.runtime.migration] Running downgrade fe26d37d220f -> 0576cef39dd8, Adding category entities
INFO  [alembic.runtime.migration] Running downgrade 0576cef39dd8 -> a5b753b898f5, Adding Organisation entity
INFO  [alembic.runtime.migration] Running downgrade a5b753b898f5 -> 631f964e665f, Adding Grant and Allocation entities
INFO  [alembic.runtime.migration] Running downgrade 631f964e665f -> d919f20fe946, Adding Person and Participant entities
INFO  [alembic.runtime.migration] Running downgrade d919f20fe946 -> , Adding Project entity
]]></system-err>
		</testcase>
		<testcase classname="test_resource_grants.GrantsResourceTestCase" name="test_grants_relationship_organisations" time="0.482" timestamp="2024-04-08T14:03:44" file="tests/test_resource_grants.py" line="816">
			<system-err><![CDATA[INFO  [alembic.runtime.migration] Context impl PostgresqlImpl.
INFO  [alembic.runtime.migration] Will assume transactional DDL.
INFO  [alembic.runtime.migration] Running upgrade  -> d919f20fe946, Adding Project entity
INFO  [alembic.runtime.migration] Running upgrade d919f20fe946 -> 631f964e665f, Adding Person and Participant entities
INFO  [alembic.runtime.migration] Running upgrade 631f964e665f -> a5b753b898f5, Adding Grant and Allocation entities
INFO  [alembic.runtime.migration] Running upgrade a5b753b898f5 -> 0576cef39dd8, Adding Organisation entity
INFO  [alembic.runtime.migration] Running upgrade 0576cef39dd8 -> fe26d37d220f, Adding category entities
INFO  [alembic.runtime.migration] Running upgrade fe26d37d220f -> c2f46d74fb33, Making Organisation optional
INFO  [alembic.runtime.migration] Running upgrade c2f46d74fb33 -> 0da61d9681b1, empty message
INFO  [alembic.runtime.migration] Running upgrade 0da61d9681b1 -> 5ac27507f77e, empty message
INFO  [alembic.runtime.migration] Running upgrade 5ac27507f77e -> 03eddf0b8e79, empty message
INFO  [alembic.runtime.migration] Running upgrade 03eddf0b8e79 -> 1b4a4527430b, empty message
INFO  [alembic.runtime.migration] Context impl PostgresqlImpl.
INFO  [alembic.runtime.migration] Will assume transactional DDL.
INFO  [alembic.runtime.migration] Running downgrade 1b4a4527430b -> 03eddf0b8e79, empty message
INFO  [alembic.runtime.migration] Running downgrade 03eddf0b8e79 -> 5ac27507f77e, empty message
INFO  [alembic.runtime.migration] Running downgrade 5ac27507f77e -> 0da61d9681b1, empty message
INFO  [alembic.runtime.migration] Running downgrade 0da61d9681b1 -> c2f46d74fb33, empty message
INFO  [alembic.runtime.migration] Running downgrade c2f46d74fb33 -> fe26d37d220f, Making Organisation optional
INFO  [alembic.runtime.migration] Running downgrade fe26d37d220f -> 0576cef39dd8, Adding category entities
INFO  [alembic.runtime.migration] Running downgrade 0576cef39dd8 -> a5b753b898f5, Adding Organisation entity
INFO  [alembic.runtime.migration] Running downgrade a5b753b898f5 -> 631f964e665f, Adding Grant and Allocation entities
INFO  [alembic.runtime.migration] Running downgrade 631f964e665f -> d919f20fe946, Adding Person and Participant entities
INFO  [alembic.runtime.migration] Running downgrade d919f20fe946 -> , Adding Project entity
]]></system-err>
		</testcase>
		<testcase classname="test_resource_grants.GrantsResourceTestCase" name="test_grants_single_missing_unknown_id" time="0.418" timestamp="2024-04-08T14:03:44" file="tests/test_resource_grants.py" line="775">
			<system-err><![CDATA[INFO  [alembic.runtime.migration] Context impl PostgresqlImpl.
INFO  [alembic.runtime.migration] Will assume transactional DDL.
INFO  [alembic.runtime.migration] Running upgrade  -> d919f20fe946, Adding Project entity
INFO  [alembic.runtime.migration] Running upgrade d919f20fe946 -> 631f964e665f, Adding Person and Participant entities
INFO  [alembic.runtime.migration] Running upgrade 631f964e665f -> a5b753b898f5, Adding Grant and Allocation entities
INFO  [alembic.runtime.migration] Running upgrade a5b753b898f5 -> 0576cef39dd8, Adding Organisation entity
INFO  [alembic.runtime.migration] Running upgrade 0576cef39dd8 -> fe26d37d220f, Adding category entities
INFO  [alembic.runtime.migration] Running upgrade fe26d37d220f -> c2f46d74fb33, Making Organisation optional
INFO  [alembic.runtime.migration] Running upgrade c2f46d74fb33 -> 0da61d9681b1, empty message
INFO  [alembic.runtime.migration] Running upgrade 0da61d9681b1 -> 5ac27507f77e, empty message
INFO  [alembic.runtime.migration] Running upgrade 5ac27507f77e -> 03eddf0b8e79, empty message
INFO  [alembic.runtime.migration] Running upgrade 03eddf0b8e79 -> 1b4a4527430b, empty message
INFO  [alembic.runtime.migration] Context impl PostgresqlImpl.
INFO  [alembic.runtime.migration] Will assume transactional DDL.
INFO  [alembic.runtime.migration] Running downgrade 1b4a4527430b -> 03eddf0b8e79, empty message
INFO  [alembic.runtime.migration] Running downgrade 03eddf0b8e79 -> 5ac27507f77e, empty message
INFO  [alembic.runtime.migration] Running downgrade 5ac27507f77e -> 0da61d9681b1, empty message
INFO  [alembic.runtime.migration] Running downgrade 0da61d9681b1 -> c2f46d74fb33, empty message
INFO  [alembic.runtime.migration] Running downgrade c2f46d74fb33 -> fe26d37d220f, Making Organisation optional
INFO  [alembic.runtime.migration] Running downgrade fe26d37d220f -> 0576cef39dd8, Adding category entities
INFO  [alembic.runtime.migration] Running downgrade 0576cef39dd8 -> a5b753b898f5, Adding Organisation entity
INFO  [alembic.runtime.migration] Running downgrade a5b753b898f5 -> 631f964e665f, Adding Grant and Allocation entities
INFO  [alembic.runtime.migration] Running downgrade 631f964e665f -> d919f20fe946, Adding Person and Participant entities
INFO  [alembic.runtime.migration] Running downgrade d919f20fe946 -> , Adding Project entity
]]></system-err>
		</testcase>
	</testsuite>
	<testsuite name="test_resource_organisations.OrganisationsResourceTestCase-20240408140327" tests="7" file="test_resource_organisations.py" time="3.062" timestamp="2024-04-08T14:03:47" failures="0" errors="0" skipped="0">
		<testcase classname="test_resource_organisations.OrganisationsResourceTestCase" name="test_organisations_detail" time="0.447" timestamp="2024-04-08T14:03:44" file="tests/test_resource_organisations.py" line="680">
			<system-err><![CDATA[INFO  [alembic.runtime.migration] Context impl PostgresqlImpl.
INFO  [alembic.runtime.migration] Will assume transactional DDL.
INFO  [alembic.runtime.migration] Running upgrade  -> d919f20fe946, Adding Project entity
INFO  [alembic.runtime.migration] Running upgrade d919f20fe946 -> 631f964e665f, Adding Person and Participant entities
INFO  [alembic.runtime.migration] Running upgrade 631f964e665f -> a5b753b898f5, Adding Grant and Allocation entities
INFO  [alembic.runtime.migration] Running upgrade a5b753b898f5 -> 0576cef39dd8, Adding Organisation entity
INFO  [alembic.runtime.migration] Running upgrade 0576cef39dd8 -> fe26d37d220f, Adding category entities
INFO  [alembic.runtime.migration] Running upgrade fe26d37d220f -> c2f46d74fb33, Making Organisation optional
INFO  [alembic.runtime.migration] Running upgrade c2f46d74fb33 -> 0da61d9681b1, empty message
INFO  [alembic.runtime.migration] Running upgrade 0da61d9681b1 -> 5ac27507f77e, empty message
INFO  [alembic.runtime.migration] Running upgrade 5ac27507f77e -> 03eddf0b8e79, empty message
INFO  [alembic.runtime.migration] Running upgrade 03eddf0b8e79 -> 1b4a4527430b, empty message
INFO  [alembic.runtime.migration] Context impl PostgresqlImpl.
INFO  [alembic.runtime.migration] Will assume transactional DDL.
INFO  [alembic.runtime.migration] Running downgrade 1b4a4527430b -> 03eddf0b8e79, empty message
INFO  [alembic.runtime.migration] Running downgrade 03eddf0b8e79 -> 5ac27507f77e, empty message
INFO  [alembic.runtime.migration] Running downgrade 5ac27507f77e -> 0da61d9681b1, empty message
INFO  [alembic.runtime.migration] Running downgrade 0da61d9681b1 -> c2f46d74fb33, empty message
INFO  [alembic.runtime.migration] Running downgrade c2f46d74fb33 -> fe26d37d220f, Making Organisation optional
INFO  [alembic.runtime.migration] Running downgrade fe26d37d220f -> 0576cef39dd8, Adding category entities
INFO  [alembic.runtime.migration] Running downgrade 0576cef39dd8 -> a5b753b898f5, Adding Organisation entity
INFO  [alembic.runtime.migration] Running downgrade a5b753b898f5 -> 631f964e665f, Adding Grant and Allocation entities
INFO  [alembic.runtime.migration] Running downgrade 631f964e665f -> d919f20fe946, Adding Person and Participant entities
INFO  [alembic.runtime.migration] Running downgrade d919f20fe946 -> , Adding Project entity
]]></system-err>
		</testcase>
		<testcase classname="test_resource_organisations.OrganisationsResourceTestCase" name="test_organisations_grants" time="0.438" timestamp="2024-04-08T14:03:45" file="tests/test_resource_organisations.py" line="982">
			<system-err><![CDATA[INFO  [alembic.runtime.migration] Context impl PostgresqlImpl.
INFO  [alembic.runtime.migration] Will assume transactional DDL.
INFO  [alembic.runtime.migration] Running upgrade  -> d919f20fe946, Adding Project entity
INFO  [alembic.runtime.migration] Running upgrade d919f20fe946 -> 631f964e665f, Adding Person and Participant entities
INFO  [alembic.runtime.migration] Running upgrade 631f964e665f -> a5b753b898f5, Adding Grant and Allocation entities
INFO  [alembic.runtime.migration] Running upgrade a5b753b898f5 -> 0576cef39dd8, Adding Organisation entity
INFO  [alembic.runtime.migration] Running upgrade 0576cef39dd8 -> fe26d37d220f, Adding category entities
INFO  [alembic.runtime.migration] Running upgrade fe26d37d220f -> c2f46d74fb33, Making Organisation optional
INFO  [alembic.runtime.migration] Running upgrade c2f46d74fb33 -> 0da61d9681b1, empty message
INFO  [alembic.runtime.migration] Running upgrade 0da61d9681b1 -> 5ac27507f77e, empty message
INFO  [alembic.runtime.migration] Running upgrade 5ac27507f77e -> 03eddf0b8e79, empty message
INFO  [alembic.runtime.migration] Running upgrade 03eddf0b8e79 -> 1b4a4527430b, empty message
INFO  [alembic.runtime.migration] Context impl PostgresqlImpl.
INFO  [alembic.runtime.migration] Will assume transactional DDL.
INFO  [alembic.runtime.migration] Running downgrade 1b4a4527430b -> 03eddf0b8e79, empty message
INFO  [alembic.runtime.migration] Running downgrade 03eddf0b8e79 -> 5ac27507f77e, empty message
INFO  [alembic.runtime.migration] Running downgrade 5ac27507f77e -> 0da61d9681b1, empty message
INFO  [alembic.runtime.migration] Running downgrade 0da61d9681b1 -> c2f46d74fb33, empty message
INFO  [alembic.runtime.migration] Running downgrade c2f46d74fb33 -> fe26d37d220f, Making Organisation optional
INFO  [alembic.runtime.migration] Running downgrade fe26d37d220f -> 0576cef39dd8, Adding category entities
INFO  [alembic.runtime.migration] Running downgrade 0576cef39dd8 -> a5b753b898f5, Adding Organisation entity
INFO  [alembic.runtime.migration] Running downgrade a5b753b898f5 -> 631f964e665f, Adding Grant and Allocation entities
INFO  [alembic.runtime.migration] Running downgrade 631f964e665f -> d919f20fe946, Adding Person and Participant entities
INFO  [alembic.runtime.migration] Running downgrade d919f20fe946 -> , Adding Project entity
]]></system-err>
		</testcase>
		<testcase classname="test_resource_organisations.OrganisationsResourceTestCase" name="test_organisations_list" time="0.429" timestamp="2024-04-08T14:03:45" file="tests/test_resource_organisations.py" line="9">
			<system-err><![CDATA[INFO  [alembic.runtime.migration] Context impl PostgresqlImpl.
INFO  [alembic.runtime.migration] Will assume transactional DDL.
INFO  [alembic.runtime.migration] Running upgrade  -> d919f20fe946, Adding Project entity
INFO  [alembic.runtime.migration] Running upgrade d919f20fe946 -> 631f964e665f, Adding Person and Participant entities
INFO  [alembic.runtime.migration] Running upgrade 631f964e665f -> a5b753b898f5, Adding Grant and Allocation entities
INFO  [alembic.runtime.migration] Running upgrade a5b753b898f5 -> 0576cef39dd8, Adding Organisation entity
INFO  [alembic.runtime.migration] Running upgrade 0576cef39dd8 -> fe26d37d220f, Adding category entities
INFO  [alembic.runtime.migration] Running upgrade fe26d37d220f -> c2f46d74fb33, Making Organisation optional
INFO  [alembic.runtime.migration] Running upgrade c2f46d74fb33 -> 0da61d9681b1, empty message
INFO  [alembic.runtime.migration] Running upgrade 0da61d9681b1 -> 5ac27507f77e, empty message
INFO  [alembic.runtime.migration] Running upgrade 5ac27507f77e -> 03eddf0b8e79, empty message
INFO  [alembic.runtime.migration] Running upgrade 03eddf0b8e79 -> 1b4a4527430b, empty message
INFO  [alembic.runtime.migration] Context impl PostgresqlImpl.
INFO  [alembic.runtime.migration] Will assume transactional DDL.
INFO  [alembic.runtime.migration] Running downgrade 1b4a4527430b -> 03eddf0b8e79, empty message
INFO  [alembic.runtime.migration] Running downgrade 03eddf0b8e79 -> 5ac27507f77e, empty message
INFO  [alembic.runtime.migration] Running downgrade 5ac27507f77e -> 0da61d9681b1, empty message
INFO  [alembic.runtime.migration] Running downgrade 0da61d9681b1 -> c2f46d74fb33, empty message
INFO  [alembic.runtime.migration] Running downgrade c2f46d74fb33 -> fe26d37d220f, Making Organisation optional
INFO  [alembic.runtime.migration] Running downgrade fe26d37d220f -> 0576cef39dd8, Adding category entities
INFO  [alembic.runtime.migration] Running downgrade 0576cef39dd8 -> a5b753b898f5, Adding Organisation entity
INFO  [alembic.runtime.migration] Running downgrade a5b753b898f5 -> 631f964e665f, Adding Grant and Allocation entities
INFO  [alembic.runtime.migration] Running downgrade 631f964e665f -> d919f20fe946, Adding Person and Participant entities
INFO  [alembic.runtime.migration] Running downgrade d919f20fe946 -> , Adding Project entity
]]></system-err>
		</testcase>
		<testcase classname="test_resource_organisations.OrganisationsResourceTestCase" name="test_organisations_people" time="0.432" timestamp="2024-04-08T14:03:46" file="tests/test_resource_organisations.py" line="1000">
			<system-err><![CDATA[INFO  [alembic.runtime.migration] Context impl PostgresqlImpl.
INFO  [alembic.runtime.migration] Will assume transactional DDL.
INFO  [alembic.runtime.migration] Running upgrade  -> d919f20fe946, Adding Project entity
INFO  [alembic.runtime.migration] Running upgrade d919f20fe946 -> 631f964e665f, Adding Person and Participant entities
INFO  [alembic.runtime.migration] Running upgrade 631f964e665f -> a5b753b898f5, Adding Grant and Allocation entities
INFO  [alembic.runtime.migration] Running upgrade a5b753b898f5 -> 0576cef39dd8, Adding Organisation entity
INFO  [alembic.runtime.migration] Running upgrade 0576cef39dd8 -> fe26d37d220f, Adding category entities
INFO  [alembic.runtime.migration] Running upgrade fe26d37d220f -> c2f46d74fb33, Making Organisation optional
INFO  [alembic.runtime.migration] Running upgrade c2f46d74fb33 -> 0da61d9681b1, empty message
INFO  [alembic.runtime.migration] Running upgrade 0da61d9681b1 -> 5ac27507f77e, empty message
INFO  [alembic.runtime.migration] Running upgrade 5ac27507f77e -> 03eddf0b8e79, empty message
INFO  [alembic.runtime.migration] Running upgrade 03eddf0b8e79 -> 1b4a4527430b, empty message
INFO  [alembic.runtime.migration] Context impl PostgresqlImpl.
INFO  [alembic.runtime.migration] Will assume transactional DDL.
INFO  [alembic.runtime.migration] Running downgrade 1b4a4527430b -> 03eddf0b8e79, empty message
INFO  [alembic.runtime.migration] Running downgrade 03eddf0b8e79 -> 5ac27507f77e, empty message
INFO  [alembic.runtime.migration] Running downgrade 5ac27507f77e -> 0da61d9681b1, empty message
INFO  [alembic.runtime.migration] Running downgrade 0da61d9681b1 -> c2f46d74fb33, empty message
INFO  [alembic.runtime.migration] Running downgrade c2f46d74fb33 -> fe26d37d220f, Making Organisation optional
INFO  [alembic.runtime.migration] Running downgrade fe26d37d220f -> 0576cef39dd8, Adding category entities
INFO  [alembic.runtime.migration] Running downgrade 0576cef39dd8 -> a5b753b898f5, Adding Organisation entity
INFO  [alembic.runtime.migration] Running downgrade a5b753b898f5 -> 631f964e665f, Adding Grant and Allocation entities
INFO  [alembic.runtime.migration] Running downgrade 631f964e665f -> d919f20fe946, Adding Person and Participant entities
INFO  [alembic.runtime.migration] Running downgrade d919f20fe946 -> , Adding Project entity
]]></system-err>
		</testcase>
		<testcase classname="test_resource_organisations.OrganisationsResourceTestCase" name="test_organisations_relationship_grants" time="0.410" timestamp="2024-04-08T14:03:46" file="tests/test_resource_organisations.py" line="939">
			<system-err><![CDATA[INFO  [alembic.runtime.migration] Context impl PostgresqlImpl.
INFO  [alembic.runtime.migration] Will assume transactional DDL.
INFO  [alembic.runtime.migration] Running upgrade  -> d919f20fe946, Adding Project entity
INFO  [alembic.runtime.migration] Running upgrade d919f20fe946 -> 631f964e665f, Adding Person and Participant entities
INFO  [alembic.runtime.migration] Running upgrade 631f964e665f -> a5b753b898f5, Adding Grant and Allocation entities
INFO  [alembic.runtime.migration] Running upgrade a5b753b898f5 -> 0576cef39dd8, Adding Organisation entity
INFO  [alembic.runtime.migration] Running upgrade 0576cef39dd8 -> fe26d37d220f, Adding category entities
INFO  [alembic.runtime.migration] Running upgrade fe26d37d220f -> c2f46d74fb33, Making Organisation optional
INFO  [alembic.runtime.migration] Running upgrade c2f46d74fb33 -> 0da61d9681b1, empty message
INFO  [alembic.runtime.migration] Running upgrade 0da61d9681b1 -> 5ac27507f77e, empty message
INFO  [alembic.runtime.migration] Running upgrade 5ac27507f77e -> 03eddf0b8e79, empty message
INFO  [alembic.runtime.migration] Running upgrade 03eddf0b8e79 -> 1b4a4527430b, empty message
INFO  [alembic.runtime.migration] Context impl PostgresqlImpl.
INFO  [alembic.runtime.migration] Will assume transactional DDL.
INFO  [alembic.runtime.migration] Running downgrade 1b4a4527430b -> 03eddf0b8e79, empty message
INFO  [alembic.runtime.migration] Running downgrade 03eddf0b8e79 -> 5ac27507f77e, empty message
INFO  [alembic.runtime.migration] Running downgrade 5ac27507f77e -> 0da61d9681b1, empty message
INFO  [alembic.runtime.migration] Running downgrade 0da61d9681b1 -> c2f46d74fb33, empty message
INFO  [alembic.runtime.migration] Running downgrade c2f46d74fb33 -> fe26d37d220f, Making Organisation optional
INFO  [alembic.runtime.migration] Running downgrade fe26d37d220f -> 0576cef39dd8, Adding category entities
INFO  [alembic.runtime.migration] Running downgrade 0576cef39dd8 -> a5b753b898f5, Adding Organisation entity
INFO  [alembic.runtime.migration] Running downgrade a5b753b898f5 -> 631f964e665f, Adding Grant and Allocation entities
INFO  [alembic.runtime.migration] Running downgrade 631f964e665f -> d919f20fe946, Adding Person and Participant entities
INFO  [alembic.runtime.migration] Running downgrade d919f20fe946 -> , Adding Project entity
]]></system-err>
		</testcase>
		<testcase classname="test_resource_organisations.OrganisationsResourceTestCase" name="test_organisations_relationship_people" time="0.475" timestamp="2024-04-08T14:03:47" file="tests/test_resource_organisations.py" line="958">
			<system-err><![CDATA[INFO  [alembic.runtime.migration] Context impl PostgresqlImpl.
INFO  [alembic.runtime.migration] Will assume transactional DDL.
INFO  [alembic.runtime.migration] Running upgrade  -> d919f20fe946, Adding Project entity
INFO  [alembic.runtime.migration] Running upgrade d919f20fe946 -> 631f964e665f, Adding Person and Participant entities
INFO  [alembic.runtime.migration] Running upgrade 631f964e665f -> a5b753b898f5, Adding Grant and Allocation entities
INFO  [alembic.runtime.migration] Running upgrade a5b753b898f5 -> 0576cef39dd8, Adding Organisation entity
INFO  [alembic.runtime.migration] Running upgrade 0576cef39dd8 -> fe26d37d220f, Adding category entities
INFO  [alembic.runtime.migration] Running upgrade fe26d37d220f -> c2f46d74fb33, Making Organisation optional
INFO  [alembic.runtime.migration] Running upgrade c2f46d74fb33 -> 0da61d9681b1, empty message
INFO  [alembic.runtime.migration] Running upgrade 0da61d9681b1 -> 5ac27507f77e, empty message
INFO  [alembic.runtime.migration] Running upgrade 5ac27507f77e -> 03eddf0b8e79, empty message
INFO  [alembic.runtime.migration] Running upgrade 03eddf0b8e79 -> 1b4a4527430b, empty message
INFO  [alembic.runtime.migration] Context impl PostgresqlImpl.
INFO  [alembic.runtime.migration] Will assume transactional DDL.
INFO  [alembic.runtime.migration] Running downgrade 1b4a4527430b -> 03eddf0b8e79, empty message
INFO  [alembic.runtime.migration] Running downgrade 03eddf0b8e79 -> 5ac27507f77e, empty message
INFO  [alembic.runtime.migration] Running downgrade 5ac27507f77e -> 0da61d9681b1, empty message
INFO  [alembic.runtime.migration] Running downgrade 0da61d9681b1 -> c2f46d74fb33, empty message
INFO  [alembic.runtime.migration] Running downgrade c2f46d74fb33 -> fe26d37d220f, Making Organisation optional
INFO  [alembic.runtime.migration] Running downgrade fe26d37d220f -> 0576cef39dd8, Adding category entities
INFO  [alembic.runtime.migration] Running downgrade 0576cef39dd8 -> a5b753b898f5, Adding Organisation entity
INFO  [alembic.runtime.migration] Running downgrade a5b753b898f5 -> 631f964e665f, Adding Grant and Allocation entities
INFO  [alembic.runtime.migration] Running downgrade 631f964e665f -> d919f20fe946, Adding Person and Participant entities
INFO  [alembic.runtime.migration] Running downgrade d919f20fe946 -> , Adding Project entity
]]></system-err>
		</testcase>
		<testcase classname="test_resource_organisations.OrganisationsResourceTestCase" name="test_organisations_single_missing_unknown_id" time="0.432" timestamp="2024-04-08T14:03:47" file="tests/test_resource_organisations.py" line="922">
			<system-err><![CDATA[INFO  [alembic.runtime.migration] Context impl PostgresqlImpl.
INFO  [alembic.runtime.migration] Will assume transactional DDL.
INFO  [alembic.runtime.migration] Running upgrade  -> d919f20fe946, Adding Project entity
INFO  [alembic.runtime.migration] Running upgrade d919f20fe946 -> 631f964e665f, Adding Person and Participant entities
INFO  [alembic.runtime.migration] Running upgrade 631f964e665f -> a5b753b898f5, Adding Grant and Allocation entities
INFO  [alembic.runtime.migration] Running upgrade a5b753b898f5 -> 0576cef39dd8, Adding Organisation entity
INFO  [alembic.runtime.migration] Running upgrade 0576cef39dd8 -> fe26d37d220f, Adding category entities
INFO  [alembic.runtime.migration] Running upgrade fe26d37d220f -> c2f46d74fb33, Making Organisation optional
INFO  [alembic.runtime.migration] Running upgrade c2f46d74fb33 -> 0da61d9681b1, empty message
INFO  [alembic.runtime.migration] Running upgrade 0da61d9681b1 -> 5ac27507f77e, empty message
INFO  [alembic.runtime.migration] Running upgrade 5ac27507f77e -> 03eddf0b8e79, empty message
INFO  [alembic.runtime.migration] Running upgrade 03eddf0b8e79 -> 1b4a4527430b, empty message
INFO  [alembic.runtime.migration] Context impl PostgresqlImpl.
INFO  [alembic.runtime.migration] Will assume transactional DDL.
INFO  [alembic.runtime.migration] Running downgrade 1b4a4527430b -> 03eddf0b8e79, empty message
INFO  [alembic.runtime.migration] Running downgrade 03eddf0b8e79 -> 5ac27507f77e, empty message
INFO  [alembic.runtime.migration] Running downgrade 5ac27507f77e -> 0da61d9681b1, empty message
INFO  [alembic.runtime.migration] Running downgrade 0da61d9681b1 -> c2f46d74fb33, empty message
INFO  [alembic.runtime.migration] Running downgrade c2f46d74fb33 -> fe26d37d220f, Making Organisation optional
INFO  [alembic.runtime.migration] Running downgrade fe26d37d220f -> 0576cef39dd8, Adding category entities
INFO  [alembic.runtime.migration] Running downgrade 0576cef39dd8 -> a5b753b898f5, Adding Organisation entity
INFO  [alembic.runtime.migration] Running downgrade a5b753b898f5 -> 631f964e665f, Adding Grant and Allocation entities
INFO  [alembic.runtime.migration] Running downgrade 631f964e665f -> d919f20fe946, Adding Person and Participant entities
INFO  [alembic.runtime.migration] Running downgrade d919f20fe946 -> , Adding Project entity
]]></system-err>
		</testcase>
	</testsuite>
	<testsuite name="test_resource_participants.ParticipantsResourceTestCase-20240408140327" tests="7" file="test_resource_participants.py" time="2.935" timestamp="2024-04-08T14:03:50" failures="0" errors="0" skipped="0">
		<testcase classname="test_resource_participants.ParticipantsResourceTestCase" name="test_participants_detail" time="0.410" timestamp="2024-04-08T14:03:47" file="tests/test_resource_participants.py" line="295">
			<system-err><![CDATA[INFO  [alembic.runtime.migration] Context impl PostgresqlImpl.
INFO  [alembic.runtime.migration] Will assume transactional DDL.
INFO  [alembic.runtime.migration] Running upgrade  -> d919f20fe946, Adding Project entity
INFO  [alembic.runtime.migration] Running upgrade d919f20fe946 -> 631f964e665f, Adding Person and Participant entities
INFO  [alembic.runtime.migration] Running upgrade 631f964e665f -> a5b753b898f5, Adding Grant and Allocation entities
INFO  [alembic.runtime.migration] Running upgrade a5b753b898f5 -> 0576cef39dd8, Adding Organisation entity
INFO  [alembic.runtime.migration] Running upgrade 0576cef39dd8 -> fe26d37d220f, Adding category entities
INFO  [alembic.runtime.migration] Running upgrade fe26d37d220f -> c2f46d74fb33, Making Organisation optional
INFO  [alembic.runtime.migration] Running upgrade c2f46d74fb33 -> 0da61d9681b1, empty message
INFO  [alembic.runtime.migration] Running upgrade 0da61d9681b1 -> 5ac27507f77e, empty message
INFO  [alembic.runtime.migration] Running upgrade 5ac27507f77e -> 03eddf0b8e79, empty message
INFO  [alembic.runtime.migration] Running upgrade 03eddf0b8e79 -> 1b4a4527430b, empty message
INFO  [alembic.runtime.migration] Context impl PostgresqlImpl.
INFO  [alembic.runtime.migration] Will assume transactional DDL.
INFO  [alembic.runtime.migration] Running downgrade 1b4a4527430b -> 03eddf0b8e79, empty message
INFO  [alembic.runtime.migration] Running downgrade 03eddf0b8e79 -> 5ac27507f77e, empty message
INFO  [alembic.runtime.migration] Running downgrade 5ac27507f77e -> 0da61d9681b1, empty message
INFO  [alembic.runtime.migration] Running downgrade 0da61d9681b1 -> c2f46d74fb33, empty message
INFO  [alembic.runtime.migration] Running downgrade c2f46d74fb33 -> fe26d37d220f, Making Organisation optional
INFO  [alembic.runtime.migration] Running downgrade fe26d37d220f -> 0576cef39dd8, Adding category entities
INFO  [alembic.runtime.migration] Running downgrade 0576cef39dd8 -> a5b753b898f5, Adding Organisation entity
INFO  [alembic.runtime.migration] Running downgrade a5b753b898f5 -> 631f964e665f, Adding Grant and Allocation entities
INFO  [alembic.runtime.migration] Running downgrade 631f964e665f -> d919f20fe946, Adding Person and Participant entities
INFO  [alembic.runtime.migration] Running downgrade d919f20fe946 -> , Adding Project entity
]]></system-err>
		</testcase>
		<testcase classname="test_resource_participants.ParticipantsResourceTestCase" name="test_participants_list" time="0.410" timestamp="2024-04-08T14:03:48" file="tests/test_resource_participants.py" line="9">
			<system-err><![CDATA[INFO  [alembic.runtime.migration] Context impl PostgresqlImpl.
INFO  [alembic.runtime.migration] Will assume transactional DDL.
INFO  [alembic.runtime.migration] Running upgrade  -> d919f20fe946, Adding Project entity
INFO  [alembic.runtime.migration] Running upgrade d919f20fe946 -> 631f964e665f, Adding Person and Participant entities
INFO  [alembic.runtime.migration] Running upgrade 631f964e665f -> a5b753b898f5, Adding Grant and Allocation entities
INFO  [alembic.runtime.migration] Running upgrade a5b753b898f5 -> 0576cef39dd8, Adding Organisation entity
INFO  [alembic.runtime.migration] Running upgrade 0576cef39dd8 -> fe26d37d220f, Adding category entities
INFO  [alembic.runtime.migration] Running upgrade fe26d37d220f -> c2f46d74fb33, Making Organisation optional
INFO  [alembic.runtime.migration] Running upgrade c2f46d74fb33 -> 0da61d9681b1, empty message
INFO  [alembic.runtime.migration] Running upgrade 0da61d9681b1 -> 5ac27507f77e, empty message
INFO  [alembic.runtime.migration] Running upgrade 5ac27507f77e -> 03eddf0b8e79, empty message
INFO  [alembic.runtime.migration] Running upgrade 03eddf0b8e79 -> 1b4a4527430b, empty message
INFO  [alembic.runtime.migration] Context impl PostgresqlImpl.
INFO  [alembic.runtime.migration] Will assume transactional DDL.
INFO  [alembic.runtime.migration] Running downgrade 1b4a4527430b -> 03eddf0b8e79, empty message
INFO  [alembic.runtime.migration] Running downgrade 03eddf0b8e79 -> 5ac27507f77e, empty message
INFO  [alembic.runtime.migration] Running downgrade 5ac27507f77e -> 0da61d9681b1, empty message
INFO  [alembic.runtime.migration] Running downgrade 0da61d9681b1 -> c2f46d74fb33, empty message
INFO  [alembic.runtime.migration] Running downgrade c2f46d74fb33 -> fe26d37d220f, Making Organisation optional
INFO  [alembic.runtime.migration] Running downgrade fe26d37d220f -> 0576cef39dd8, Adding category entities
INFO  [alembic.runtime.migration] Running downgrade 0576cef39dd8 -> a5b753b898f5, Adding Organisation entity
INFO  [alembic.runtime.migration] Running downgrade a5b753b898f5 -> 631f964e665f, Adding Grant and Allocation entities
INFO  [alembic.runtime.migration] Running downgrade 631f964e665f -> d919f20fe946, Adding Person and Participant entities
INFO  [alembic.runtime.migration] Running downgrade d919f20fe946 -> , Adding Project entity
]]></system-err>
		</testcase>
		<testcase classname="test_resource_participants.ParticipantsResourceTestCase" name="test_participants_people" time="0.407" timestamp="2024-04-08T14:03:48" file="tests/test_resource_participants.py" line="689">
			<system-err><![CDATA[INFO  [alembic.runtime.migration] Context impl PostgresqlImpl.
INFO  [alembic.runtime.migration] Will assume transactional DDL.
INFO  [alembic.runtime.migration] Running upgrade  -> d919f20fe946, Adding Project entity
INFO  [alembic.runtime.migration] Running upgrade d919f20fe946 -> 631f964e665f, Adding Person and Participant entities
INFO  [alembic.runtime.migration] Running upgrade 631f964e665f -> a5b753b898f5, Adding Grant and Allocation entities
INFO  [alembic.runtime.migration] Running upgrade a5b753b898f5 -> 0576cef39dd8, Adding Organisation entity
INFO  [alembic.runtime.migration] Running upgrade 0576cef39dd8 -> fe26d37d220f, Adding category entities
INFO  [alembic.runtime.migration] Running upgrade fe26d37d220f -> c2f46d74fb33, Making Organisation optional
INFO  [alembic.runtime.migration] Running upgrade c2f46d74fb33 -> 0da61d9681b1, empty message
INFO  [alembic.runtime.migration] Running upgrade 0da61d9681b1 -> 5ac27507f77e, empty message
INFO  [alembic.runtime.migration] Running upgrade 5ac27507f77e -> 03eddf0b8e79, empty message
INFO  [alembic.runtime.migration] Running upgrade 03eddf0b8e79 -> 1b4a4527430b, empty message
INFO  [alembic.runtime.migration] Context impl PostgresqlImpl.
INFO  [alembic.runtime.migration] Will assume transactional DDL.
INFO  [alembic.runtime.migration] Running downgrade 1b4a4527430b -> 03eddf0b8e79, empty message
INFO  [alembic.runtime.migration] Running downgrade 03eddf0b8e79 -> 5ac27507f77e, empty message
INFO  [alembic.runtime.migration] Running downgrade 5ac27507f77e -> 0da61d9681b1, empty message
INFO  [alembic.runtime.migration] Running downgrade 0da61d9681b1 -> c2f46d74fb33, empty message
INFO  [alembic.runtime.migration] Running downgrade c2f46d74fb33 -> fe26d37d220f, Making Organisation optional
INFO  [alembic.runtime.migration] Running downgrade fe26d37d220f -> 0576cef39dd8, Adding category entities
INFO  [alembic.runtime.migration] Running downgrade 0576cef39dd8 -> a5b753b898f5, Adding Organisation entity
INFO  [alembic.runtime.migration] Running downgrade a5b753b898f5 -> 631f964e665f, Adding Grant and Allocation entities
INFO  [alembic.runtime.migration] Running downgrade 631f964e665f -> d919f20fe946, Adding Person and Participant entities
INFO  [alembic.runtime.migration] Running downgrade d919f20fe946 -> , Adding Project entity
]]></system-err>
		</testcase>
		<testcase classname="test_resource_participants.ParticipantsResourceTestCase" name="test_participants_projects" time="0.404" timestamp="2024-04-08T14:03:49" file="tests/test_resource_participants.py" line="562">
			<system-err><![CDATA[INFO  [alembic.runtime.migration] Context impl PostgresqlImpl.
INFO  [alembic.runtime.migration] Will assume transactional DDL.
INFO  [alembic.runtime.migration] Running upgrade  -> d919f20fe946, Adding Project entity
INFO  [alembic.runtime.migration] Running upgrade d919f20fe946 -> 631f964e665f, Adding Person and Participant entities
INFO  [alembic.runtime.migration] Running upgrade 631f964e665f -> a5b753b898f5, Adding Grant and Allocation entities
INFO  [alembic.runtime.migration] Running upgrade a5b753b898f5 -> 0576cef39dd8, Adding Organisation entity
INFO  [alembic.runtime.migration] Running upgrade 0576cef39dd8 -> fe26d37d220f, Adding category entities
INFO  [alembic.runtime.migration] Running upgrade fe26d37d220f -> c2f46d74fb33, Making Organisation optional
INFO  [alembic.runtime.migration] Running upgrade c2f46d74fb33 -> 0da61d9681b1, empty message
INFO  [alembic.runtime.migration] Running upgrade 0da61d9681b1 -> 5ac27507f77e, empty message
INFO  [alembic.runtime.migration] Running upgrade 5ac27507f77e -> 03eddf0b8e79, empty message
INFO  [alembic.runtime.migration] Running upgrade 03eddf0b8e79 -> 1b4a4527430b, empty message
INFO  [alembic.runtime.migration] Context impl PostgresqlImpl.
INFO  [alembic.runtime.migration] Will assume transactional DDL.
INFO  [alembic.runtime.migration] Running downgrade 1b4a4527430b -> 03eddf0b8e79, empty message
INFO  [alembic.runtime.migration] Running downgrade 03eddf0b8e79 -> 5ac27507f77e, empty message
INFO  [alembic.runtime.migration] Running downgrade 5ac27507f77e -> 0da61d9681b1, empty message
INFO  [alembic.runtime.migration] Running downgrade 0da61d9681b1 -> c2f46d74fb33, empty message
INFO  [alembic.runtime.migration] Running downgrade c2f46d74fb33 -> fe26d37d220f, Making Organisation optional
INFO  [alembic.runtime.migration] Running downgrade fe26d37d220f -> 0576cef39dd8, Adding category entities
INFO  [alembic.runtime.migration] Running downgrade 0576cef39dd8 -> a5b753b898f5, Adding Organisation entity
INFO  [alembic.runtime.migration] Running downgrade a5b753b898f5 -> 631f964e665f, Adding Grant and Allocation entities
INFO  [alembic.runtime.migration] Running downgrade 631f964e665f -> d919f20fe946, Adding Person and Participant entities
INFO  [alembic.runtime.migration] Running downgrade d919f20fe946 -> , Adding Project entity
]]></system-err>
		</testcase>
		<testcase classname="test_resource_participants.ParticipantsResourceTestCase" name="test_participants_relationship_people" time="0.485" timestamp="2024-04-08T14:03:49" file="tests/test_resource_participants.py" line="540">
			<system-err><![CDATA[INFO  [alembic.runtime.migration] Context impl PostgresqlImpl.
INFO  [alembic.runtime.migration] Will assume transactional DDL.
INFO  [alembic.runtime.migration] Running upgrade  -> d919f20fe946, Adding Project entity
INFO  [alembic.runtime.migration] Running upgrade d919f20fe946 -> 631f964e665f, Adding Person and Participant entities
INFO  [alembic.runtime.migration] Running upgrade 631f964e665f -> a5b753b898f5, Adding Grant and Allocation entities
INFO  [alembic.runtime.migration] Running upgrade a5b753b898f5 -> 0576cef39dd8, Adding Organisation entity
INFO  [alembic.runtime.migration] Running upgrade 0576cef39dd8 -> fe26d37d220f, Adding category entities
INFO  [alembic.runtime.migration] Running upgrade fe26d37d220f -> c2f46d74fb33, Making Organisation optional
INFO  [alembic.runtime.migration] Running upgrade c2f46d74fb33 -> 0da61d9681b1, empty message
INFO  [alembic.runtime.migration] Running upgrade 0da61d9681b1 -> 5ac27507f77e, empty message
INFO  [alembic.runtime.migration] Running upgrade 5ac27507f77e -> 03eddf0b8e79, empty message
INFO  [alembic.runtime.migration] Running upgrade 03eddf0b8e79 -> 1b4a4527430b, empty message
INFO  [alembic.runtime.migration] Context impl PostgresqlImpl.
INFO  [alembic.runtime.migration] Will assume transactional DDL.
INFO  [alembic.runtime.migration] Running downgrade 1b4a4527430b -> 03eddf0b8e79, empty message
INFO  [alembic.runtime.migration] Running downgrade 03eddf0b8e79 -> 5ac27507f77e, empty message
INFO  [alembic.runtime.migration] Running downgrade 5ac27507f77e -> 0da61d9681b1, empty message
INFO  [alembic.runtime.migration] Running downgrade 0da61d9681b1 -> c2f46d74fb33, empty message
INFO  [alembic.runtime.migration] Running downgrade c2f46d74fb33 -> fe26d37d220f, Making Organisation optional
INFO  [alembic.runtime.migration] Running downgrade fe26d37d220f -> 0576cef39dd8, Adding category entities
INFO  [alembic.runtime.migration] Running downgrade 0576cef39dd8 -> a5b753b898f5, Adding Organisation entity
INFO  [alembic.runtime.migration] Running downgrade a5b753b898f5 -> 631f964e665f, Adding Grant and Allocation entities
INFO  [alembic.runtime.migration] Running downgrade 631f964e665f -> d919f20fe946, Adding Person and Participant entities
INFO  [alembic.runtime.migration] Running downgrade d919f20fe946 -> , Adding Project entity
]]></system-err>
		</testcase>
		<testcase classname="test_resource_participants.ParticipantsResourceTestCase" name="test_participants_relationship_projects" time="0.387" timestamp="2024-04-08T14:03:50" file="tests/test_resource_participants.py" line="518">
			<system-err><![CDATA[INFO  [alembic.runtime.migration] Context impl PostgresqlImpl.
INFO  [alembic.runtime.migration] Will assume transactional DDL.
INFO  [alembic.runtime.migration] Running upgrade  -> d919f20fe946, Adding Project entity
INFO  [alembic.runtime.migration] Running upgrade d919f20fe946 -> 631f964e665f, Adding Person and Participant entities
INFO  [alembic.runtime.migration] Running upgrade 631f964e665f -> a5b753b898f5, Adding Grant and Allocation entities
INFO  [alembic.runtime.migration] Running upgrade a5b753b898f5 -> 0576cef39dd8, Adding Organisation entity
INFO  [alembic.runtime.migration] Running upgrade 0576cef39dd8 -> fe26d37d220f, Adding category entities
INFO  [alembic.runtime.migration] Running upgrade fe26d37d220f -> c2f46d74fb33, Making Organisation optional
INFO  [alembic.runtime.migration] Running upgrade c2f46d74fb33 -> 0da61d9681b1, empty message
INFO  [alembic.runtime.migration] Running upgrade 0da61d9681b1 -> 5ac27507f77e, empty message
INFO  [alembic.runtime.migration] Running upgrade 5ac27507f77e -> 03eddf0b8e79, empty message
INFO  [alembic.runtime.migration] Running upgrade 03eddf0b8e79 -> 1b4a4527430b, empty message
INFO  [alembic.runtime.migration] Context impl PostgresqlImpl.
INFO  [alembic.runtime.migration] Will assume transactional DDL.
INFO  [alembic.runtime.migration] Running downgrade 1b4a4527430b -> 03eddf0b8e79, empty message
INFO  [alembic.runtime.migration] Running downgrade 03eddf0b8e79 -> 5ac27507f77e, empty message
INFO  [alembic.runtime.migration] Running downgrade 5ac27507f77e -> 0da61d9681b1, empty message
INFO  [alembic.runtime.migration] Running downgrade 0da61d9681b1 -> c2f46d74fb33, empty message
INFO  [alembic.runtime.migration] Running downgrade c2f46d74fb33 -> fe26d37d220f, Making Organisation optional
INFO  [alembic.runtime.migration] Running downgrade fe26d37d220f -> 0576cef39dd8, Adding category entities
INFO  [alembic.runtime.migration] Running downgrade 0576cef39dd8 -> a5b753b898f5, Adding Organisation entity
INFO  [alembic.runtime.migration] Running downgrade a5b753b898f5 -> 631f964e665f, Adding Grant and Allocation entities
INFO  [alembic.runtime.migration] Running downgrade 631f964e665f -> d919f20fe946, Adding Person and Participant entities
INFO  [alembic.runtime.migration] Running downgrade d919f20fe946 -> , Adding Project entity
]]></system-err>
		</testcase>
		<testcase classname="test_resource_participants.ParticipantsResourceTestCase" name="test_participants_single_missing_unknown_id" time="0.433" timestamp="2024-04-08T14:03:50" file="tests/test_resource_participants.py" line="501">
			<system-err><![CDATA[INFO  [alembic.runtime.migration] Context impl PostgresqlImpl.
INFO  [alembic.runtime.migration] Will assume transactional DDL.
INFO  [alembic.runtime.migration] Running upgrade  -> d919f20fe946, Adding Project entity
INFO  [alembic.runtime.migration] Running upgrade d919f20fe946 -> 631f964e665f, Adding Person and Participant entities
INFO  [alembic.runtime.migration] Running upgrade 631f964e665f -> a5b753b898f5, Adding Grant and Allocation entities
INFO  [alembic.runtime.migration] Running upgrade a5b753b898f5 -> 0576cef39dd8, Adding Organisation entity
INFO  [alembic.runtime.migration] Running upgrade 0576cef39dd8 -> fe26d37d220f, Adding category entities
INFO  [alembic.runtime.migration] Running upgrade fe26d37d220f -> c2f46d74fb33, Making Organisation optional
INFO  [alembic.runtime.migration] Running upgrade c2f46d74fb33 -> 0da61d9681b1, empty message
INFO  [alembic.runtime.migration] Running upgrade 0da61d9681b1 -> 5ac27507f77e, empty message
INFO  [alembic.runtime.migration] Running upgrade 5ac27507f77e -> 03eddf0b8e79, empty message
INFO  [alembic.runtime.migration] Running upgrade 03eddf0b8e79 -> 1b4a4527430b, empty message
INFO  [alembic.runtime.migration] Context impl PostgresqlImpl.
INFO  [alembic.runtime.migration] Will assume transactional DDL.
INFO  [alembic.runtime.migration] Running downgrade 1b4a4527430b -> 03eddf0b8e79, empty message
INFO  [alembic.runtime.migration] Running downgrade 03eddf0b8e79 -> 5ac27507f77e, empty message
INFO  [alembic.runtime.migration] Running downgrade 5ac27507f77e -> 0da61d9681b1, empty message
INFO  [alembic.runtime.migration] Running downgrade 0da61d9681b1 -> c2f46d74fb33, empty message
INFO  [alembic.runtime.migration] Running downgrade c2f46d74fb33 -> fe26d37d220f, Making Organisation optional
INFO  [alembic.runtime.migration] Running downgrade fe26d37d220f -> 0576cef39dd8, Adding category entities
INFO  [alembic.runtime.migration] Running downgrade 0576cef39dd8 -> a5b753b898f5, Adding Organisation entity
INFO  [alembic.runtime.migration] Running downgrade a5b753b898f5 -> 631f964e665f, Adding Grant and Allocation entities
INFO  [alembic.runtime.migration] Running downgrade 631f964e665f -> d919f20fe946, Adding Person and Participant entities
INFO  [alembic.runtime.migration] Running downgrade d919f20fe946 -> , Adding Project entity
]]></system-err>
		</testcase>
	</testsuite>
	<testsuite name="test_resource_people.PeopleResourceTestCase-20240408140327" tests="7" file="test_resource_people.py" time="2.769" timestamp="2024-04-08T14:03:53" failures="0" errors="0" skipped="0">
		<testcase classname="test_resource_people.PeopleResourceTestCase" name="test_people_detail" time="0.386" timestamp="2024-04-08T14:03:50" file="tests/test_resource_people.py" line="373">
			<system-err><![CDATA[INFO  [alembic.runtime.migration] Context impl PostgresqlImpl.
INFO  [alembic.runtime.migration] Will assume transactional DDL.
INFO  [alembic.runtime.migration] Running upgrade  -> d919f20fe946, Adding Project entity
INFO  [alembic.runtime.migration] Running upgrade d919f20fe946 -> 631f964e665f, Adding Person and Participant entities
INFO  [alembic.runtime.migration] Running upgrade 631f964e665f -> a5b753b898f5, Adding Grant and Allocation entities
INFO  [alembic.runtime.migration] Running upgrade a5b753b898f5 -> 0576cef39dd8, Adding Organisation entity
INFO  [alembic.runtime.migration] Running upgrade 0576cef39dd8 -> fe26d37d220f, Adding category entities
INFO  [alembic.runtime.migration] Running upgrade fe26d37d220f -> c2f46d74fb33, Making Organisation optional
INFO  [alembic.runtime.migration] Running upgrade c2f46d74fb33 -> 0da61d9681b1, empty message
INFO  [alembic.runtime.migration] Running upgrade 0da61d9681b1 -> 5ac27507f77e, empty message
INFO  [alembic.runtime.migration] Running upgrade 5ac27507f77e -> 03eddf0b8e79, empty message
INFO  [alembic.runtime.migration] Running upgrade 03eddf0b8e79 -> 1b4a4527430b, empty message
INFO  [alembic.runtime.migration] Context impl PostgresqlImpl.
INFO  [alembic.runtime.migration] Will assume transactional DDL.
INFO  [alembic.runtime.migration] Running downgrade 1b4a4527430b -> 03eddf0b8e79, empty message
INFO  [alembic.runtime.migration] Running downgrade 03eddf0b8e79 -> 5ac27507f77e, empty message
INFO  [alembic.runtime.migration] Running downgrade 5ac27507f77e -> 0da61d9681b1, empty message
INFO  [alembic.runtime.migration] Running downgrade 0da61d9681b1 -> c2f46d74fb33, empty message
INFO  [alembic.runtime.migration] Running downgrade c2f46d74fb33 -> fe26d37d220f, Making Organisation optional
INFO  [alembic.runtime.migration] Running downgrade fe26d37d220f -> 0576cef39dd8, Adding category entities
INFO  [alembic.runtime.migration] Running downgrade 0576cef39dd8 -> a5b753b898f5, Adding Organisation entity
INFO  [alembic.runtime.migration] Running downgrade a5b753b898f5 -> 631f964e665f, Adding Grant and Allocation entities
INFO  [alembic.runtime.migration] Running downgrade 631f964e665f -> d919f20fe946, Adding Person and Participant entities
INFO  [alembic.runtime.migration] Running downgrade d919f20fe946 -> , Adding Project entity
]]></system-err>
		</testcase>
		<testcase classname="test_resource_people.PeopleResourceTestCase" name="test_people_list" time="0.410" timestamp="2024-04-08T14:03:51" file="tests/test_resource_people.py" line="11">
			<system-err><![CDATA[INFO  [alembic.runtime.migration] Context impl PostgresqlImpl.
INFO  [alembic.runtime.migration] Will assume transactional DDL.
INFO  [alembic.runtime.migration] Running upgrade  -> d919f20fe946, Adding Project entity
INFO  [alembic.runtime.migration] Running upgrade d919f20fe946 -> 631f964e665f, Adding Person and Participant entities
INFO  [alembic.runtime.migration] Running upgrade 631f964e665f -> a5b753b898f5, Adding Grant and Allocation entities
INFO  [alembic.runtime.migration] Running upgrade a5b753b898f5 -> 0576cef39dd8, Adding Organisation entity
INFO  [alembic.runtime.migration] Running upgrade 0576cef39dd8 -> fe26d37d220f, Adding category entities
INFO  [alembic.runtime.migration] Running upgrade fe26d37d220f -> c2f46d74fb33, Making Organisation optional
INFO  [alembic.runtime.migration] Running upgrade c2f46d74fb33 -> 0da61d9681b1, empty message
INFO  [alembic.runtime.migration] Running upgrade 0da61d9681b1 -> 5ac27507f77e, empty message
INFO  [alembic.runtime.migration] Running upgrade 5ac27507f77e -> 03eddf0b8e79, empty message
INFO  [alembic.runtime.migration] Running upgrade 03eddf0b8e79 -> 1b4a4527430b, empty message
INFO  [alembic.runtime.migration] Context impl PostgresqlImpl.
INFO  [alembic.runtime.migration] Will assume transactional DDL.
INFO  [alembic.runtime.migration] Running downgrade 1b4a4527430b -> 03eddf0b8e79, empty message
INFO  [alembic.runtime.migration] Running downgrade 03eddf0b8e79 -> 5ac27507f77e, empty message
INFO  [alembic.runtime.migration] Running downgrade 5ac27507f77e -> 0da61d9681b1, empty message
INFO  [alembic.runtime.migration] Running downgrade 0da61d9681b1 -> c2f46d74fb33, empty message
INFO  [alembic.runtime.migration] Running downgrade c2f46d74fb33 -> fe26d37d220f, Making Organisation optional
INFO  [alembic.runtime.migration] Running downgrade fe26d37d220f -> 0576cef39dd8, Adding category entities
INFO  [alembic.runtime.migration] Running downgrade 0576cef39dd8 -> a5b753b898f5, Adding Organisation entity
INFO  [alembic.runtime.migration] Running downgrade a5b753b898f5 -> 631f964e665f, Adding Grant and Allocation entities
INFO  [alembic.runtime.migration] Running downgrade 631f964e665f -> d919f20fe946, Adding Person and Participant entities
INFO  [alembic.runtime.migration] Running downgrade d919f20fe946 -> , Adding Project entity
]]></system-err>
		</testcase>
		<testcase classname="test_resource_people.PeopleResourceTestCase" name="test_people_organisations" time="0.399" timestamp="2024-04-08T14:03:51" file="tests/test_resource_people.py" line="734">
			<system-err><![CDATA[INFO  [alembic.runtime.migration] Context impl PostgresqlImpl.
INFO  [alembic.runtime.migration] Will assume transactional DDL.
INFO  [alembic.runtime.migration] Running upgrade  -> d919f20fe946, Adding Project entity
INFO  [alembic.runtime.migration] Running upgrade d919f20fe946 -> 631f964e665f, Adding Person and Participant entities
INFO  [alembic.runtime.migration] Running upgrade 631f964e665f -> a5b753b898f5, Adding Grant and Allocation entities
INFO  [alembic.runtime.migration] Running upgrade a5b753b898f5 -> 0576cef39dd8, Adding Organisation entity
INFO  [alembic.runtime.migration] Running upgrade 0576cef39dd8 -> fe26d37d220f, Adding category entities
INFO  [alembic.runtime.migration] Running upgrade fe26d37d220f -> c2f46d74fb33, Making Organisation optional
INFO  [alembic.runtime.migration] Running upgrade c2f46d74fb33 -> 0da61d9681b1, empty message
INFO  [alembic.runtime.migration] Running upgrade 0da61d9681b1 -> 5ac27507f77e, empty message
INFO  [alembic.runtime.migration] Running upgrade 5ac27507f77e -> 03eddf0b8e79, empty message
INFO  [alembic.runtime.migration] Running upgrade 03eddf0b8e79 -> 1b4a4527430b, empty message
INFO  [alembic.runtime.migration] Context impl PostgresqlImpl.
INFO  [alembic.runtime.migration] Will assume transactional DDL.
INFO  [alembic.runtime.migration] Running downgrade 1b4a4527430b -> 03eddf0b8e79, empty message
INFO  [alembic.runtime.migration] Running downgrade 03eddf0b8e79 -> 5ac27507f77e, empty message
INFO  [alembic.runtime.migration] Running downgrade 5ac27507f77e -> 0da61d9681b1, empty message
INFO  [alembic.runtime.migration] Running downgrade 0da61d9681b1 -> c2f46d74fb33, empty message
INFO  [alembic.runtime.migration] Running downgrade c2f46d74fb33 -> fe26d37d220f, Making Organisation optional
INFO  [alembic.runtime.migration] Running downgrade fe26d37d220f -> 0576cef39dd8, Adding category entities
INFO  [alembic.runtime.migration] Running downgrade 0576cef39dd8 -> a5b753b898f5, Adding Organisation entity
INFO  [alembic.runtime.migration] Running downgrade a5b753b898f5 -> 631f964e665f, Adding Grant and Allocation entities
INFO  [alembic.runtime.migration] Running downgrade 631f964e665f -> d919f20fe946, Adding Person and Participant entities
INFO  [alembic.runtime.migration] Running downgrade d919f20fe946 -> , Adding Project entity
]]></system-err>
		</testcase>
		<testcase classname="test_resource_people.PeopleResourceTestCase" name="test_people_participants" time="0.461" timestamp="2024-04-08T14:03:52" file="tests/test_resource_people.py" line="678">
			<system-err><![CDATA[INFO  [alembic.runtime.migration] Context impl PostgresqlImpl.
INFO  [alembic.runtime.migration] Will assume transactional DDL.
INFO  [alembic.runtime.migration] Running upgrade  -> d919f20fe946, Adding Project entity
INFO  [alembic.runtime.migration] Running upgrade d919f20fe946 -> 631f964e665f, Adding Person and Participant entities
INFO  [alembic.runtime.migration] Running upgrade 631f964e665f -> a5b753b898f5, Adding Grant and Allocation entities
INFO  [alembic.runtime.migration] Running upgrade a5b753b898f5 -> 0576cef39dd8, Adding Organisation entity
INFO  [alembic.runtime.migration] Running upgrade 0576cef39dd8 -> fe26d37d220f, Adding category entities
INFO  [alembic.runtime.migration] Running upgrade fe26d37d220f -> c2f46d74fb33, Making Organisation optional
INFO  [alembic.runtime.migration] Running upgrade c2f46d74fb33 -> 0da61d9681b1, empty message
INFO  [alembic.runtime.migration] Running upgrade 0da61d9681b1 -> 5ac27507f77e, empty message
INFO  [alembic.runtime.migration] Running upgrade 5ac27507f77e -> 03eddf0b8e79, empty message
INFO  [alembic.runtime.migration] Running upgrade 03eddf0b8e79 -> 1b4a4527430b, empty message
INFO  [alembic.runtime.migration] Context impl PostgresqlImpl.
INFO  [alembic.runtime.migration] Will assume transactional DDL.
INFO  [alembic.runtime.migration] Running downgrade 1b4a4527430b -> 03eddf0b8e79, empty message
INFO  [alembic.runtime.migration] Running downgrade 03eddf0b8e79 -> 5ac27507f77e, empty message
INFO  [alembic.runtime.migration] Running downgrade 5ac27507f77e -> 0da61d9681b1, empty message
INFO  [alembic.runtime.migration] Running downgrade 0da61d9681b1 -> c2f46d74fb33, empty message
INFO  [alembic.runtime.migration] Running downgrade c2f46d74fb33 -> fe26d37d220f, Making Organisation optional
INFO  [alembic.runtime.migration] Running downgrade fe26d37d220f -> 0576cef39dd8, Adding category entities
INFO  [alembic.runtime.migration] Running downgrade 0576cef39dd8 -> a5b753b898f5, Adding Organisation entity
INFO  [alembic.runtime.migration] Running downgrade a5b753b898f5 -> 631f964e665f, Adding Grant and Allocation entities
INFO  [alembic.runtime.migration] Running downgrade 631f964e665f -> d919f20fe946, Adding Person and Participant entities
INFO  [alembic.runtime.migration] Running downgrade d919f20fe946 -> , Adding Project entity
]]></system-err>
		</testcase>
		<testcase classname="test_resource_people.PeopleResourceTestCase" name="test_people_relationship_organisations" time="0.408" timestamp="2024-04-08T14:03:52" file="tests/test_resource_people.py" line="632">
			<system-err><![CDATA[INFO  [alembic.runtime.migration] Context impl PostgresqlImpl.
INFO  [alembic.runtime.migration] Will assume transactional DDL.
INFO  [alembic.runtime.migration] Running upgrade  -> d919f20fe946, Adding Project entity
INFO  [alembic.runtime.migration] Running upgrade d919f20fe946 -> 631f964e665f, Adding Person and Participant entities
INFO  [alembic.runtime.migration] Running upgrade 631f964e665f -> a5b753b898f5, Adding Grant and Allocation entities
INFO  [alembic.runtime.migration] Running upgrade a5b753b898f5 -> 0576cef39dd8, Adding Organisation entity
INFO  [alembic.runtime.migration] Running upgrade 0576cef39dd8 -> fe26d37d220f, Adding category entities
INFO  [alembic.runtime.migration] Running upgrade fe26d37d220f -> c2f46d74fb33, Making Organisation optional
INFO  [alembic.runtime.migration] Running upgrade c2f46d74fb33 -> 0da61d9681b1, empty message
INFO  [alembic.runtime.migration] Running upgrade 0da61d9681b1 -> 5ac27507f77e, empty message
INFO  [alembic.runtime.migration] Running upgrade 5ac27507f77e -> 03eddf0b8e79, empty message
INFO  [alembic.runtime.migration] Running upgrade 03eddf0b8e79 -> 1b4a4527430b, empty message
INFO  [alembic.runtime.migration] Context impl PostgresqlImpl.
INFO  [alembic.runtime.migration] Will assume transactional DDL.
INFO  [alembic.runtime.migration] Running downgrade 1b4a4527430b -> 03eddf0b8e79, empty message
INFO  [alembic.runtime.migration] Running downgrade 03eddf0b8e79 -> 5ac27507f77e, empty message
INFO  [alembic.runtime.migration] Running downgrade 5ac27507f77e -> 0da61d9681b1, empty message
INFO  [alembic.runtime.migration] Running downgrade 0da61d9681b1 -> c2f46d74fb33, empty message
INFO  [alembic.runtime.migration] Running downgrade c2f46d74fb33 -> fe26d37d220f, Making Organisation optional
INFO  [alembic.runtime.migration] Running downgrade fe26d37d220f -> 0576cef39dd8, Adding category entities
INFO  [alembic.runtime.migration] Running downgrade 0576cef39dd8 -> a5b753b898f5, Adding Organisation entity
INFO  [alembic.runtime.migration] Running downgrade a5b753b898f5 -> 631f964e665f, Adding Grant and Allocation entities
INFO  [alembic.runtime.migration] Running downgrade 631f964e665f -> d919f20fe946, Adding Person and Participant entities
INFO  [alembic.runtime.migration] Running downgrade d919f20fe946 -> , Adding Project entity
]]></system-err>
		</testcase>
		<testcase classname="test_resource_people.PeopleResourceTestCase" name="test_people_relationship_participants" time="0.358" timestamp="2024-04-08T14:03:52" file="tests/test_resource_people.py" line="654">
			<system-err><![CDATA[INFO  [alembic.runtime.migration] Context impl PostgresqlImpl.
INFO  [alembic.runtime.migration] Will assume transactional DDL.
INFO  [alembic.runtime.migration] Running upgrade  -> d919f20fe946, Adding Project entity
INFO  [alembic.runtime.migration] Running upgrade d919f20fe946 -> 631f964e665f, Adding Person and Participant entities
INFO  [alembic.runtime.migration] Running upgrade 631f964e665f -> a5b753b898f5, Adding Grant and Allocation entities
INFO  [alembic.runtime.migration] Running upgrade a5b753b898f5 -> 0576cef39dd8, Adding Organisation entity
INFO  [alembic.runtime.migration] Running upgrade 0576cef39dd8 -> fe26d37d220f, Adding category entities
INFO  [alembic.runtime.migration] Running upgrade fe26d37d220f -> c2f46d74fb33, Making Organisation optional
INFO  [alembic.runtime.migration] Running upgrade c2f46d74fb33 -> 0da61d9681b1, empty message
INFO  [alembic.runtime.migration] Running upgrade 0da61d9681b1 -> 5ac27507f77e, empty message
INFO  [alembic.runtime.migration] Running upgrade 5ac27507f77e -> 03eddf0b8e79, empty message
INFO  [alembic.runtime.migration] Running upgrade 03eddf0b8e79 -> 1b4a4527430b, empty message
INFO  [alembic.runtime.migration] Context impl PostgresqlImpl.
INFO  [alembic.runtime.migration] Will assume transactional DDL.
INFO  [alembic.runtime.migration] Running downgrade 1b4a4527430b -> 03eddf0b8e79, empty message
INFO  [alembic.runtime.migration] Running downgrade 03eddf0b8e79 -> 5ac27507f77e, empty message
INFO  [alembic.runtime.migration] Running downgrade 5ac27507f77e -> 0da61d9681b1, empty message
INFO  [alembic.runtime.migration] Running downgrade 0da61d9681b1 -> c2f46d74fb33, empty message
INFO  [alembic.runtime.migration] Running downgrade c2f46d74fb33 -> fe26d37d220f, Making Organisation optional
INFO  [alembic.runtime.migration] Running downgrade fe26d37d220f -> 0576cef39dd8, Adding category entities
INFO  [alembic.runtime.migration] Running downgrade 0576cef39dd8 -> a5b753b898f5, Adding Organisation entity
INFO  [alembic.runtime.migration] Running downgrade a5b753b898f5 -> 631f964e665f, Adding Grant and Allocation entities
INFO  [alembic.runtime.migration] Running downgrade 631f964e665f -> d919f20fe946, Adding Person and Participant entities
INFO  [alembic.runtime.migration] Running downgrade d919f20fe946 -> , Adding Project entity
]]></system-err>
		</testcase>
		<testcase classname="test_resource_people.PeopleResourceTestCase" name="test_people_single_missing_unknown_id" time="0.347" timestamp="2024-04-08T14:03:53" file="tests/test_resource_people.py" line="615">
			<system-err><![CDATA[INFO  [alembic.runtime.migration] Context impl PostgresqlImpl.
INFO  [alembic.runtime.migration] Will assume transactional DDL.
INFO  [alembic.runtime.migration] Running upgrade  -> d919f20fe946, Adding Project entity
INFO  [alembic.runtime.migration] Running upgrade d919f20fe946 -> 631f964e665f, Adding Person and Participant entities
INFO  [alembic.runtime.migration] Running upgrade 631f964e665f -> a5b753b898f5, Adding Grant and Allocation entities
INFO  [alembic.runtime.migration] Running upgrade a5b753b898f5 -> 0576cef39dd8, Adding Organisation entity
INFO  [alembic.runtime.migration] Running upgrade 0576cef39dd8 -> fe26d37d220f, Adding category entities
INFO  [alembic.runtime.migration] Running upgrade fe26d37d220f -> c2f46d74fb33, Making Organisation optional
INFO  [alembic.runtime.migration] Running upgrade c2f46d74fb33 -> 0da61d9681b1, empty message
INFO  [alembic.runtime.migration] Running upgrade 0da61d9681b1 -> 5ac27507f77e, empty message
INFO  [alembic.runtime.migration] Running upgrade 5ac27507f77e -> 03eddf0b8e79, empty message
INFO  [alembic.runtime.migration] Running upgrade 03eddf0b8e79 -> 1b4a4527430b, empty message
INFO  [alembic.runtime.migration] Context impl PostgresqlImpl.
INFO  [alembic.runtime.migration] Will assume transactional DDL.
INFO  [alembic.runtime.migration] Running downgrade 1b4a4527430b -> 03eddf0b8e79, empty message
INFO  [alembic.runtime.migration] Running downgrade 03eddf0b8e79 -> 5ac27507f77e, empty message
INFO  [alembic.runtime.migration] Running downgrade 5ac27507f77e -> 0da61d9681b1, empty message
INFO  [alembic.runtime.migration] Running downgrade 0da61d9681b1 -> c2f46d74fb33, empty message
INFO  [alembic.runtime.migration] Running downgrade c2f46d74fb33 -> fe26d37d220f, Making Organisation optional
INFO  [alembic.runtime.migration] Running downgrade fe26d37d220f -> 0576cef39dd8, Adding category entities
INFO  [alembic.runtime.migration] Running downgrade 0576cef39dd8 -> a5b753b898f5, Adding Organisation entity
INFO  [alembic.runtime.migration] Running downgrade a5b753b898f5 -> 631f964e665f, Adding Grant and Allocation entities
INFO  [alembic.runtime.migration] Running downgrade 631f964e665f -> d919f20fe946, Adding Person and Participant entities
INFO  [alembic.runtime.migration] Running downgrade d919f20fe946 -> , Adding Project entity
]]></system-err>
		</testcase>
	</testsuite>
	<testsuite name="test_resource_projects.ProjectsResourceTestCase-20240408140327" tests="9" file="test_resource_projects.py" time="3.927" timestamp="2024-04-08T14:03:57" failures="0" errors="0" skipped="0">
		<testcase classname="test_resource_projects.ProjectsResourceTestCase" name="test_projects_allocations" time="0.389" timestamp="2024-04-08T14:03:53" file="tests/test_resource_projects.py" line="1618">
			<system-err><![CDATA[INFO  [alembic.runtime.migration] Context impl PostgresqlImpl.
INFO  [alembic.runtime.migration] Will assume transactional DDL.
INFO  [alembic.runtime.migration] Running upgrade  -> d919f20fe946, Adding Project entity
INFO  [alembic.runtime.migration] Running upgrade d919f20fe946 -> 631f964e665f, Adding Person and Participant entities
INFO  [alembic.runtime.migration] Running upgrade 631f964e665f -> a5b753b898f5, Adding Grant and Allocation entities
INFO  [alembic.runtime.migration] Running upgrade a5b753b898f5 -> 0576cef39dd8, Adding Organisation entity
INFO  [alembic.runtime.migration] Running upgrade 0576cef39dd8 -> fe26d37d220f, Adding category entities
INFO  [alembic.runtime.migration] Running upgrade fe26d37d220f -> c2f46d74fb33, Making Organisation optional
INFO  [alembic.runtime.migration] Running upgrade c2f46d74fb33 -> 0da61d9681b1, empty message
INFO  [alembic.runtime.migration] Running upgrade 0da61d9681b1 -> 5ac27507f77e, empty message
INFO  [alembic.runtime.migration] Running upgrade 5ac27507f77e -> 03eddf0b8e79, empty message
INFO  [alembic.runtime.migration] Running upgrade 03eddf0b8e79 -> 1b4a4527430b, empty message
INFO  [alembic.runtime.migration] Context impl PostgresqlImpl.
INFO  [alembic.runtime.migration] Will assume transactional DDL.
INFO  [alembic.runtime.migration] Running downgrade 1b4a4527430b -> 03eddf0b8e79, empty message
INFO  [alembic.runtime.migration] Running downgrade 03eddf0b8e79 -> 5ac27507f77e, empty message
INFO  [alembic.runtime.migration] Running downgrade 5ac27507f77e -> 0da61d9681b1, empty message
INFO  [alembic.runtime.migration] Running downgrade 0da61d9681b1 -> c2f46d74fb33, empty message
INFO  [alembic.runtime.migration] Running downgrade c2f46d74fb33 -> fe26d37d220f, Making Organisation optional
INFO  [alembic.runtime.migration] Running downgrade fe26d37d220f -> 0576cef39dd8, Adding category entities
INFO  [alembic.runtime.migration] Running downgrade 0576cef39dd8 -> a5b753b898f5, Adding Organisation entity
INFO  [alembic.runtime.migration] Running downgrade a5b753b898f5 -> 631f964e665f, Adding Grant and Allocation entities
INFO  [alembic.runtime.migration] Running downgrade 631f964e665f -> d919f20fe946, Adding Person and Participant entities
INFO  [alembic.runtime.migration] Running downgrade d919f20fe946 -> , Adding Project entity
]]></system-err>
		</testcase>
		<testcase classname="test_resource_projects.ProjectsResourceTestCase" name="test_projects_categorisations" time="0.434" timestamp="2024-04-08T14:03:54" file="tests/test_resource_projects.py" line="1759">
			<system-err><![CDATA[INFO  [alembic.runtime.migration] Context impl PostgresqlImpl.
INFO  [alembic.runtime.migration] Will assume transactional DDL.
INFO  [alembic.runtime.migration] Running upgrade  -> d919f20fe946, Adding Project entity
INFO  [alembic.runtime.migration] Running upgrade d919f20fe946 -> 631f964e665f, Adding Person and Participant entities
INFO  [alembic.runtime.migration] Running upgrade 631f964e665f -> a5b753b898f5, Adding Grant and Allocation entities
INFO  [alembic.runtime.migration] Running upgrade a5b753b898f5 -> 0576cef39dd8, Adding Organisation entity
INFO  [alembic.runtime.migration] Running upgrade 0576cef39dd8 -> fe26d37d220f, Adding category entities
INFO  [alembic.runtime.migration] Running upgrade fe26d37d220f -> c2f46d74fb33, Making Organisation optional
INFO  [alembic.runtime.migration] Running upgrade c2f46d74fb33 -> 0da61d9681b1, empty message
INFO  [alembic.runtime.migration] Running upgrade 0da61d9681b1 -> 5ac27507f77e, empty message
INFO  [alembic.runtime.migration] Running upgrade 5ac27507f77e -> 03eddf0b8e79, empty message
INFO  [alembic.runtime.migration] Running upgrade 03eddf0b8e79 -> 1b4a4527430b, empty message
INFO  [alembic.runtime.migration] Context impl PostgresqlImpl.
INFO  [alembic.runtime.migration] Will assume transactional DDL.
INFO  [alembic.runtime.migration] Running downgrade 1b4a4527430b -> 03eddf0b8e79, empty message
INFO  [alembic.runtime.migration] Running downgrade 03eddf0b8e79 -> 5ac27507f77e, empty message
INFO  [alembic.runtime.migration] Running downgrade 5ac27507f77e -> 0da61d9681b1, empty message
INFO  [alembic.runtime.migration] Running downgrade 0da61d9681b1 -> c2f46d74fb33, empty message
INFO  [alembic.runtime.migration] Running downgrade c2f46d74fb33 -> fe26d37d220f, Making Organisation optional
INFO  [alembic.runtime.migration] Running downgrade fe26d37d220f -> 0576cef39dd8, Adding category entities
INFO  [alembic.runtime.migration] Running downgrade 0576cef39dd8 -> a5b753b898f5, Adding Organisation entity
INFO  [alembic.runtime.migration] Running downgrade a5b753b898f5 -> 631f964e665f, Adding Grant and Allocation entities
INFO  [alembic.runtime.migration] Running downgrade 631f964e665f -> d919f20fe946, Adding Person and Participant entities
INFO  [alembic.runtime.migration] Running downgrade d919f20fe946 -> , Adding Project entity
]]></system-err>
		</testcase>
		<testcase classname="test_resource_projects.ProjectsResourceTestCase" name="test_projects_detail" time="0.548" timestamp="2024-04-08T14:03:54" file="tests/test_resource_projects.py" line="903">
			<system-err><![CDATA[INFO  [alembic.runtime.migration] Context impl PostgresqlImpl.
INFO  [alembic.runtime.migration] Will assume transactional DDL.
INFO  [alembic.runtime.migration] Running upgrade  -> d919f20fe946, Adding Project entity
INFO  [alembic.runtime.migration] Running upgrade d919f20fe946 -> 631f964e665f, Adding Person and Participant entities
INFO  [alembic.runtime.migration] Running upgrade 631f964e665f -> a5b753b898f5, Adding Grant and Allocation entities
INFO  [alembic.runtime.migration] Running upgrade a5b753b898f5 -> 0576cef39dd8, Adding Organisation entity
INFO  [alembic.runtime.migration] Running upgrade 0576cef39dd8 -> fe26d37d220f, Adding category entities
INFO  [alembic.runtime.migration] Running upgrade fe26d37d220f -> c2f46d74fb33, Making Organisation optional
INFO  [alembic.runtime.migration] Running upgrade c2f46d74fb33 -> 0da61d9681b1, empty message
INFO  [alembic.runtime.migration] Running upgrade 0da61d9681b1 -> 5ac27507f77e, empty message
INFO  [alembic.runtime.migration] Running upgrade 5ac27507f77e -> 03eddf0b8e79, empty message
INFO  [alembic.runtime.migration] Running upgrade 03eddf0b8e79 -> 1b4a4527430b, empty message
INFO  [alembic.runtime.migration] Context impl PostgresqlImpl.
INFO  [alembic.runtime.migration] Will assume transactional DDL.
INFO  [alembic.runtime.migration] Running downgrade 1b4a4527430b -> 03eddf0b8e79, empty message
INFO  [alembic.runtime.migration] Running downgrade 03eddf0b8e79 -> 5ac27507f77e, empty message
INFO  [alembic.runtime.migration] Running downgrade 5ac27507f77e -> 0da61d9681b1, empty message
INFO  [alembic.runtime.migration] Running downgrade 0da61d9681b1 -> c2f46d74fb33, empty message
INFO  [alembic.runtime.migration] Running downgrade c2f46d74fb33 -> fe26d37d220f, Making Organisation optional
INFO  [alembic.runtime.migration] Running downgrade fe26d37d220f -> 0576cef39dd8, Adding category entities
INFO  [alembic.runtime.migration] Running downgrade 0576cef39dd8 -> a5b753b898f5, Adding Organisation entity
INFO  [alembic.runtime.migration] Running downgrade a5b753b898f5 -> 631f964e665f, Adding Grant and Allocation entities
INFO  [alembic.runtime.migration] Running downgrade 631f964e665f -> d919f20fe946, Adding Person and Participant entities
INFO  [alembic.runtime.migration] Running downgrade d919f20fe946 -> , Adding Project entity
]]></system-err>
		</testcase>
		<testcase classname="test_resource_projects.ProjectsResourceTestCase" name="test_projects_list" time="0.476" timestamp="2024-04-08T14:03:55" file="tests/test_resource_projects.py" line="9">
			<system-err><![CDATA[INFO  [alembic.runtime.migration] Context impl PostgresqlImpl.
INFO  [alembic.runtime.migration] Will assume transactional DDL.
INFO  [alembic.runtime.migration] Running upgrade  -> d919f20fe946, Adding Project entity
INFO  [alembic.runtime.migration] Running upgrade d919f20fe946 -> 631f964e665f, Adding Person and Participant entities
INFO  [alembic.runtime.migration] Running upgrade 631f964e665f -> a5b753b898f5, Adding Grant and Allocation entities
INFO  [alembic.runtime.migration] Running upgrade a5b753b898f5 -> 0576cef39dd8, Adding Organisation entity
INFO  [alembic.runtime.migration] Running upgrade 0576cef39dd8 -> fe26d37d220f, Adding category entities
INFO  [alembic.runtime.migration] Running upgrade fe26d37d220f -> c2f46d74fb33, Making Organisation optional
INFO  [alembic.runtime.migration] Running upgrade c2f46d74fb33 -> 0da61d9681b1, empty message
INFO  [alembic.runtime.migration] Running upgrade 0da61d9681b1 -> 5ac27507f77e, empty message
INFO  [alembic.runtime.migration] Running upgrade 5ac27507f77e -> 03eddf0b8e79, empty message
INFO  [alembic.runtime.migration] Running upgrade 03eddf0b8e79 -> 1b4a4527430b, empty message
INFO  [alembic.runtime.migration] Context impl PostgresqlImpl.
INFO  [alembic.runtime.migration] Will assume transactional DDL.
INFO  [alembic.runtime.migration] Running downgrade 1b4a4527430b -> 03eddf0b8e79, empty message
INFO  [alembic.runtime.migration] Running downgrade 03eddf0b8e79 -> 5ac27507f77e, empty message
INFO  [alembic.runtime.migration] Running downgrade 5ac27507f77e -> 0da61d9681b1, empty message
INFO  [alembic.runtime.migration] Running downgrade 0da61d9681b1 -> c2f46d74fb33, empty message
INFO  [alembic.runtime.migration] Running downgrade c2f46d74fb33 -> fe26d37d220f, Making Organisation optional
INFO  [alembic.runtime.migration] Running downgrade fe26d37d220f -> 0576cef39dd8, Adding category entities
INFO  [alembic.runtime.migration] Running downgrade 0576cef39dd8 -> a5b753b898f5, Adding Organisation entity
INFO  [alembic.runtime.migration] Running downgrade a5b753b898f5 -> 631f964e665f, Adding Grant and Allocation entities
INFO  [alembic.runtime.migration] Running downgrade 631f964e665f -> d919f20fe946, Adding Person and Participant entities
INFO  [alembic.runtime.migration] Running downgrade d919f20fe946 -> , Adding Project entity
]]></system-err>
		</testcase>
		<testcase classname="test_resource_projects.ProjectsResourceTestCase" name="test_projects_participants" time="0.405" timestamp="2024-04-08T14:03:55" file="tests/test_resource_projects.py" line="1666">
			<system-err><![CDATA[INFO  [alembic.runtime.migration] Context impl PostgresqlImpl.
INFO  [alembic.runtime.migration] Will assume transactional DDL.
INFO  [alembic.runtime.migration] Running upgrade  -> d919f20fe946, Adding Project entity
INFO  [alembic.runtime.migration] Running upgrade d919f20fe946 -> 631f964e665f, Adding Person and Participant entities
INFO  [alembic.runtime.migration] Running upgrade 631f964e665f -> a5b753b898f5, Adding Grant and Allocation entities
INFO  [alembic.runtime.migration] Running upgrade a5b753b898f5 -> 0576cef39dd8, Adding Organisation entity
INFO  [alembic.runtime.migration] Running upgrade 0576cef39dd8 -> fe26d37d220f, Adding category entities
INFO  [alembic.runtime.migration] Running upgrade fe26d37d220f -> c2f46d74fb33, Making Organisation optional
INFO  [alembic.runtime.migration] Running upgrade c2f46d74fb33 -> 0da61d9681b1, empty message
INFO  [alembic.runtime.migration] Running upgrade 0da61d9681b1 -> 5ac27507f77e, empty message
INFO  [alembic.runtime.migration] Running upgrade 5ac27507f77e -> 03eddf0b8e79, empty message
INFO  [alembic.runtime.migration] Running upgrade 03eddf0b8e79 -> 1b4a4527430b, empty message
INFO  [alembic.runtime.migration] Context impl PostgresqlImpl.
INFO  [alembic.runtime.migration] Will assume transactional DDL.
INFO  [alembic.runtime.migration] Running downgrade 1b4a4527430b -> 03eddf0b8e79, empty message
INFO  [alembic.runtime.migration] Running downgrade 03eddf0b8e79 -> 5ac27507f77e, empty message
INFO  [alembic.runtime.migration] Running downgrade 5ac27507f77e -> 0da61d9681b1, empty message
INFO  [alembic.runtime.migration] Running downgrade 0da61d9681b1 -> c2f46d74fb33, empty message
INFO  [alembic.runtime.migration] Running downgrade c2f46d74fb33 -> fe26d37d220f, Making Organisation optional
INFO  [alembic.runtime.migration] Running downgrade fe26d37d220f -> 0576cef39dd8, Adding category entities
INFO  [alembic.runtime.migration] Running downgrade 0576cef39dd8 -> a5b753b898f5, Adding Organisation entity
INFO  [alembic.runtime.migration] Running downgrade a5b753b898f5 -> 631f964e665f, Adding Grant and Allocation entities
INFO  [alembic.runtime.migration] Running downgrade 631f964e665f -> d919f20fe946, Adding Person and Participant entities
INFO  [alembic.runtime.migration] Running downgrade d919f20fe946 -> , Adding Project entity
]]></system-err>
		</testcase>
		<testcase classname="test_resource_projects.ProjectsResourceTestCase" name="test_projects_relationship_allocations" time="0.404" timestamp="2024-04-08T14:03:55" file="tests/test_resource_projects.py" line="1542">
			<system-err><![CDATA[INFO  [alembic.runtime.migration] Context impl PostgresqlImpl.
INFO  [alembic.runtime.migration] Will assume transactional DDL.
INFO  [alembic.runtime.migration] Running upgrade  -> d919f20fe946, Adding Project entity
INFO  [alembic.runtime.migration] Running upgrade d919f20fe946 -> 631f964e665f, Adding Person and Participant entities
INFO  [alembic.runtime.migration] Running upgrade 631f964e665f -> a5b753b898f5, Adding Grant and Allocation entities
INFO  [alembic.runtime.migration] Running upgrade a5b753b898f5 -> 0576cef39dd8, Adding Organisation entity
INFO  [alembic.runtime.migration] Running upgrade 0576cef39dd8 -> fe26d37d220f, Adding category entities
INFO  [alembic.runtime.migration] Running upgrade fe26d37d220f -> c2f46d74fb33, Making Organisation optional
INFO  [alembic.runtime.migration] Running upgrade c2f46d74fb33 -> 0da61d9681b1, empty message
INFO  [alembic.runtime.migration] Running upgrade 0da61d9681b1 -> 5ac27507f77e, empty message
INFO  [alembic.runtime.migration] Running upgrade 5ac27507f77e -> 03eddf0b8e79, empty message
INFO  [alembic.runtime.migration] Running upgrade 03eddf0b8e79 -> 1b4a4527430b, empty message
INFO  [alembic.runtime.migration] Context impl PostgresqlImpl.
INFO  [alembic.runtime.migration] Will assume transactional DDL.
INFO  [alembic.runtime.migration] Running downgrade 1b4a4527430b -> 03eddf0b8e79, empty message
INFO  [alembic.runtime.migration] Running downgrade 03eddf0b8e79 -> 5ac27507f77e, empty message
INFO  [alembic.runtime.migration] Running downgrade 5ac27507f77e -> 0da61d9681b1, empty message
INFO  [alembic.runtime.migration] Running downgrade 0da61d9681b1 -> c2f46d74fb33, empty message
INFO  [alembic.runtime.migration] Running downgrade c2f46d74fb33 -> fe26d37d220f, Making Organisation optional
INFO  [alembic.runtime.migration] Running downgrade fe26d37d220f -> 0576cef39dd8, Adding category entities
INFO  [alembic.runtime.migration] Running downgrade 0576cef39dd8 -> a5b753b898f5, Adding Organisation entity
INFO  [alembic.runtime.migration] Running downgrade a5b753b898f5 -> 631f964e665f, Adding Grant and Allocation entities
INFO  [alembic.runtime.migration] Running downgrade 631f964e665f -> d919f20fe946, Adding Person and Participant entities
INFO  [alembic.runtime.migration] Running downgrade d919f20fe946 -> , Adding Project entity
]]></system-err>
		</testcase>
		<testcase classname="test_resource_projects.ProjectsResourceTestCase" name="test_projects_relationship_categorisations" time="0.429" timestamp="2024-04-08T14:03:56" file="tests/test_resource_projects.py" line="1594">
			<system-err><![CDATA[INFO  [alembic.runtime.migration] Context impl PostgresqlImpl.
INFO  [alembic.runtime.migration] Will assume transactional DDL.
INFO  [alembic.runtime.migration] Running upgrade  -> d919f20fe946, Adding Project entity
INFO  [alembic.runtime.migration] Running upgrade d919f20fe946 -> 631f964e665f, Adding Person and Participant entities
INFO  [alembic.runtime.migration] Running upgrade 631f964e665f -> a5b753b898f5, Adding Grant and Allocation entities
INFO  [alembic.runtime.migration] Running upgrade a5b753b898f5 -> 0576cef39dd8, Adding Organisation entity
INFO  [alembic.runtime.migration] Running upgrade 0576cef39dd8 -> fe26d37d220f, Adding category entities
INFO  [alembic.runtime.migration] Running upgrade fe26d37d220f -> c2f46d74fb33, Making Organisation optional
INFO  [alembic.runtime.migration] Running upgrade c2f46d74fb33 -> 0da61d9681b1, empty message
INFO  [alembic.runtime.migration] Running upgrade 0da61d9681b1 -> 5ac27507f77e, empty message
INFO  [alembic.runtime.migration] Running upgrade 5ac27507f77e -> 03eddf0b8e79, empty message
INFO  [alembic.runtime.migration] Running upgrade 03eddf0b8e79 -> 1b4a4527430b, empty message
INFO  [alembic.runtime.migration] Context impl PostgresqlImpl.
INFO  [alembic.runtime.migration] Will assume transactional DDL.
INFO  [alembic.runtime.migration] Running downgrade 1b4a4527430b -> 03eddf0b8e79, empty message
INFO  [alembic.runtime.migration] Running downgrade 03eddf0b8e79 -> 5ac27507f77e, empty message
INFO  [alembic.runtime.migration] Running downgrade 5ac27507f77e -> 0da61d9681b1, empty message
INFO  [alembic.runtime.migration] Running downgrade 0da61d9681b1 -> c2f46d74fb33, empty message
INFO  [alembic.runtime.migration] Running downgrade c2f46d74fb33 -> fe26d37d220f, Making Organisation optional
INFO  [alembic.runtime.migration] Running downgrade fe26d37d220f -> 0576cef39dd8, Adding category entities
INFO  [alembic.runtime.migration] Running downgrade 0576cef39dd8 -> a5b753b898f5, Adding Organisation entity
INFO  [alembic.runtime.migration] Running downgrade a5b753b898f5 -> 631f964e665f, Adding Grant and Allocation entities
INFO  [alembic.runtime.migration] Running downgrade 631f964e665f -> d919f20fe946, Adding Person and Participant entities
INFO  [alembic.runtime.migration] Running downgrade d919f20fe946 -> , Adding Project entity
]]></system-err>
		</testcase>
		<testcase classname="test_resource_projects.ProjectsResourceTestCase" name="test_projects_relationship_participants" time="0.411" timestamp="2024-04-08T14:03:56" file="tests/test_resource_projects.py" line="1566">
			<system-err><![CDATA[INFO  [alembic.runtime.migration] Context impl PostgresqlImpl.
INFO  [alembic.runtime.migration] Will assume transactional DDL.
INFO  [alembic.runtime.migration] Running upgrade  -> d919f20fe946, Adding Project entity
INFO  [alembic.runtime.migration] Running upgrade d919f20fe946 -> 631f964e665f, Adding Person and Participant entities
INFO  [alembic.runtime.migration] Running upgrade 631f964e665f -> a5b753b898f5, Adding Grant and Allocation entities
INFO  [alembic.runtime.migration] Running upgrade a5b753b898f5 -> 0576cef39dd8, Adding Organisation entity
INFO  [alembic.runtime.migration] Running upgrade 0576cef39dd8 -> fe26d37d220f, Adding category entities
INFO  [alembic.runtime.migration] Running upgrade fe26d37d220f -> c2f46d74fb33, Making Organisation optional
INFO  [alembic.runtime.migration] Running upgrade c2f46d74fb33 -> 0da61d9681b1, empty message
INFO  [alembic.runtime.migration] Running upgrade 0da61d9681b1 -> 5ac27507f77e, empty message
INFO  [alembic.runtime.migration] Running upgrade 5ac27507f77e -> 03eddf0b8e79, empty message
INFO  [alembic.runtime.migration] Running upgrade 03eddf0b8e79 -> 1b4a4527430b, empty message
INFO  [alembic.runtime.migration] Context impl PostgresqlImpl.
INFO  [alembic.runtime.migration] Will assume transactional DDL.
INFO  [alembic.runtime.migration] Running downgrade 1b4a4527430b -> 03eddf0b8e79, empty message
INFO  [alembic.runtime.migration] Running downgrade 03eddf0b8e79 -> 5ac27507f77e, empty message
INFO  [alembic.runtime.migration] Running downgrade 5ac27507f77e -> 0da61d9681b1, empty message
INFO  [alembic.runtime.migration] Running downgrade 0da61d9681b1 -> c2f46d74fb33, empty message
INFO  [alembic.runtime.migration] Running downgrade c2f46d74fb33 -> fe26d37d220f, Making Organisation optional
INFO  [alembic.runtime.migration] Running downgrade fe26d37d220f -> 0576cef39dd8, Adding category entities
INFO  [alembic.runtime.migration] Running downgrade 0576cef39dd8 -> a5b753b898f5, Adding Organisation entity
INFO  [alembic.runtime.migration] Running downgrade a5b753b898f5 -> 631f964e665f, Adding Grant and Allocation entities
INFO  [alembic.runtime.migration] Running downgrade 631f964e665f -> d919f20fe946, Adding Person and Participant entities
INFO  [alembic.runtime.migration] Running downgrade d919f20fe946 -> , Adding Project entity
]]></system-err>
		</testcase>
		<testcase classname="test_resource_projects.ProjectsResourceTestCase" name="test_projects_single_missing_unknown_id" time="0.430" timestamp="2024-04-08T14:03:57" file="tests/test_resource_projects.py" line="1525">
			<system-err><![CDATA[INFO  [alembic.runtime.migration] Context impl PostgresqlImpl.
INFO  [alembic.runtime.migration] Will assume transactional DDL.
INFO  [alembic.runtime.migration] Running upgrade  -> d919f20fe946, Adding Project entity
INFO  [alembic.runtime.migration] Running upgrade d919f20fe946 -> 631f964e665f, Adding Person and Participant entities
INFO  [alembic.runtime.migration] Running upgrade 631f964e665f -> a5b753b898f5, Adding Grant and Allocation entities
INFO  [alembic.runtime.migration] Running upgrade a5b753b898f5 -> 0576cef39dd8, Adding Organisation entity
INFO  [alembic.runtime.migration] Running upgrade 0576cef39dd8 -> fe26d37d220f, Adding category entities
INFO  [alembic.runtime.migration] Running upgrade fe26d37d220f -> c2f46d74fb33, Making Organisation optional
INFO  [alembic.runtime.migration] Running upgrade c2f46d74fb33 -> 0da61d9681b1, empty message
INFO  [alembic.runtime.migration] Running upgrade 0da61d9681b1 -> 5ac27507f77e, empty message
INFO  [alembic.runtime.migration] Running upgrade 5ac27507f77e -> 03eddf0b8e79, empty message
INFO  [alembic.runtime.migration] Running upgrade 03eddf0b8e79 -> 1b4a4527430b, empty message
INFO  [alembic.runtime.migration] Context impl PostgresqlImpl.
INFO  [alembic.runtime.migration] Will assume transactional DDL.
INFO  [alembic.runtime.migration] Running downgrade 1b4a4527430b -> 03eddf0b8e79, empty message
INFO  [alembic.runtime.migration] Running downgrade 03eddf0b8e79 -> 5ac27507f77e, empty message
INFO  [alembic.runtime.migration] Running downgrade 5ac27507f77e -> 0da61d9681b1, empty message
INFO  [alembic.runtime.migration] Running downgrade 0da61d9681b1 -> c2f46d74fb33, empty message
INFO  [alembic.runtime.migration] Running downgrade c2f46d74fb33 -> fe26d37d220f, Making Organisation optional
INFO  [alembic.runtime.migration] Running downgrade fe26d37d220f -> 0576cef39dd8, Adding category entities
INFO  [alembic.runtime.migration] Running downgrade 0576cef39dd8 -> a5b753b898f5, Adding Organisation entity
INFO  [alembic.runtime.migration] Running downgrade a5b753b898f5 -> 631f964e665f, Adding Grant and Allocation entities
INFO  [alembic.runtime.migration] Running downgrade 631f964e665f -> d919f20fe946, Adding Person and Participant entities
INFO  [alembic.runtime.migration] Running downgrade d919f20fe946 -> , Adding Project entity
]]></system-err>
		</testcase>
	</testsuite>
</testsuites>
