<?xml version="1.0" encoding="UTF-8"?>
<testsuites>
	<testsuite errors="0" failures="0" file="test_app.py" name="test_app.AppTestCase-20221220151627" skipped="0" tests="2" time="0.144" timestamp="2022-12-20T15:16:27">
		<testcase classname="test_app.AppTestCase" file="tests/test_app.py" line="11" name="test_app_exists" time="0.086" timestamp="2022-12-20T15:16:27">
			<system-out>
<![CDATA[]]>			</system-out>
			<system-err>
<![CDATA[]]>			</system-err>
		</testcase>
		<testcase classname="test_app.AppTestCase" file="tests/test_app.py" line="14" name="test_app_is_testing" time="0.058" timestamp="2022-12-20T15:16:27">
			<system-out>
<![CDATA[]]>			</system-out>
			<system-err>
<![CDATA[]]>			</system-err>
		</testcase>
	</testsuite>
	<testsuite errors="0" failures="0" file="test_app.py" name="test_app.RouteIndexTestCase-20221220151627" skipped="0" tests="1" time="0.077" timestamp="2022-12-20T15:16:27">
		<testcase classname="test_app.RouteIndexTestCase" file="tests/test_app.py" line="19" name="test_index_route" time="0.077" timestamp="2022-12-20T15:16:27">
			<system-out>
<![CDATA[]]>			</system-out>
			<system-err>
<![CDATA[]]>			</system-err>
		</testcase>
	</testsuite>
	<testsuite errors="0" failures="0" file="test_app.py" name="test_app.RouteMetaTestCase-20221220151627" skipped="0" tests="2" time="10.194" timestamp="2022-12-20T15:16:37">
		<testcase classname="test_app.RouteMetaTestCase" file="tests/test_app.py" line="54" name="test_meta_healthcheck_canary_failure_db" time="10.057" timestamp="2022-12-20T15:16:37">
			<system-out>
<![CDATA[]]>			</system-out>
			<system-err>
<![CDATA[]]>			</system-err>
		</testcase>
		<testcase classname="test_app.RouteMetaTestCase" file="tests/test_app.py" line="36" name="test_meta_healthcheck_canary_success" time="0.136" timestamp="2022-12-20T15:16:37">
			<system-out>
<![CDATA[]]>			</system-out>
			<system-err>
<![CDATA[]]>			</system-err>
		</testcase>
	</testsuite>
	<testsuite errors="0" failures="0" file="test_commands.py" name="test_commands.ImportCommandTestCase-20221220151627" skipped="1" tests="3" time="0.646" timestamp="2022-12-20T15:16:38">
		<testcase classname="test_commands.ImportCommandTestCase" file="tests/test_commands.py" line="26" name="test_import_categories_from_file" time="0.274" timestamp="2022-12-20T15:16:38">
			<system-out>
<![CDATA[]]>			</system-out>
			<system-err>
<![CDATA[INFO  [alembic.runtime.migration] Context impl PostgresqlImpl.
INFO  [alembic.runtime.migration] Will assume transactional DDL.
INFO  [alembic.runtime.migration] Running upgrade  -> d919f20fe946, Adding Project entity
INFO  [alembic.runtime.migration] Running upgrade d919f20fe946 -> 631f964e665f, Adding Person and Participant entities
INFO  [alembic.runtime.migration] Running upgrade 631f964e665f -> a5b753b898f5, Adding Grant and Allocation entities
INFO  [alembic.runtime.migration] Running upgrade a5b753b898f5 -> 0576cef39dd8, Adding Organisation entity
INFO  [alembic.runtime.migration] Running upgrade 0576cef39dd8 -> fe26d37d220f, Adding category entities
INFO  [alembic.runtime.migration] Running upgrade fe26d37d220f -> c2f46d74fb33, Making Organisation optional
INFO  [alembic.runtime.migration] Running upgrade c2f46d74fb33 -> 0da61d9681b1, empty message
INFO  [alembic.runtime.migration] Running upgrade 0da61d9681b1 -> 5ac27507f77e, empty message
INFO  [alembic.runtime.migration] Running upgrade 5ac27507f77e -> 03eddf0b8e79, empty message
INFO  [alembic.runtime.migration] Context impl PostgresqlImpl.
INFO  [alembic.runtime.migration] Will assume transactional DDL.
INFO  [alembic.runtime.migration] Running downgrade 03eddf0b8e79 -> 5ac27507f77e, empty message
INFO  [alembic.runtime.migration] Running downgrade 5ac27507f77e -> 0da61d9681b1, empty message
INFO  [alembic.runtime.migration] Running downgrade 0da61d9681b1 -> c2f46d74fb33, empty message
INFO  [alembic.runtime.migration] Running downgrade c2f46d74fb33 -> fe26d37d220f, Making Organisation optional
INFO  [alembic.runtime.migration] Running downgrade fe26d37d220f -> 0576cef39dd8, Adding category entities
INFO  [alembic.runtime.migration] Running downgrade 0576cef39dd8 -> a5b753b898f5, Adding Organisation entity
INFO  [alembic.runtime.migration] Running downgrade a5b753b898f5 -> 631f964e665f, Adding Grant and Allocation entities
INFO  [alembic.runtime.migration] Running downgrade 631f964e665f -> d919f20fe946, Adding Person and Participant entities
INFO  [alembic.runtime.migration] Running downgrade d919f20fe946 -> , Adding Project entity
]]>			</system-err>
		</testcase>
		<testcase classname="test_commands.ImportCommandTestCase" file="tests/test_commands.py" line="30" name="test_import_organisations_from_file" time="0.198" timestamp="2022-12-20T15:16:38">
			<system-out>
<![CDATA[]]>			</system-out>
			<system-err>
<![CDATA[INFO  [alembic.runtime.migration] Context impl PostgresqlImpl.
INFO  [alembic.runtime.migration] Will assume transactional DDL.
INFO  [alembic.runtime.migration] Running upgrade  -> d919f20fe946, Adding Project entity
INFO  [alembic.runtime.migration] Running upgrade d919f20fe946 -> 631f964e665f, Adding Person and Participant entities
INFO  [alembic.runtime.migration] Running upgrade 631f964e665f -> a5b753b898f5, Adding Grant and Allocation entities
INFO  [alembic.runtime.migration] Running upgrade a5b753b898f5 -> 0576cef39dd8, Adding Organisation entity
INFO  [alembic.runtime.migration] Running upgrade 0576cef39dd8 -> fe26d37d220f, Adding category entities
INFO  [alembic.runtime.migration] Running upgrade fe26d37d220f -> c2f46d74fb33, Making Organisation optional
INFO  [alembic.runtime.migration] Running upgrade c2f46d74fb33 -> 0da61d9681b1, empty message
INFO  [alembic.runtime.migration] Running upgrade 0da61d9681b1 -> 5ac27507f77e, empty message
INFO  [alembic.runtime.migration] Running upgrade 5ac27507f77e -> 03eddf0b8e79, empty message
INFO  [alembic.runtime.migration] Context impl PostgresqlImpl.
INFO  [alembic.runtime.migration] Will assume transactional DDL.
INFO  [alembic.runtime.migration] Running downgrade 03eddf0b8e79 -> 5ac27507f77e, empty message
INFO  [alembic.runtime.migration] Running downgrade 5ac27507f77e -> 0da61d9681b1, empty message
INFO  [alembic.runtime.migration] Running downgrade 0da61d9681b1 -> c2f46d74fb33, empty message
INFO  [alembic.runtime.migration] Running downgrade c2f46d74fb33 -> fe26d37d220f, Making Organisation optional
INFO  [alembic.runtime.migration] Running downgrade fe26d37d220f -> 0576cef39dd8, Adding category entities
INFO  [alembic.runtime.migration] Running downgrade 0576cef39dd8 -> a5b753b898f5, Adding Organisation entity
INFO  [alembic.runtime.migration] Running downgrade a5b753b898f5 -> 631f964e665f, Adding Grant and Allocation entities
INFO  [alembic.runtime.migration] Running downgrade 631f964e665f -> d919f20fe946, Adding Person and Participant entities
INFO  [alembic.runtime.migration] Running downgrade d919f20fe946 -> , Adding Project entity
]]>			</system-err>
		</testcase>
		<testcase classname="test_commands.ImportCommandTestCase" file="tests/test_commands.py" line="34" name="test_import_grant_from_gtr" time="0.174" timestamp="2022-12-20T15:16:38">
			<skipped message="We know this works, running manually works just fine. However due to the way the program outputs the result, itâ€™s not easy to test with assertIn. Equally testing that the record exists in the database is also not working for some unknown reason. This test will be re-instated later but for now we need to progress" type="skip"/>
			<system-out>
<![CDATA[]]>			</system-out>
			<system-err>
<![CDATA[INFO  [alembic.runtime.migration] Context impl PostgresqlImpl.
INFO  [alembic.runtime.migration] Will assume transactional DDL.
INFO  [alembic.runtime.migration] Running upgrade  -> d919f20fe946, Adding Project entity
INFO  [alembic.runtime.migration] Running upgrade d919f20fe946 -> 631f964e665f, Adding Person and Participant entities
INFO  [alembic.runtime.migration] Running upgrade 631f964e665f -> a5b753b898f5, Adding Grant and Allocation entities
INFO  [alembic.runtime.migration] Running upgrade a5b753b898f5 -> 0576cef39dd8, Adding Organisation entity
INFO  [alembic.runtime.migration] Running upgrade 0576cef39dd8 -> fe26d37d220f, Adding category entities
INFO  [alembic.runtime.migration] Running upgrade fe26d37d220f -> c2f46d74fb33, Making Organisation optional
INFO  [alembic.runtime.migration] Running upgrade c2f46d74fb33 -> 0da61d9681b1, empty message
INFO  [alembic.runtime.migration] Running upgrade 0da61d9681b1 -> 5ac27507f77e, empty message
INFO  [alembic.runtime.migration] Running upgrade 5ac27507f77e -> 03eddf0b8e79, empty message
INFO  [alembic.runtime.migration] Context impl PostgresqlImpl.
INFO  [alembic.runtime.migration] Will assume transactional DDL.
INFO  [alembic.runtime.migration] Running downgrade 03eddf0b8e79 -> 5ac27507f77e, empty message
INFO  [alembic.runtime.migration] Running downgrade 5ac27507f77e -> 0da61d9681b1, empty message
INFO  [alembic.runtime.migration] Running downgrade 0da61d9681b1 -> c2f46d74fb33, empty message
INFO  [alembic.runtime.migration] Running downgrade c2f46d74fb33 -> fe26d37d220f, Making Organisation optional
INFO  [alembic.runtime.migration] Running downgrade fe26d37d220f -> 0576cef39dd8, Adding category entities
INFO  [alembic.runtime.migration] Running downgrade 0576cef39dd8 -> a5b753b898f5, Adding Organisation entity
INFO  [alembic.runtime.migration] Running downgrade a5b753b898f5 -> 631f964e665f, Adding Grant and Allocation entities
INFO  [alembic.runtime.migration] Running downgrade 631f964e665f -> d919f20fe946, Adding Person and Participant entities
INFO  [alembic.runtime.migration] Running downgrade d919f20fe946 -> , Adding Project entity
]]>			</system-err>
		</testcase>
	</testsuite>
	<testsuite errors="0" failures="0" file="test_commands.py" name="test_commands.InbuiltCommandsTestCase-20221220151627" skipped="0" tests="1" time="0.218" timestamp="2022-12-20T15:16:38">
		<testcase classname="test_commands.InbuiltCommandsTestCase" file="tests/test_commands.py" line="6" name="test_help" time="0.218" timestamp="2022-12-20T15:16:38">
			<system-out>
<![CDATA[]]>			</system-out>
			<system-err>
<![CDATA[INFO  [alembic.runtime.migration] Context impl PostgresqlImpl.
INFO  [alembic.runtime.migration] Will assume transactional DDL.
INFO  [alembic.runtime.migration] Running upgrade  -> d919f20fe946, Adding Project entity
INFO  [alembic.runtime.migration] Running upgrade d919f20fe946 -> 631f964e665f, Adding Person and Participant entities
INFO  [alembic.runtime.migration] Running upgrade 631f964e665f -> a5b753b898f5, Adding Grant and Allocation entities
INFO  [alembic.runtime.migration] Running upgrade a5b753b898f5 -> 0576cef39dd8, Adding Organisation entity
INFO  [alembic.runtime.migration] Running upgrade 0576cef39dd8 -> fe26d37d220f, Adding category entities
INFO  [alembic.runtime.migration] Running upgrade fe26d37d220f -> c2f46d74fb33, Making Organisation optional
INFO  [alembic.runtime.migration] Running upgrade c2f46d74fb33 -> 0da61d9681b1, empty message
INFO  [alembic.runtime.migration] Running upgrade 0da61d9681b1 -> 5ac27507f77e, empty message
INFO  [alembic.runtime.migration] Running upgrade 5ac27507f77e -> 03eddf0b8e79, empty message
INFO  [alembic.runtime.migration] Context impl PostgresqlImpl.
INFO  [alembic.runtime.migration] Will assume transactional DDL.
INFO  [alembic.runtime.migration] Running downgrade 03eddf0b8e79 -> 5ac27507f77e, empty message
INFO  [alembic.runtime.migration] Running downgrade 5ac27507f77e -> 0da61d9681b1, empty message
INFO  [alembic.runtime.migration] Running downgrade 0da61d9681b1 -> c2f46d74fb33, empty message
INFO  [alembic.runtime.migration] Running downgrade c2f46d74fb33 -> fe26d37d220f, Making Organisation optional
INFO  [alembic.runtime.migration] Running downgrade fe26d37d220f -> 0576cef39dd8, Adding category entities
INFO  [alembic.runtime.migration] Running downgrade 0576cef39dd8 -> a5b753b898f5, Adding Organisation entity
INFO  [alembic.runtime.migration] Running downgrade a5b753b898f5 -> 631f964e665f, Adding Grant and Allocation entities
INFO  [alembic.runtime.migration] Running downgrade 631f964e665f -> d919f20fe946, Adding Person and Participant entities
INFO  [alembic.runtime.migration] Running downgrade d919f20fe946 -> , Adding Project entity
]]>			</system-err>
		</testcase>
	</testsuite>
	<testsuite errors="0" failures="0" file="test_commands.py" name="test_commands.SeedingCommandTestCase-20221220151627" skipped="0" tests="2" time="2.342" timestamp="2022-12-20T15:16:41">
		<testcase classname="test_commands.SeedingCommandTestCase" file="tests/test_commands.py" line="12" name="test_seeding_predictable" time="0.345" timestamp="2022-12-20T15:16:39">
			<system-out>
<![CDATA[]]>			</system-out>
			<system-err>
<![CDATA[INFO  [alembic.runtime.migration] Context impl PostgresqlImpl.
INFO  [alembic.runtime.migration] Will assume transactional DDL.
INFO  [alembic.runtime.migration] Running upgrade  -> d919f20fe946, Adding Project entity
INFO  [alembic.runtime.migration] Running upgrade d919f20fe946 -> 631f964e665f, Adding Person and Participant entities
INFO  [alembic.runtime.migration] Running upgrade 631f964e665f -> a5b753b898f5, Adding Grant and Allocation entities
INFO  [alembic.runtime.migration] Running upgrade a5b753b898f5 -> 0576cef39dd8, Adding Organisation entity
INFO  [alembic.runtime.migration] Running upgrade 0576cef39dd8 -> fe26d37d220f, Adding category entities
INFO  [alembic.runtime.migration] Running upgrade fe26d37d220f -> c2f46d74fb33, Making Organisation optional
INFO  [alembic.runtime.migration] Running upgrade c2f46d74fb33 -> 0da61d9681b1, empty message
INFO  [alembic.runtime.migration] Running upgrade 0da61d9681b1 -> 5ac27507f77e, empty message
INFO  [alembic.runtime.migration] Running upgrade 5ac27507f77e -> 03eddf0b8e79, empty message
INFO  [alembic.runtime.migration] Context impl PostgresqlImpl.
INFO  [alembic.runtime.migration] Will assume transactional DDL.
INFO  [alembic.runtime.migration] Running downgrade 03eddf0b8e79 -> 5ac27507f77e, empty message
INFO  [alembic.runtime.migration] Running downgrade 5ac27507f77e -> 0da61d9681b1, empty message
INFO  [alembic.runtime.migration] Running downgrade 0da61d9681b1 -> c2f46d74fb33, empty message
INFO  [alembic.runtime.migration] Running downgrade c2f46d74fb33 -> fe26d37d220f, Making Organisation optional
INFO  [alembic.runtime.migration] Running downgrade fe26d37d220f -> 0576cef39dd8, Adding category entities
INFO  [alembic.runtime.migration] Running downgrade 0576cef39dd8 -> a5b753b898f5, Adding Organisation entity
INFO  [alembic.runtime.migration] Running downgrade a5b753b898f5 -> 631f964e665f, Adding Grant and Allocation entities
INFO  [alembic.runtime.migration] Running downgrade 631f964e665f -> d919f20fe946, Adding Person and Participant entities
INFO  [alembic.runtime.migration] Running downgrade d919f20fe946 -> , Adding Project entity
]]>			</system-err>
		</testcase>
		<testcase classname="test_commands.SeedingCommandTestCase" file="tests/test_commands.py" line="16" name="test_seeding_random" time="1.997" timestamp="2022-12-20T15:16:41">
			<system-out>
<![CDATA[]]>			</system-out>
			<system-err>
<![CDATA[INFO  [alembic.runtime.migration] Context impl PostgresqlImpl.
INFO  [alembic.runtime.migration] Will assume transactional DDL.
INFO  [alembic.runtime.migration] Running upgrade  -> d919f20fe946, Adding Project entity
INFO  [alembic.runtime.migration] Running upgrade d919f20fe946 -> 631f964e665f, Adding Person and Participant entities
INFO  [alembic.runtime.migration] Running upgrade 631f964e665f -> a5b753b898f5, Adding Grant and Allocation entities
INFO  [alembic.runtime.migration] Running upgrade a5b753b898f5 -> 0576cef39dd8, Adding Organisation entity
INFO  [alembic.runtime.migration] Running upgrade 0576cef39dd8 -> fe26d37d220f, Adding category entities
INFO  [alembic.runtime.migration] Running upgrade fe26d37d220f -> c2f46d74fb33, Making Organisation optional
INFO  [alembic.runtime.migration] Running upgrade c2f46d74fb33 -> 0da61d9681b1, empty message
INFO  [alembic.runtime.migration] Running upgrade 0da61d9681b1 -> 5ac27507f77e, empty message
INFO  [alembic.runtime.migration] Running upgrade 5ac27507f77e -> 03eddf0b8e79, empty message
INFO  [alembic.runtime.migration] Context impl PostgresqlImpl.
INFO  [alembic.runtime.migration] Will assume transactional DDL.
INFO  [alembic.runtime.migration] Running downgrade 03eddf0b8e79 -> 5ac27507f77e, empty message
INFO  [alembic.runtime.migration] Running downgrade 5ac27507f77e -> 0da61d9681b1, empty message
INFO  [alembic.runtime.migration] Running downgrade 0da61d9681b1 -> c2f46d74fb33, empty message
INFO  [alembic.runtime.migration] Running downgrade c2f46d74fb33 -> fe26d37d220f, Making Organisation optional
INFO  [alembic.runtime.migration] Running downgrade fe26d37d220f -> 0576cef39dd8, Adding category entities
INFO  [alembic.runtime.migration] Running downgrade 0576cef39dd8 -> a5b753b898f5, Adding Organisation entity
INFO  [alembic.runtime.migration] Running downgrade a5b753b898f5 -> 631f964e665f, Adding Grant and Allocation entities
INFO  [alembic.runtime.migration] Running downgrade 631f964e665f -> d919f20fe946, Adding Person and Participant entities
INFO  [alembic.runtime.migration] Running downgrade d919f20fe946 -> , Adding Project entity
]]>			</system-err>
		</testcase>
	</testsuite>
	<testsuite errors="0" failures="0" file="test_resource_allocations.py" name="test_resource_allocations.PeopleResourceTestCase-20221220151627" skipped="0" tests="7" time="2.384" timestamp="2022-12-20T15:16:43">
		<testcase classname="test_resource_allocations.PeopleResourceTestCase" file="tests/test_resource_allocations.py" line="414" name="test_allocations_detail" time="0.361" timestamp="2022-12-20T15:16:41">
			<system-out>
<![CDATA[]]>			</system-out>
			<system-err>
<![CDATA[INFO  [alembic.runtime.migration] Context impl PostgresqlImpl.
INFO  [alembic.runtime.migration] Will assume transactional DDL.
INFO  [alembic.runtime.migration] Running upgrade  -> d919f20fe946, Adding Project entity
INFO  [alembic.runtime.migration] Running upgrade d919f20fe946 -> 631f964e665f, Adding Person and Participant entities
INFO  [alembic.runtime.migration] Running upgrade 631f964e665f -> a5b753b898f5, Adding Grant and Allocation entities
INFO  [alembic.runtime.migration] Running upgrade a5b753b898f5 -> 0576cef39dd8, Adding Organisation entity
INFO  [alembic.runtime.migration] Running upgrade 0576cef39dd8 -> fe26d37d220f, Adding category entities
INFO  [alembic.runtime.migration] Running upgrade fe26d37d220f -> c2f46d74fb33, Making Organisation optional
INFO  [alembic.runtime.migration] Running upgrade c2f46d74fb33 -> 0da61d9681b1, empty message
INFO  [alembic.runtime.migration] Running upgrade 0da61d9681b1 -> 5ac27507f77e, empty message
INFO  [alembic.runtime.migration] Running upgrade 5ac27507f77e -> 03eddf0b8e79, empty message
INFO  [alembic.runtime.migration] Context impl PostgresqlImpl.
INFO  [alembic.runtime.migration] Will assume transactional DDL.
INFO  [alembic.runtime.migration] Running downgrade 03eddf0b8e79 -> 5ac27507f77e, empty message
INFO  [alembic.runtime.migration] Running downgrade 5ac27507f77e -> 0da61d9681b1, empty message
INFO  [alembic.runtime.migration] Running downgrade 0da61d9681b1 -> c2f46d74fb33, empty message
INFO  [alembic.runtime.migration] Running downgrade c2f46d74fb33 -> fe26d37d220f, Making Organisation optional
INFO  [alembic.runtime.migration] Running downgrade fe26d37d220f -> 0576cef39dd8, Adding category entities
INFO  [alembic.runtime.migration] Running downgrade 0576cef39dd8 -> a5b753b898f5, Adding Organisation entity
INFO  [alembic.runtime.migration] Running downgrade a5b753b898f5 -> 631f964e665f, Adding Grant and Allocation entities
INFO  [alembic.runtime.migration] Running downgrade 631f964e665f -> d919f20fe946, Adding Person and Participant entities
INFO  [alembic.runtime.migration] Running downgrade d919f20fe946 -> , Adding Project entity
]]>			</system-err>
		</testcase>
		<testcase classname="test_resource_allocations.PeopleResourceTestCase" file="tests/test_resource_allocations.py" line="728" name="test_allocations_grants" time="0.320" timestamp="2022-12-20T15:16:41">
			<system-out>
<![CDATA[]]>			</system-out>
			<system-err>
<![CDATA[INFO  [alembic.runtime.migration] Context impl PostgresqlImpl.
INFO  [alembic.runtime.migration] Will assume transactional DDL.
INFO  [alembic.runtime.migration] Running upgrade  -> d919f20fe946, Adding Project entity
INFO  [alembic.runtime.migration] Running upgrade d919f20fe946 -> 631f964e665f, Adding Person and Participant entities
INFO  [alembic.runtime.migration] Running upgrade 631f964e665f -> a5b753b898f5, Adding Grant and Allocation entities
INFO  [alembic.runtime.migration] Running upgrade a5b753b898f5 -> 0576cef39dd8, Adding Organisation entity
INFO  [alembic.runtime.migration] Running upgrade 0576cef39dd8 -> fe26d37d220f, Adding category entities
INFO  [alembic.runtime.migration] Running upgrade fe26d37d220f -> c2f46d74fb33, Making Organisation optional
INFO  [alembic.runtime.migration] Running upgrade c2f46d74fb33 -> 0da61d9681b1, empty message
INFO  [alembic.runtime.migration] Running upgrade 0da61d9681b1 -> 5ac27507f77e, empty message
INFO  [alembic.runtime.migration] Running upgrade 5ac27507f77e -> 03eddf0b8e79, empty message
INFO  [alembic.runtime.migration] Context impl PostgresqlImpl.
INFO  [alembic.runtime.migration] Will assume transactional DDL.
INFO  [alembic.runtime.migration] Running downgrade 03eddf0b8e79 -> 5ac27507f77e, empty message
INFO  [alembic.runtime.migration] Running downgrade 5ac27507f77e -> 0da61d9681b1, empty message
INFO  [alembic.runtime.migration] Running downgrade 0da61d9681b1 -> c2f46d74fb33, empty message
INFO  [alembic.runtime.migration] Running downgrade c2f46d74fb33 -> fe26d37d220f, Making Organisation optional
INFO  [alembic.runtime.migration] Running downgrade fe26d37d220f -> 0576cef39dd8, Adding category entities
INFO  [alembic.runtime.migration] Running downgrade 0576cef39dd8 -> a5b753b898f5, Adding Organisation entity
INFO  [alembic.runtime.migration] Running downgrade a5b753b898f5 -> 631f964e665f, Adding Grant and Allocation entities
INFO  [alembic.runtime.migration] Running downgrade 631f964e665f -> d919f20fe946, Adding Person and Participant entities
INFO  [alembic.runtime.migration] Running downgrade d919f20fe946 -> , Adding Project entity
]]>			</system-err>
		</testcase>
		<testcase classname="test_resource_allocations.PeopleResourceTestCase" file="tests/test_resource_allocations.py" line="9" name="test_allocations_list" time="0.364" timestamp="2022-12-20T15:16:42">
			<system-out>
<![CDATA[]]>			</system-out>
			<system-err>
<![CDATA[INFO  [alembic.runtime.migration] Context impl PostgresqlImpl.
INFO  [alembic.runtime.migration] Will assume transactional DDL.
INFO  [alembic.runtime.migration] Running upgrade  -> d919f20fe946, Adding Project entity
INFO  [alembic.runtime.migration] Running upgrade d919f20fe946 -> 631f964e665f, Adding Person and Participant entities
INFO  [alembic.runtime.migration] Running upgrade 631f964e665f -> a5b753b898f5, Adding Grant and Allocation entities
INFO  [alembic.runtime.migration] Running upgrade a5b753b898f5 -> 0576cef39dd8, Adding Organisation entity
INFO  [alembic.runtime.migration] Running upgrade 0576cef39dd8 -> fe26d37d220f, Adding category entities
INFO  [alembic.runtime.migration] Running upgrade fe26d37d220f -> c2f46d74fb33, Making Organisation optional
INFO  [alembic.runtime.migration] Running upgrade c2f46d74fb33 -> 0da61d9681b1, empty message
INFO  [alembic.runtime.migration] Running upgrade 0da61d9681b1 -> 5ac27507f77e, empty message
INFO  [alembic.runtime.migration] Running upgrade 5ac27507f77e -> 03eddf0b8e79, empty message
INFO  [alembic.runtime.migration] Context impl PostgresqlImpl.
INFO  [alembic.runtime.migration] Will assume transactional DDL.
INFO  [alembic.runtime.migration] Running downgrade 03eddf0b8e79 -> 5ac27507f77e, empty message
INFO  [alembic.runtime.migration] Running downgrade 5ac27507f77e -> 0da61d9681b1, empty message
INFO  [alembic.runtime.migration] Running downgrade 0da61d9681b1 -> c2f46d74fb33, empty message
INFO  [alembic.runtime.migration] Running downgrade c2f46d74fb33 -> fe26d37d220f, Making Organisation optional
INFO  [alembic.runtime.migration] Running downgrade fe26d37d220f -> 0576cef39dd8, Adding category entities
INFO  [alembic.runtime.migration] Running downgrade 0576cef39dd8 -> a5b753b898f5, Adding Organisation entity
INFO  [alembic.runtime.migration] Running downgrade a5b753b898f5 -> 631f964e665f, Adding Grant and Allocation entities
INFO  [alembic.runtime.migration] Running downgrade 631f964e665f -> d919f20fe946, Adding Person and Participant entities
INFO  [alembic.runtime.migration] Running downgrade d919f20fe946 -> , Adding Project entity
]]>			</system-err>
		</testcase>
		<testcase classname="test_resource_allocations.PeopleResourceTestCase" file="tests/test_resource_allocations.py" line="835" name="test_allocations_projects" time="0.311" timestamp="2022-12-20T15:16:42">
			<system-out>
<![CDATA[]]>			</system-out>
			<system-err>
<![CDATA[INFO  [alembic.runtime.migration] Context impl PostgresqlImpl.
INFO  [alembic.runtime.migration] Will assume transactional DDL.
INFO  [alembic.runtime.migration] Running upgrade  -> d919f20fe946, Adding Project entity
INFO  [alembic.runtime.migration] Running upgrade d919f20fe946 -> 631f964e665f, Adding Person and Participant entities
INFO  [alembic.runtime.migration] Running upgrade 631f964e665f -> a5b753b898f5, Adding Grant and Allocation entities
INFO  [alembic.runtime.migration] Running upgrade a5b753b898f5 -> 0576cef39dd8, Adding Organisation entity
INFO  [alembic.runtime.migration] Running upgrade 0576cef39dd8 -> fe26d37d220f, Adding category entities
INFO  [alembic.runtime.migration] Running upgrade fe26d37d220f -> c2f46d74fb33, Making Organisation optional
INFO  [alembic.runtime.migration] Running upgrade c2f46d74fb33 -> 0da61d9681b1, empty message
INFO  [alembic.runtime.migration] Running upgrade 0da61d9681b1 -> 5ac27507f77e, empty message
INFO  [alembic.runtime.migration] Running upgrade 5ac27507f77e -> 03eddf0b8e79, empty message
INFO  [alembic.runtime.migration] Context impl PostgresqlImpl.
INFO  [alembic.runtime.migration] Will assume transactional DDL.
INFO  [alembic.runtime.migration] Running downgrade 03eddf0b8e79 -> 5ac27507f77e, empty message
INFO  [alembic.runtime.migration] Running downgrade 5ac27507f77e -> 0da61d9681b1, empty message
INFO  [alembic.runtime.migration] Running downgrade 0da61d9681b1 -> c2f46d74fb33, empty message
INFO  [alembic.runtime.migration] Running downgrade c2f46d74fb33 -> fe26d37d220f, Making Organisation optional
INFO  [alembic.runtime.migration] Running downgrade fe26d37d220f -> 0576cef39dd8, Adding category entities
INFO  [alembic.runtime.migration] Running downgrade 0576cef39dd8 -> a5b753b898f5, Adding Organisation entity
INFO  [alembic.runtime.migration] Running downgrade a5b753b898f5 -> 631f964e665f, Adding Grant and Allocation entities
INFO  [alembic.runtime.migration] Running downgrade 631f964e665f -> d919f20fe946, Adding Person and Participant entities
INFO  [alembic.runtime.migration] Running downgrade d919f20fe946 -> , Adding Project entity
]]>			</system-err>
		</testcase>
		<testcase classname="test_resource_allocations.PeopleResourceTestCase" file="tests/test_resource_allocations.py" line="684" name="test_allocations_relationship_grants" time="0.386" timestamp="2022-12-20T15:16:42">
			<system-out>
<![CDATA[]]>			</system-out>
			<system-err>
<![CDATA[INFO  [alembic.runtime.migration] Context impl PostgresqlImpl.
INFO  [alembic.runtime.migration] Will assume transactional DDL.
INFO  [alembic.runtime.migration] Running upgrade  -> d919f20fe946, Adding Project entity
INFO  [alembic.runtime.migration] Running upgrade d919f20fe946 -> 631f964e665f, Adding Person and Participant entities
INFO  [alembic.runtime.migration] Running upgrade 631f964e665f -> a5b753b898f5, Adding Grant and Allocation entities
INFO  [alembic.runtime.migration] Running upgrade a5b753b898f5 -> 0576cef39dd8, Adding Organisation entity
INFO  [alembic.runtime.migration] Running upgrade 0576cef39dd8 -> fe26d37d220f, Adding category entities
INFO  [alembic.runtime.migration] Running upgrade fe26d37d220f -> c2f46d74fb33, Making Organisation optional
INFO  [alembic.runtime.migration] Running upgrade c2f46d74fb33 -> 0da61d9681b1, empty message
INFO  [alembic.runtime.migration] Running upgrade 0da61d9681b1 -> 5ac27507f77e, empty message
INFO  [alembic.runtime.migration] Running upgrade 5ac27507f77e -> 03eddf0b8e79, empty message
INFO  [alembic.runtime.migration] Context impl PostgresqlImpl.
INFO  [alembic.runtime.migration] Will assume transactional DDL.
INFO  [alembic.runtime.migration] Running downgrade 03eddf0b8e79 -> 5ac27507f77e, empty message
INFO  [alembic.runtime.migration] Running downgrade 5ac27507f77e -> 0da61d9681b1, empty message
INFO  [alembic.runtime.migration] Running downgrade 0da61d9681b1 -> c2f46d74fb33, empty message
INFO  [alembic.runtime.migration] Running downgrade c2f46d74fb33 -> fe26d37d220f, Making Organisation optional
INFO  [alembic.runtime.migration] Running downgrade fe26d37d220f -> 0576cef39dd8, Adding category entities
INFO  [alembic.runtime.migration] Running downgrade 0576cef39dd8 -> a5b753b898f5, Adding Organisation entity
INFO  [alembic.runtime.migration] Running downgrade a5b753b898f5 -> 631f964e665f, Adding Grant and Allocation entities
INFO  [alembic.runtime.migration] Running downgrade 631f964e665f -> d919f20fe946, Adding Person and Participant entities
INFO  [alembic.runtime.migration] Running downgrade d919f20fe946 -> , Adding Project entity
]]>			</system-err>
		</testcase>
		<testcase classname="test_resource_allocations.PeopleResourceTestCase" file="tests/test_resource_allocations.py" line="706" name="test_allocations_relationship_projects" time="0.299" timestamp="2022-12-20T15:16:43">
			<system-out>
<![CDATA[]]>			</system-out>
			<system-err>
<![CDATA[INFO  [alembic.runtime.migration] Context impl PostgresqlImpl.
INFO  [alembic.runtime.migration] Will assume transactional DDL.
INFO  [alembic.runtime.migration] Running upgrade  -> d919f20fe946, Adding Project entity
INFO  [alembic.runtime.migration] Running upgrade d919f20fe946 -> 631f964e665f, Adding Person and Participant entities
INFO  [alembic.runtime.migration] Running upgrade 631f964e665f -> a5b753b898f5, Adding Grant and Allocation entities
INFO  [alembic.runtime.migration] Running upgrade a5b753b898f5 -> 0576cef39dd8, Adding Organisation entity
INFO  [alembic.runtime.migration] Running upgrade 0576cef39dd8 -> fe26d37d220f, Adding category entities
INFO  [alembic.runtime.migration] Running upgrade fe26d37d220f -> c2f46d74fb33, Making Organisation optional
INFO  [alembic.runtime.migration] Running upgrade c2f46d74fb33 -> 0da61d9681b1, empty message
INFO  [alembic.runtime.migration] Running upgrade 0da61d9681b1 -> 5ac27507f77e, empty message
INFO  [alembic.runtime.migration] Running upgrade 5ac27507f77e -> 03eddf0b8e79, empty message
INFO  [alembic.runtime.migration] Context impl PostgresqlImpl.
INFO  [alembic.runtime.migration] Will assume transactional DDL.
INFO  [alembic.runtime.migration] Running downgrade 03eddf0b8e79 -> 5ac27507f77e, empty message
INFO  [alembic.runtime.migration] Running downgrade 5ac27507f77e -> 0da61d9681b1, empty message
INFO  [alembic.runtime.migration] Running downgrade 0da61d9681b1 -> c2f46d74fb33, empty message
INFO  [alembic.runtime.migration] Running downgrade c2f46d74fb33 -> fe26d37d220f, Making Organisation optional
INFO  [alembic.runtime.migration] Running downgrade fe26d37d220f -> 0576cef39dd8, Adding category entities
INFO  [alembic.runtime.migration] Running downgrade 0576cef39dd8 -> a5b753b898f5, Adding Organisation entity
INFO  [alembic.runtime.migration] Running downgrade a5b753b898f5 -> 631f964e665f, Adding Grant and Allocation entities
INFO  [alembic.runtime.migration] Running downgrade 631f964e665f -> d919f20fe946, Adding Person and Participant entities
INFO  [alembic.runtime.migration] Running downgrade d919f20fe946 -> , Adding Project entity
]]>			</system-err>
		</testcase>
		<testcase classname="test_resource_allocations.PeopleResourceTestCase" file="tests/test_resource_allocations.py" line="667" name="test_allocations_single_missing_unknown_id" time="0.343" timestamp="2022-12-20T15:16:43">
			<system-out>
<![CDATA[]]>			</system-out>
			<system-err>
<![CDATA[INFO  [alembic.runtime.migration] Context impl PostgresqlImpl.
INFO  [alembic.runtime.migration] Will assume transactional DDL.
INFO  [alembic.runtime.migration] Running upgrade  -> d919f20fe946, Adding Project entity
INFO  [alembic.runtime.migration] Running upgrade d919f20fe946 -> 631f964e665f, Adding Person and Participant entities
INFO  [alembic.runtime.migration] Running upgrade 631f964e665f -> a5b753b898f5, Adding Grant and Allocation entities
INFO  [alembic.runtime.migration] Running upgrade a5b753b898f5 -> 0576cef39dd8, Adding Organisation entity
INFO  [alembic.runtime.migration] Running upgrade 0576cef39dd8 -> fe26d37d220f, Adding category entities
INFO  [alembic.runtime.migration] Running upgrade fe26d37d220f -> c2f46d74fb33, Making Organisation optional
INFO  [alembic.runtime.migration] Running upgrade c2f46d74fb33 -> 0da61d9681b1, empty message
INFO  [alembic.runtime.migration] Running upgrade 0da61d9681b1 -> 5ac27507f77e, empty message
INFO  [alembic.runtime.migration] Running upgrade 5ac27507f77e -> 03eddf0b8e79, empty message
INFO  [alembic.runtime.migration] Context impl PostgresqlImpl.
INFO  [alembic.runtime.migration] Will assume transactional DDL.
INFO  [alembic.runtime.migration] Running downgrade 03eddf0b8e79 -> 5ac27507f77e, empty message
INFO  [alembic.runtime.migration] Running downgrade 5ac27507f77e -> 0da61d9681b1, empty message
INFO  [alembic.runtime.migration] Running downgrade 0da61d9681b1 -> c2f46d74fb33, empty message
INFO  [alembic.runtime.migration] Running downgrade c2f46d74fb33 -> fe26d37d220f, Making Organisation optional
INFO  [alembic.runtime.migration] Running downgrade fe26d37d220f -> 0576cef39dd8, Adding category entities
INFO  [alembic.runtime.migration] Running downgrade 0576cef39dd8 -> a5b753b898f5, Adding Organisation entity
INFO  [alembic.runtime.migration] Running downgrade a5b753b898f5 -> 631f964e665f, Adding Grant and Allocation entities
INFO  [alembic.runtime.migration] Running downgrade 631f964e665f -> d919f20fe946, Adding Person and Participant entities
INFO  [alembic.runtime.migration] Running downgrade d919f20fe946 -> , Adding Project entity
]]>			</system-err>
		</testcase>
	</testsuite>
	<testsuite errors="0" failures="0" file="test_resource_categorisations.py" name="test_resource_categorisations.CategorisationsResourceTestCase-20221220151627" skipped="0" tests="7" time="2.367" timestamp="2022-12-20T15:16:45">
		<testcase classname="test_resource_categorisations.CategorisationsResourceTestCase" file="tests/test_resource_categorisations.py" line="1068" name="test_categorisations_categories" time="0.316" timestamp="2022-12-20T15:16:43">
			<system-out>
<![CDATA[]]>			</system-out>
			<system-err>
<![CDATA[INFO  [alembic.runtime.migration] Context impl PostgresqlImpl.
INFO  [alembic.runtime.migration] Will assume transactional DDL.
INFO  [alembic.runtime.migration] Running upgrade  -> d919f20fe946, Adding Project entity
INFO  [alembic.runtime.migration] Running upgrade d919f20fe946 -> 631f964e665f, Adding Person and Participant entities
INFO  [alembic.runtime.migration] Running upgrade 631f964e665f -> a5b753b898f5, Adding Grant and Allocation entities
INFO  [alembic.runtime.migration] Running upgrade a5b753b898f5 -> 0576cef39dd8, Adding Organisation entity
INFO  [alembic.runtime.migration] Running upgrade 0576cef39dd8 -> fe26d37d220f, Adding category entities
INFO  [alembic.runtime.migration] Running upgrade fe26d37d220f -> c2f46d74fb33, Making Organisation optional
INFO  [alembic.runtime.migration] Running upgrade c2f46d74fb33 -> 0da61d9681b1, empty message
INFO  [alembic.runtime.migration] Running upgrade 0da61d9681b1 -> 5ac27507f77e, empty message
INFO  [alembic.runtime.migration] Running upgrade 5ac27507f77e -> 03eddf0b8e79, empty message
INFO  [alembic.runtime.migration] Context impl PostgresqlImpl.
INFO  [alembic.runtime.migration] Will assume transactional DDL.
INFO  [alembic.runtime.migration] Running downgrade 03eddf0b8e79 -> 5ac27507f77e, empty message
INFO  [alembic.runtime.migration] Running downgrade 5ac27507f77e -> 0da61d9681b1, empty message
INFO  [alembic.runtime.migration] Running downgrade 0da61d9681b1 -> c2f46d74fb33, empty message
INFO  [alembic.runtime.migration] Running downgrade c2f46d74fb33 -> fe26d37d220f, Making Organisation optional
INFO  [alembic.runtime.migration] Running downgrade fe26d37d220f -> 0576cef39dd8, Adding category entities
INFO  [alembic.runtime.migration] Running downgrade 0576cef39dd8 -> a5b753b898f5, Adding Organisation entity
INFO  [alembic.runtime.migration] Running downgrade a5b753b898f5 -> 631f964e665f, Adding Grant and Allocation entities
INFO  [alembic.runtime.migration] Running downgrade 631f964e665f -> d919f20fe946, Adding Person and Participant entities
INFO  [alembic.runtime.migration] Running downgrade d919f20fe946 -> , Adding Project entity
]]>			</system-err>
		</testcase>
		<testcase classname="test_resource_categorisations.CategorisationsResourceTestCase" file="tests/test_resource_categorisations.py" line="550" name="test_categorisations_detail" time="0.387" timestamp="2022-12-20T15:16:44">
			<system-out>
<![CDATA[]]>			</system-out>
			<system-err>
<![CDATA[INFO  [alembic.runtime.migration] Context impl PostgresqlImpl.
INFO  [alembic.runtime.migration] Will assume transactional DDL.
INFO  [alembic.runtime.migration] Running upgrade  -> d919f20fe946, Adding Project entity
INFO  [alembic.runtime.migration] Running upgrade d919f20fe946 -> 631f964e665f, Adding Person and Participant entities
INFO  [alembic.runtime.migration] Running upgrade 631f964e665f -> a5b753b898f5, Adding Grant and Allocation entities
INFO  [alembic.runtime.migration] Running upgrade a5b753b898f5 -> 0576cef39dd8, Adding Organisation entity
INFO  [alembic.runtime.migration] Running upgrade 0576cef39dd8 -> fe26d37d220f, Adding category entities
INFO  [alembic.runtime.migration] Running upgrade fe26d37d220f -> c2f46d74fb33, Making Organisation optional
INFO  [alembic.runtime.migration] Running upgrade c2f46d74fb33 -> 0da61d9681b1, empty message
INFO  [alembic.runtime.migration] Running upgrade 0da61d9681b1 -> 5ac27507f77e, empty message
INFO  [alembic.runtime.migration] Running upgrade 5ac27507f77e -> 03eddf0b8e79, empty message
INFO  [alembic.runtime.migration] Context impl PostgresqlImpl.
INFO  [alembic.runtime.migration] Will assume transactional DDL.
INFO  [alembic.runtime.migration] Running downgrade 03eddf0b8e79 -> 5ac27507f77e, empty message
INFO  [alembic.runtime.migration] Running downgrade 5ac27507f77e -> 0da61d9681b1, empty message
INFO  [alembic.runtime.migration] Running downgrade 0da61d9681b1 -> c2f46d74fb33, empty message
INFO  [alembic.runtime.migration] Running downgrade c2f46d74fb33 -> fe26d37d220f, Making Organisation optional
INFO  [alembic.runtime.migration] Running downgrade fe26d37d220f -> 0576cef39dd8, Adding category entities
INFO  [alembic.runtime.migration] Running downgrade 0576cef39dd8 -> a5b753b898f5, Adding Organisation entity
INFO  [alembic.runtime.migration] Running downgrade a5b753b898f5 -> 631f964e665f, Adding Grant and Allocation entities
INFO  [alembic.runtime.migration] Running downgrade 631f964e665f -> d919f20fe946, Adding Person and Participant entities
INFO  [alembic.runtime.migration] Running downgrade d919f20fe946 -> , Adding Project entity
]]>			</system-err>
		</testcase>
		<testcase classname="test_resource_categorisations.CategorisationsResourceTestCase" file="tests/test_resource_categorisations.py" line="9" name="test_categorisations_list" time="0.324" timestamp="2022-12-20T15:16:44">
			<system-out>
<![CDATA[]]>			</system-out>
			<system-err>
<![CDATA[INFO  [alembic.runtime.migration] Context impl PostgresqlImpl.
INFO  [alembic.runtime.migration] Will assume transactional DDL.
INFO  [alembic.runtime.migration] Running upgrade  -> d919f20fe946, Adding Project entity
INFO  [alembic.runtime.migration] Running upgrade d919f20fe946 -> 631f964e665f, Adding Person and Participant entities
INFO  [alembic.runtime.migration] Running upgrade 631f964e665f -> a5b753b898f5, Adding Grant and Allocation entities
INFO  [alembic.runtime.migration] Running upgrade a5b753b898f5 -> 0576cef39dd8, Adding Organisation entity
INFO  [alembic.runtime.migration] Running upgrade 0576cef39dd8 -> fe26d37d220f, Adding category entities
INFO  [alembic.runtime.migration] Running upgrade fe26d37d220f -> c2f46d74fb33, Making Organisation optional
INFO  [alembic.runtime.migration] Running upgrade c2f46d74fb33 -> 0da61d9681b1, empty message
INFO  [alembic.runtime.migration] Running upgrade 0da61d9681b1 -> 5ac27507f77e, empty message
INFO  [alembic.runtime.migration] Running upgrade 5ac27507f77e -> 03eddf0b8e79, empty message
INFO  [alembic.runtime.migration] Context impl PostgresqlImpl.
INFO  [alembic.runtime.migration] Will assume transactional DDL.
INFO  [alembic.runtime.migration] Running downgrade 03eddf0b8e79 -> 5ac27507f77e, empty message
INFO  [alembic.runtime.migration] Running downgrade 5ac27507f77e -> 0da61d9681b1, empty message
INFO  [alembic.runtime.migration] Running downgrade 0da61d9681b1 -> c2f46d74fb33, empty message
INFO  [alembic.runtime.migration] Running downgrade c2f46d74fb33 -> fe26d37d220f, Making Organisation optional
INFO  [alembic.runtime.migration] Running downgrade fe26d37d220f -> 0576cef39dd8, Adding category entities
INFO  [alembic.runtime.migration] Running downgrade 0576cef39dd8 -> a5b753b898f5, Adding Organisation entity
INFO  [alembic.runtime.migration] Running downgrade a5b753b898f5 -> 631f964e665f, Adding Grant and Allocation entities
INFO  [alembic.runtime.migration] Running downgrade 631f964e665f -> d919f20fe946, Adding Person and Participant entities
INFO  [alembic.runtime.migration] Running downgrade d919f20fe946 -> , Adding Project entity
]]>			</system-err>
		</testcase>
		<testcase classname="test_resource_categorisations.CategorisationsResourceTestCase" file="tests/test_resource_categorisations.py" line="941" name="test_categorisations_projects" time="0.349" timestamp="2022-12-20T15:16:44">
			<system-out>
<![CDATA[]]>			</system-out>
			<system-err>
<![CDATA[INFO  [alembic.runtime.migration] Context impl PostgresqlImpl.
INFO  [alembic.runtime.migration] Will assume transactional DDL.
INFO  [alembic.runtime.migration] Running upgrade  -> d919f20fe946, Adding Project entity
INFO  [alembic.runtime.migration] Running upgrade d919f20fe946 -> 631f964e665f, Adding Person and Participant entities
INFO  [alembic.runtime.migration] Running upgrade 631f964e665f -> a5b753b898f5, Adding Grant and Allocation entities
INFO  [alembic.runtime.migration] Running upgrade a5b753b898f5 -> 0576cef39dd8, Adding Organisation entity
INFO  [alembic.runtime.migration] Running upgrade 0576cef39dd8 -> fe26d37d220f, Adding category entities
INFO  [alembic.runtime.migration] Running upgrade fe26d37d220f -> c2f46d74fb33, Making Organisation optional
INFO  [alembic.runtime.migration] Running upgrade c2f46d74fb33 -> 0da61d9681b1, empty message
INFO  [alembic.runtime.migration] Running upgrade 0da61d9681b1 -> 5ac27507f77e, empty message
INFO  [alembic.runtime.migration] Running upgrade 5ac27507f77e -> 03eddf0b8e79, empty message
INFO  [alembic.runtime.migration] Context impl PostgresqlImpl.
INFO  [alembic.runtime.migration] Will assume transactional DDL.
INFO  [alembic.runtime.migration] Running downgrade 03eddf0b8e79 -> 5ac27507f77e, empty message
INFO  [alembic.runtime.migration] Running downgrade 5ac27507f77e -> 0da61d9681b1, empty message
INFO  [alembic.runtime.migration] Running downgrade 0da61d9681b1 -> c2f46d74fb33, empty message
INFO  [alembic.runtime.migration] Running downgrade c2f46d74fb33 -> fe26d37d220f, Making Organisation optional
INFO  [alembic.runtime.migration] Running downgrade fe26d37d220f -> 0576cef39dd8, Adding category entities
INFO  [alembic.runtime.migration] Running downgrade 0576cef39dd8 -> a5b753b898f5, Adding Organisation entity
INFO  [alembic.runtime.migration] Running downgrade a5b753b898f5 -> 631f964e665f, Adding Grant and Allocation entities
INFO  [alembic.runtime.migration] Running downgrade 631f964e665f -> d919f20fe946, Adding Person and Participant entities
INFO  [alembic.runtime.migration] Running downgrade d919f20fe946 -> , Adding Project entity
]]>			</system-err>
		</testcase>
		<testcase classname="test_resource_categorisations.CategorisationsResourceTestCase" file="tests/test_resource_categorisations.py" line="919" name="test_categorisations_relationship_categories" time="0.346" timestamp="2022-12-20T15:16:45">
			<system-out>
<![CDATA[]]>			</system-out>
			<system-err>
<![CDATA[INFO  [alembic.runtime.migration] Context impl PostgresqlImpl.
INFO  [alembic.runtime.migration] Will assume transactional DDL.
INFO  [alembic.runtime.migration] Running upgrade  -> d919f20fe946, Adding Project entity
INFO  [alembic.runtime.migration] Running upgrade d919f20fe946 -> 631f964e665f, Adding Person and Participant entities
INFO  [alembic.runtime.migration] Running upgrade 631f964e665f -> a5b753b898f5, Adding Grant and Allocation entities
INFO  [alembic.runtime.migration] Running upgrade a5b753b898f5 -> 0576cef39dd8, Adding Organisation entity
INFO  [alembic.runtime.migration] Running upgrade 0576cef39dd8 -> fe26d37d220f, Adding category entities
INFO  [alembic.runtime.migration] Running upgrade fe26d37d220f -> c2f46d74fb33, Making Organisation optional
INFO  [alembic.runtime.migration] Running upgrade c2f46d74fb33 -> 0da61d9681b1, empty message
INFO  [alembic.runtime.migration] Running upgrade 0da61d9681b1 -> 5ac27507f77e, empty message
INFO  [alembic.runtime.migration] Running upgrade 5ac27507f77e -> 03eddf0b8e79, empty message
INFO  [alembic.runtime.migration] Context impl PostgresqlImpl.
INFO  [alembic.runtime.migration] Will assume transactional DDL.
INFO  [alembic.runtime.migration] Running downgrade 03eddf0b8e79 -> 5ac27507f77e, empty message
INFO  [alembic.runtime.migration] Running downgrade 5ac27507f77e -> 0da61d9681b1, empty message
INFO  [alembic.runtime.migration] Running downgrade 0da61d9681b1 -> c2f46d74fb33, empty message
INFO  [alembic.runtime.migration] Running downgrade c2f46d74fb33 -> fe26d37d220f, Making Organisation optional
INFO  [alembic.runtime.migration] Running downgrade fe26d37d220f -> 0576cef39dd8, Adding category entities
INFO  [alembic.runtime.migration] Running downgrade 0576cef39dd8 -> a5b753b898f5, Adding Organisation entity
INFO  [alembic.runtime.migration] Running downgrade a5b753b898f5 -> 631f964e665f, Adding Grant and Allocation entities
INFO  [alembic.runtime.migration] Running downgrade 631f964e665f -> d919f20fe946, Adding Person and Participant entities
INFO  [alembic.runtime.migration] Running downgrade d919f20fe946 -> , Adding Project entity
]]>			</system-err>
		</testcase>
		<testcase classname="test_resource_categorisations.CategorisationsResourceTestCase" file="tests/test_resource_categorisations.py" line="897" name="test_categorisations_relationship_projects" time="0.313" timestamp="2022-12-20T15:16:45">
			<system-out>
<![CDATA[]]>			</system-out>
			<system-err>
<![CDATA[INFO  [alembic.runtime.migration] Context impl PostgresqlImpl.
INFO  [alembic.runtime.migration] Will assume transactional DDL.
INFO  [alembic.runtime.migration] Running upgrade  -> d919f20fe946, Adding Project entity
INFO  [alembic.runtime.migration] Running upgrade d919f20fe946 -> 631f964e665f, Adding Person and Participant entities
INFO  [alembic.runtime.migration] Running upgrade 631f964e665f -> a5b753b898f5, Adding Grant and Allocation entities
INFO  [alembic.runtime.migration] Running upgrade a5b753b898f5 -> 0576cef39dd8, Adding Organisation entity
INFO  [alembic.runtime.migration] Running upgrade 0576cef39dd8 -> fe26d37d220f, Adding category entities
INFO  [alembic.runtime.migration] Running upgrade fe26d37d220f -> c2f46d74fb33, Making Organisation optional
INFO  [alembic.runtime.migration] Running upgrade c2f46d74fb33 -> 0da61d9681b1, empty message
INFO  [alembic.runtime.migration] Running upgrade 0da61d9681b1 -> 5ac27507f77e, empty message
INFO  [alembic.runtime.migration] Running upgrade 5ac27507f77e -> 03eddf0b8e79, empty message
INFO  [alembic.runtime.migration] Context impl PostgresqlImpl.
INFO  [alembic.runtime.migration] Will assume transactional DDL.
INFO  [alembic.runtime.migration] Running downgrade 03eddf0b8e79 -> 5ac27507f77e, empty message
INFO  [alembic.runtime.migration] Running downgrade 5ac27507f77e -> 0da61d9681b1, empty message
INFO  [alembic.runtime.migration] Running downgrade 0da61d9681b1 -> c2f46d74fb33, empty message
INFO  [alembic.runtime.migration] Running downgrade c2f46d74fb33 -> fe26d37d220f, Making Organisation optional
INFO  [alembic.runtime.migration] Running downgrade fe26d37d220f -> 0576cef39dd8, Adding category entities
INFO  [alembic.runtime.migration] Running downgrade 0576cef39dd8 -> a5b753b898f5, Adding Organisation entity
INFO  [alembic.runtime.migration] Running downgrade a5b753b898f5 -> 631f964e665f, Adding Grant and Allocation entities
INFO  [alembic.runtime.migration] Running downgrade 631f964e665f -> d919f20fe946, Adding Person and Participant entities
INFO  [alembic.runtime.migration] Running downgrade d919f20fe946 -> , Adding Project entity
]]>			</system-err>
		</testcase>
		<testcase classname="test_resource_categorisations.CategorisationsResourceTestCase" file="tests/test_resource_categorisations.py" line="880" name="test_categorisations_single_missing_unknown_id" time="0.331" timestamp="2022-12-20T15:16:45">
			<system-out>
<![CDATA[]]>			</system-out>
			<system-err>
<![CDATA[INFO  [alembic.runtime.migration] Context impl PostgresqlImpl.
INFO  [alembic.runtime.migration] Will assume transactional DDL.
INFO  [alembic.runtime.migration] Running upgrade  -> d919f20fe946, Adding Project entity
INFO  [alembic.runtime.migration] Running upgrade d919f20fe946 -> 631f964e665f, Adding Person and Participant entities
INFO  [alembic.runtime.migration] Running upgrade 631f964e665f -> a5b753b898f5, Adding Grant and Allocation entities
INFO  [alembic.runtime.migration] Running upgrade a5b753b898f5 -> 0576cef39dd8, Adding Organisation entity
INFO  [alembic.runtime.migration] Running upgrade 0576cef39dd8 -> fe26d37d220f, Adding category entities
INFO  [alembic.runtime.migration] Running upgrade fe26d37d220f -> c2f46d74fb33, Making Organisation optional
INFO  [alembic.runtime.migration] Running upgrade c2f46d74fb33 -> 0da61d9681b1, empty message
INFO  [alembic.runtime.migration] Running upgrade 0da61d9681b1 -> 5ac27507f77e, empty message
INFO  [alembic.runtime.migration] Running upgrade 5ac27507f77e -> 03eddf0b8e79, empty message
INFO  [alembic.runtime.migration] Context impl PostgresqlImpl.
INFO  [alembic.runtime.migration] Will assume transactional DDL.
INFO  [alembic.runtime.migration] Running downgrade 03eddf0b8e79 -> 5ac27507f77e, empty message
INFO  [alembic.runtime.migration] Running downgrade 5ac27507f77e -> 0da61d9681b1, empty message
INFO  [alembic.runtime.migration] Running downgrade 0da61d9681b1 -> c2f46d74fb33, empty message
INFO  [alembic.runtime.migration] Running downgrade c2f46d74fb33 -> fe26d37d220f, Making Organisation optional
INFO  [alembic.runtime.migration] Running downgrade fe26d37d220f -> 0576cef39dd8, Adding category entities
INFO  [alembic.runtime.migration] Running downgrade 0576cef39dd8 -> a5b753b898f5, Adding Organisation entity
INFO  [alembic.runtime.migration] Running downgrade a5b753b898f5 -> 631f964e665f, Adding Grant and Allocation entities
INFO  [alembic.runtime.migration] Running downgrade 631f964e665f -> d919f20fe946, Adding Person and Participant entities
INFO  [alembic.runtime.migration] Running downgrade d919f20fe946 -> , Adding Project entity
]]>			</system-err>
		</testcase>
	</testsuite>
	<testsuite errors="0" failures="0" file="test_resource_category_schemes.py" name="test_resource_category_schemes.CategorySchemesResourceTestCase-20221220151627" skipped="0" tests="5" time="1.706" timestamp="2022-12-20T15:16:47">
		<testcase classname="test_resource_category_schemes.CategorySchemesResourceTestCase" file="tests/test_resource_category_schemes.py" line="1118" name="test_category_scheme_category_terms" time="0.355" timestamp="2022-12-20T15:16:46">
			<system-out>
<![CDATA[]]>			</system-out>
			<system-err>
<![CDATA[INFO  [alembic.runtime.migration] Context impl PostgresqlImpl.
INFO  [alembic.runtime.migration] Will assume transactional DDL.
INFO  [alembic.runtime.migration] Running upgrade  -> d919f20fe946, Adding Project entity
INFO  [alembic.runtime.migration] Running upgrade d919f20fe946 -> 631f964e665f, Adding Person and Participant entities
INFO  [alembic.runtime.migration] Running upgrade 631f964e665f -> a5b753b898f5, Adding Grant and Allocation entities
INFO  [alembic.runtime.migration] Running upgrade a5b753b898f5 -> 0576cef39dd8, Adding Organisation entity
INFO  [alembic.runtime.migration] Running upgrade 0576cef39dd8 -> fe26d37d220f, Adding category entities
INFO  [alembic.runtime.migration] Running upgrade fe26d37d220f -> c2f46d74fb33, Making Organisation optional
INFO  [alembic.runtime.migration] Running upgrade c2f46d74fb33 -> 0da61d9681b1, empty message
INFO  [alembic.runtime.migration] Running upgrade 0da61d9681b1 -> 5ac27507f77e, empty message
INFO  [alembic.runtime.migration] Running upgrade 5ac27507f77e -> 03eddf0b8e79, empty message
INFO  [alembic.runtime.migration] Context impl PostgresqlImpl.
INFO  [alembic.runtime.migration] Will assume transactional DDL.
INFO  [alembic.runtime.migration] Running downgrade 03eddf0b8e79 -> 5ac27507f77e, empty message
INFO  [alembic.runtime.migration] Running downgrade 5ac27507f77e -> 0da61d9681b1, empty message
INFO  [alembic.runtime.migration] Running downgrade 0da61d9681b1 -> c2f46d74fb33, empty message
INFO  [alembic.runtime.migration] Running downgrade c2f46d74fb33 -> fe26d37d220f, Making Organisation optional
INFO  [alembic.runtime.migration] Running downgrade fe26d37d220f -> 0576cef39dd8, Adding category entities
INFO  [alembic.runtime.migration] Running downgrade 0576cef39dd8 -> a5b753b898f5, Adding Organisation entity
INFO  [alembic.runtime.migration] Running downgrade a5b753b898f5 -> 631f964e665f, Adding Grant and Allocation entities
INFO  [alembic.runtime.migration] Running downgrade 631f964e665f -> d919f20fe946, Adding Person and Participant entities
INFO  [alembic.runtime.migration] Running downgrade d919f20fe946 -> , Adding Project entity
]]>			</system-err>
		</testcase>
		<testcase classname="test_resource_category_schemes.CategorySchemesResourceTestCase" file="tests/test_resource_category_schemes.py" line="661" name="test_category_scheme_detail" time="0.339" timestamp="2022-12-20T15:16:46">
			<system-out>
<![CDATA[]]>			</system-out>
			<system-err>
<![CDATA[INFO  [alembic.runtime.migration] Context impl PostgresqlImpl.
INFO  [alembic.runtime.migration] Will assume transactional DDL.
INFO  [alembic.runtime.migration] Running upgrade  -> d919f20fe946, Adding Project entity
INFO  [alembic.runtime.migration] Running upgrade d919f20fe946 -> 631f964e665f, Adding Person and Participant entities
INFO  [alembic.runtime.migration] Running upgrade 631f964e665f -> a5b753b898f5, Adding Grant and Allocation entities
INFO  [alembic.runtime.migration] Running upgrade a5b753b898f5 -> 0576cef39dd8, Adding Organisation entity
INFO  [alembic.runtime.migration] Running upgrade 0576cef39dd8 -> fe26d37d220f, Adding category entities
INFO  [alembic.runtime.migration] Running upgrade fe26d37d220f -> c2f46d74fb33, Making Organisation optional
INFO  [alembic.runtime.migration] Running upgrade c2f46d74fb33 -> 0da61d9681b1, empty message
INFO  [alembic.runtime.migration] Running upgrade 0da61d9681b1 -> 5ac27507f77e, empty message
INFO  [alembic.runtime.migration] Running upgrade 5ac27507f77e -> 03eddf0b8e79, empty message
INFO  [alembic.runtime.migration] Context impl PostgresqlImpl.
INFO  [alembic.runtime.migration] Will assume transactional DDL.
INFO  [alembic.runtime.migration] Running downgrade 03eddf0b8e79 -> 5ac27507f77e, empty message
INFO  [alembic.runtime.migration] Running downgrade 5ac27507f77e -> 0da61d9681b1, empty message
INFO  [alembic.runtime.migration] Running downgrade 0da61d9681b1 -> c2f46d74fb33, empty message
INFO  [alembic.runtime.migration] Running downgrade c2f46d74fb33 -> fe26d37d220f, Making Organisation optional
INFO  [alembic.runtime.migration] Running downgrade fe26d37d220f -> 0576cef39dd8, Adding category entities
INFO  [alembic.runtime.migration] Running downgrade 0576cef39dd8 -> a5b753b898f5, Adding Organisation entity
INFO  [alembic.runtime.migration] Running downgrade a5b753b898f5 -> 631f964e665f, Adding Grant and Allocation entities
INFO  [alembic.runtime.migration] Running downgrade 631f964e665f -> d919f20fe946, Adding Person and Participant entities
INFO  [alembic.runtime.migration] Running downgrade d919f20fe946 -> , Adding Project entity
]]>			</system-err>
		</testcase>
		<testcase classname="test_resource_category_schemes.CategorySchemesResourceTestCase" file="tests/test_resource_category_schemes.py" line="9" name="test_category_scheme_list" time="0.324" timestamp="2022-12-20T15:16:46">
			<system-out>
<![CDATA[]]>			</system-out>
			<system-err>
<![CDATA[INFO  [alembic.runtime.migration] Context impl PostgresqlImpl.
INFO  [alembic.runtime.migration] Will assume transactional DDL.
INFO  [alembic.runtime.migration] Running upgrade  -> d919f20fe946, Adding Project entity
INFO  [alembic.runtime.migration] Running upgrade d919f20fe946 -> 631f964e665f, Adding Person and Participant entities
INFO  [alembic.runtime.migration] Running upgrade 631f964e665f -> a5b753b898f5, Adding Grant and Allocation entities
INFO  [alembic.runtime.migration] Running upgrade a5b753b898f5 -> 0576cef39dd8, Adding Organisation entity
INFO  [alembic.runtime.migration] Running upgrade 0576cef39dd8 -> fe26d37d220f, Adding category entities
INFO  [alembic.runtime.migration] Running upgrade fe26d37d220f -> c2f46d74fb33, Making Organisation optional
INFO  [alembic.runtime.migration] Running upgrade c2f46d74fb33 -> 0da61d9681b1, empty message
INFO  [alembic.runtime.migration] Running upgrade 0da61d9681b1 -> 5ac27507f77e, empty message
INFO  [alembic.runtime.migration] Running upgrade 5ac27507f77e -> 03eddf0b8e79, empty message
INFO  [alembic.runtime.migration] Context impl PostgresqlImpl.
INFO  [alembic.runtime.migration] Will assume transactional DDL.
INFO  [alembic.runtime.migration] Running downgrade 03eddf0b8e79 -> 5ac27507f77e, empty message
INFO  [alembic.runtime.migration] Running downgrade 5ac27507f77e -> 0da61d9681b1, empty message
INFO  [alembic.runtime.migration] Running downgrade 0da61d9681b1 -> c2f46d74fb33, empty message
INFO  [alembic.runtime.migration] Running downgrade c2f46d74fb33 -> fe26d37d220f, Making Organisation optional
INFO  [alembic.runtime.migration] Running downgrade fe26d37d220f -> 0576cef39dd8, Adding category entities
INFO  [alembic.runtime.migration] Running downgrade 0576cef39dd8 -> a5b753b898f5, Adding Organisation entity
INFO  [alembic.runtime.migration] Running downgrade a5b753b898f5 -> 631f964e665f, Adding Grant and Allocation entities
INFO  [alembic.runtime.migration] Running downgrade 631f964e665f -> d919f20fe946, Adding Person and Participant entities
INFO  [alembic.runtime.migration] Running downgrade d919f20fe946 -> , Adding Project entity
]]>			</system-err>
		</testcase>
		<testcase classname="test_resource_category_schemes.CategorySchemesResourceTestCase" file="tests/test_resource_category_schemes.py" line="1082" name="test_category_scheme_relationship_category_terms" time="0.313" timestamp="2022-12-20T15:16:47">
			<system-out>
<![CDATA[]]>			</system-out>
			<system-err>
<![CDATA[INFO  [alembic.runtime.migration] Context impl PostgresqlImpl.
INFO  [alembic.runtime.migration] Will assume transactional DDL.
INFO  [alembic.runtime.migration] Running upgrade  -> d919f20fe946, Adding Project entity
INFO  [alembic.runtime.migration] Running upgrade d919f20fe946 -> 631f964e665f, Adding Person and Participant entities
INFO  [alembic.runtime.migration] Running upgrade 631f964e665f -> a5b753b898f5, Adding Grant and Allocation entities
INFO  [alembic.runtime.migration] Running upgrade a5b753b898f5 -> 0576cef39dd8, Adding Organisation entity
INFO  [alembic.runtime.migration] Running upgrade 0576cef39dd8 -> fe26d37d220f, Adding category entities
INFO  [alembic.runtime.migration] Running upgrade fe26d37d220f -> c2f46d74fb33, Making Organisation optional
INFO  [alembic.runtime.migration] Running upgrade c2f46d74fb33 -> 0da61d9681b1, empty message
INFO  [alembic.runtime.migration] Running upgrade 0da61d9681b1 -> 5ac27507f77e, empty message
INFO  [alembic.runtime.migration] Running upgrade 5ac27507f77e -> 03eddf0b8e79, empty message
INFO  [alembic.runtime.migration] Context impl PostgresqlImpl.
INFO  [alembic.runtime.migration] Will assume transactional DDL.
INFO  [alembic.runtime.migration] Running downgrade 03eddf0b8e79 -> 5ac27507f77e, empty message
INFO  [alembic.runtime.migration] Running downgrade 5ac27507f77e -> 0da61d9681b1, empty message
INFO  [alembic.runtime.migration] Running downgrade 0da61d9681b1 -> c2f46d74fb33, empty message
INFO  [alembic.runtime.migration] Running downgrade c2f46d74fb33 -> fe26d37d220f, Making Organisation optional
INFO  [alembic.runtime.migration] Running downgrade fe26d37d220f -> 0576cef39dd8, Adding category entities
INFO  [alembic.runtime.migration] Running downgrade 0576cef39dd8 -> a5b753b898f5, Adding Organisation entity
INFO  [alembic.runtime.migration] Running downgrade a5b753b898f5 -> 631f964e665f, Adding Grant and Allocation entities
INFO  [alembic.runtime.migration] Running downgrade 631f964e665f -> d919f20fe946, Adding Person and Participant entities
INFO  [alembic.runtime.migration] Running downgrade d919f20fe946 -> , Adding Project entity
]]>			</system-err>
		</testcase>
		<testcase classname="test_resource_category_schemes.CategorySchemesResourceTestCase" file="tests/test_resource_category_schemes.py" line="1065" name="test_category_scheme_single_missing_unknown_id" time="0.375" timestamp="2022-12-20T15:16:47">
			<system-out>
<![CDATA[]]>			</system-out>
			<system-err>
<![CDATA[INFO  [alembic.runtime.migration] Context impl PostgresqlImpl.
INFO  [alembic.runtime.migration] Will assume transactional DDL.
INFO  [alembic.runtime.migration] Running upgrade  -> d919f20fe946, Adding Project entity
INFO  [alembic.runtime.migration] Running upgrade d919f20fe946 -> 631f964e665f, Adding Person and Participant entities
INFO  [alembic.runtime.migration] Running upgrade 631f964e665f -> a5b753b898f5, Adding Grant and Allocation entities
INFO  [alembic.runtime.migration] Running upgrade a5b753b898f5 -> 0576cef39dd8, Adding Organisation entity
INFO  [alembic.runtime.migration] Running upgrade 0576cef39dd8 -> fe26d37d220f, Adding category entities
INFO  [alembic.runtime.migration] Running upgrade fe26d37d220f -> c2f46d74fb33, Making Organisation optional
INFO  [alembic.runtime.migration] Running upgrade c2f46d74fb33 -> 0da61d9681b1, empty message
INFO  [alembic.runtime.migration] Running upgrade 0da61d9681b1 -> 5ac27507f77e, empty message
INFO  [alembic.runtime.migration] Running upgrade 5ac27507f77e -> 03eddf0b8e79, empty message
INFO  [alembic.runtime.migration] Context impl PostgresqlImpl.
INFO  [alembic.runtime.migration] Will assume transactional DDL.
INFO  [alembic.runtime.migration] Running downgrade 03eddf0b8e79 -> 5ac27507f77e, empty message
INFO  [alembic.runtime.migration] Running downgrade 5ac27507f77e -> 0da61d9681b1, empty message
INFO  [alembic.runtime.migration] Running downgrade 0da61d9681b1 -> c2f46d74fb33, empty message
INFO  [alembic.runtime.migration] Running downgrade c2f46d74fb33 -> fe26d37d220f, Making Organisation optional
INFO  [alembic.runtime.migration] Running downgrade fe26d37d220f -> 0576cef39dd8, Adding category entities
INFO  [alembic.runtime.migration] Running downgrade 0576cef39dd8 -> a5b753b898f5, Adding Organisation entity
INFO  [alembic.runtime.migration] Running downgrade a5b753b898f5 -> 631f964e665f, Adding Grant and Allocation entities
INFO  [alembic.runtime.migration] Running downgrade 631f964e665f -> d919f20fe946, Adding Person and Participant entities
INFO  [alembic.runtime.migration] Running downgrade d919f20fe946 -> , Adding Project entity
]]>			</system-err>
		</testcase>
	</testsuite>
	<testsuite errors="0" failures="0" file="test_resource_category_terms.py" name="test_resource_category_terms.CategoryTermsResourceTestCase-20221220151627" skipped="0" tests="9" time="3.047" timestamp="2022-12-20T15:16:50">
		<testcase classname="test_resource_category_terms.CategoryTermsResourceTestCase" file="tests/test_resource_category_terms.py" line="802" name="test_category_term_categorisations" time="0.338" timestamp="2022-12-20T15:16:47">
			<system-out>
<![CDATA[]]>			</system-out>
			<system-err>
<![CDATA[INFO  [alembic.runtime.migration] Context impl PostgresqlImpl.
INFO  [alembic.runtime.migration] Will assume transactional DDL.
INFO  [alembic.runtime.migration] Running upgrade  -> d919f20fe946, Adding Project entity
INFO  [alembic.runtime.migration] Running upgrade d919f20fe946 -> 631f964e665f, Adding Person and Participant entities
INFO  [alembic.runtime.migration] Running upgrade 631f964e665f -> a5b753b898f5, Adding Grant and Allocation entities
INFO  [alembic.runtime.migration] Running upgrade a5b753b898f5 -> 0576cef39dd8, Adding Organisation entity
INFO  [alembic.runtime.migration] Running upgrade 0576cef39dd8 -> fe26d37d220f, Adding category entities
INFO  [alembic.runtime.migration] Running upgrade fe26d37d220f -> c2f46d74fb33, Making Organisation optional
INFO  [alembic.runtime.migration] Running upgrade c2f46d74fb33 -> 0da61d9681b1, empty message
INFO  [alembic.runtime.migration] Running upgrade 0da61d9681b1 -> 5ac27507f77e, empty message
INFO  [alembic.runtime.migration] Running upgrade 5ac27507f77e -> 03eddf0b8e79, empty message
INFO  [alembic.runtime.migration] Context impl PostgresqlImpl.
INFO  [alembic.runtime.migration] Will assume transactional DDL.
INFO  [alembic.runtime.migration] Running downgrade 03eddf0b8e79 -> 5ac27507f77e, empty message
INFO  [alembic.runtime.migration] Running downgrade 5ac27507f77e -> 0da61d9681b1, empty message
INFO  [alembic.runtime.migration] Running downgrade 0da61d9681b1 -> c2f46d74fb33, empty message
INFO  [alembic.runtime.migration] Running downgrade c2f46d74fb33 -> fe26d37d220f, Making Organisation optional
INFO  [alembic.runtime.migration] Running downgrade fe26d37d220f -> 0576cef39dd8, Adding category entities
INFO  [alembic.runtime.migration] Running downgrade 0576cef39dd8 -> a5b753b898f5, Adding Organisation entity
INFO  [alembic.runtime.migration] Running downgrade a5b753b898f5 -> 631f964e665f, Adding Grant and Allocation entities
INFO  [alembic.runtime.migration] Running downgrade 631f964e665f -> d919f20fe946, Adding Person and Participant entities
INFO  [alembic.runtime.migration] Running downgrade d919f20fe946 -> , Adding Project entity
]]>			</system-err>
		</testcase>
		<testcase classname="test_resource_category_terms.CategoryTermsResourceTestCase" file="tests/test_resource_category_terms.py" line="743" name="test_category_term_category_schemes" time="0.368" timestamp="2022-12-20T15:16:48">
			<system-out>
<![CDATA[]]>			</system-out>
			<system-err>
<![CDATA[INFO  [alembic.runtime.migration] Context impl PostgresqlImpl.
INFO  [alembic.runtime.migration] Will assume transactional DDL.
INFO  [alembic.runtime.migration] Running upgrade  -> d919f20fe946, Adding Project entity
INFO  [alembic.runtime.migration] Running upgrade d919f20fe946 -> 631f964e665f, Adding Person and Participant entities
INFO  [alembic.runtime.migration] Running upgrade 631f964e665f -> a5b753b898f5, Adding Grant and Allocation entities
INFO  [alembic.runtime.migration] Running upgrade a5b753b898f5 -> 0576cef39dd8, Adding Organisation entity
INFO  [alembic.runtime.migration] Running upgrade 0576cef39dd8 -> fe26d37d220f, Adding category entities
INFO  [alembic.runtime.migration] Running upgrade fe26d37d220f -> c2f46d74fb33, Making Organisation optional
INFO  [alembic.runtime.migration] Running upgrade c2f46d74fb33 -> 0da61d9681b1, empty message
INFO  [alembic.runtime.migration] Running upgrade 0da61d9681b1 -> 5ac27507f77e, empty message
INFO  [alembic.runtime.migration] Running upgrade 5ac27507f77e -> 03eddf0b8e79, empty message
INFO  [alembic.runtime.migration] Context impl PostgresqlImpl.
INFO  [alembic.runtime.migration] Will assume transactional DDL.
INFO  [alembic.runtime.migration] Running downgrade 03eddf0b8e79 -> 5ac27507f77e, empty message
INFO  [alembic.runtime.migration] Running downgrade 5ac27507f77e -> 0da61d9681b1, empty message
INFO  [alembic.runtime.migration] Running downgrade 0da61d9681b1 -> c2f46d74fb33, empty message
INFO  [alembic.runtime.migration] Running downgrade c2f46d74fb33 -> fe26d37d220f, Making Organisation optional
INFO  [alembic.runtime.migration] Running downgrade fe26d37d220f -> 0576cef39dd8, Adding category entities
INFO  [alembic.runtime.migration] Running downgrade 0576cef39dd8 -> a5b753b898f5, Adding Organisation entity
INFO  [alembic.runtime.migration] Running downgrade a5b753b898f5 -> 631f964e665f, Adding Grant and Allocation entities
INFO  [alembic.runtime.migration] Running downgrade 631f964e665f -> d919f20fe946, Adding Person and Participant entities
INFO  [alembic.runtime.migration] Running downgrade d919f20fe946 -> , Adding Project entity
]]>			</system-err>
		</testcase>
		<testcase classname="test_resource_category_terms.CategoryTermsResourceTestCase" file="tests/test_resource_category_terms.py" line="252" name="test_category_term_detail" time="0.386" timestamp="2022-12-20T15:16:48">
			<system-out>
<![CDATA[]]>			</system-out>
			<system-err>
<![CDATA[INFO  [alembic.runtime.migration] Context impl PostgresqlImpl.
INFO  [alembic.runtime.migration] Will assume transactional DDL.
INFO  [alembic.runtime.migration] Running upgrade  -> d919f20fe946, Adding Project entity
INFO  [alembic.runtime.migration] Running upgrade d919f20fe946 -> 631f964e665f, Adding Person and Participant entities
INFO  [alembic.runtime.migration] Running upgrade 631f964e665f -> a5b753b898f5, Adding Grant and Allocation entities
INFO  [alembic.runtime.migration] Running upgrade a5b753b898f5 -> 0576cef39dd8, Adding Organisation entity
INFO  [alembic.runtime.migration] Running upgrade 0576cef39dd8 -> fe26d37d220f, Adding category entities
INFO  [alembic.runtime.migration] Running upgrade fe26d37d220f -> c2f46d74fb33, Making Organisation optional
INFO  [alembic.runtime.migration] Running upgrade c2f46d74fb33 -> 0da61d9681b1, empty message
INFO  [alembic.runtime.migration] Running upgrade 0da61d9681b1 -> 5ac27507f77e, empty message
INFO  [alembic.runtime.migration] Running upgrade 5ac27507f77e -> 03eddf0b8e79, empty message
INFO  [alembic.runtime.migration] Context impl PostgresqlImpl.
INFO  [alembic.runtime.migration] Will assume transactional DDL.
INFO  [alembic.runtime.migration] Running downgrade 03eddf0b8e79 -> 5ac27507f77e, empty message
INFO  [alembic.runtime.migration] Running downgrade 5ac27507f77e -> 0da61d9681b1, empty message
INFO  [alembic.runtime.migration] Running downgrade 0da61d9681b1 -> c2f46d74fb33, empty message
INFO  [alembic.runtime.migration] Running downgrade c2f46d74fb33 -> fe26d37d220f, Making Organisation optional
INFO  [alembic.runtime.migration] Running downgrade fe26d37d220f -> 0576cef39dd8, Adding category entities
INFO  [alembic.runtime.migration] Running downgrade 0576cef39dd8 -> a5b753b898f5, Adding Organisation entity
INFO  [alembic.runtime.migration] Running downgrade a5b753b898f5 -> 631f964e665f, Adding Grant and Allocation entities
INFO  [alembic.runtime.migration] Running downgrade 631f964e665f -> d919f20fe946, Adding Person and Participant entities
INFO  [alembic.runtime.migration] Running downgrade d919f20fe946 -> , Adding Project entity
]]>			</system-err>
		</testcase>
		<testcase classname="test_resource_category_terms.CategoryTermsResourceTestCase" file="tests/test_resource_category_terms.py" line="9" name="test_category_term_list" time="0.321" timestamp="2022-12-20T15:16:48">
			<system-out>
<![CDATA[]]>			</system-out>
			<system-err>
<![CDATA[INFO  [alembic.runtime.migration] Context impl PostgresqlImpl.
INFO  [alembic.runtime.migration] Will assume transactional DDL.
INFO  [alembic.runtime.migration] Running upgrade  -> d919f20fe946, Adding Project entity
INFO  [alembic.runtime.migration] Running upgrade d919f20fe946 -> 631f964e665f, Adding Person and Participant entities
INFO  [alembic.runtime.migration] Running upgrade 631f964e665f -> a5b753b898f5, Adding Grant and Allocation entities
INFO  [alembic.runtime.migration] Running upgrade a5b753b898f5 -> 0576cef39dd8, Adding Organisation entity
INFO  [alembic.runtime.migration] Running upgrade 0576cef39dd8 -> fe26d37d220f, Adding category entities
INFO  [alembic.runtime.migration] Running upgrade fe26d37d220f -> c2f46d74fb33, Making Organisation optional
INFO  [alembic.runtime.migration] Running upgrade c2f46d74fb33 -> 0da61d9681b1, empty message
INFO  [alembic.runtime.migration] Running upgrade 0da61d9681b1 -> 5ac27507f77e, empty message
INFO  [alembic.runtime.migration] Running upgrade 5ac27507f77e -> 03eddf0b8e79, empty message
INFO  [alembic.runtime.migration] Context impl PostgresqlImpl.
INFO  [alembic.runtime.migration] Will assume transactional DDL.
INFO  [alembic.runtime.migration] Running downgrade 03eddf0b8e79 -> 5ac27507f77e, empty message
INFO  [alembic.runtime.migration] Running downgrade 5ac27507f77e -> 0da61d9681b1, empty message
INFO  [alembic.runtime.migration] Running downgrade 0da61d9681b1 -> c2f46d74fb33, empty message
INFO  [alembic.runtime.migration] Running downgrade c2f46d74fb33 -> fe26d37d220f, Making Organisation optional
INFO  [alembic.runtime.migration] Running downgrade fe26d37d220f -> 0576cef39dd8, Adding category entities
INFO  [alembic.runtime.migration] Running downgrade 0576cef39dd8 -> a5b753b898f5, Adding Organisation entity
INFO  [alembic.runtime.migration] Running downgrade a5b753b898f5 -> 631f964e665f, Adding Grant and Allocation entities
INFO  [alembic.runtime.migration] Running downgrade 631f964e665f -> d919f20fe946, Adding Person and Participant entities
INFO  [alembic.runtime.migration] Running downgrade d919f20fe946 -> , Adding Project entity
]]>			</system-err>
		</testcase>
		<testcase classname="test_resource_category_terms.CategoryTermsResourceTestCase" file="tests/test_resource_category_terms.py" line="667" name="test_category_term_parent_category_terms" time="0.315" timestamp="2022-12-20T15:16:49">
			<system-out>
<![CDATA[]]>			</system-out>
			<system-err>
<![CDATA[INFO  [alembic.runtime.migration] Context impl PostgresqlImpl.
INFO  [alembic.runtime.migration] Will assume transactional DDL.
INFO  [alembic.runtime.migration] Running upgrade  -> d919f20fe946, Adding Project entity
INFO  [alembic.runtime.migration] Running upgrade d919f20fe946 -> 631f964e665f, Adding Person and Participant entities
INFO  [alembic.runtime.migration] Running upgrade 631f964e665f -> a5b753b898f5, Adding Grant and Allocation entities
INFO  [alembic.runtime.migration] Running upgrade a5b753b898f5 -> 0576cef39dd8, Adding Organisation entity
INFO  [alembic.runtime.migration] Running upgrade 0576cef39dd8 -> fe26d37d220f, Adding category entities
INFO  [alembic.runtime.migration] Running upgrade fe26d37d220f -> c2f46d74fb33, Making Organisation optional
INFO  [alembic.runtime.migration] Running upgrade c2f46d74fb33 -> 0da61d9681b1, empty message
INFO  [alembic.runtime.migration] Running upgrade 0da61d9681b1 -> 5ac27507f77e, empty message
INFO  [alembic.runtime.migration] Running upgrade 5ac27507f77e -> 03eddf0b8e79, empty message
INFO  [alembic.runtime.migration] Context impl PostgresqlImpl.
INFO  [alembic.runtime.migration] Will assume transactional DDL.
INFO  [alembic.runtime.migration] Running downgrade 03eddf0b8e79 -> 5ac27507f77e, empty message
INFO  [alembic.runtime.migration] Running downgrade 5ac27507f77e -> 0da61d9681b1, empty message
INFO  [alembic.runtime.migration] Running downgrade 0da61d9681b1 -> c2f46d74fb33, empty message
INFO  [alembic.runtime.migration] Running downgrade c2f46d74fb33 -> fe26d37d220f, Making Organisation optional
INFO  [alembic.runtime.migration] Running downgrade fe26d37d220f -> 0576cef39dd8, Adding category entities
INFO  [alembic.runtime.migration] Running downgrade 0576cef39dd8 -> a5b753b898f5, Adding Organisation entity
INFO  [alembic.runtime.migration] Running downgrade a5b753b898f5 -> 631f964e665f, Adding Grant and Allocation entities
INFO  [alembic.runtime.migration] Running downgrade 631f964e665f -> d919f20fe946, Adding Person and Participant entities
INFO  [alembic.runtime.migration] Running downgrade d919f20fe946 -> , Adding Project entity
]]>			</system-err>
		</testcase>
		<testcase classname="test_resource_category_terms.CategoryTermsResourceTestCase" file="tests/test_resource_category_terms.py" line="643" name="test_category_term_relationship_categorisations" time="0.310" timestamp="2022-12-20T15:16:49">
			<system-out>
<![CDATA[]]>			</system-out>
			<system-err>
<![CDATA[INFO  [alembic.runtime.migration] Context impl PostgresqlImpl.
INFO  [alembic.runtime.migration] Will assume transactional DDL.
INFO  [alembic.runtime.migration] Running upgrade  -> d919f20fe946, Adding Project entity
INFO  [alembic.runtime.migration] Running upgrade d919f20fe946 -> 631f964e665f, Adding Person and Participant entities
INFO  [alembic.runtime.migration] Running upgrade 631f964e665f -> a5b753b898f5, Adding Grant and Allocation entities
INFO  [alembic.runtime.migration] Running upgrade a5b753b898f5 -> 0576cef39dd8, Adding Organisation entity
INFO  [alembic.runtime.migration] Running upgrade 0576cef39dd8 -> fe26d37d220f, Adding category entities
INFO  [alembic.runtime.migration] Running upgrade fe26d37d220f -> c2f46d74fb33, Making Organisation optional
INFO  [alembic.runtime.migration] Running upgrade c2f46d74fb33 -> 0da61d9681b1, empty message
INFO  [alembic.runtime.migration] Running upgrade 0da61d9681b1 -> 5ac27507f77e, empty message
INFO  [alembic.runtime.migration] Running upgrade 5ac27507f77e -> 03eddf0b8e79, empty message
INFO  [alembic.runtime.migration] Context impl PostgresqlImpl.
INFO  [alembic.runtime.migration] Will assume transactional DDL.
INFO  [alembic.runtime.migration] Running downgrade 03eddf0b8e79 -> 5ac27507f77e, empty message
INFO  [alembic.runtime.migration] Running downgrade 5ac27507f77e -> 0da61d9681b1, empty message
INFO  [alembic.runtime.migration] Running downgrade 0da61d9681b1 -> c2f46d74fb33, empty message
INFO  [alembic.runtime.migration] Running downgrade c2f46d74fb33 -> fe26d37d220f, Making Organisation optional
INFO  [alembic.runtime.migration] Running downgrade fe26d37d220f -> 0576cef39dd8, Adding category entities
INFO  [alembic.runtime.migration] Running downgrade 0576cef39dd8 -> a5b753b898f5, Adding Organisation entity
INFO  [alembic.runtime.migration] Running downgrade a5b753b898f5 -> 631f964e665f, Adding Grant and Allocation entities
INFO  [alembic.runtime.migration] Running downgrade 631f964e665f -> d919f20fe946, Adding Person and Participant entities
INFO  [alembic.runtime.migration] Running downgrade d919f20fe946 -> , Adding Project entity
]]>			</system-err>
		</testcase>
		<testcase classname="test_resource_category_terms.CategoryTermsResourceTestCase" file="tests/test_resource_category_terms.py" line="621" name="test_category_term_relationship_category_schemes" time="0.303" timestamp="2022-12-20T15:16:49">
			<system-out>
<![CDATA[]]>			</system-out>
			<system-err>
<![CDATA[INFO  [alembic.runtime.migration] Context impl PostgresqlImpl.
INFO  [alembic.runtime.migration] Will assume transactional DDL.
INFO  [alembic.runtime.migration] Running upgrade  -> d919f20fe946, Adding Project entity
INFO  [alembic.runtime.migration] Running upgrade d919f20fe946 -> 631f964e665f, Adding Person and Participant entities
INFO  [alembic.runtime.migration] Running upgrade 631f964e665f -> a5b753b898f5, Adding Grant and Allocation entities
INFO  [alembic.runtime.migration] Running upgrade a5b753b898f5 -> 0576cef39dd8, Adding Organisation entity
INFO  [alembic.runtime.migration] Running upgrade 0576cef39dd8 -> fe26d37d220f, Adding category entities
INFO  [alembic.runtime.migration] Running upgrade fe26d37d220f -> c2f46d74fb33, Making Organisation optional
INFO  [alembic.runtime.migration] Running upgrade c2f46d74fb33 -> 0da61d9681b1, empty message
INFO  [alembic.runtime.migration] Running upgrade 0da61d9681b1 -> 5ac27507f77e, empty message
INFO  [alembic.runtime.migration] Running upgrade 5ac27507f77e -> 03eddf0b8e79, empty message
INFO  [alembic.runtime.migration] Context impl PostgresqlImpl.
INFO  [alembic.runtime.migration] Will assume transactional DDL.
INFO  [alembic.runtime.migration] Running downgrade 03eddf0b8e79 -> 5ac27507f77e, empty message
INFO  [alembic.runtime.migration] Running downgrade 5ac27507f77e -> 0da61d9681b1, empty message
INFO  [alembic.runtime.migration] Running downgrade 0da61d9681b1 -> c2f46d74fb33, empty message
INFO  [alembic.runtime.migration] Running downgrade c2f46d74fb33 -> fe26d37d220f, Making Organisation optional
INFO  [alembic.runtime.migration] Running downgrade fe26d37d220f -> 0576cef39dd8, Adding category entities
INFO  [alembic.runtime.migration] Running downgrade 0576cef39dd8 -> a5b753b898f5, Adding Organisation entity
INFO  [alembic.runtime.migration] Running downgrade a5b753b898f5 -> 631f964e665f, Adding Grant and Allocation entities
INFO  [alembic.runtime.migration] Running downgrade 631f964e665f -> d919f20fe946, Adding Person and Participant entities
INFO  [alembic.runtime.migration] Running downgrade d919f20fe946 -> , Adding Project entity
]]>			</system-err>
		</testcase>
		<testcase classname="test_resource_category_terms.CategoryTermsResourceTestCase" file="tests/test_resource_category_terms.py" line="599" name="test_category_term_relationship_parent_category_terms" time="0.394" timestamp="2022-12-20T15:16:50">
			<system-out>
<![CDATA[]]>			</system-out>
			<system-err>
<![CDATA[INFO  [alembic.runtime.migration] Context impl PostgresqlImpl.
INFO  [alembic.runtime.migration] Will assume transactional DDL.
INFO  [alembic.runtime.migration] Running upgrade  -> d919f20fe946, Adding Project entity
INFO  [alembic.runtime.migration] Running upgrade d919f20fe946 -> 631f964e665f, Adding Person and Participant entities
INFO  [alembic.runtime.migration] Running upgrade 631f964e665f -> a5b753b898f5, Adding Grant and Allocation entities
INFO  [alembic.runtime.migration] Running upgrade a5b753b898f5 -> 0576cef39dd8, Adding Organisation entity
INFO  [alembic.runtime.migration] Running upgrade 0576cef39dd8 -> fe26d37d220f, Adding category entities
INFO  [alembic.runtime.migration] Running upgrade fe26d37d220f -> c2f46d74fb33, Making Organisation optional
INFO  [alembic.runtime.migration] Running upgrade c2f46d74fb33 -> 0da61d9681b1, empty message
INFO  [alembic.runtime.migration] Running upgrade 0da61d9681b1 -> 5ac27507f77e, empty message
INFO  [alembic.runtime.migration] Running upgrade 5ac27507f77e -> 03eddf0b8e79, empty message
INFO  [alembic.runtime.migration] Context impl PostgresqlImpl.
INFO  [alembic.runtime.migration] Will assume transactional DDL.
INFO  [alembic.runtime.migration] Running downgrade 03eddf0b8e79 -> 5ac27507f77e, empty message
INFO  [alembic.runtime.migration] Running downgrade 5ac27507f77e -> 0da61d9681b1, empty message
INFO  [alembic.runtime.migration] Running downgrade 0da61d9681b1 -> c2f46d74fb33, empty message
INFO  [alembic.runtime.migration] Running downgrade c2f46d74fb33 -> fe26d37d220f, Making Organisation optional
INFO  [alembic.runtime.migration] Running downgrade fe26d37d220f -> 0576cef39dd8, Adding category entities
INFO  [alembic.runtime.migration] Running downgrade 0576cef39dd8 -> a5b753b898f5, Adding Organisation entity
INFO  [alembic.runtime.migration] Running downgrade a5b753b898f5 -> 631f964e665f, Adding Grant and Allocation entities
INFO  [alembic.runtime.migration] Running downgrade 631f964e665f -> d919f20fe946, Adding Person and Participant entities
INFO  [alembic.runtime.migration] Running downgrade d919f20fe946 -> , Adding Project entity
]]>			</system-err>
		</testcase>
		<testcase classname="test_resource_category_terms.CategoryTermsResourceTestCase" file="tests/test_resource_category_terms.py" line="582" name="test_category_term_single_missing_unknown_id" time="0.311" timestamp="2022-12-20T15:16:50">
			<system-out>
<![CDATA[]]>			</system-out>
			<system-err>
<![CDATA[INFO  [alembic.runtime.migration] Context impl PostgresqlImpl.
INFO  [alembic.runtime.migration] Will assume transactional DDL.
INFO  [alembic.runtime.migration] Running upgrade  -> d919f20fe946, Adding Project entity
INFO  [alembic.runtime.migration] Running upgrade d919f20fe946 -> 631f964e665f, Adding Person and Participant entities
INFO  [alembic.runtime.migration] Running upgrade 631f964e665f -> a5b753b898f5, Adding Grant and Allocation entities
INFO  [alembic.runtime.migration] Running upgrade a5b753b898f5 -> 0576cef39dd8, Adding Organisation entity
INFO  [alembic.runtime.migration] Running upgrade 0576cef39dd8 -> fe26d37d220f, Adding category entities
INFO  [alembic.runtime.migration] Running upgrade fe26d37d220f -> c2f46d74fb33, Making Organisation optional
INFO  [alembic.runtime.migration] Running upgrade c2f46d74fb33 -> 0da61d9681b1, empty message
INFO  [alembic.runtime.migration] Running upgrade 0da61d9681b1 -> 5ac27507f77e, empty message
INFO  [alembic.runtime.migration] Running upgrade 5ac27507f77e -> 03eddf0b8e79, empty message
INFO  [alembic.runtime.migration] Context impl PostgresqlImpl.
INFO  [alembic.runtime.migration] Will assume transactional DDL.
INFO  [alembic.runtime.migration] Running downgrade 03eddf0b8e79 -> 5ac27507f77e, empty message
INFO  [alembic.runtime.migration] Running downgrade 5ac27507f77e -> 0da61d9681b1, empty message
INFO  [alembic.runtime.migration] Running downgrade 0da61d9681b1 -> c2f46d74fb33, empty message
INFO  [alembic.runtime.migration] Running downgrade c2f46d74fb33 -> fe26d37d220f, Making Organisation optional
INFO  [alembic.runtime.migration] Running downgrade fe26d37d220f -> 0576cef39dd8, Adding category entities
INFO  [alembic.runtime.migration] Running downgrade 0576cef39dd8 -> a5b753b898f5, Adding Organisation entity
INFO  [alembic.runtime.migration] Running downgrade a5b753b898f5 -> 631f964e665f, Adding Grant and Allocation entities
INFO  [alembic.runtime.migration] Running downgrade 631f964e665f -> d919f20fe946, Adding Person and Participant entities
INFO  [alembic.runtime.migration] Running downgrade d919f20fe946 -> , Adding Project entity
]]>			</system-err>
		</testcase>
	</testsuite>
	<testsuite errors="0" failures="0" file="test_resource_grants.py" name="test_resource_grants.GrantsResourceTestCase-20221220151627" skipped="0" tests="7" time="2.359" timestamp="2022-12-20T15:16:52">
		<testcase classname="test_resource_grants.GrantsResourceTestCase" file="tests/test_resource_grants.py" line="844" name="test_grants_allocations" time="0.316" timestamp="2022-12-20T15:16:50">
			<system-out>
<![CDATA[]]>			</system-out>
			<system-err>
<![CDATA[INFO  [alembic.runtime.migration] Context impl PostgresqlImpl.
INFO  [alembic.runtime.migration] Will assume transactional DDL.
INFO  [alembic.runtime.migration] Running upgrade  -> d919f20fe946, Adding Project entity
INFO  [alembic.runtime.migration] Running upgrade d919f20fe946 -> 631f964e665f, Adding Person and Participant entities
INFO  [alembic.runtime.migration] Running upgrade 631f964e665f -> a5b753b898f5, Adding Grant and Allocation entities
INFO  [alembic.runtime.migration] Running upgrade a5b753b898f5 -> 0576cef39dd8, Adding Organisation entity
INFO  [alembic.runtime.migration] Running upgrade 0576cef39dd8 -> fe26d37d220f, Adding category entities
INFO  [alembic.runtime.migration] Running upgrade fe26d37d220f -> c2f46d74fb33, Making Organisation optional
INFO  [alembic.runtime.migration] Running upgrade c2f46d74fb33 -> 0da61d9681b1, empty message
INFO  [alembic.runtime.migration] Running upgrade 0da61d9681b1 -> 5ac27507f77e, empty message
INFO  [alembic.runtime.migration] Running upgrade 5ac27507f77e -> 03eddf0b8e79, empty message
INFO  [alembic.runtime.migration] Context impl PostgresqlImpl.
INFO  [alembic.runtime.migration] Will assume transactional DDL.
INFO  [alembic.runtime.migration] Running downgrade 03eddf0b8e79 -> 5ac27507f77e, empty message
INFO  [alembic.runtime.migration] Running downgrade 5ac27507f77e -> 0da61d9681b1, empty message
INFO  [alembic.runtime.migration] Running downgrade 0da61d9681b1 -> c2f46d74fb33, empty message
INFO  [alembic.runtime.migration] Running downgrade c2f46d74fb33 -> fe26d37d220f, Making Organisation optional
INFO  [alembic.runtime.migration] Running downgrade fe26d37d220f -> 0576cef39dd8, Adding category entities
INFO  [alembic.runtime.migration] Running downgrade 0576cef39dd8 -> a5b753b898f5, Adding Organisation entity
INFO  [alembic.runtime.migration] Running downgrade a5b753b898f5 -> 631f964e665f, Adding Grant and Allocation entities
INFO  [alembic.runtime.migration] Running downgrade 631f964e665f -> d919f20fe946, Adding Person and Participant entities
INFO  [alembic.runtime.migration] Running downgrade d919f20fe946 -> , Adding Project entity
]]>			</system-err>
		</testcase>
		<testcase classname="test_resource_grants.GrantsResourceTestCase" file="tests/test_resource_grants.py" line="490" name="test_grants_detail" time="0.364" timestamp="2022-12-20T15:16:51">
			<system-out>
<![CDATA[]]>			</system-out>
			<system-err>
<![CDATA[INFO  [alembic.runtime.migration] Context impl PostgresqlImpl.
INFO  [alembic.runtime.migration] Will assume transactional DDL.
INFO  [alembic.runtime.migration] Running upgrade  -> d919f20fe946, Adding Project entity
INFO  [alembic.runtime.migration] Running upgrade d919f20fe946 -> 631f964e665f, Adding Person and Participant entities
INFO  [alembic.runtime.migration] Running upgrade 631f964e665f -> a5b753b898f5, Adding Grant and Allocation entities
INFO  [alembic.runtime.migration] Running upgrade a5b753b898f5 -> 0576cef39dd8, Adding Organisation entity
INFO  [alembic.runtime.migration] Running upgrade 0576cef39dd8 -> fe26d37d220f, Adding category entities
INFO  [alembic.runtime.migration] Running upgrade fe26d37d220f -> c2f46d74fb33, Making Organisation optional
INFO  [alembic.runtime.migration] Running upgrade c2f46d74fb33 -> 0da61d9681b1, empty message
INFO  [alembic.runtime.migration] Running upgrade 0da61d9681b1 -> 5ac27507f77e, empty message
INFO  [alembic.runtime.migration] Running upgrade 5ac27507f77e -> 03eddf0b8e79, empty message
INFO  [alembic.runtime.migration] Context impl PostgresqlImpl.
INFO  [alembic.runtime.migration] Will assume transactional DDL.
INFO  [alembic.runtime.migration] Running downgrade 03eddf0b8e79 -> 5ac27507f77e, empty message
INFO  [alembic.runtime.migration] Running downgrade 5ac27507f77e -> 0da61d9681b1, empty message
INFO  [alembic.runtime.migration] Running downgrade 0da61d9681b1 -> c2f46d74fb33, empty message
INFO  [alembic.runtime.migration] Running downgrade c2f46d74fb33 -> fe26d37d220f, Making Organisation optional
INFO  [alembic.runtime.migration] Running downgrade fe26d37d220f -> 0576cef39dd8, Adding category entities
INFO  [alembic.runtime.migration] Running downgrade 0576cef39dd8 -> a5b753b898f5, Adding Organisation entity
INFO  [alembic.runtime.migration] Running downgrade a5b753b898f5 -> 631f964e665f, Adding Grant and Allocation entities
INFO  [alembic.runtime.migration] Running downgrade 631f964e665f -> d919f20fe946, Adding Person and Participant entities
INFO  [alembic.runtime.migration] Running downgrade d919f20fe946 -> , Adding Project entity
]]>			</system-err>
		</testcase>
		<testcase classname="test_resource_grants.GrantsResourceTestCase" file="tests/test_resource_grants.py" line="9" name="test_grants_list" time="0.354" timestamp="2022-12-20T15:16:51">
			<system-out>
<![CDATA[]]>			</system-out>
			<system-err>
<![CDATA[INFO  [alembic.runtime.migration] Context impl PostgresqlImpl.
INFO  [alembic.runtime.migration] Will assume transactional DDL.
INFO  [alembic.runtime.migration] Running upgrade  -> d919f20fe946, Adding Project entity
INFO  [alembic.runtime.migration] Running upgrade d919f20fe946 -> 631f964e665f, Adding Person and Participant entities
INFO  [alembic.runtime.migration] Running upgrade 631f964e665f -> a5b753b898f5, Adding Grant and Allocation entities
INFO  [alembic.runtime.migration] Running upgrade a5b753b898f5 -> 0576cef39dd8, Adding Organisation entity
INFO  [alembic.runtime.migration] Running upgrade 0576cef39dd8 -> fe26d37d220f, Adding category entities
INFO  [alembic.runtime.migration] Running upgrade fe26d37d220f -> c2f46d74fb33, Making Organisation optional
INFO  [alembic.runtime.migration] Running upgrade c2f46d74fb33 -> 0da61d9681b1, empty message
INFO  [alembic.runtime.migration] Running upgrade 0da61d9681b1 -> 5ac27507f77e, empty message
INFO  [alembic.runtime.migration] Running upgrade 5ac27507f77e -> 03eddf0b8e79, empty message
INFO  [alembic.runtime.migration] Context impl PostgresqlImpl.
INFO  [alembic.runtime.migration] Will assume transactional DDL.
INFO  [alembic.runtime.migration] Running downgrade 03eddf0b8e79 -> 5ac27507f77e, empty message
INFO  [alembic.runtime.migration] Running downgrade 5ac27507f77e -> 0da61d9681b1, empty message
INFO  [alembic.runtime.migration] Running downgrade 0da61d9681b1 -> c2f46d74fb33, empty message
INFO  [alembic.runtime.migration] Running downgrade c2f46d74fb33 -> fe26d37d220f, Making Organisation optional
INFO  [alembic.runtime.migration] Running downgrade fe26d37d220f -> 0576cef39dd8, Adding category entities
INFO  [alembic.runtime.migration] Running downgrade 0576cef39dd8 -> a5b753b898f5, Adding Organisation entity
INFO  [alembic.runtime.migration] Running downgrade a5b753b898f5 -> 631f964e665f, Adding Grant and Allocation entities
INFO  [alembic.runtime.migration] Running downgrade 631f964e665f -> d919f20fe946, Adding Person and Participant entities
INFO  [alembic.runtime.migration] Running downgrade d919f20fe946 -> , Adding Project entity
]]>			</system-err>
		</testcase>
		<testcase classname="test_resource_grants.GrantsResourceTestCase" file="tests/test_resource_grants.py" line="892" name="test_grants_organisations" time="0.311" timestamp="2022-12-20T15:16:51">
			<system-out>
<![CDATA[]]>			</system-out>
			<system-err>
<![CDATA[INFO  [alembic.runtime.migration] Context impl PostgresqlImpl.
INFO  [alembic.runtime.migration] Will assume transactional DDL.
INFO  [alembic.runtime.migration] Running upgrade  -> d919f20fe946, Adding Project entity
INFO  [alembic.runtime.migration] Running upgrade d919f20fe946 -> 631f964e665f, Adding Person and Participant entities
INFO  [alembic.runtime.migration] Running upgrade 631f964e665f -> a5b753b898f5, Adding Grant and Allocation entities
INFO  [alembic.runtime.migration] Running upgrade a5b753b898f5 -> 0576cef39dd8, Adding Organisation entity
INFO  [alembic.runtime.migration] Running upgrade 0576cef39dd8 -> fe26d37d220f, Adding category entities
INFO  [alembic.runtime.migration] Running upgrade fe26d37d220f -> c2f46d74fb33, Making Organisation optional
INFO  [alembic.runtime.migration] Running upgrade c2f46d74fb33 -> 0da61d9681b1, empty message
INFO  [alembic.runtime.migration] Running upgrade 0da61d9681b1 -> 5ac27507f77e, empty message
INFO  [alembic.runtime.migration] Running upgrade 5ac27507f77e -> 03eddf0b8e79, empty message
INFO  [alembic.runtime.migration] Context impl PostgresqlImpl.
INFO  [alembic.runtime.migration] Will assume transactional DDL.
INFO  [alembic.runtime.migration] Running downgrade 03eddf0b8e79 -> 5ac27507f77e, empty message
INFO  [alembic.runtime.migration] Running downgrade 5ac27507f77e -> 0da61d9681b1, empty message
INFO  [alembic.runtime.migration] Running downgrade 0da61d9681b1 -> c2f46d74fb33, empty message
INFO  [alembic.runtime.migration] Running downgrade c2f46d74fb33 -> fe26d37d220f, Making Organisation optional
INFO  [alembic.runtime.migration] Running downgrade fe26d37d220f -> 0576cef39dd8, Adding category entities
INFO  [alembic.runtime.migration] Running downgrade 0576cef39dd8 -> a5b753b898f5, Adding Organisation entity
INFO  [alembic.runtime.migration] Running downgrade a5b753b898f5 -> 631f964e665f, Adding Grant and Allocation entities
INFO  [alembic.runtime.migration] Running downgrade 631f964e665f -> d919f20fe946, Adding Person and Participant entities
INFO  [alembic.runtime.migration] Running downgrade d919f20fe946 -> , Adding Project entity
]]>			</system-err>
		</testcase>
		<testcase classname="test_resource_grants.GrantsResourceTestCase" file="tests/test_resource_grants.py" line="798" name="test_grants_relationship_allocations" time="0.321" timestamp="2022-12-20T15:16:52">
			<system-out>
<![CDATA[]]>			</system-out>
			<system-err>
<![CDATA[INFO  [alembic.runtime.migration] Context impl PostgresqlImpl.
INFO  [alembic.runtime.migration] Will assume transactional DDL.
INFO  [alembic.runtime.migration] Running upgrade  -> d919f20fe946, Adding Project entity
INFO  [alembic.runtime.migration] Running upgrade d919f20fe946 -> 631f964e665f, Adding Person and Participant entities
INFO  [alembic.runtime.migration] Running upgrade 631f964e665f -> a5b753b898f5, Adding Grant and Allocation entities
INFO  [alembic.runtime.migration] Running upgrade a5b753b898f5 -> 0576cef39dd8, Adding Organisation entity
INFO  [alembic.runtime.migration] Running upgrade 0576cef39dd8 -> fe26d37d220f, Adding category entities
INFO  [alembic.runtime.migration] Running upgrade fe26d37d220f -> c2f46d74fb33, Making Organisation optional
INFO  [alembic.runtime.migration] Running upgrade c2f46d74fb33 -> 0da61d9681b1, empty message
INFO  [alembic.runtime.migration] Running upgrade 0da61d9681b1 -> 5ac27507f77e, empty message
INFO  [alembic.runtime.migration] Running upgrade 5ac27507f77e -> 03eddf0b8e79, empty message
INFO  [alembic.runtime.migration] Context impl PostgresqlImpl.
INFO  [alembic.runtime.migration] Will assume transactional DDL.
INFO  [alembic.runtime.migration] Running downgrade 03eddf0b8e79 -> 5ac27507f77e, empty message
INFO  [alembic.runtime.migration] Running downgrade 5ac27507f77e -> 0da61d9681b1, empty message
INFO  [alembic.runtime.migration] Running downgrade 0da61d9681b1 -> c2f46d74fb33, empty message
INFO  [alembic.runtime.migration] Running downgrade c2f46d74fb33 -> fe26d37d220f, Making Organisation optional
INFO  [alembic.runtime.migration] Running downgrade fe26d37d220f -> 0576cef39dd8, Adding category entities
INFO  [alembic.runtime.migration] Running downgrade 0576cef39dd8 -> a5b753b898f5, Adding Organisation entity
INFO  [alembic.runtime.migration] Running downgrade a5b753b898f5 -> 631f964e665f, Adding Grant and Allocation entities
INFO  [alembic.runtime.migration] Running downgrade 631f964e665f -> d919f20fe946, Adding Person and Participant entities
INFO  [alembic.runtime.migration] Running downgrade d919f20fe946 -> , Adding Project entity
]]>			</system-err>
		</testcase>
		<testcase classname="test_resource_grants.GrantsResourceTestCase" file="tests/test_resource_grants.py" line="822" name="test_grants_relationship_organisations" time="0.372" timestamp="2022-12-20T15:16:52">
			<system-out>
<![CDATA[]]>			</system-out>
			<system-err>
<![CDATA[INFO  [alembic.runtime.migration] Context impl PostgresqlImpl.
INFO  [alembic.runtime.migration] Will assume transactional DDL.
INFO  [alembic.runtime.migration] Running upgrade  -> d919f20fe946, Adding Project entity
INFO  [alembic.runtime.migration] Running upgrade d919f20fe946 -> 631f964e665f, Adding Person and Participant entities
INFO  [alembic.runtime.migration] Running upgrade 631f964e665f -> a5b753b898f5, Adding Grant and Allocation entities
INFO  [alembic.runtime.migration] Running upgrade a5b753b898f5 -> 0576cef39dd8, Adding Organisation entity
INFO  [alembic.runtime.migration] Running upgrade 0576cef39dd8 -> fe26d37d220f, Adding category entities
INFO  [alembic.runtime.migration] Running upgrade fe26d37d220f -> c2f46d74fb33, Making Organisation optional
INFO  [alembic.runtime.migration] Running upgrade c2f46d74fb33 -> 0da61d9681b1, empty message
INFO  [alembic.runtime.migration] Running upgrade 0da61d9681b1 -> 5ac27507f77e, empty message
INFO  [alembic.runtime.migration] Running upgrade 5ac27507f77e -> 03eddf0b8e79, empty message
INFO  [alembic.runtime.migration] Context impl PostgresqlImpl.
INFO  [alembic.runtime.migration] Will assume transactional DDL.
INFO  [alembic.runtime.migration] Running downgrade 03eddf0b8e79 -> 5ac27507f77e, empty message
INFO  [alembic.runtime.migration] Running downgrade 5ac27507f77e -> 0da61d9681b1, empty message
INFO  [alembic.runtime.migration] Running downgrade 0da61d9681b1 -> c2f46d74fb33, empty message
INFO  [alembic.runtime.migration] Running downgrade c2f46d74fb33 -> fe26d37d220f, Making Organisation optional
INFO  [alembic.runtime.migration] Running downgrade fe26d37d220f -> 0576cef39dd8, Adding category entities
INFO  [alembic.runtime.migration] Running downgrade 0576cef39dd8 -> a5b753b898f5, Adding Organisation entity
INFO  [alembic.runtime.migration] Running downgrade a5b753b898f5 -> 631f964e665f, Adding Grant and Allocation entities
INFO  [alembic.runtime.migration] Running downgrade 631f964e665f -> d919f20fe946, Adding Person and Participant entities
INFO  [alembic.runtime.migration] Running downgrade d919f20fe946 -> , Adding Project entity
]]>			</system-err>
		</testcase>
		<testcase classname="test_resource_grants.GrantsResourceTestCase" file="tests/test_resource_grants.py" line="781" name="test_grants_single_missing_unknown_id" time="0.321" timestamp="2022-12-20T15:16:52">
			<system-out>
<![CDATA[]]>			</system-out>
			<system-err>
<![CDATA[INFO  [alembic.runtime.migration] Context impl PostgresqlImpl.
INFO  [alembic.runtime.migration] Will assume transactional DDL.
INFO  [alembic.runtime.migration] Running upgrade  -> d919f20fe946, Adding Project entity
INFO  [alembic.runtime.migration] Running upgrade d919f20fe946 -> 631f964e665f, Adding Person and Participant entities
INFO  [alembic.runtime.migration] Running upgrade 631f964e665f -> a5b753b898f5, Adding Grant and Allocation entities
INFO  [alembic.runtime.migration] Running upgrade a5b753b898f5 -> 0576cef39dd8, Adding Organisation entity
INFO  [alembic.runtime.migration] Running upgrade 0576cef39dd8 -> fe26d37d220f, Adding category entities
INFO  [alembic.runtime.migration] Running upgrade fe26d37d220f -> c2f46d74fb33, Making Organisation optional
INFO  [alembic.runtime.migration] Running upgrade c2f46d74fb33 -> 0da61d9681b1, empty message
INFO  [alembic.runtime.migration] Running upgrade 0da61d9681b1 -> 5ac27507f77e, empty message
INFO  [alembic.runtime.migration] Running upgrade 5ac27507f77e -> 03eddf0b8e79, empty message
INFO  [alembic.runtime.migration] Context impl PostgresqlImpl.
INFO  [alembic.runtime.migration] Will assume transactional DDL.
INFO  [alembic.runtime.migration] Running downgrade 03eddf0b8e79 -> 5ac27507f77e, empty message
INFO  [alembic.runtime.migration] Running downgrade 5ac27507f77e -> 0da61d9681b1, empty message
INFO  [alembic.runtime.migration] Running downgrade 0da61d9681b1 -> c2f46d74fb33, empty message
INFO  [alembic.runtime.migration] Running downgrade c2f46d74fb33 -> fe26d37d220f, Making Organisation optional
INFO  [alembic.runtime.migration] Running downgrade fe26d37d220f -> 0576cef39dd8, Adding category entities
INFO  [alembic.runtime.migration] Running downgrade 0576cef39dd8 -> a5b753b898f5, Adding Organisation entity
INFO  [alembic.runtime.migration] Running downgrade a5b753b898f5 -> 631f964e665f, Adding Grant and Allocation entities
INFO  [alembic.runtime.migration] Running downgrade 631f964e665f -> d919f20fe946, Adding Person and Participant entities
INFO  [alembic.runtime.migration] Running downgrade d919f20fe946 -> , Adding Project entity
]]>			</system-err>
		</testcase>
	</testsuite>
	<testsuite errors="0" failures="0" file="test_resource_organisations.py" name="test_resource_organisations.OrganisationsResourceTestCase-20221220151627" skipped="0" tests="7" time="2.361" timestamp="2022-12-20T15:16:55">
		<testcase classname="test_resource_organisations.OrganisationsResourceTestCase" file="tests/test_resource_organisations.py" line="680" name="test_organisations_detail" time="0.369" timestamp="2022-12-20T15:16:53">
			<system-out>
<![CDATA[]]>			</system-out>
			<system-err>
<![CDATA[INFO  [alembic.runtime.migration] Context impl PostgresqlImpl.
INFO  [alembic.runtime.migration] Will assume transactional DDL.
INFO  [alembic.runtime.migration] Running upgrade  -> d919f20fe946, Adding Project entity
INFO  [alembic.runtime.migration] Running upgrade d919f20fe946 -> 631f964e665f, Adding Person and Participant entities
INFO  [alembic.runtime.migration] Running upgrade 631f964e665f -> a5b753b898f5, Adding Grant and Allocation entities
INFO  [alembic.runtime.migration] Running upgrade a5b753b898f5 -> 0576cef39dd8, Adding Organisation entity
INFO  [alembic.runtime.migration] Running upgrade 0576cef39dd8 -> fe26d37d220f, Adding category entities
INFO  [alembic.runtime.migration] Running upgrade fe26d37d220f -> c2f46d74fb33, Making Organisation optional
INFO  [alembic.runtime.migration] Running upgrade c2f46d74fb33 -> 0da61d9681b1, empty message
INFO  [alembic.runtime.migration] Running upgrade 0da61d9681b1 -> 5ac27507f77e, empty message
INFO  [alembic.runtime.migration] Running upgrade 5ac27507f77e -> 03eddf0b8e79, empty message
INFO  [alembic.runtime.migration] Context impl PostgresqlImpl.
INFO  [alembic.runtime.migration] Will assume transactional DDL.
INFO  [alembic.runtime.migration] Running downgrade 03eddf0b8e79 -> 5ac27507f77e, empty message
INFO  [alembic.runtime.migration] Running downgrade 5ac27507f77e -> 0da61d9681b1, empty message
INFO  [alembic.runtime.migration] Running downgrade 0da61d9681b1 -> c2f46d74fb33, empty message
INFO  [alembic.runtime.migration] Running downgrade c2f46d74fb33 -> fe26d37d220f, Making Organisation optional
INFO  [alembic.runtime.migration] Running downgrade fe26d37d220f -> 0576cef39dd8, Adding category entities
INFO  [alembic.runtime.migration] Running downgrade 0576cef39dd8 -> a5b753b898f5, Adding Organisation entity
INFO  [alembic.runtime.migration] Running downgrade a5b753b898f5 -> 631f964e665f, Adding Grant and Allocation entities
INFO  [alembic.runtime.migration] Running downgrade 631f964e665f -> d919f20fe946, Adding Person and Participant entities
INFO  [alembic.runtime.migration] Running downgrade d919f20fe946 -> , Adding Project entity
]]>			</system-err>
		</testcase>
		<testcase classname="test_resource_organisations.OrganisationsResourceTestCase" file="tests/test_resource_organisations.py" line="982" name="test_organisations_grants" time="0.305" timestamp="2022-12-20T15:16:53">
			<system-out>
<![CDATA[]]>			</system-out>
			<system-err>
<![CDATA[INFO  [alembic.runtime.migration] Context impl PostgresqlImpl.
INFO  [alembic.runtime.migration] Will assume transactional DDL.
INFO  [alembic.runtime.migration] Running upgrade  -> d919f20fe946, Adding Project entity
INFO  [alembic.runtime.migration] Running upgrade d919f20fe946 -> 631f964e665f, Adding Person and Participant entities
INFO  [alembic.runtime.migration] Running upgrade 631f964e665f -> a5b753b898f5, Adding Grant and Allocation entities
INFO  [alembic.runtime.migration] Running upgrade a5b753b898f5 -> 0576cef39dd8, Adding Organisation entity
INFO  [alembic.runtime.migration] Running upgrade 0576cef39dd8 -> fe26d37d220f, Adding category entities
INFO  [alembic.runtime.migration] Running upgrade fe26d37d220f -> c2f46d74fb33, Making Organisation optional
INFO  [alembic.runtime.migration] Running upgrade c2f46d74fb33 -> 0da61d9681b1, empty message
INFO  [alembic.runtime.migration] Running upgrade 0da61d9681b1 -> 5ac27507f77e, empty message
INFO  [alembic.runtime.migration] Running upgrade 5ac27507f77e -> 03eddf0b8e79, empty message
INFO  [alembic.runtime.migration] Context impl PostgresqlImpl.
INFO  [alembic.runtime.migration] Will assume transactional DDL.
INFO  [alembic.runtime.migration] Running downgrade 03eddf0b8e79 -> 5ac27507f77e, empty message
INFO  [alembic.runtime.migration] Running downgrade 5ac27507f77e -> 0da61d9681b1, empty message
INFO  [alembic.runtime.migration] Running downgrade 0da61d9681b1 -> c2f46d74fb33, empty message
INFO  [alembic.runtime.migration] Running downgrade c2f46d74fb33 -> fe26d37d220f, Making Organisation optional
INFO  [alembic.runtime.migration] Running downgrade fe26d37d220f -> 0576cef39dd8, Adding category entities
INFO  [alembic.runtime.migration] Running downgrade 0576cef39dd8 -> a5b753b898f5, Adding Organisation entity
INFO  [alembic.runtime.migration] Running downgrade a5b753b898f5 -> 631f964e665f, Adding Grant and Allocation entities
INFO  [alembic.runtime.migration] Running downgrade 631f964e665f -> d919f20fe946, Adding Person and Participant entities
INFO  [alembic.runtime.migration] Running downgrade d919f20fe946 -> , Adding Project entity
]]>			</system-err>
		</testcase>
		<testcase classname="test_resource_organisations.OrganisationsResourceTestCase" file="tests/test_resource_organisations.py" line="9" name="test_organisations_list" time="0.340" timestamp="2022-12-20T15:16:54">
			<system-out>
<![CDATA[]]>			</system-out>
			<system-err>
<![CDATA[INFO  [alembic.runtime.migration] Context impl PostgresqlImpl.
INFO  [alembic.runtime.migration] Will assume transactional DDL.
INFO  [alembic.runtime.migration] Running upgrade  -> d919f20fe946, Adding Project entity
INFO  [alembic.runtime.migration] Running upgrade d919f20fe946 -> 631f964e665f, Adding Person and Participant entities
INFO  [alembic.runtime.migration] Running upgrade 631f964e665f -> a5b753b898f5, Adding Grant and Allocation entities
INFO  [alembic.runtime.migration] Running upgrade a5b753b898f5 -> 0576cef39dd8, Adding Organisation entity
INFO  [alembic.runtime.migration] Running upgrade 0576cef39dd8 -> fe26d37d220f, Adding category entities
INFO  [alembic.runtime.migration] Running upgrade fe26d37d220f -> c2f46d74fb33, Making Organisation optional
INFO  [alembic.runtime.migration] Running upgrade c2f46d74fb33 -> 0da61d9681b1, empty message
INFO  [alembic.runtime.migration] Running upgrade 0da61d9681b1 -> 5ac27507f77e, empty message
INFO  [alembic.runtime.migration] Running upgrade 5ac27507f77e -> 03eddf0b8e79, empty message
INFO  [alembic.runtime.migration] Context impl PostgresqlImpl.
INFO  [alembic.runtime.migration] Will assume transactional DDL.
INFO  [alembic.runtime.migration] Running downgrade 03eddf0b8e79 -> 5ac27507f77e, empty message
INFO  [alembic.runtime.migration] Running downgrade 5ac27507f77e -> 0da61d9681b1, empty message
INFO  [alembic.runtime.migration] Running downgrade 0da61d9681b1 -> c2f46d74fb33, empty message
INFO  [alembic.runtime.migration] Running downgrade c2f46d74fb33 -> fe26d37d220f, Making Organisation optional
INFO  [alembic.runtime.migration] Running downgrade fe26d37d220f -> 0576cef39dd8, Adding category entities
INFO  [alembic.runtime.migration] Running downgrade 0576cef39dd8 -> a5b753b898f5, Adding Organisation entity
INFO  [alembic.runtime.migration] Running downgrade a5b753b898f5 -> 631f964e665f, Adding Grant and Allocation entities
INFO  [alembic.runtime.migration] Running downgrade 631f964e665f -> d919f20fe946, Adding Person and Participant entities
INFO  [alembic.runtime.migration] Running downgrade d919f20fe946 -> , Adding Project entity
]]>			</system-err>
		</testcase>
		<testcase classname="test_resource_organisations.OrganisationsResourceTestCase" file="tests/test_resource_organisations.py" line="1000" name="test_organisations_people" time="0.350" timestamp="2022-12-20T15:16:54">
			<system-out>
<![CDATA[]]>			</system-out>
			<system-err>
<![CDATA[INFO  [alembic.runtime.migration] Context impl PostgresqlImpl.
INFO  [alembic.runtime.migration] Will assume transactional DDL.
INFO  [alembic.runtime.migration] Running upgrade  -> d919f20fe946, Adding Project entity
INFO  [alembic.runtime.migration] Running upgrade d919f20fe946 -> 631f964e665f, Adding Person and Participant entities
INFO  [alembic.runtime.migration] Running upgrade 631f964e665f -> a5b753b898f5, Adding Grant and Allocation entities
INFO  [alembic.runtime.migration] Running upgrade a5b753b898f5 -> 0576cef39dd8, Adding Organisation entity
INFO  [alembic.runtime.migration] Running upgrade 0576cef39dd8 -> fe26d37d220f, Adding category entities
INFO  [alembic.runtime.migration] Running upgrade fe26d37d220f -> c2f46d74fb33, Making Organisation optional
INFO  [alembic.runtime.migration] Running upgrade c2f46d74fb33 -> 0da61d9681b1, empty message
INFO  [alembic.runtime.migration] Running upgrade 0da61d9681b1 -> 5ac27507f77e, empty message
INFO  [alembic.runtime.migration] Running upgrade 5ac27507f77e -> 03eddf0b8e79, empty message
INFO  [alembic.runtime.migration] Context impl PostgresqlImpl.
INFO  [alembic.runtime.migration] Will assume transactional DDL.
INFO  [alembic.runtime.migration] Running downgrade 03eddf0b8e79 -> 5ac27507f77e, empty message
INFO  [alembic.runtime.migration] Running downgrade 5ac27507f77e -> 0da61d9681b1, empty message
INFO  [alembic.runtime.migration] Running downgrade 0da61d9681b1 -> c2f46d74fb33, empty message
INFO  [alembic.runtime.migration] Running downgrade c2f46d74fb33 -> fe26d37d220f, Making Organisation optional
INFO  [alembic.runtime.migration] Running downgrade fe26d37d220f -> 0576cef39dd8, Adding category entities
INFO  [alembic.runtime.migration] Running downgrade 0576cef39dd8 -> a5b753b898f5, Adding Organisation entity
INFO  [alembic.runtime.migration] Running downgrade a5b753b898f5 -> 631f964e665f, Adding Grant and Allocation entities
INFO  [alembic.runtime.migration] Running downgrade 631f964e665f -> d919f20fe946, Adding Person and Participant entities
INFO  [alembic.runtime.migration] Running downgrade d919f20fe946 -> , Adding Project entity
]]>			</system-err>
		</testcase>
		<testcase classname="test_resource_organisations.OrganisationsResourceTestCase" file="tests/test_resource_organisations.py" line="939" name="test_organisations_relationship_grants" time="0.326" timestamp="2022-12-20T15:16:54">
			<system-out>
<![CDATA[]]>			</system-out>
			<system-err>
<![CDATA[INFO  [alembic.runtime.migration] Context impl PostgresqlImpl.
INFO  [alembic.runtime.migration] Will assume transactional DDL.
INFO  [alembic.runtime.migration] Running upgrade  -> d919f20fe946, Adding Project entity
INFO  [alembic.runtime.migration] Running upgrade d919f20fe946 -> 631f964e665f, Adding Person and Participant entities
INFO  [alembic.runtime.migration] Running upgrade 631f964e665f -> a5b753b898f5, Adding Grant and Allocation entities
INFO  [alembic.runtime.migration] Running upgrade a5b753b898f5 -> 0576cef39dd8, Adding Organisation entity
INFO  [alembic.runtime.migration] Running upgrade 0576cef39dd8 -> fe26d37d220f, Adding category entities
INFO  [alembic.runtime.migration] Running upgrade fe26d37d220f -> c2f46d74fb33, Making Organisation optional
INFO  [alembic.runtime.migration] Running upgrade c2f46d74fb33 -> 0da61d9681b1, empty message
INFO  [alembic.runtime.migration] Running upgrade 0da61d9681b1 -> 5ac27507f77e, empty message
INFO  [alembic.runtime.migration] Running upgrade 5ac27507f77e -> 03eddf0b8e79, empty message
INFO  [alembic.runtime.migration] Context impl PostgresqlImpl.
INFO  [alembic.runtime.migration] Will assume transactional DDL.
INFO  [alembic.runtime.migration] Running downgrade 03eddf0b8e79 -> 5ac27507f77e, empty message
INFO  [alembic.runtime.migration] Running downgrade 5ac27507f77e -> 0da61d9681b1, empty message
INFO  [alembic.runtime.migration] Running downgrade 0da61d9681b1 -> c2f46d74fb33, empty message
INFO  [alembic.runtime.migration] Running downgrade c2f46d74fb33 -> fe26d37d220f, Making Organisation optional
INFO  [alembic.runtime.migration] Running downgrade fe26d37d220f -> 0576cef39dd8, Adding category entities
INFO  [alembic.runtime.migration] Running downgrade 0576cef39dd8 -> a5b753b898f5, Adding Organisation entity
INFO  [alembic.runtime.migration] Running downgrade a5b753b898f5 -> 631f964e665f, Adding Grant and Allocation entities
INFO  [alembic.runtime.migration] Running downgrade 631f964e665f -> d919f20fe946, Adding Person and Participant entities
INFO  [alembic.runtime.migration] Running downgrade d919f20fe946 -> , Adding Project entity
]]>			</system-err>
		</testcase>
		<testcase classname="test_resource_organisations.OrganisationsResourceTestCase" file="tests/test_resource_organisations.py" line="958" name="test_organisations_relationship_people" time="0.349" timestamp="2022-12-20T15:16:55">
			<system-out>
<![CDATA[]]>			</system-out>
			<system-err>
<![CDATA[INFO  [alembic.runtime.migration] Context impl PostgresqlImpl.
INFO  [alembic.runtime.migration] Will assume transactional DDL.
INFO  [alembic.runtime.migration] Running upgrade  -> d919f20fe946, Adding Project entity
INFO  [alembic.runtime.migration] Running upgrade d919f20fe946 -> 631f964e665f, Adding Person and Participant entities
INFO  [alembic.runtime.migration] Running upgrade 631f964e665f -> a5b753b898f5, Adding Grant and Allocation entities
INFO  [alembic.runtime.migration] Running upgrade a5b753b898f5 -> 0576cef39dd8, Adding Organisation entity
INFO  [alembic.runtime.migration] Running upgrade 0576cef39dd8 -> fe26d37d220f, Adding category entities
INFO  [alembic.runtime.migration] Running upgrade fe26d37d220f -> c2f46d74fb33, Making Organisation optional
INFO  [alembic.runtime.migration] Running upgrade c2f46d74fb33 -> 0da61d9681b1, empty message
INFO  [alembic.runtime.migration] Running upgrade 0da61d9681b1 -> 5ac27507f77e, empty message
INFO  [alembic.runtime.migration] Running upgrade 5ac27507f77e -> 03eddf0b8e79, empty message
INFO  [alembic.runtime.migration] Context impl PostgresqlImpl.
INFO  [alembic.runtime.migration] Will assume transactional DDL.
INFO  [alembic.runtime.migration] Running downgrade 03eddf0b8e79 -> 5ac27507f77e, empty message
INFO  [alembic.runtime.migration] Running downgrade 5ac27507f77e -> 0da61d9681b1, empty message
INFO  [alembic.runtime.migration] Running downgrade 0da61d9681b1 -> c2f46d74fb33, empty message
INFO  [alembic.runtime.migration] Running downgrade c2f46d74fb33 -> fe26d37d220f, Making Organisation optional
INFO  [alembic.runtime.migration] Running downgrade fe26d37d220f -> 0576cef39dd8, Adding category entities
INFO  [alembic.runtime.migration] Running downgrade 0576cef39dd8 -> a5b753b898f5, Adding Organisation entity
INFO  [alembic.runtime.migration] Running downgrade a5b753b898f5 -> 631f964e665f, Adding Grant and Allocation entities
INFO  [alembic.runtime.migration] Running downgrade 631f964e665f -> d919f20fe946, Adding Person and Participant entities
INFO  [alembic.runtime.migration] Running downgrade d919f20fe946 -> , Adding Project entity
]]>			</system-err>
		</testcase>
		<testcase classname="test_resource_organisations.OrganisationsResourceTestCase" file="tests/test_resource_organisations.py" line="922" name="test_organisations_single_missing_unknown_id" time="0.322" timestamp="2022-12-20T15:16:55">
			<system-out>
<![CDATA[]]>			</system-out>
			<system-err>
<![CDATA[INFO  [alembic.runtime.migration] Context impl PostgresqlImpl.
INFO  [alembic.runtime.migration] Will assume transactional DDL.
INFO  [alembic.runtime.migration] Running upgrade  -> d919f20fe946, Adding Project entity
INFO  [alembic.runtime.migration] Running upgrade d919f20fe946 -> 631f964e665f, Adding Person and Participant entities
INFO  [alembic.runtime.migration] Running upgrade 631f964e665f -> a5b753b898f5, Adding Grant and Allocation entities
INFO  [alembic.runtime.migration] Running upgrade a5b753b898f5 -> 0576cef39dd8, Adding Organisation entity
INFO  [alembic.runtime.migration] Running upgrade 0576cef39dd8 -> fe26d37d220f, Adding category entities
INFO  [alembic.runtime.migration] Running upgrade fe26d37d220f -> c2f46d74fb33, Making Organisation optional
INFO  [alembic.runtime.migration] Running upgrade c2f46d74fb33 -> 0da61d9681b1, empty message
INFO  [alembic.runtime.migration] Running upgrade 0da61d9681b1 -> 5ac27507f77e, empty message
INFO  [alembic.runtime.migration] Running upgrade 5ac27507f77e -> 03eddf0b8e79, empty message
INFO  [alembic.runtime.migration] Context impl PostgresqlImpl.
INFO  [alembic.runtime.migration] Will assume transactional DDL.
INFO  [alembic.runtime.migration] Running downgrade 03eddf0b8e79 -> 5ac27507f77e, empty message
INFO  [alembic.runtime.migration] Running downgrade 5ac27507f77e -> 0da61d9681b1, empty message
INFO  [alembic.runtime.migration] Running downgrade 0da61d9681b1 -> c2f46d74fb33, empty message
INFO  [alembic.runtime.migration] Running downgrade c2f46d74fb33 -> fe26d37d220f, Making Organisation optional
INFO  [alembic.runtime.migration] Running downgrade fe26d37d220f -> 0576cef39dd8, Adding category entities
INFO  [alembic.runtime.migration] Running downgrade 0576cef39dd8 -> a5b753b898f5, Adding Organisation entity
INFO  [alembic.runtime.migration] Running downgrade a5b753b898f5 -> 631f964e665f, Adding Grant and Allocation entities
INFO  [alembic.runtime.migration] Running downgrade 631f964e665f -> d919f20fe946, Adding Person and Participant entities
INFO  [alembic.runtime.migration] Running downgrade d919f20fe946 -> , Adding Project entity
]]>			</system-err>
		</testcase>
	</testsuite>
	<testsuite errors="0" failures="0" file="test_resource_participants.py" name="test_resource_participants.ParticipantsResourceTestCase-20221220151627" skipped="0" tests="7" time="2.300" timestamp="2022-12-20T15:16:57">
		<testcase classname="test_resource_participants.ParticipantsResourceTestCase" file="tests/test_resource_participants.py" line="295" name="test_participants_detail" time="0.341" timestamp="2022-12-20T15:16:55">
			<system-out>
<![CDATA[]]>			</system-out>
			<system-err>
<![CDATA[INFO  [alembic.runtime.migration] Context impl PostgresqlImpl.
INFO  [alembic.runtime.migration] Will assume transactional DDL.
INFO  [alembic.runtime.migration] Running upgrade  -> d919f20fe946, Adding Project entity
INFO  [alembic.runtime.migration] Running upgrade d919f20fe946 -> 631f964e665f, Adding Person and Participant entities
INFO  [alembic.runtime.migration] Running upgrade 631f964e665f -> a5b753b898f5, Adding Grant and Allocation entities
INFO  [alembic.runtime.migration] Running upgrade a5b753b898f5 -> 0576cef39dd8, Adding Organisation entity
INFO  [alembic.runtime.migration] Running upgrade 0576cef39dd8 -> fe26d37d220f, Adding category entities
INFO  [alembic.runtime.migration] Running upgrade fe26d37d220f -> c2f46d74fb33, Making Organisation optional
INFO  [alembic.runtime.migration] Running upgrade c2f46d74fb33 -> 0da61d9681b1, empty message
INFO  [alembic.runtime.migration] Running upgrade 0da61d9681b1 -> 5ac27507f77e, empty message
INFO  [alembic.runtime.migration] Running upgrade 5ac27507f77e -> 03eddf0b8e79, empty message
INFO  [alembic.runtime.migration] Context impl PostgresqlImpl.
INFO  [alembic.runtime.migration] Will assume transactional DDL.
INFO  [alembic.runtime.migration] Running downgrade 03eddf0b8e79 -> 5ac27507f77e, empty message
INFO  [alembic.runtime.migration] Running downgrade 5ac27507f77e -> 0da61d9681b1, empty message
INFO  [alembic.runtime.migration] Running downgrade 0da61d9681b1 -> c2f46d74fb33, empty message
INFO  [alembic.runtime.migration] Running downgrade c2f46d74fb33 -> fe26d37d220f, Making Organisation optional
INFO  [alembic.runtime.migration] Running downgrade fe26d37d220f -> 0576cef39dd8, Adding category entities
INFO  [alembic.runtime.migration] Running downgrade 0576cef39dd8 -> a5b753b898f5, Adding Organisation entity
INFO  [alembic.runtime.migration] Running downgrade a5b753b898f5 -> 631f964e665f, Adding Grant and Allocation entities
INFO  [alembic.runtime.migration] Running downgrade 631f964e665f -> d919f20fe946, Adding Person and Participant entities
INFO  [alembic.runtime.migration] Running downgrade d919f20fe946 -> , Adding Project entity
]]>			</system-err>
		</testcase>
		<testcase classname="test_resource_participants.ParticipantsResourceTestCase" file="tests/test_resource_participants.py" line="9" name="test_participants_list" time="0.336" timestamp="2022-12-20T15:16:56">
			<system-out>
<![CDATA[]]>			</system-out>
			<system-err>
<![CDATA[INFO  [alembic.runtime.migration] Context impl PostgresqlImpl.
INFO  [alembic.runtime.migration] Will assume transactional DDL.
INFO  [alembic.runtime.migration] Running upgrade  -> d919f20fe946, Adding Project entity
INFO  [alembic.runtime.migration] Running upgrade d919f20fe946 -> 631f964e665f, Adding Person and Participant entities
INFO  [alembic.runtime.migration] Running upgrade 631f964e665f -> a5b753b898f5, Adding Grant and Allocation entities
INFO  [alembic.runtime.migration] Running upgrade a5b753b898f5 -> 0576cef39dd8, Adding Organisation entity
INFO  [alembic.runtime.migration] Running upgrade 0576cef39dd8 -> fe26d37d220f, Adding category entities
INFO  [alembic.runtime.migration] Running upgrade fe26d37d220f -> c2f46d74fb33, Making Organisation optional
INFO  [alembic.runtime.migration] Running upgrade c2f46d74fb33 -> 0da61d9681b1, empty message
INFO  [alembic.runtime.migration] Running upgrade 0da61d9681b1 -> 5ac27507f77e, empty message
INFO  [alembic.runtime.migration] Running upgrade 5ac27507f77e -> 03eddf0b8e79, empty message
INFO  [alembic.runtime.migration] Context impl PostgresqlImpl.
INFO  [alembic.runtime.migration] Will assume transactional DDL.
INFO  [alembic.runtime.migration] Running downgrade 03eddf0b8e79 -> 5ac27507f77e, empty message
INFO  [alembic.runtime.migration] Running downgrade 5ac27507f77e -> 0da61d9681b1, empty message
INFO  [alembic.runtime.migration] Running downgrade 0da61d9681b1 -> c2f46d74fb33, empty message
INFO  [alembic.runtime.migration] Running downgrade c2f46d74fb33 -> fe26d37d220f, Making Organisation optional
INFO  [alembic.runtime.migration] Running downgrade fe26d37d220f -> 0576cef39dd8, Adding category entities
INFO  [alembic.runtime.migration] Running downgrade 0576cef39dd8 -> a5b753b898f5, Adding Organisation entity
INFO  [alembic.runtime.migration] Running downgrade a5b753b898f5 -> 631f964e665f, Adding Grant and Allocation entities
INFO  [alembic.runtime.migration] Running downgrade 631f964e665f -> d919f20fe946, Adding Person and Participant entities
INFO  [alembic.runtime.migration] Running downgrade d919f20fe946 -> , Adding Project entity
]]>			</system-err>
		</testcase>
		<testcase classname="test_resource_participants.ParticipantsResourceTestCase" file="tests/test_resource_participants.py" line="689" name="test_participants_people" time="0.315" timestamp="2022-12-20T15:16:56">
			<system-out>
<![CDATA[]]>			</system-out>
			<system-err>
<![CDATA[INFO  [alembic.runtime.migration] Context impl PostgresqlImpl.
INFO  [alembic.runtime.migration] Will assume transactional DDL.
INFO  [alembic.runtime.migration] Running upgrade  -> d919f20fe946, Adding Project entity
INFO  [alembic.runtime.migration] Running upgrade d919f20fe946 -> 631f964e665f, Adding Person and Participant entities
INFO  [alembic.runtime.migration] Running upgrade 631f964e665f -> a5b753b898f5, Adding Grant and Allocation entities
INFO  [alembic.runtime.migration] Running upgrade a5b753b898f5 -> 0576cef39dd8, Adding Organisation entity
INFO  [alembic.runtime.migration] Running upgrade 0576cef39dd8 -> fe26d37d220f, Adding category entities
INFO  [alembic.runtime.migration] Running upgrade fe26d37d220f -> c2f46d74fb33, Making Organisation optional
INFO  [alembic.runtime.migration] Running upgrade c2f46d74fb33 -> 0da61d9681b1, empty message
INFO  [alembic.runtime.migration] Running upgrade 0da61d9681b1 -> 5ac27507f77e, empty message
INFO  [alembic.runtime.migration] Running upgrade 5ac27507f77e -> 03eddf0b8e79, empty message
INFO  [alembic.runtime.migration] Context impl PostgresqlImpl.
INFO  [alembic.runtime.migration] Will assume transactional DDL.
INFO  [alembic.runtime.migration] Running downgrade 03eddf0b8e79 -> 5ac27507f77e, empty message
INFO  [alembic.runtime.migration] Running downgrade 5ac27507f77e -> 0da61d9681b1, empty message
INFO  [alembic.runtime.migration] Running downgrade 0da61d9681b1 -> c2f46d74fb33, empty message
INFO  [alembic.runtime.migration] Running downgrade c2f46d74fb33 -> fe26d37d220f, Making Organisation optional
INFO  [alembic.runtime.migration] Running downgrade fe26d37d220f -> 0576cef39dd8, Adding category entities
INFO  [alembic.runtime.migration] Running downgrade 0576cef39dd8 -> a5b753b898f5, Adding Organisation entity
INFO  [alembic.runtime.migration] Running downgrade a5b753b898f5 -> 631f964e665f, Adding Grant and Allocation entities
INFO  [alembic.runtime.migration] Running downgrade 631f964e665f -> d919f20fe946, Adding Person and Participant entities
INFO  [alembic.runtime.migration] Running downgrade d919f20fe946 -> , Adding Project entity
]]>			</system-err>
		</testcase>
		<testcase classname="test_resource_participants.ParticipantsResourceTestCase" file="tests/test_resource_participants.py" line="562" name="test_participants_projects" time="0.323" timestamp="2022-12-20T15:16:56">
			<system-out>
<![CDATA[]]>			</system-out>
			<system-err>
<![CDATA[INFO  [alembic.runtime.migration] Context impl PostgresqlImpl.
INFO  [alembic.runtime.migration] Will assume transactional DDL.
INFO  [alembic.runtime.migration] Running upgrade  -> d919f20fe946, Adding Project entity
INFO  [alembic.runtime.migration] Running upgrade d919f20fe946 -> 631f964e665f, Adding Person and Participant entities
INFO  [alembic.runtime.migration] Running upgrade 631f964e665f -> a5b753b898f5, Adding Grant and Allocation entities
INFO  [alembic.runtime.migration] Running upgrade a5b753b898f5 -> 0576cef39dd8, Adding Organisation entity
INFO  [alembic.runtime.migration] Running upgrade 0576cef39dd8 -> fe26d37d220f, Adding category entities
INFO  [alembic.runtime.migration] Running upgrade fe26d37d220f -> c2f46d74fb33, Making Organisation optional
INFO  [alembic.runtime.migration] Running upgrade c2f46d74fb33 -> 0da61d9681b1, empty message
INFO  [alembic.runtime.migration] Running upgrade 0da61d9681b1 -> 5ac27507f77e, empty message
INFO  [alembic.runtime.migration] Running upgrade 5ac27507f77e -> 03eddf0b8e79, empty message
INFO  [alembic.runtime.migration] Context impl PostgresqlImpl.
INFO  [alembic.runtime.migration] Will assume transactional DDL.
INFO  [alembic.runtime.migration] Running downgrade 03eddf0b8e79 -> 5ac27507f77e, empty message
INFO  [alembic.runtime.migration] Running downgrade 5ac27507f77e -> 0da61d9681b1, empty message
INFO  [alembic.runtime.migration] Running downgrade 0da61d9681b1 -> c2f46d74fb33, empty message
INFO  [alembic.runtime.migration] Running downgrade c2f46d74fb33 -> fe26d37d220f, Making Organisation optional
INFO  [alembic.runtime.migration] Running downgrade fe26d37d220f -> 0576cef39dd8, Adding category entities
INFO  [alembic.runtime.migration] Running downgrade 0576cef39dd8 -> a5b753b898f5, Adding Organisation entity
INFO  [alembic.runtime.migration] Running downgrade a5b753b898f5 -> 631f964e665f, Adding Grant and Allocation entities
INFO  [alembic.runtime.migration] Running downgrade 631f964e665f -> d919f20fe946, Adding Person and Participant entities
INFO  [alembic.runtime.migration] Running downgrade d919f20fe946 -> , Adding Project entity
]]>			</system-err>
		</testcase>
		<testcase classname="test_resource_participants.ParticipantsResourceTestCase" file="tests/test_resource_participants.py" line="540" name="test_participants_relationship_people" time="0.311" timestamp="2022-12-20T15:16:56">
			<system-out>
<![CDATA[]]>			</system-out>
			<system-err>
<![CDATA[INFO  [alembic.runtime.migration] Context impl PostgresqlImpl.
INFO  [alembic.runtime.migration] Will assume transactional DDL.
INFO  [alembic.runtime.migration] Running upgrade  -> d919f20fe946, Adding Project entity
INFO  [alembic.runtime.migration] Running upgrade d919f20fe946 -> 631f964e665f, Adding Person and Participant entities
INFO  [alembic.runtime.migration] Running upgrade 631f964e665f -> a5b753b898f5, Adding Grant and Allocation entities
INFO  [alembic.runtime.migration] Running upgrade a5b753b898f5 -> 0576cef39dd8, Adding Organisation entity
INFO  [alembic.runtime.migration] Running upgrade 0576cef39dd8 -> fe26d37d220f, Adding category entities
INFO  [alembic.runtime.migration] Running upgrade fe26d37d220f -> c2f46d74fb33, Making Organisation optional
INFO  [alembic.runtime.migration] Running upgrade c2f46d74fb33 -> 0da61d9681b1, empty message
INFO  [alembic.runtime.migration] Running upgrade 0da61d9681b1 -> 5ac27507f77e, empty message
INFO  [alembic.runtime.migration] Running upgrade 5ac27507f77e -> 03eddf0b8e79, empty message
INFO  [alembic.runtime.migration] Context impl PostgresqlImpl.
INFO  [alembic.runtime.migration] Will assume transactional DDL.
INFO  [alembic.runtime.migration] Running downgrade 03eddf0b8e79 -> 5ac27507f77e, empty message
INFO  [alembic.runtime.migration] Running downgrade 5ac27507f77e -> 0da61d9681b1, empty message
INFO  [alembic.runtime.migration] Running downgrade 0da61d9681b1 -> c2f46d74fb33, empty message
INFO  [alembic.runtime.migration] Running downgrade c2f46d74fb33 -> fe26d37d220f, Making Organisation optional
INFO  [alembic.runtime.migration] Running downgrade fe26d37d220f -> 0576cef39dd8, Adding category entities
INFO  [alembic.runtime.migration] Running downgrade 0576cef39dd8 -> a5b753b898f5, Adding Organisation entity
INFO  [alembic.runtime.migration] Running downgrade a5b753b898f5 -> 631f964e665f, Adding Grant and Allocation entities
INFO  [alembic.runtime.migration] Running downgrade 631f964e665f -> d919f20fe946, Adding Person and Participant entities
INFO  [alembic.runtime.migration] Running downgrade d919f20fe946 -> , Adding Project entity
]]>			</system-err>
		</testcase>
		<testcase classname="test_resource_participants.ParticipantsResourceTestCase" file="tests/test_resource_participants.py" line="518" name="test_participants_relationship_projects" time="0.358" timestamp="2022-12-20T15:16:57">
			<system-out>
<![CDATA[]]>			</system-out>
			<system-err>
<![CDATA[INFO  [alembic.runtime.migration] Context impl PostgresqlImpl.
INFO  [alembic.runtime.migration] Will assume transactional DDL.
INFO  [alembic.runtime.migration] Running upgrade  -> d919f20fe946, Adding Project entity
INFO  [alembic.runtime.migration] Running upgrade d919f20fe946 -> 631f964e665f, Adding Person and Participant entities
INFO  [alembic.runtime.migration] Running upgrade 631f964e665f -> a5b753b898f5, Adding Grant and Allocation entities
INFO  [alembic.runtime.migration] Running upgrade a5b753b898f5 -> 0576cef39dd8, Adding Organisation entity
INFO  [alembic.runtime.migration] Running upgrade 0576cef39dd8 -> fe26d37d220f, Adding category entities
INFO  [alembic.runtime.migration] Running upgrade fe26d37d220f -> c2f46d74fb33, Making Organisation optional
INFO  [alembic.runtime.migration] Running upgrade c2f46d74fb33 -> 0da61d9681b1, empty message
INFO  [alembic.runtime.migration] Running upgrade 0da61d9681b1 -> 5ac27507f77e, empty message
INFO  [alembic.runtime.migration] Running upgrade 5ac27507f77e -> 03eddf0b8e79, empty message
INFO  [alembic.runtime.migration] Context impl PostgresqlImpl.
INFO  [alembic.runtime.migration] Will assume transactional DDL.
INFO  [alembic.runtime.migration] Running downgrade 03eddf0b8e79 -> 5ac27507f77e, empty message
INFO  [alembic.runtime.migration] Running downgrade 5ac27507f77e -> 0da61d9681b1, empty message
INFO  [alembic.runtime.migration] Running downgrade 0da61d9681b1 -> c2f46d74fb33, empty message
INFO  [alembic.runtime.migration] Running downgrade c2f46d74fb33 -> fe26d37d220f, Making Organisation optional
INFO  [alembic.runtime.migration] Running downgrade fe26d37d220f -> 0576cef39dd8, Adding category entities
INFO  [alembic.runtime.migration] Running downgrade 0576cef39dd8 -> a5b753b898f5, Adding Organisation entity
INFO  [alembic.runtime.migration] Running downgrade a5b753b898f5 -> 631f964e665f, Adding Grant and Allocation entities
INFO  [alembic.runtime.migration] Running downgrade 631f964e665f -> d919f20fe946, Adding Person and Participant entities
INFO  [alembic.runtime.migration] Running downgrade d919f20fe946 -> , Adding Project entity
]]>			</system-err>
		</testcase>
		<testcase classname="test_resource_participants.ParticipantsResourceTestCase" file="tests/test_resource_participants.py" line="501" name="test_participants_single_missing_unknown_id" time="0.316" timestamp="2022-12-20T15:16:57">
			<system-out>
<![CDATA[]]>			</system-out>
			<system-err>
<![CDATA[INFO  [alembic.runtime.migration] Context impl PostgresqlImpl.
INFO  [alembic.runtime.migration] Will assume transactional DDL.
INFO  [alembic.runtime.migration] Running upgrade  -> d919f20fe946, Adding Project entity
INFO  [alembic.runtime.migration] Running upgrade d919f20fe946 -> 631f964e665f, Adding Person and Participant entities
INFO  [alembic.runtime.migration] Running upgrade 631f964e665f -> a5b753b898f5, Adding Grant and Allocation entities
INFO  [alembic.runtime.migration] Running upgrade a5b753b898f5 -> 0576cef39dd8, Adding Organisation entity
INFO  [alembic.runtime.migration] Running upgrade 0576cef39dd8 -> fe26d37d220f, Adding category entities
INFO  [alembic.runtime.migration] Running upgrade fe26d37d220f -> c2f46d74fb33, Making Organisation optional
INFO  [alembic.runtime.migration] Running upgrade c2f46d74fb33 -> 0da61d9681b1, empty message
INFO  [alembic.runtime.migration] Running upgrade 0da61d9681b1 -> 5ac27507f77e, empty message
INFO  [alembic.runtime.migration] Running upgrade 5ac27507f77e -> 03eddf0b8e79, empty message
INFO  [alembic.runtime.migration] Context impl PostgresqlImpl.
INFO  [alembic.runtime.migration] Will assume transactional DDL.
INFO  [alembic.runtime.migration] Running downgrade 03eddf0b8e79 -> 5ac27507f77e, empty message
INFO  [alembic.runtime.migration] Running downgrade 5ac27507f77e -> 0da61d9681b1, empty message
INFO  [alembic.runtime.migration] Running downgrade 0da61d9681b1 -> c2f46d74fb33, empty message
INFO  [alembic.runtime.migration] Running downgrade c2f46d74fb33 -> fe26d37d220f, Making Organisation optional
INFO  [alembic.runtime.migration] Running downgrade fe26d37d220f -> 0576cef39dd8, Adding category entities
INFO  [alembic.runtime.migration] Running downgrade 0576cef39dd8 -> a5b753b898f5, Adding Organisation entity
INFO  [alembic.runtime.migration] Running downgrade a5b753b898f5 -> 631f964e665f, Adding Grant and Allocation entities
INFO  [alembic.runtime.migration] Running downgrade 631f964e665f -> d919f20fe946, Adding Person and Participant entities
INFO  [alembic.runtime.migration] Running downgrade d919f20fe946 -> , Adding Project entity
]]>			</system-err>
		</testcase>
	</testsuite>
	<testsuite errors="0" failures="0" file="test_resource_people.py" name="test_resource_people.PeopleResourceTestCase-20221220151627" skipped="0" tests="7" time="2.382" timestamp="2022-12-20T15:17:00">
		<testcase classname="test_resource_people.PeopleResourceTestCase" file="tests/test_resource_people.py" line="371" name="test_people_detail" time="0.325" timestamp="2022-12-20T15:16:57">
			<system-out>
<![CDATA[]]>			</system-out>
			<system-err>
<![CDATA[INFO  [alembic.runtime.migration] Context impl PostgresqlImpl.
INFO  [alembic.runtime.migration] Will assume transactional DDL.
INFO  [alembic.runtime.migration] Running upgrade  -> d919f20fe946, Adding Project entity
INFO  [alembic.runtime.migration] Running upgrade d919f20fe946 -> 631f964e665f, Adding Person and Participant entities
INFO  [alembic.runtime.migration] Running upgrade 631f964e665f -> a5b753b898f5, Adding Grant and Allocation entities
INFO  [alembic.runtime.migration] Running upgrade a5b753b898f5 -> 0576cef39dd8, Adding Organisation entity
INFO  [alembic.runtime.migration] Running upgrade 0576cef39dd8 -> fe26d37d220f, Adding category entities
INFO  [alembic.runtime.migration] Running upgrade fe26d37d220f -> c2f46d74fb33, Making Organisation optional
INFO  [alembic.runtime.migration] Running upgrade c2f46d74fb33 -> 0da61d9681b1, empty message
INFO  [alembic.runtime.migration] Running upgrade 0da61d9681b1 -> 5ac27507f77e, empty message
INFO  [alembic.runtime.migration] Running upgrade 5ac27507f77e -> 03eddf0b8e79, empty message
INFO  [alembic.runtime.migration] Context impl PostgresqlImpl.
INFO  [alembic.runtime.migration] Will assume transactional DDL.
INFO  [alembic.runtime.migration] Running downgrade 03eddf0b8e79 -> 5ac27507f77e, empty message
INFO  [alembic.runtime.migration] Running downgrade 5ac27507f77e -> 0da61d9681b1, empty message
INFO  [alembic.runtime.migration] Running downgrade 0da61d9681b1 -> c2f46d74fb33, empty message
INFO  [alembic.runtime.migration] Running downgrade c2f46d74fb33 -> fe26d37d220f, Making Organisation optional
INFO  [alembic.runtime.migration] Running downgrade fe26d37d220f -> 0576cef39dd8, Adding category entities
INFO  [alembic.runtime.migration] Running downgrade 0576cef39dd8 -> a5b753b898f5, Adding Organisation entity
INFO  [alembic.runtime.migration] Running downgrade a5b753b898f5 -> 631f964e665f, Adding Grant and Allocation entities
INFO  [alembic.runtime.migration] Running downgrade 631f964e665f -> d919f20fe946, Adding Person and Participant entities
INFO  [alembic.runtime.migration] Running downgrade d919f20fe946 -> , Adding Project entity
]]>			</system-err>
		</testcase>
		<testcase classname="test_resource_people.PeopleResourceTestCase" file="tests/test_resource_people.py" line="9" name="test_people_list" time="0.336" timestamp="2022-12-20T15:16:58">
			<system-out>
<![CDATA[]]>			</system-out>
			<system-err>
<![CDATA[INFO  [alembic.runtime.migration] Context impl PostgresqlImpl.
INFO  [alembic.runtime.migration] Will assume transactional DDL.
INFO  [alembic.runtime.migration] Running upgrade  -> d919f20fe946, Adding Project entity
INFO  [alembic.runtime.migration] Running upgrade d919f20fe946 -> 631f964e665f, Adding Person and Participant entities
INFO  [alembic.runtime.migration] Running upgrade 631f964e665f -> a5b753b898f5, Adding Grant and Allocation entities
INFO  [alembic.runtime.migration] Running upgrade a5b753b898f5 -> 0576cef39dd8, Adding Organisation entity
INFO  [alembic.runtime.migration] Running upgrade 0576cef39dd8 -> fe26d37d220f, Adding category entities
INFO  [alembic.runtime.migration] Running upgrade fe26d37d220f -> c2f46d74fb33, Making Organisation optional
INFO  [alembic.runtime.migration] Running upgrade c2f46d74fb33 -> 0da61d9681b1, empty message
INFO  [alembic.runtime.migration] Running upgrade 0da61d9681b1 -> 5ac27507f77e, empty message
INFO  [alembic.runtime.migration] Running upgrade 5ac27507f77e -> 03eddf0b8e79, empty message
INFO  [alembic.runtime.migration] Context impl PostgresqlImpl.
INFO  [alembic.runtime.migration] Will assume transactional DDL.
INFO  [alembic.runtime.migration] Running downgrade 03eddf0b8e79 -> 5ac27507f77e, empty message
INFO  [alembic.runtime.migration] Running downgrade 5ac27507f77e -> 0da61d9681b1, empty message
INFO  [alembic.runtime.migration] Running downgrade 0da61d9681b1 -> c2f46d74fb33, empty message
INFO  [alembic.runtime.migration] Running downgrade c2f46d74fb33 -> fe26d37d220f, Making Organisation optional
INFO  [alembic.runtime.migration] Running downgrade fe26d37d220f -> 0576cef39dd8, Adding category entities
INFO  [alembic.runtime.migration] Running downgrade 0576cef39dd8 -> a5b753b898f5, Adding Organisation entity
INFO  [alembic.runtime.migration] Running downgrade a5b753b898f5 -> 631f964e665f, Adding Grant and Allocation entities
INFO  [alembic.runtime.migration] Running downgrade 631f964e665f -> d919f20fe946, Adding Person and Participant entities
INFO  [alembic.runtime.migration] Running downgrade d919f20fe946 -> , Adding Project entity
]]>			</system-err>
		</testcase>
		<testcase classname="test_resource_people.PeopleResourceTestCase" file="tests/test_resource_people.py" line="732" name="test_people_organisations" time="0.345" timestamp="2022-12-20T15:16:58">
			<system-out>
<![CDATA[]]>			</system-out>
			<system-err>
<![CDATA[INFO  [alembic.runtime.migration] Context impl PostgresqlImpl.
INFO  [alembic.runtime.migration] Will assume transactional DDL.
INFO  [alembic.runtime.migration] Running upgrade  -> d919f20fe946, Adding Project entity
INFO  [alembic.runtime.migration] Running upgrade d919f20fe946 -> 631f964e665f, Adding Person and Participant entities
INFO  [alembic.runtime.migration] Running upgrade 631f964e665f -> a5b753b898f5, Adding Grant and Allocation entities
INFO  [alembic.runtime.migration] Running upgrade a5b753b898f5 -> 0576cef39dd8, Adding Organisation entity
INFO  [alembic.runtime.migration] Running upgrade 0576cef39dd8 -> fe26d37d220f, Adding category entities
INFO  [alembic.runtime.migration] Running upgrade fe26d37d220f -> c2f46d74fb33, Making Organisation optional
INFO  [alembic.runtime.migration] Running upgrade c2f46d74fb33 -> 0da61d9681b1, empty message
INFO  [alembic.runtime.migration] Running upgrade 0da61d9681b1 -> 5ac27507f77e, empty message
INFO  [alembic.runtime.migration] Running upgrade 5ac27507f77e -> 03eddf0b8e79, empty message
INFO  [alembic.runtime.migration] Context impl PostgresqlImpl.
INFO  [alembic.runtime.migration] Will assume transactional DDL.
INFO  [alembic.runtime.migration] Running downgrade 03eddf0b8e79 -> 5ac27507f77e, empty message
INFO  [alembic.runtime.migration] Running downgrade 5ac27507f77e -> 0da61d9681b1, empty message
INFO  [alembic.runtime.migration] Running downgrade 0da61d9681b1 -> c2f46d74fb33, empty message
INFO  [alembic.runtime.migration] Running downgrade c2f46d74fb33 -> fe26d37d220f, Making Organisation optional
INFO  [alembic.runtime.migration] Running downgrade fe26d37d220f -> 0576cef39dd8, Adding category entities
INFO  [alembic.runtime.migration] Running downgrade 0576cef39dd8 -> a5b753b898f5, Adding Organisation entity
INFO  [alembic.runtime.migration] Running downgrade a5b753b898f5 -> 631f964e665f, Adding Grant and Allocation entities
INFO  [alembic.runtime.migration] Running downgrade 631f964e665f -> d919f20fe946, Adding Person and Participant entities
INFO  [alembic.runtime.migration] Running downgrade d919f20fe946 -> , Adding Project entity
]]>			</system-err>
		</testcase>
		<testcase classname="test_resource_people.PeopleResourceTestCase" file="tests/test_resource_people.py" line="676" name="test_people_participants" time="0.341" timestamp="2022-12-20T15:16:59">
			<system-out>
<![CDATA[]]>			</system-out>
			<system-err>
<![CDATA[INFO  [alembic.runtime.migration] Context impl PostgresqlImpl.
INFO  [alembic.runtime.migration] Will assume transactional DDL.
INFO  [alembic.runtime.migration] Running upgrade  -> d919f20fe946, Adding Project entity
INFO  [alembic.runtime.migration] Running upgrade d919f20fe946 -> 631f964e665f, Adding Person and Participant entities
INFO  [alembic.runtime.migration] Running upgrade 631f964e665f -> a5b753b898f5, Adding Grant and Allocation entities
INFO  [alembic.runtime.migration] Running upgrade a5b753b898f5 -> 0576cef39dd8, Adding Organisation entity
INFO  [alembic.runtime.migration] Running upgrade 0576cef39dd8 -> fe26d37d220f, Adding category entities
INFO  [alembic.runtime.migration] Running upgrade fe26d37d220f -> c2f46d74fb33, Making Organisation optional
INFO  [alembic.runtime.migration] Running upgrade c2f46d74fb33 -> 0da61d9681b1, empty message
INFO  [alembic.runtime.migration] Running upgrade 0da61d9681b1 -> 5ac27507f77e, empty message
INFO  [alembic.runtime.migration] Running upgrade 5ac27507f77e -> 03eddf0b8e79, empty message
INFO  [alembic.runtime.migration] Context impl PostgresqlImpl.
INFO  [alembic.runtime.migration] Will assume transactional DDL.
INFO  [alembic.runtime.migration] Running downgrade 03eddf0b8e79 -> 5ac27507f77e, empty message
INFO  [alembic.runtime.migration] Running downgrade 5ac27507f77e -> 0da61d9681b1, empty message
INFO  [alembic.runtime.migration] Running downgrade 0da61d9681b1 -> c2f46d74fb33, empty message
INFO  [alembic.runtime.migration] Running downgrade c2f46d74fb33 -> fe26d37d220f, Making Organisation optional
INFO  [alembic.runtime.migration] Running downgrade fe26d37d220f -> 0576cef39dd8, Adding category entities
INFO  [alembic.runtime.migration] Running downgrade 0576cef39dd8 -> a5b753b898f5, Adding Organisation entity
INFO  [alembic.runtime.migration] Running downgrade a5b753b898f5 -> 631f964e665f, Adding Grant and Allocation entities
INFO  [alembic.runtime.migration] Running downgrade 631f964e665f -> d919f20fe946, Adding Person and Participant entities
INFO  [alembic.runtime.migration] Running downgrade d919f20fe946 -> , Adding Project entity
]]>			</system-err>
		</testcase>
		<testcase classname="test_resource_people.PeopleResourceTestCase" file="tests/test_resource_people.py" line="630" name="test_people_relationship_organisations" time="0.341" timestamp="2022-12-20T15:16:59">
			<system-out>
<![CDATA[]]>			</system-out>
			<system-err>
<![CDATA[INFO  [alembic.runtime.migration] Context impl PostgresqlImpl.
INFO  [alembic.runtime.migration] Will assume transactional DDL.
INFO  [alembic.runtime.migration] Running upgrade  -> d919f20fe946, Adding Project entity
INFO  [alembic.runtime.migration] Running upgrade d919f20fe946 -> 631f964e665f, Adding Person and Participant entities
INFO  [alembic.runtime.migration] Running upgrade 631f964e665f -> a5b753b898f5, Adding Grant and Allocation entities
INFO  [alembic.runtime.migration] Running upgrade a5b753b898f5 -> 0576cef39dd8, Adding Organisation entity
INFO  [alembic.runtime.migration] Running upgrade 0576cef39dd8 -> fe26d37d220f, Adding category entities
INFO  [alembic.runtime.migration] Running upgrade fe26d37d220f -> c2f46d74fb33, Making Organisation optional
INFO  [alembic.runtime.migration] Running upgrade c2f46d74fb33 -> 0da61d9681b1, empty message
INFO  [alembic.runtime.migration] Running upgrade 0da61d9681b1 -> 5ac27507f77e, empty message
INFO  [alembic.runtime.migration] Running upgrade 5ac27507f77e -> 03eddf0b8e79, empty message
INFO  [alembic.runtime.migration] Context impl PostgresqlImpl.
INFO  [alembic.runtime.migration] Will assume transactional DDL.
INFO  [alembic.runtime.migration] Running downgrade 03eddf0b8e79 -> 5ac27507f77e, empty message
INFO  [alembic.runtime.migration] Running downgrade 5ac27507f77e -> 0da61d9681b1, empty message
INFO  [alembic.runtime.migration] Running downgrade 0da61d9681b1 -> c2f46d74fb33, empty message
INFO  [alembic.runtime.migration] Running downgrade c2f46d74fb33 -> fe26d37d220f, Making Organisation optional
INFO  [alembic.runtime.migration] Running downgrade fe26d37d220f -> 0576cef39dd8, Adding category entities
INFO  [alembic.runtime.migration] Running downgrade 0576cef39dd8 -> a5b753b898f5, Adding Organisation entity
INFO  [alembic.runtime.migration] Running downgrade a5b753b898f5 -> 631f964e665f, Adding Grant and Allocation entities
INFO  [alembic.runtime.migration] Running downgrade 631f964e665f -> d919f20fe946, Adding Person and Participant entities
INFO  [alembic.runtime.migration] Running downgrade d919f20fe946 -> , Adding Project entity
]]>			</system-err>
		</testcase>
		<testcase classname="test_resource_people.PeopleResourceTestCase" file="tests/test_resource_people.py" line="652" name="test_people_relationship_participants" time="0.387" timestamp="2022-12-20T15:16:59">
			<system-out>
<![CDATA[]]>			</system-out>
			<system-err>
<![CDATA[INFO  [alembic.runtime.migration] Context impl PostgresqlImpl.
INFO  [alembic.runtime.migration] Will assume transactional DDL.
INFO  [alembic.runtime.migration] Running upgrade  -> d919f20fe946, Adding Project entity
INFO  [alembic.runtime.migration] Running upgrade d919f20fe946 -> 631f964e665f, Adding Person and Participant entities
INFO  [alembic.runtime.migration] Running upgrade 631f964e665f -> a5b753b898f5, Adding Grant and Allocation entities
INFO  [alembic.runtime.migration] Running upgrade a5b753b898f5 -> 0576cef39dd8, Adding Organisation entity
INFO  [alembic.runtime.migration] Running upgrade 0576cef39dd8 -> fe26d37d220f, Adding category entities
INFO  [alembic.runtime.migration] Running upgrade fe26d37d220f -> c2f46d74fb33, Making Organisation optional
INFO  [alembic.runtime.migration] Running upgrade c2f46d74fb33 -> 0da61d9681b1, empty message
INFO  [alembic.runtime.migration] Running upgrade 0da61d9681b1 -> 5ac27507f77e, empty message
INFO  [alembic.runtime.migration] Running upgrade 5ac27507f77e -> 03eddf0b8e79, empty message
INFO  [alembic.runtime.migration] Context impl PostgresqlImpl.
INFO  [alembic.runtime.migration] Will assume transactional DDL.
INFO  [alembic.runtime.migration] Running downgrade 03eddf0b8e79 -> 5ac27507f77e, empty message
INFO  [alembic.runtime.migration] Running downgrade 5ac27507f77e -> 0da61d9681b1, empty message
INFO  [alembic.runtime.migration] Running downgrade 0da61d9681b1 -> c2f46d74fb33, empty message
INFO  [alembic.runtime.migration] Running downgrade c2f46d74fb33 -> fe26d37d220f, Making Organisation optional
INFO  [alembic.runtime.migration] Running downgrade fe26d37d220f -> 0576cef39dd8, Adding category entities
INFO  [alembic.runtime.migration] Running downgrade 0576cef39dd8 -> a5b753b898f5, Adding Organisation entity
INFO  [alembic.runtime.migration] Running downgrade a5b753b898f5 -> 631f964e665f, Adding Grant and Allocation entities
INFO  [alembic.runtime.migration] Running downgrade 631f964e665f -> d919f20fe946, Adding Person and Participant entities
INFO  [alembic.runtime.migration] Running downgrade d919f20fe946 -> , Adding Project entity
]]>			</system-err>
		</testcase>
		<testcase classname="test_resource_people.PeopleResourceTestCase" file="tests/test_resource_people.py" line="613" name="test_people_single_missing_unknown_id" time="0.307" timestamp="2022-12-20T15:17:00">
			<system-out>
<![CDATA[]]>			</system-out>
			<system-err>
<![CDATA[INFO  [alembic.runtime.migration] Context impl PostgresqlImpl.
INFO  [alembic.runtime.migration] Will assume transactional DDL.
INFO  [alembic.runtime.migration] Running upgrade  -> d919f20fe946, Adding Project entity
INFO  [alembic.runtime.migration] Running upgrade d919f20fe946 -> 631f964e665f, Adding Person and Participant entities
INFO  [alembic.runtime.migration] Running upgrade 631f964e665f -> a5b753b898f5, Adding Grant and Allocation entities
INFO  [alembic.runtime.migration] Running upgrade a5b753b898f5 -> 0576cef39dd8, Adding Organisation entity
INFO  [alembic.runtime.migration] Running upgrade 0576cef39dd8 -> fe26d37d220f, Adding category entities
INFO  [alembic.runtime.migration] Running upgrade fe26d37d220f -> c2f46d74fb33, Making Organisation optional
INFO  [alembic.runtime.migration] Running upgrade c2f46d74fb33 -> 0da61d9681b1, empty message
INFO  [alembic.runtime.migration] Running upgrade 0da61d9681b1 -> 5ac27507f77e, empty message
INFO  [alembic.runtime.migration] Running upgrade 5ac27507f77e -> 03eddf0b8e79, empty message
INFO  [alembic.runtime.migration] Context impl PostgresqlImpl.
INFO  [alembic.runtime.migration] Will assume transactional DDL.
INFO  [alembic.runtime.migration] Running downgrade 03eddf0b8e79 -> 5ac27507f77e, empty message
INFO  [alembic.runtime.migration] Running downgrade 5ac27507f77e -> 0da61d9681b1, empty message
INFO  [alembic.runtime.migration] Running downgrade 0da61d9681b1 -> c2f46d74fb33, empty message
INFO  [alembic.runtime.migration] Running downgrade c2f46d74fb33 -> fe26d37d220f, Making Organisation optional
INFO  [alembic.runtime.migration] Running downgrade fe26d37d220f -> 0576cef39dd8, Adding category entities
INFO  [alembic.runtime.migration] Running downgrade 0576cef39dd8 -> a5b753b898f5, Adding Organisation entity
INFO  [alembic.runtime.migration] Running downgrade a5b753b898f5 -> 631f964e665f, Adding Grant and Allocation entities
INFO  [alembic.runtime.migration] Running downgrade 631f964e665f -> d919f20fe946, Adding Person and Participant entities
INFO  [alembic.runtime.migration] Running downgrade d919f20fe946 -> , Adding Project entity
]]>			</system-err>
		</testcase>
	</testsuite>
	<testsuite errors="0" failures="0" file="test_resource_projects.py" name="test_resource_projects.ProjectsResourceTestCase-20221220151627" skipped="0" tests="9" time="3.060" timestamp="2022-12-20T15:17:03">
		<testcase classname="test_resource_projects.ProjectsResourceTestCase" file="tests/test_resource_projects.py" line="1718" name="test_projects_allocations" time="0.335" timestamp="2022-12-20T15:17:00">
			<system-out>
<![CDATA[]]>			</system-out>
			<system-err>
<![CDATA[INFO  [alembic.runtime.migration] Context impl PostgresqlImpl.
INFO  [alembic.runtime.migration] Will assume transactional DDL.
INFO  [alembic.runtime.migration] Running upgrade  -> d919f20fe946, Adding Project entity
INFO  [alembic.runtime.migration] Running upgrade d919f20fe946 -> 631f964e665f, Adding Person and Participant entities
INFO  [alembic.runtime.migration] Running upgrade 631f964e665f -> a5b753b898f5, Adding Grant and Allocation entities
INFO  [alembic.runtime.migration] Running upgrade a5b753b898f5 -> 0576cef39dd8, Adding Organisation entity
INFO  [alembic.runtime.migration] Running upgrade 0576cef39dd8 -> fe26d37d220f, Adding category entities
INFO  [alembic.runtime.migration] Running upgrade fe26d37d220f -> c2f46d74fb33, Making Organisation optional
INFO  [alembic.runtime.migration] Running upgrade c2f46d74fb33 -> 0da61d9681b1, empty message
INFO  [alembic.runtime.migration] Running upgrade 0da61d9681b1 -> 5ac27507f77e, empty message
INFO  [alembic.runtime.migration] Running upgrade 5ac27507f77e -> 03eddf0b8e79, empty message
INFO  [alembic.runtime.migration] Context impl PostgresqlImpl.
INFO  [alembic.runtime.migration] Will assume transactional DDL.
INFO  [alembic.runtime.migration] Running downgrade 03eddf0b8e79 -> 5ac27507f77e, empty message
INFO  [alembic.runtime.migration] Running downgrade 5ac27507f77e -> 0da61d9681b1, empty message
INFO  [alembic.runtime.migration] Running downgrade 0da61d9681b1 -> c2f46d74fb33, empty message
INFO  [alembic.runtime.migration] Running downgrade c2f46d74fb33 -> fe26d37d220f, Making Organisation optional
INFO  [alembic.runtime.migration] Running downgrade fe26d37d220f -> 0576cef39dd8, Adding category entities
INFO  [alembic.runtime.migration] Running downgrade 0576cef39dd8 -> a5b753b898f5, Adding Organisation entity
INFO  [alembic.runtime.migration] Running downgrade a5b753b898f5 -> 631f964e665f, Adding Grant and Allocation entities
INFO  [alembic.runtime.migration] Running downgrade 631f964e665f -> d919f20fe946, Adding Person and Participant entities
INFO  [alembic.runtime.migration] Running downgrade d919f20fe946 -> , Adding Project entity
]]>			</system-err>
		</testcase>
		<testcase classname="test_resource_projects.ProjectsResourceTestCase" file="tests/test_resource_projects.py" line="1859" name="test_projects_categorisations" time="0.325" timestamp="2022-12-20T15:17:00">
			<system-out>
<![CDATA[]]>			</system-out>
			<system-err>
<![CDATA[INFO  [alembic.runtime.migration] Context impl PostgresqlImpl.
INFO  [alembic.runtime.migration] Will assume transactional DDL.
INFO  [alembic.runtime.migration] Running upgrade  -> d919f20fe946, Adding Project entity
INFO  [alembic.runtime.migration] Running upgrade d919f20fe946 -> 631f964e665f, Adding Person and Participant entities
INFO  [alembic.runtime.migration] Running upgrade 631f964e665f -> a5b753b898f5, Adding Grant and Allocation entities
INFO  [alembic.runtime.migration] Running upgrade a5b753b898f5 -> 0576cef39dd8, Adding Organisation entity
INFO  [alembic.runtime.migration] Running upgrade 0576cef39dd8 -> fe26d37d220f, Adding category entities
INFO  [alembic.runtime.migration] Running upgrade fe26d37d220f -> c2f46d74fb33, Making Organisation optional
INFO  [alembic.runtime.migration] Running upgrade c2f46d74fb33 -> 0da61d9681b1, empty message
INFO  [alembic.runtime.migration] Running upgrade 0da61d9681b1 -> 5ac27507f77e, empty message
INFO  [alembic.runtime.migration] Running upgrade 5ac27507f77e -> 03eddf0b8e79, empty message
INFO  [alembic.runtime.migration] Context impl PostgresqlImpl.
INFO  [alembic.runtime.migration] Will assume transactional DDL.
INFO  [alembic.runtime.migration] Running downgrade 03eddf0b8e79 -> 5ac27507f77e, empty message
INFO  [alembic.runtime.migration] Running downgrade 5ac27507f77e -> 0da61d9681b1, empty message
INFO  [alembic.runtime.migration] Running downgrade 0da61d9681b1 -> c2f46d74fb33, empty message
INFO  [alembic.runtime.migration] Running downgrade c2f46d74fb33 -> fe26d37d220f, Making Organisation optional
INFO  [alembic.runtime.migration] Running downgrade fe26d37d220f -> 0576cef39dd8, Adding category entities
INFO  [alembic.runtime.migration] Running downgrade 0576cef39dd8 -> a5b753b898f5, Adding Organisation entity
INFO  [alembic.runtime.migration] Running downgrade a5b753b898f5 -> 631f964e665f, Adding Grant and Allocation entities
INFO  [alembic.runtime.migration] Running downgrade 631f964e665f -> d919f20fe946, Adding Person and Participant entities
INFO  [alembic.runtime.migration] Running downgrade d919f20fe946 -> , Adding Project entity
]]>			</system-err>
		</testcase>
		<testcase classname="test_resource_projects.ProjectsResourceTestCase" file="tests/test_resource_projects.py" line="955" name="test_projects_detail" time="0.339" timestamp="2022-12-20T15:17:01">
			<system-out>
<![CDATA[]]>			</system-out>
			<system-err>
<![CDATA[INFO  [alembic.runtime.migration] Context impl PostgresqlImpl.
INFO  [alembic.runtime.migration] Will assume transactional DDL.
INFO  [alembic.runtime.migration] Running upgrade  -> d919f20fe946, Adding Project entity
INFO  [alembic.runtime.migration] Running upgrade d919f20fe946 -> 631f964e665f, Adding Person and Participant entities
INFO  [alembic.runtime.migration] Running upgrade 631f964e665f -> a5b753b898f5, Adding Grant and Allocation entities
INFO  [alembic.runtime.migration] Running upgrade a5b753b898f5 -> 0576cef39dd8, Adding Organisation entity
INFO  [alembic.runtime.migration] Running upgrade 0576cef39dd8 -> fe26d37d220f, Adding category entities
INFO  [alembic.runtime.migration] Running upgrade fe26d37d220f -> c2f46d74fb33, Making Organisation optional
INFO  [alembic.runtime.migration] Running upgrade c2f46d74fb33 -> 0da61d9681b1, empty message
INFO  [alembic.runtime.migration] Running upgrade 0da61d9681b1 -> 5ac27507f77e, empty message
INFO  [alembic.runtime.migration] Running upgrade 5ac27507f77e -> 03eddf0b8e79, empty message
INFO  [alembic.runtime.migration] Context impl PostgresqlImpl.
INFO  [alembic.runtime.migration] Will assume transactional DDL.
INFO  [alembic.runtime.migration] Running downgrade 03eddf0b8e79 -> 5ac27507f77e, empty message
INFO  [alembic.runtime.migration] Running downgrade 5ac27507f77e -> 0da61d9681b1, empty message
INFO  [alembic.runtime.migration] Running downgrade 0da61d9681b1 -> c2f46d74fb33, empty message
INFO  [alembic.runtime.migration] Running downgrade c2f46d74fb33 -> fe26d37d220f, Making Organisation optional
INFO  [alembic.runtime.migration] Running downgrade fe26d37d220f -> 0576cef39dd8, Adding category entities
INFO  [alembic.runtime.migration] Running downgrade 0576cef39dd8 -> a5b753b898f5, Adding Organisation entity
INFO  [alembic.runtime.migration] Running downgrade a5b753b898f5 -> 631f964e665f, Adding Grant and Allocation entities
INFO  [alembic.runtime.migration] Running downgrade 631f964e665f -> d919f20fe946, Adding Person and Participant entities
INFO  [alembic.runtime.migration] Running downgrade d919f20fe946 -> , Adding Project entity
]]>			</system-err>
		</testcase>
		<testcase classname="test_resource_projects.ProjectsResourceTestCase" file="tests/test_resource_projects.py" line="9" name="test_projects_list" time="0.390" timestamp="2022-12-20T15:17:01">
			<system-out>
<![CDATA[]]>			</system-out>
			<system-err>
<![CDATA[INFO  [alembic.runtime.migration] Context impl PostgresqlImpl.
INFO  [alembic.runtime.migration] Will assume transactional DDL.
INFO  [alembic.runtime.migration] Running upgrade  -> d919f20fe946, Adding Project entity
INFO  [alembic.runtime.migration] Running upgrade d919f20fe946 -> 631f964e665f, Adding Person and Participant entities
INFO  [alembic.runtime.migration] Running upgrade 631f964e665f -> a5b753b898f5, Adding Grant and Allocation entities
INFO  [alembic.runtime.migration] Running upgrade a5b753b898f5 -> 0576cef39dd8, Adding Organisation entity
INFO  [alembic.runtime.migration] Running upgrade 0576cef39dd8 -> fe26d37d220f, Adding category entities
INFO  [alembic.runtime.migration] Running upgrade fe26d37d220f -> c2f46d74fb33, Making Organisation optional
INFO  [alembic.runtime.migration] Running upgrade c2f46d74fb33 -> 0da61d9681b1, empty message
INFO  [alembic.runtime.migration] Running upgrade 0da61d9681b1 -> 5ac27507f77e, empty message
INFO  [alembic.runtime.migration] Running upgrade 5ac27507f77e -> 03eddf0b8e79, empty message
INFO  [alembic.runtime.migration] Context impl PostgresqlImpl.
INFO  [alembic.runtime.migration] Will assume transactional DDL.
INFO  [alembic.runtime.migration] Running downgrade 03eddf0b8e79 -> 5ac27507f77e, empty message
INFO  [alembic.runtime.migration] Running downgrade 5ac27507f77e -> 0da61d9681b1, empty message
INFO  [alembic.runtime.migration] Running downgrade 0da61d9681b1 -> c2f46d74fb33, empty message
INFO  [alembic.runtime.migration] Running downgrade c2f46d74fb33 -> fe26d37d220f, Making Organisation optional
INFO  [alembic.runtime.migration] Running downgrade fe26d37d220f -> 0576cef39dd8, Adding category entities
INFO  [alembic.runtime.migration] Running downgrade 0576cef39dd8 -> a5b753b898f5, Adding Organisation entity
INFO  [alembic.runtime.migration] Running downgrade a5b753b898f5 -> 631f964e665f, Adding Grant and Allocation entities
INFO  [alembic.runtime.migration] Running downgrade 631f964e665f -> d919f20fe946, Adding Person and Participant entities
INFO  [alembic.runtime.migration] Running downgrade d919f20fe946 -> , Adding Project entity
]]>			</system-err>
		</testcase>
		<testcase classname="test_resource_projects.ProjectsResourceTestCase" file="tests/test_resource_projects.py" line="1766" name="test_projects_participants" time="0.314" timestamp="2022-12-20T15:17:01">
			<system-out>
<![CDATA[]]>			</system-out>
			<system-err>
<![CDATA[INFO  [alembic.runtime.migration] Context impl PostgresqlImpl.
INFO  [alembic.runtime.migration] Will assume transactional DDL.
INFO  [alembic.runtime.migration] Running upgrade  -> d919f20fe946, Adding Project entity
INFO  [alembic.runtime.migration] Running upgrade d919f20fe946 -> 631f964e665f, Adding Person and Participant entities
INFO  [alembic.runtime.migration] Running upgrade 631f964e665f -> a5b753b898f5, Adding Grant and Allocation entities
INFO  [alembic.runtime.migration] Running upgrade a5b753b898f5 -> 0576cef39dd8, Adding Organisation entity
INFO  [alembic.runtime.migration] Running upgrade 0576cef39dd8 -> fe26d37d220f, Adding category entities
INFO  [alembic.runtime.migration] Running upgrade fe26d37d220f -> c2f46d74fb33, Making Organisation optional
INFO  [alembic.runtime.migration] Running upgrade c2f46d74fb33 -> 0da61d9681b1, empty message
INFO  [alembic.runtime.migration] Running upgrade 0da61d9681b1 -> 5ac27507f77e, empty message
INFO  [alembic.runtime.migration] Running upgrade 5ac27507f77e -> 03eddf0b8e79, empty message
INFO  [alembic.runtime.migration] Context impl PostgresqlImpl.
INFO  [alembic.runtime.migration] Will assume transactional DDL.
INFO  [alembic.runtime.migration] Running downgrade 03eddf0b8e79 -> 5ac27507f77e, empty message
INFO  [alembic.runtime.migration] Running downgrade 5ac27507f77e -> 0da61d9681b1, empty message
INFO  [alembic.runtime.migration] Running downgrade 0da61d9681b1 -> c2f46d74fb33, empty message
INFO  [alembic.runtime.migration] Running downgrade c2f46d74fb33 -> fe26d37d220f, Making Organisation optional
INFO  [alembic.runtime.migration] Running downgrade fe26d37d220f -> 0576cef39dd8, Adding category entities
INFO  [alembic.runtime.migration] Running downgrade 0576cef39dd8 -> a5b753b898f5, Adding Organisation entity
INFO  [alembic.runtime.migration] Running downgrade a5b753b898f5 -> 631f964e665f, Adding Grant and Allocation entities
INFO  [alembic.runtime.migration] Running downgrade 631f964e665f -> d919f20fe946, Adding Person and Participant entities
INFO  [alembic.runtime.migration] Running downgrade d919f20fe946 -> , Adding Project entity
]]>			</system-err>
		</testcase>
		<testcase classname="test_resource_projects.ProjectsResourceTestCase" file="tests/test_resource_projects.py" line="1642" name="test_projects_relationship_allocations" time="0.335" timestamp="2022-12-20T15:17:02">
			<system-out>
<![CDATA[]]>			</system-out>
			<system-err>
<![CDATA[INFO  [alembic.runtime.migration] Context impl PostgresqlImpl.
INFO  [alembic.runtime.migration] Will assume transactional DDL.
INFO  [alembic.runtime.migration] Running upgrade  -> d919f20fe946, Adding Project entity
INFO  [alembic.runtime.migration] Running upgrade d919f20fe946 -> 631f964e665f, Adding Person and Participant entities
INFO  [alembic.runtime.migration] Running upgrade 631f964e665f -> a5b753b898f5, Adding Grant and Allocation entities
INFO  [alembic.runtime.migration] Running upgrade a5b753b898f5 -> 0576cef39dd8, Adding Organisation entity
INFO  [alembic.runtime.migration] Running upgrade 0576cef39dd8 -> fe26d37d220f, Adding category entities
INFO  [alembic.runtime.migration] Running upgrade fe26d37d220f -> c2f46d74fb33, Making Organisation optional
INFO  [alembic.runtime.migration] Running upgrade c2f46d74fb33 -> 0da61d9681b1, empty message
INFO  [alembic.runtime.migration] Running upgrade 0da61d9681b1 -> 5ac27507f77e, empty message
INFO  [alembic.runtime.migration] Running upgrade 5ac27507f77e -> 03eddf0b8e79, empty message
INFO  [alembic.runtime.migration] Context impl PostgresqlImpl.
INFO  [alembic.runtime.migration] Will assume transactional DDL.
INFO  [alembic.runtime.migration] Running downgrade 03eddf0b8e79 -> 5ac27507f77e, empty message
INFO  [alembic.runtime.migration] Running downgrade 5ac27507f77e -> 0da61d9681b1, empty message
INFO  [alembic.runtime.migration] Running downgrade 0da61d9681b1 -> c2f46d74fb33, empty message
INFO  [alembic.runtime.migration] Running downgrade c2f46d74fb33 -> fe26d37d220f, Making Organisation optional
INFO  [alembic.runtime.migration] Running downgrade fe26d37d220f -> 0576cef39dd8, Adding category entities
INFO  [alembic.runtime.migration] Running downgrade 0576cef39dd8 -> a5b753b898f5, Adding Organisation entity
INFO  [alembic.runtime.migration] Running downgrade a5b753b898f5 -> 631f964e665f, Adding Grant and Allocation entities
INFO  [alembic.runtime.migration] Running downgrade 631f964e665f -> d919f20fe946, Adding Person and Participant entities
INFO  [alembic.runtime.migration] Running downgrade d919f20fe946 -> , Adding Project entity
]]>			</system-err>
		</testcase>
		<testcase classname="test_resource_projects.ProjectsResourceTestCase" file="tests/test_resource_projects.py" line="1694" name="test_projects_relationship_categorisations" time="0.343" timestamp="2022-12-20T15:17:02">
			<system-out>
<![CDATA[]]>			</system-out>
			<system-err>
<![CDATA[INFO  [alembic.runtime.migration] Context impl PostgresqlImpl.
INFO  [alembic.runtime.migration] Will assume transactional DDL.
INFO  [alembic.runtime.migration] Running upgrade  -> d919f20fe946, Adding Project entity
INFO  [alembic.runtime.migration] Running upgrade d919f20fe946 -> 631f964e665f, Adding Person and Participant entities
INFO  [alembic.runtime.migration] Running upgrade 631f964e665f -> a5b753b898f5, Adding Grant and Allocation entities
INFO  [alembic.runtime.migration] Running upgrade a5b753b898f5 -> 0576cef39dd8, Adding Organisation entity
INFO  [alembic.runtime.migration] Running upgrade 0576cef39dd8 -> fe26d37d220f, Adding category entities
INFO  [alembic.runtime.migration] Running upgrade fe26d37d220f -> c2f46d74fb33, Making Organisation optional
INFO  [alembic.runtime.migration] Running upgrade c2f46d74fb33 -> 0da61d9681b1, empty message
INFO  [alembic.runtime.migration] Running upgrade 0da61d9681b1 -> 5ac27507f77e, empty message
INFO  [alembic.runtime.migration] Running upgrade 5ac27507f77e -> 03eddf0b8e79, empty message
INFO  [alembic.runtime.migration] Context impl PostgresqlImpl.
INFO  [alembic.runtime.migration] Will assume transactional DDL.
INFO  [alembic.runtime.migration] Running downgrade 03eddf0b8e79 -> 5ac27507f77e, empty message
INFO  [alembic.runtime.migration] Running downgrade 5ac27507f77e -> 0da61d9681b1, empty message
INFO  [alembic.runtime.migration] Running downgrade 0da61d9681b1 -> c2f46d74fb33, empty message
INFO  [alembic.runtime.migration] Running downgrade c2f46d74fb33 -> fe26d37d220f, Making Organisation optional
INFO  [alembic.runtime.migration] Running downgrade fe26d37d220f -> 0576cef39dd8, Adding category entities
INFO  [alembic.runtime.migration] Running downgrade 0576cef39dd8 -> a5b753b898f5, Adding Organisation entity
INFO  [alembic.runtime.migration] Running downgrade a5b753b898f5 -> 631f964e665f, Adding Grant and Allocation entities
INFO  [alembic.runtime.migration] Running downgrade 631f964e665f -> d919f20fe946, Adding Person and Participant entities
INFO  [alembic.runtime.migration] Running downgrade d919f20fe946 -> , Adding Project entity
]]>			</system-err>
		</testcase>
		<testcase classname="test_resource_projects.ProjectsResourceTestCase" file="tests/test_resource_projects.py" line="1666" name="test_projects_relationship_participants" time="0.356" timestamp="2022-12-20T15:17:02">
			<system-out>
<![CDATA[]]>			</system-out>
			<system-err>
<![CDATA[INFO  [alembic.runtime.migration] Context impl PostgresqlImpl.
INFO  [alembic.runtime.migration] Will assume transactional DDL.
INFO  [alembic.runtime.migration] Running upgrade  -> d919f20fe946, Adding Project entity
INFO  [alembic.runtime.migration] Running upgrade d919f20fe946 -> 631f964e665f, Adding Person and Participant entities
INFO  [alembic.runtime.migration] Running upgrade 631f964e665f -> a5b753b898f5, Adding Grant and Allocation entities
INFO  [alembic.runtime.migration] Running upgrade a5b753b898f5 -> 0576cef39dd8, Adding Organisation entity
INFO  [alembic.runtime.migration] Running upgrade 0576cef39dd8 -> fe26d37d220f, Adding category entities
INFO  [alembic.runtime.migration] Running upgrade fe26d37d220f -> c2f46d74fb33, Making Organisation optional
INFO  [alembic.runtime.migration] Running upgrade c2f46d74fb33 -> 0da61d9681b1, empty message
INFO  [alembic.runtime.migration] Running upgrade 0da61d9681b1 -> 5ac27507f77e, empty message
INFO  [alembic.runtime.migration] Running upgrade 5ac27507f77e -> 03eddf0b8e79, empty message
INFO  [alembic.runtime.migration] Context impl PostgresqlImpl.
INFO  [alembic.runtime.migration] Will assume transactional DDL.
INFO  [alembic.runtime.migration] Running downgrade 03eddf0b8e79 -> 5ac27507f77e, empty message
INFO  [alembic.runtime.migration] Running downgrade 5ac27507f77e -> 0da61d9681b1, empty message
INFO  [alembic.runtime.migration] Running downgrade 0da61d9681b1 -> c2f46d74fb33, empty message
INFO  [alembic.runtime.migration] Running downgrade c2f46d74fb33 -> fe26d37d220f, Making Organisation optional
INFO  [alembic.runtime.migration] Running downgrade fe26d37d220f -> 0576cef39dd8, Adding category entities
INFO  [alembic.runtime.migration] Running downgrade 0576cef39dd8 -> a5b753b898f5, Adding Organisation entity
INFO  [alembic.runtime.migration] Running downgrade a5b753b898f5 -> 631f964e665f, Adding Grant and Allocation entities
INFO  [alembic.runtime.migration] Running downgrade 631f964e665f -> d919f20fe946, Adding Person and Participant entities
INFO  [alembic.runtime.migration] Running downgrade d919f20fe946 -> , Adding Project entity
]]>			</system-err>
		</testcase>
		<testcase classname="test_resource_projects.ProjectsResourceTestCase" file="tests/test_resource_projects.py" line="1625" name="test_projects_single_missing_unknown_id" time="0.323" timestamp="2022-12-20T15:17:03">
			<system-out>
<![CDATA[]]>			</system-out>
			<system-err>
<![CDATA[INFO  [alembic.runtime.migration] Context impl PostgresqlImpl.
INFO  [alembic.runtime.migration] Will assume transactional DDL.
INFO  [alembic.runtime.migration] Running upgrade  -> d919f20fe946, Adding Project entity
INFO  [alembic.runtime.migration] Running upgrade d919f20fe946 -> 631f964e665f, Adding Person and Participant entities
INFO  [alembic.runtime.migration] Running upgrade 631f964e665f -> a5b753b898f5, Adding Grant and Allocation entities
INFO  [alembic.runtime.migration] Running upgrade a5b753b898f5 -> 0576cef39dd8, Adding Organisation entity
INFO  [alembic.runtime.migration] Running upgrade 0576cef39dd8 -> fe26d37d220f, Adding category entities
INFO  [alembic.runtime.migration] Running upgrade fe26d37d220f -> c2f46d74fb33, Making Organisation optional
INFO  [alembic.runtime.migration] Running upgrade c2f46d74fb33 -> 0da61d9681b1, empty message
INFO  [alembic.runtime.migration] Running upgrade 0da61d9681b1 -> 5ac27507f77e, empty message
INFO  [alembic.runtime.migration] Running upgrade 5ac27507f77e -> 03eddf0b8e79, empty message
INFO  [alembic.runtime.migration] Context impl PostgresqlImpl.
INFO  [alembic.runtime.migration] Will assume transactional DDL.
INFO  [alembic.runtime.migration] Running downgrade 03eddf0b8e79 -> 5ac27507f77e, empty message
INFO  [alembic.runtime.migration] Running downgrade 5ac27507f77e -> 0da61d9681b1, empty message
INFO  [alembic.runtime.migration] Running downgrade 0da61d9681b1 -> c2f46d74fb33, empty message
INFO  [alembic.runtime.migration] Running downgrade c2f46d74fb33 -> fe26d37d220f, Making Organisation optional
INFO  [alembic.runtime.migration] Running downgrade fe26d37d220f -> 0576cef39dd8, Adding category entities
INFO  [alembic.runtime.migration] Running downgrade 0576cef39dd8 -> a5b753b898f5, Adding Organisation entity
INFO  [alembic.runtime.migration] Running downgrade a5b753b898f5 -> 631f964e665f, Adding Grant and Allocation entities
INFO  [alembic.runtime.migration] Running downgrade 631f964e665f -> d919f20fe946, Adding Person and Participant entities
INFO  [alembic.runtime.migration] Running downgrade d919f20fe946 -> , Adding Project entity
]]>			</system-err>
		</testcase>
	</testsuite>
</testsuites>
